<?xml version="1.0" encoding="UTF-8"?>
<coverage generated="1549220704665" clover="3.2.0">
  <project timestamp="1549220704665" name="All files">
    <metrics statements="1671" coveredstatements="1630" conditionals="1447" coveredconditionals="1357" methods="475" coveredmethods="461" elements="3593" coveredelements="3448" complexity="0" loc="1671" ncloc="1671" packages="3" files="22" classes="22">
      <package name="src">
        <metrics statements="719" coveredstatements="710" conditionals="738" coveredconditionals="710" methods="248" coveredmethods="244"/>
        <file name="datetime.js" path="/mnt/c/Users/icambron/code/luxon/src/datetime.js">
          <metrics statements="364" coveredstatements="361" conditionals="374" coveredconditionals="362" methods="129" coveredmethods="128"/>
          <line num="46" count="48" type="stmt"/>
          <line num="49" count="9" type="stmt"/>
          <line num="54" count="138" type="cond" truecount="2" falsecount="0"/>
          <line num="55" count="80" type="stmt"/>
          <line num="57" count="138" type="stmt"/>
          <line num="63" count="2031" type="stmt"/>
          <line num="71" count="2031" type="stmt"/>
          <line num="78" count="2773" type="stmt"/>
          <line num="81" count="2773" type="stmt"/>
          <line num="84" count="2773" type="cond" truecount="2" falsecount="0"/>
          <line num="85" count="2012" type="stmt"/>
          <line num="89" count="761" type="stmt"/>
          <line num="92" count="761" type="stmt"/>
          <line num="93" count="761" type="cond" truecount="2" falsecount="0"/>
          <line num="94" count="755" type="stmt"/>
          <line num="98" count="6" type="stmt"/>
          <line num="103" count="3437" type="stmt"/>
          <line num="105" count="3437" type="stmt"/>
          <line num="107" count="3437" type="stmt"/>
          <line num="120" count="2221" type="stmt"/>
          <line num="125" count="552" type="stmt"/>
          <line num="126" count="552" type="stmt"/>
          <line num="127" count="552" type="stmt"/>
          <line num="128" count="552" type="stmt"/>
          <line num="133" count="552" type="stmt"/>
          <line num="139" count="552" type="stmt"/>
          <line num="141" count="552" type="stmt"/>
          <line num="143" count="552" type="cond" truecount="2" falsecount="0"/>
          <line num="144" count="162" type="stmt"/>
          <line num="146" count="162" type="stmt"/>
          <line num="149" count="552" type="stmt"/>
          <line num="155" count="314" type="stmt"/>
          <line num="156" count="314" type="cond" truecount="4" falsecount="0"/>
          <line num="157" count="281" type="cond" truecount="2" falsecount="0"/>
          <line num="158" count="281" type="stmt"/>
          <line num="163" count="279" type="cond" truecount="2" falsecount="0"/>
          <line num="165" count="33" type="stmt"/>
          <line num="174" count="99" type="cond" truecount="2" falsecount="0"/>
          <line num="194" count="50" type="stmt"/>
          <line num="196" count="50" type="cond" truecount="5" falsecount="0"/>
          <line num="197" count="46" type="stmt"/>
          <line num="198" count="46" type="cond" truecount="4" falsecount="0"/>
          <line num="199" count="45" type="stmt"/>
          <line num="203" count="50" type="cond" truecount="5" falsecount="0"/>
          <line num="204" count="9" type="stmt"/>
          <line num="207" count="50" type="cond" truecount="2" falsecount="0"/>
          <line num="208" count="4" type="stmt"/>
          <line num="209" count="46" type="cond" truecount="2" falsecount="0"/>
          <line num="210" count="42" type="stmt"/>
          <line num="213" count="50" type="stmt"/>
          <line num="217" count="48" type="stmt"/>
          <line num="225" count="48" type="stmt"/>
          <line num="233" count="48" type="stmt"/>
          <line num="242" count="48" type="stmt"/>
          <line num="243" count="48" type="stmt"/>
          <line num="252" count="48" type="stmt"/>
          <line num="256" count="6539" type="stmt"/>
          <line num="281" count="6539" type="cond" truecount="4" falsecount="0"/>
          <line num="283" count="6538" type="stmt"/>
          <line num="291" count="279" type="stmt"/>
          <line num="292" count="1953" type="cond" truecount="2" falsecount="0"/>
          <line num="293" count="1089" type="stmt"/>
          <line num="297" count="279" type="cond" truecount="2" falsecount="0"/>
          <line num="298" count="279" type="cond" truecount="2" falsecount="0"/>
          <line num="299" count="1" type="stmt"/>
          <line num="302" count="278" type="stmt"/>
          <line num="303" count="278" type="stmt"/>
          <line num="304" count="278" type="stmt"/>
          <line num="306" count="278" type="stmt"/>
          <line num="314" count="53" type="cond" truecount="2" falsecount="0"/>
          <line num="315" count="53" type="stmt"/>
          <line num="316" count="53" type="cond" truecount="4" falsecount="0"/>
          <line num="317" count="53" type="stmt"/>
          <line num="318" count="53" type="stmt"/>
          <line num="320" count="53" type="stmt"/>
          <line num="321" count="139" type="cond" truecount="2" falsecount="0"/>
          <line num="322" count="46" type="cond" truecount="2" falsecount="0"/>
          <line num="323" count="14" type="stmt"/>
          <line num="327" count="32" type="stmt"/>
          <line num="329" count="93" type="stmt"/>
          <line num="333" count="53" type="cond" truecount="2" falsecount="0"/>
          <line num="334" count="6" type="stmt"/>
          <line num="337" count="47" type="stmt"/>
          <line num="338" count="133" type="stmt"/>
          <line num="339" count="133" type="cond" truecount="2" falsecount="0"/>
          <line num="340" count="41" type="stmt"/>
          <line num="343" count="6" type="stmt"/>
          <line num="371" count="3332" type="cond" truecount="2" falsecount="0"/>
          <line num="373" count="3332" type="cond" truecount="3" falsecount="0"/>
          <line num="379" count="3332" type="cond" truecount="2" falsecount="0"/>
          <line num="381" count="3332" type="stmt"/>
          <line num="382" count="3332" type="stmt"/>
          <line num="383" count="3332" type="cond" truecount="2" falsecount="0"/>
          <line num="384" count="3234" type="cond" truecount="3" falsecount="0"/>
          <line num="385" count="3234" type="cond" truecount="2" falsecount="0"/>
          <line num="386" count="3234" type="cond" truecount="2" falsecount="0"/>
          <line num="392" count="3332" type="stmt"/>
          <line num="396" count="3332" type="cond" truecount="2" falsecount="0"/>
          <line num="400" count="3332" type="stmt"/>
          <line num="404" count="3332" type="stmt"/>
          <line num="408" count="3332" type="stmt"/>
          <line num="412" count="3332" type="stmt"/>
          <line num="416" count="3332" type="stmt"/>
          <line num="441" count="109" type="cond" truecount="2" falsecount="0"/>
          <line num="442" count="60" type="stmt"/>
          <line num="444" count="49" type="stmt"/>
          <line num="479" count="233" type="cond" truecount="2" falsecount="0"/>
          <line num="480" count="3" type="stmt"/>
          <line num="485" count="230" type="stmt"/>
          <line num="508" count="32" type="stmt"/>
          <line num="526" count="18" type="cond" truecount="2" falsecount="0"/>
          <line num="527" count="1" type="stmt"/>
          <line num="529" count="17" type="stmt"/>
          <line num="548" count="5" type="cond" truecount="2" falsecount="0"/>
          <line num="549" count="1" type="stmt"/>
          <line num="551" count="4" type="stmt"/>
          <line num="587" count="829" type="stmt"/>
          <line num="588" count="829" type="cond" truecount="2" falsecount="0"/>
          <line num="589" count="3" type="stmt"/>
          <line num="592" count="826" type="stmt"/>
          <line num="593" count="826" type="stmt"/>
          <line num="594" count="826" type="stmt"/>
          <line num="595" count="826" type="stmt"/>
          <line num="596" count="826" type="stmt"/>
          <line num="597" count="826" type="cond" truecount="2" falsecount="0"/>
          <line num="598" count="826" type="cond" truecount="2" falsecount="0"/>
          <line num="599" count="826" type="cond" truecount="2" falsecount="0"/>
          <line num="600" count="826" type="stmt"/>
          <line num="608" count="826" type="cond" truecount="5" falsecount="0"/>
          <line num="609" count="1" type="stmt"/>
          <line num="614" count="825" type="cond" truecount="4" falsecount="0"/>
          <line num="615" count="1" type="stmt"/>
          <line num="618" count="824" type="cond" truecount="3" falsecount="0"/>
          <line num="623" count="824" type="stmt"/>
          <line num="624" count="824" type="cond" truecount="2" falsecount="0"/>
          <line num="625" count="28" type="stmt"/>
          <line num="626" count="28" type="stmt"/>
          <line num="627" count="28" type="stmt"/>
          <line num="628" count="796" type="cond" truecount="2" falsecount="0"/>
          <line num="629" count="11" type="stmt"/>
          <line num="630" count="11" type="stmt"/>
          <line num="631" count="11" type="stmt"/>
          <line num="633" count="785" type="stmt"/>
          <line num="634" count="785" type="stmt"/>
          <line num="638" count="824" type="stmt"/>
          <line num="639" count="824" type="stmt"/>
          <line num="640" count="5757" type="stmt"/>
          <line num="641" count="5757" type="cond" truecount="2" falsecount="0"/>
          <line num="642" count="3124" type="stmt"/>
          <line num="643" count="2633" type="cond" truecount="2" falsecount="0"/>
          <line num="644" count="2394" type="stmt"/>
          <line num="646" count="239" type="stmt"/>
          <line num="651" count="824" type="cond" truecount="2" falsecount="0"/>
          <line num="656" count="824" type="cond" truecount="2" falsecount="0"/>
          <line num="658" count="824" type="cond" truecount="2" falsecount="0"/>
          <line num="659" count="9" type="stmt"/>
          <line num="663" count="815" type="cond" truecount="2" falsecount="0"/>
          <line num="668" count="815" type="stmt"/>
          <line num="669" count="815" type="stmt"/>
          <line num="677" count="815" type="cond" truecount="5" falsecount="0"/>
          <line num="678" count="9" type="stmt"/>
          <line num="684" count="806" type="stmt"/>
          <line num="704" count="155" type="stmt"/>
          <line num="705" count="155" type="stmt"/>
          <line num="723" count="16" type="stmt"/>
          <line num="724" count="16" type="stmt"/>
          <line num="743" count="4" type="stmt"/>
          <line num="744" count="4" type="stmt"/>
          <line num="761" count="129" type="cond" truecount="4" falsecount="0"/>
          <line num="762" count="1" type="stmt"/>
          <line num="765" count="128" type="cond" truecount="2" falsecount="0"/>
          <line num="766" count="128" type="stmt"/>
          <line num="767" count="128" type="stmt"/>
          <line num="768" count="128" type="cond" truecount="2" falsecount="0"/>
          <line num="769" count="2" type="stmt"/>
          <line num="771" count="126" type="stmt"/>
          <line num="779" count="1" type="stmt"/>
          <line num="803" count="13" type="stmt"/>
          <line num="804" count="13" type="stmt"/>
          <line num="814" count="94" type="cond" truecount="2" falsecount="0"/>
          <line num="815" count="1" type="stmt"/>
          <line num="818" count="93" type="cond" truecount="2" falsecount="0"/>
          <line num="820" count="93" type="cond" truecount="2" falsecount="0"/>
          <line num="821" count="1" type="stmt"/>
          <line num="823" count="92" type="stmt"/>
          <line num="833" count="672" type="cond" truecount="2" falsecount="0"/>
          <line num="846" count="4" type="stmt"/>
          <line num="856" count="12252" type="stmt"/>
          <line num="864" count="7" type="cond" truecount="2" falsecount="0"/>
          <line num="872" count="5" type="cond" truecount="2" falsecount="0"/>
          <line num="881" count="215" type="cond" truecount="2" falsecount="0"/>
          <line num="890" count="177" type="cond" truecount="2" falsecount="0"/>
          <line num="899" count="11" type="cond" truecount="2" falsecount="0"/>
          <line num="907" count="5648" type="stmt"/>
          <line num="915" count="30" type="cond" truecount="2" falsecount="0"/>
          <line num="924" count="415" type="cond" truecount="2" falsecount="0"/>
          <line num="933" count="7" type="cond" truecount="2" falsecount="0"/>
          <line num="942" count="320" type="cond" truecount="2" falsecount="0"/>
          <line num="951" count="224" type="cond" truecount="2" falsecount="0"/>
          <line num="960" count="271" type="cond" truecount="2" falsecount="0"/>
          <line num="969" count="180" type="cond" truecount="2" falsecount="0"/>
          <line num="978" count="155" type="cond" truecount="2" falsecount="0"/>
          <line num="987" count="153" type="cond" truecount="2" falsecount="0"/>
          <line num="997" count="29" type="cond" truecount="2" falsecount="0"/>
          <line num="1007" count="28" type="cond" truecount="2" falsecount="0"/>
          <line num="1018" count="87" type="cond" truecount="2" falsecount="0"/>
          <line num="1027" count="17" type="cond" truecount="2" falsecount="0"/>
          <line num="1037" count="5" type="cond" truecount="2" falsecount="0"/>
          <line num="1047" count="5" type="cond" truecount="2" falsecount="0"/>
          <line num="1057" count="4" type="cond" truecount="2" falsecount="0"/>
          <line num="1067" count="4" type="cond" truecount="2" falsecount="0"/>
          <line num="1077" count="485" type="cond" truecount="2" falsecount="0"/>
          <line num="1086" count="11" type="cond" truecount="2" falsecount="0"/>
          <line num="1087" count="9" type="stmt"/>
          <line num="1092" count="2" type="stmt"/>
          <line num="1102" count="13" type="cond" truecount="2" falsecount="0"/>
          <line num="1103" count="10" type="stmt"/>
          <line num="1108" count="3" type="stmt"/>
          <line num="1117" count="80" type="cond" truecount="2" falsecount="0"/>
          <line num="1125" count="8" type="cond" truecount="2" falsecount="0"/>
          <line num="1126" count="2" type="stmt"/>
          <line num="1128" count="6" type="stmt"/>
          <line num="1141" count="4" type="stmt"/>
          <line num="1151" count="6" type="stmt"/>
          <line num="1161" count="4" type="cond" truecount="2" falsecount="0"/>
          <line num="1172" count="5" type="cond" truecount="2" falsecount="0"/>
          <line num="1182" count="3" type="stmt"/>
          <line num="1186" count="3" type="stmt"/>
          <line num="1200" count="188" type="stmt"/>
          <line num="1210" count="1" type="cond" truecount="1" falsecount="1"/>
          <line num="1223" count="501" type="stmt"/>
          <line num="1224" count="501" type="cond" truecount="2" falsecount="0"/>
          <line num="1225" count="252" type="stmt"/>
          <line num="1226" count="249" type="cond" truecount="2" falsecount="0"/>
          <line num="1227" count="5" type="stmt"/>
          <line num="1230" count="244" type="cond" truecount="4" falsecount="0"/>
          <line num="1233" count="244" type="stmt"/>
          <line num="1244" count="107" type="stmt"/>
          <line num="1245" count="107" type="stmt"/>
          <line num="1255" count="22" type="stmt"/>
          <line num="1269" count="1136" type="cond" truecount="2" falsecount="0"/>
          <line num="1271" count="1129" type="stmt"/>
          <line num="1273" count="1128" type="cond" truecount="3" falsecount="0"/>
          <line num="1278" count="1128" type="cond" truecount="2" falsecount="0"/>
          <line num="1279" count="11" type="stmt"/>
          <line num="1280" count="1117" type="cond" truecount="2" falsecount="0"/>
          <line num="1281" count="1" type="stmt"/>
          <line num="1283" count="1116" type="stmt"/>
          <line num="1287" count="1116" type="cond" truecount="2" falsecount="0"/>
          <line num="1288" count="981" type="stmt"/>
          <line num="1292" count="1128" type="stmt"/>
          <line num="1293" count="1128" type="stmt"/>
          <line num="1310" count="398" type="cond" truecount="2" falsecount="0"/>
          <line num="1311" count="397" type="stmt"/>
          <line num="1312" count="397" type="stmt"/>
          <line num="1322" count="156" type="cond" truecount="2" falsecount="0"/>
          <line num="1323" count="155" type="stmt"/>
          <line num="1324" count="155" type="stmt"/>
          <line num="1337" count="654" type="cond" truecount="2" falsecount="0"/>
          <line num="1338" count="653" type="stmt"/>
          <line num="1339" count="653" type="stmt"/>
          <line num="1340" count="651" type="cond" truecount="9" falsecount="1"/>
          <line num="1342" count="49" type="stmt"/>
          <line num="1346" count="127" type="stmt"/>
          <line num="1350" count="641" type="stmt"/>
          <line num="1353" count="643" type="stmt"/>
          <line num="1356" count="646" type="stmt"/>
          <line num="1359" count="649" type="stmt"/>
          <line num="1360" count="649" type="stmt"/>
          <line num="1362" count="2" type="stmt"/>
          <line num="1364" count="0" type="stmt"/>
          <line num="1367" count="651" type="cond" truecount="2" falsecount="0"/>
          <line num="1368" count="2" type="stmt"/>
          <line num="1371" count="651" type="cond" truecount="2" falsecount="0"/>
          <line num="1372" count="25" type="stmt"/>
          <line num="1373" count="25" type="stmt"/>
          <line num="1376" count="651" type="stmt"/>
          <line num="1389" count="79" type="cond" truecount="2" falsecount="0"/>
          <line num="1412" count="236" type="cond" truecount="2" falsecount="0"/>
          <line num="1436" count="39" type="cond" truecount="2" falsecount="0"/>
          <line num="1455" count="8" type="cond" truecount="2" falsecount="0"/>
          <line num="1472" count="28" type="cond" truecount="2" falsecount="0"/>
          <line num="1473" count="1" type="stmt"/>
          <line num="1476" count="27" type="stmt"/>
          <line num="1485" count="30" type="stmt"/>
          <line num="1494" count="2" type="stmt"/>
          <line num="1508" count="37" type="stmt"/>
          <line num="1518" count="4" type="stmt"/>
          <line num="1530" count="4" type="stmt"/>
          <line num="1539" count="9" type="stmt"/>
          <line num="1554" count="13" type="stmt"/>
          <line num="1569" count="7" type="cond" truecount="2" falsecount="0"/>
          <line num="1570" count="1" type="stmt"/>
          <line num="1573" count="6" type="stmt"/>
          <line num="1581" count="4" type="cond" truecount="2" falsecount="0"/>
          <line num="1589" count="3443" type="stmt"/>
          <line num="1597" count="3449" type="cond" truecount="2" falsecount="0"/>
          <line num="1605" count="2" type="cond" truecount="2" falsecount="0"/>
          <line num="1613" count="1" type="stmt"/>
          <line num="1621" count="0" type="stmt"/>
          <line num="1632" count="1192" type="cond" truecount="2" falsecount="0"/>
          <line num="1634" count="1191" type="stmt"/>
          <line num="1636" count="1191" type="cond" truecount="2" falsecount="0"/>
          <line num="1637" count="1" type="stmt"/>
          <line num="1638" count="1" type="stmt"/>
          <line num="1639" count="1" type="stmt"/>
          <line num="1641" count="1191" type="stmt"/>
          <line num="1649" count="341" type="cond" truecount="2" falsecount="0"/>
          <line num="1670" count="174" type="cond" truecount="4" falsecount="0"/>
          <line num="1671" count="7" type="stmt"/>
          <line num="1677" count="167" type="stmt"/>
          <line num="1682" count="167" type="stmt"/>
          <line num="1683" count="167" type="stmt"/>
          <line num="1684" count="167" type="cond" truecount="2" falsecount="0"/>
          <line num="1685" count="167" type="cond" truecount="2" falsecount="0"/>
          <line num="1686" count="167" type="stmt"/>
          <line num="1688" count="167" type="cond" truecount="2" falsecount="0"/>
          <line num="1700" count="4" type="stmt"/>
          <line num="1709" count="28" type="cond" truecount="2" falsecount="0"/>
          <line num="1720" count="58" type="cond" truecount="2" falsecount="0"/>
          <line num="1721" count="56" type="cond" truecount="2" falsecount="0"/>
          <line num="1722" count="3" type="stmt"/>
          <line num="1724" count="53" type="stmt"/>
          <line num="1725" count="53" type="cond" truecount="2" falsecount="0"/>
          <line num="1737" count="117" type="stmt"/>
          <line num="1765" count="33" type="cond" truecount="1" falsecount="1"/>
          <line num="1766" count="33" type="cond" truecount="1" falsecount="1"/>
          <line num="1767" count="33" type="cond" truecount="4" falsecount="0"/>
          <line num="1768" count="33" type="stmt"/>
          <line num="1792" count="20" type="cond" truecount="1" falsecount="1"/>
          <line num="1794" count="20" type="stmt"/>
          <line num="1811" count="7" type="stmt"/>
          <line num="1820" count="7" type="stmt"/>
          <line num="1833" count="5" type="cond" truecount="2" falsecount="0"/>
          <line num="1834" count="5" type="stmt"/>
          <line num="1835" count="5" type="stmt"/>
          <line num="1842" count="1" type="stmt"/>
          <line num="1852" count="1" type="stmt"/>
          <line num="1860" count="1" type="stmt"/>
          <line num="1868" count="2" type="stmt"/>
          <line num="1876" count="1" type="stmt"/>
          <line num="1884" count="2" type="stmt"/>
          <line num="1892" count="1" type="stmt"/>
          <line num="1900" count="1" type="stmt"/>
          <line num="1908" count="1" type="stmt"/>
          <line num="1916" count="1" type="stmt"/>
          <line num="1924" count="1" type="stmt"/>
          <line num="1932" count="1" type="stmt"/>
          <line num="1940" count="1" type="stmt"/>
          <line num="1948" count="3" type="stmt"/>
          <line num="1956" count="1" type="stmt"/>
          <line num="1964" count="2" type="stmt"/>
          <line num="1972" count="1" type="stmt"/>
          <line num="1980" count="2" type="stmt"/>
          <line num="1988" count="1" type="stmt"/>
          <line num="1996" count="1" type="stmt"/>
          <line num="2004" count="1" type="stmt"/>
          <line num="2012" count="666" type="cond" truecount="2" falsecount="0"/>
          <line num="2013" count="662" type="stmt"/>
          <line num="2014" count="4" type="cond" truecount="5" falsecount="0"/>
          <line num="2015" count="2" type="stmt"/>
          <line num="2016" count="2" type="cond" truecount="3" falsecount="1"/>
          <line num="2017" count="2" type="stmt"/>
          <line num="2019" count="0" type="stmt"/>
        </file>
        <file name="duration.js" path="/mnt/c/Users/icambron/code/luxon/src/duration.js">
          <metrics statements="163" coveredstatements="162" conditionals="185" coveredconditionals="179" methods="44" coveredmethods="44"/>
          <line num="9" count="48" type="stmt"/>
          <line num="12" count="48" type="stmt"/>
          <line num="30" count="48" type="stmt"/>
          <line num="60" count="48" type="stmt"/>
          <line num="61" count="48" type="stmt"/>
          <line num="62" count="48" type="stmt"/>
          <line num="95" count="48" type="stmt"/>
          <line num="107" count="48" type="stmt"/>
          <line num="112" count="1013" type="stmt"/>
          <line num="117" count="1013" type="stmt"/>
          <line num="121" count="53" type="cond" truecount="2" falsecount="0"/>
          <line num="126" count="2142" type="stmt"/>
          <line num="127" count="2142" type="stmt"/>
          <line num="128" count="2142" type="stmt"/>
          <line num="131" count="2142" type="cond" truecount="5" falsecount="0"/>
          <line num="132" count="2142" type="stmt"/>
          <line num="133" count="2142" type="stmt"/>
          <line num="138" count="752" type="stmt"/>
          <line num="139" count="6768" type="cond" truecount="2" falsecount="0"/>
          <line num="140" count="2614" type="cond" truecount="2" falsecount="0"/>
          <line num="141" count="1863" type="stmt"/>
          <line num="143" count="2614" type="stmt"/>
          <line num="145" count="4154" type="stmt"/>
          <line num="168" count="2564" type="cond" truecount="2" falsecount="0"/>
          <line num="172" count="2564" type="stmt"/>
          <line num="176" count="2564" type="cond" truecount="2" falsecount="0"/>
          <line num="180" count="2564" type="cond" truecount="2" falsecount="0"/>
          <line num="184" count="2564" type="cond" truecount="2" falsecount="0"/>
          <line num="188" count="2564" type="cond" truecount="2" falsecount="0"/>
          <line num="192" count="2564" type="stmt"/>
          <line num="205" count="221" type="stmt"/>
          <line num="227" count="1523" type="cond" truecount="4" falsecount="0"/>
          <line num="228" count="3" type="stmt"/>
          <line num="232" count="1520" type="stmt"/>
          <line num="253" count="25" type="stmt"/>
          <line num="254" count="25" type="cond" truecount="2" falsecount="0"/>
          <line num="255" count="17" type="stmt"/>
          <line num="256" count="17" type="stmt"/>
          <line num="258" count="8" type="stmt"/>
          <line num="269" count="33" type="cond" truecount="2" falsecount="0"/>
          <line num="270" count="1" type="stmt"/>
          <line num="273" count="32" type="cond" truecount="2" falsecount="0"/>
          <line num="275" count="32" type="cond" truecount="2" falsecount="0"/>
          <line num="276" count="1" type="stmt"/>
          <line num="278" count="31" type="stmt"/>
          <line num="286" count="6402" type="stmt"/>
          <line num="307" count="6402" type="cond" truecount="4" falsecount="0"/>
          <line num="309" count="6399" type="stmt"/>
          <line num="318" count="511" type="cond" truecount="2" falsecount="0"/>
          <line num="326" count="6" type="cond" truecount="2" falsecount="0"/>
          <line num="335" count="6" type="cond" truecount="2" falsecount="0"/>
          <line num="360" count="62" type="stmt"/>
          <line num="363" count="62" type="cond" truecount="2" falsecount="0"/>
          <line num="376" count="833" type="cond" truecount="2" falsecount="0"/>
          <line num="378" count="832" type="stmt"/>
          <line num="380" count="832" type="cond" truecount="2" falsecount="0"/>
          <line num="381" count="1" type="stmt"/>
          <line num="382" count="1" type="stmt"/>
          <line num="383" count="1" type="stmt"/>
          <line num="385" count="832" type="stmt"/>
          <line num="400" count="16" type="cond" truecount="2" falsecount="0"/>
          <line num="402" count="15" type="stmt"/>
          <line num="403" count="15" type="cond" truecount="2" falsecount="0"/>
          <line num="404" count="15" type="cond" truecount="4" falsecount="0"/>
          <line num="405" count="15" type="cond" truecount="4" falsecount="0"/>
          <line num="406" count="15" type="cond" truecount="6" falsecount="0"/>
          <line num="407" count="13" type="stmt"/>
          <line num="408" count="15" type="cond" truecount="2" falsecount="0"/>
          <line num="409" count="15" type="cond" truecount="2" falsecount="0"/>
          <line num="410" count="15" type="cond" truecount="4" falsecount="0"/>
          <line num="411" count="12" type="stmt"/>
          <line num="412" count="15" type="cond" truecount="2" falsecount="0"/>
          <line num="413" count="15" type="stmt"/>
          <line num="421" count="1" type="stmt"/>
          <line num="429" count="1" type="stmt"/>
          <line num="437" count="3" type="stmt"/>
          <line num="446" count="53" type="cond" truecount="2" falsecount="0"/>
          <line num="448" count="52" type="stmt"/>
          <line num="449" count="52" type="stmt"/>
          <line num="451" count="52" type="stmt"/>
          <line num="452" count="468" type="cond" truecount="4" falsecount="0"/>
          <line num="453" count="79" type="stmt"/>
          <line num="457" count="52" type="stmt"/>
          <line num="466" count="3" type="cond" truecount="2" falsecount="0"/>
          <line num="468" count="2" type="stmt"/>
          <line num="469" count="2" type="stmt"/>
          <line num="481" count="1000" type="stmt"/>
          <line num="492" count="7" type="stmt"/>
          <line num="493" count="7" type="stmt"/>
          <line num="502" count="7" type="stmt"/>
          <line num="503" count="7" type="stmt"/>
          <line num="505" count="7" type="cond" truecount="2" falsecount="0"/>
          <line num="506" count="1" type="stmt"/>
          <line num="509" count="7" type="stmt"/>
          <line num="521" count="624" type="cond" truecount="2" falsecount="0"/>
          <line num="531" count="16" type="cond" truecount="2" falsecount="0"/>
          <line num="532" count="15" type="stmt"/>
          <line num="533" count="15" type="stmt"/>
          <line num="534" count="15" type="stmt"/>
          <line num="543" count="740" type="cond" truecount="2" falsecount="0"/>
          <line num="545" count="739" type="cond" truecount="2" falsecount="0"/>
          <line num="546" count="1" type="stmt"/>
          <line num="549" count="790" type="stmt"/>
          <line num="551" count="737" type="stmt"/>
          <line num="552" count="737" type="stmt"/>
          <line num="553" count="737" type="stmt"/>
          <line num="556" count="737" type="stmt"/>
          <line num="558" count="737" type="stmt"/>
          <line num="559" count="6633" type="cond" truecount="2" falsecount="0"/>
          <line num="560" count="788" type="stmt"/>
          <line num="562" count="788" type="stmt"/>
          <line num="565" count="788" type="stmt"/>
          <line num="566" count="1918" type="cond" truecount="1" falsecount="1"/>
          <line num="567" count="1918" type="stmt"/>
          <line num="568" count="1918" type="stmt"/>
          <line num="573" count="788" type="cond" truecount="2" falsecount="0"/>
          <line num="574" count="664" type="stmt"/>
          <line num="577" count="788" type="stmt"/>
          <line num="578" count="788" type="stmt"/>
          <line num="579" count="788" type="stmt"/>
          <line num="582" count="788" type="stmt"/>
          <line num="583" count="2838" type="cond" truecount="2" falsecount="0"/>
          <line num="584" count="279" type="stmt"/>
          <line num="588" count="5845" type="cond" truecount="2" falsecount="0"/>
          <line num="589" count="1920" type="stmt"/>
          <line num="594" count="737" type="cond" truecount="1" falsecount="1"/>
          <line num="595" count="737" type="stmt"/>
          <line num="596" count="2708" type="cond" truecount="1" falsecount="1"/>
          <line num="597" count="2708" type="cond" truecount="2" falsecount="0"/>
          <line num="598" count="110" type="stmt"/>
          <line num="605" count="737" type="stmt"/>
          <line num="614" count="211" type="cond" truecount="2" falsecount="0"/>
          <line num="615" count="210" type="stmt"/>
          <line num="616" count="210" type="stmt"/>
          <line num="617" count="222" type="stmt"/>
          <line num="619" count="210" type="stmt"/>
          <line num="627" count="633" type="cond" truecount="4" falsecount="0"/>
          <line num="635" count="570" type="cond" truecount="4" falsecount="0"/>
          <line num="643" count="625" type="cond" truecount="4" falsecount="0"/>
          <line num="651" count="574" type="cond" truecount="4" falsecount="0"/>
          <line num="659" count="687" type="cond" truecount="4" falsecount="0"/>
          <line num="667" count="699" type="cond" truecount="4" falsecount="0"/>
          <line num="675" count="657" type="cond" truecount="4" falsecount="0"/>
          <line num="683" count="643" type="cond" truecount="4" falsecount="0"/>
          <line num="691" count="1194" type="cond" truecount="4" falsecount="0"/>
          <line num="700" count="8905" type="stmt"/>
          <line num="708" count="7" type="cond" truecount="2" falsecount="0"/>
          <line num="716" count="1" type="cond" truecount="1" falsecount="1"/>
          <line num="726" count="9" type="cond" truecount="4" falsecount="0"/>
          <line num="727" count="1" type="stmt"/>
          <line num="730" count="8" type="cond" truecount="2" falsecount="0"/>
          <line num="731" count="2" type="stmt"/>
          <line num="734" count="6" type="stmt"/>
          <line num="735" count="36" type="cond" truecount="2" falsecount="0"/>
          <line num="736" count="4" type="stmt"/>
          <line num="739" count="2" type="stmt"/>
          <line num="747" count="624" type="cond" truecount="2" falsecount="0"/>
          <line num="748" count="119" type="stmt"/>
          <line num="749" count="505" type="cond" truecount="2" falsecount="0"/>
          <line num="750" count="102" type="stmt"/>
          <line num="751" count="403" type="cond" truecount="1" falsecount="1"/>
          <line num="752" count="403" type="stmt"/>
          <line num="754" count="0" type="stmt"/>
        </file>
        <file name="errors.js" path="/mnt/c/Users/icambron/code/luxon/src/errors.js">
          <metrics statements="5" coveredstatements="4" conditionals="0" coveredconditionals="0" methods="5" coveredmethods="4"/>
          <line num="13" count="1" type="stmt"/>
          <line num="22" count="1" type="stmt"/>
          <line num="31" count="1" type="stmt"/>
          <line num="45" count="4" type="stmt"/>
          <line num="59" count="0" type="stmt"/>
        </file>
        <file name="info.js" path="/mnt/c/Users/icambron/code/luxon/src/info.js">
          <metrics statements="21" coveredstatements="21" conditionals="30" coveredconditionals="29" methods="10" coveredmethods="10"/>
          <line num="19" count="4" type="stmt"/>
          <line num="23" count="4" type="cond" truecount="2" falsecount="0"/>
          <line num="32" count="6" type="cond" truecount="2" falsecount="0"/>
          <line num="50" count="16" type="stmt"/>
          <line num="73" count="20" type="stmt"/>
          <line num="92" count="6" type="stmt"/>
          <line num="109" count="13" type="stmt"/>
          <line num="124" count="3" type="stmt"/>
          <line num="136" count="4" type="stmt"/>
          <line num="150" count="8" type="stmt"/>
          <line num="165" count="12" type="stmt"/>
          <line num="166" count="12" type="stmt"/>
          <line num="167" count="12" type="stmt"/>
          <line num="168" count="12" type="stmt"/>
          <line num="170" count="12" type="cond" truecount="2" falsecount="0"/>
          <line num="171" count="9" type="stmt"/>
          <line num="172" count="9" type="stmt"/>
          <line num="174" count="9" type="stmt"/>
          <line num="175" count="9" type="stmt"/>
          <line num="179" count="3" type="stmt"/>
          <line num="183" count="12" type="stmt"/>
        </file>
        <file name="interval.js" path="/mnt/c/Users/icambron/code/luxon/src/interval.js">
          <metrics statements="144" coveredstatements="143" conditionals="143" coveredconditionals="136" methods="45" coveredmethods="44"/>
          <line num="7" count="48" type="stmt"/>
          <line num="11" count="327" type="cond" truecount="4" falsecount="0"/>
          <line num="12" count="1" type="stmt"/>
          <line num="13" count="326" type="cond" truecount="4" falsecount="0"/>
          <line num="14" count="2" type="stmt"/>
          <line num="15" count="324" type="cond" truecount="2" falsecount="0"/>
          <line num="16" count="3" type="stmt"/>
          <line num="21" count="321" type="stmt"/>
          <line num="45" count="355" type="stmt"/>
          <line num="49" count="355" type="stmt"/>
          <line num="53" count="355" type="cond" truecount="2" falsecount="0"/>
          <line num="57" count="355" type="stmt"/>
          <line num="67" count="30" type="cond" truecount="2" falsecount="0"/>
          <line num="68" count="1" type="stmt"/>
          <line num="71" count="29" type="cond" truecount="1" falsecount="1"/>
          <line num="73" count="29" type="cond" truecount="2" falsecount="0"/>
          <line num="74" count="1" type="stmt"/>
          <line num="76" count="28" type="stmt"/>
          <line num="87" count="327" type="stmt"/>
          <line num="88" count="327" type="stmt"/>
          <line num="90" count="327" type="stmt"/>
          <line num="104" count="7" type="stmt"/>
          <line num="105" count="7" type="stmt"/>
          <line num="106" count="7" type="stmt"/>
          <line num="116" count="3" type="stmt"/>
          <line num="117" count="3" type="stmt"/>
          <line num="118" count="3" type="stmt"/>
          <line num="130" count="9" type="cond" truecount="2" falsecount="0"/>
          <line num="131" count="9" type="cond" truecount="4" falsecount="0"/>
          <line num="132" count="6" type="stmt"/>
          <line num="133" count="6" type="stmt"/>
          <line num="135" count="6" type="cond" truecount="4" falsecount="0"/>
          <line num="136" count="2" type="stmt"/>
          <line num="139" count="4" type="cond" truecount="2" falsecount="0"/>
          <line num="140" count="1" type="stmt"/>
          <line num="141" count="1" type="cond" truecount="1" falsecount="1"/>
          <line num="142" count="1" type="stmt"/>
          <line num="144" count="3" type="cond" truecount="2" falsecount="0"/>
          <line num="145" count="2" type="stmt"/>
          <line num="146" count="2" type="cond" truecount="2" falsecount="0"/>
          <line num="147" count="1" type="stmt"/>
          <line num="151" count="5" type="stmt"/>
          <line num="160" count="0" type="cond" truecount="0" falsecount="2"/>
          <line num="168" count="21" type="cond" truecount="2" falsecount="0"/>
          <line num="176" count="21" type="cond" truecount="2" falsecount="0"/>
          <line num="184" count="320" type="stmt"/>
          <line num="192" count="330" type="cond" truecount="2" falsecount="0"/>
          <line num="200" count="1" type="cond" truecount="1" falsecount="1"/>
          <line num="209" count="8" type="cond" truecount="2" falsecount="0"/>
          <line num="220" count="6" type="cond" truecount="2" falsecount="0"/>
          <line num="221" count="5" type="stmt"/>
          <line num="222" count="5" type="stmt"/>
          <line num="223" count="5" type="stmt"/>
          <line num="232" count="4" type="cond" truecount="2" falsecount="0"/>
          <line num="240" count="21" type="stmt"/>
          <line num="249" count="5" type="cond" truecount="2" falsecount="0"/>
          <line num="250" count="4" type="stmt"/>
          <line num="259" count="6" type="cond" truecount="2" falsecount="0"/>
          <line num="260" count="5" type="stmt"/>
          <line num="269" count="6" type="cond" truecount="2" falsecount="0"/>
          <line num="270" count="5" type="cond" truecount="2" falsecount="0"/>
          <line num="281" count="3" type="cond" truecount="2" falsecount="0"/>
          <line num="282" count="2" type="cond" truecount="4" falsecount="0"/>
          <line num="291" count="2" type="cond" truecount="2" falsecount="0"/>
          <line num="292" count="1" type="stmt"/>
          <line num="293" count="1" type="stmt"/>
          <line num="294" count="1" type="stmt"/>
          <line num="295" count="1" type="stmt"/>
          <line num="297" count="1" type="stmt"/>
          <line num="298" count="3" type="cond" truecount="2" falsecount="0"/>
          <line num="299" count="3" type="cond" truecount="1" falsecount="1"/>
          <line num="300" count="3" type="stmt"/>
          <line num="301" count="3" type="stmt"/>
          <line num="302" count="3" type="stmt"/>
          <line num="305" count="1" type="stmt"/>
          <line num="315" count="8" type="stmt"/>
          <line num="317" count="8" type="cond" truecount="5" falsecount="0"/>
          <line num="318" count="3" type="stmt"/>
          <line num="321" count="5" type="stmt"/>
          <line num="325" count="5" type="stmt"/>
          <line num="326" count="5" type="stmt"/>
          <line num="327" count="31" type="stmt"/>
          <line num="328" count="31" type="cond" truecount="2" falsecount="0"/>
          <line num="329" count="31" type="stmt"/>
          <line num="330" count="31" type="stmt"/>
          <line num="333" count="5" type="stmt"/>
          <line num="342" count="4" type="cond" truecount="2" falsecount="0"/>
          <line num="343" count="3" type="stmt"/>
          <line num="352" count="20" type="cond" truecount="2" falsecount="0"/>
          <line num="361" count="25" type="cond" truecount="2" falsecount="0"/>
          <line num="362" count="24" type="stmt"/>
          <line num="371" count="6" type="cond" truecount="2" falsecount="0"/>
          <line num="372" count="5" type="stmt"/>
          <line num="381" count="9" type="cond" truecount="2" falsecount="0"/>
          <line num="382" count="8" type="cond" truecount="2" falsecount="0"/>
          <line num="391" count="59" type="cond" truecount="4" falsecount="0"/>
          <line num="392" count="3" type="stmt"/>
          <line num="395" count="56" type="cond" truecount="2" falsecount="0"/>
          <line num="406" count="22" type="cond" truecount="2" falsecount="0"/>
          <line num="407" count="21" type="cond" truecount="2" falsecount="0"/>
          <line num="408" count="21" type="cond" truecount="2" falsecount="0"/>
          <line num="410" count="21" type="cond" truecount="2" falsecount="0"/>
          <line num="411" count="1" type="stmt"/>
          <line num="413" count="20" type="stmt"/>
          <line num="424" count="11" type="cond" truecount="2" falsecount="0"/>
          <line num="425" count="10" type="cond" truecount="2" falsecount="0"/>
          <line num="426" count="10" type="cond" truecount="2" falsecount="0"/>
          <line num="427" count="10" type="stmt"/>
          <line num="437" count="24" type="stmt"/>
          <line num="439" count="39" type="cond" truecount="2" falsecount="0"/>
          <line num="440" count="19" type="stmt"/>
          <line num="441" count="20" type="cond" truecount="4" falsecount="0"/>
          <line num="442" count="3" type="stmt"/>
          <line num="444" count="17" type="stmt"/>
          <line num="449" count="24" type="cond" truecount="2" falsecount="0"/>
          <line num="450" count="19" type="stmt"/>
          <line num="452" count="24" type="stmt"/>
          <line num="461" count="22" type="stmt"/>
          <line num="462" count="22" type="stmt"/>
          <line num="463" count="22" type="stmt"/>
          <line num="464" count="56" type="stmt"/>
          <line num="465" count="22" type="stmt"/>
          <line num="466" count="144" type="stmt"/>
          <line num="468" count="22" type="stmt"/>
          <line num="469" count="112" type="cond" truecount="2" falsecount="0"/>
          <line num="471" count="112" type="cond" truecount="2" falsecount="0"/>
          <line num="472" count="52" type="stmt"/>
          <line num="474" count="60" type="cond" truecount="4" falsecount="0"/>
          <line num="475" count="34" type="stmt"/>
          <line num="478" count="60" type="stmt"/>
          <line num="482" count="22" type="stmt"/>
          <line num="491" count="11" type="stmt"/>
          <line num="492" count="18" type="stmt"/>
          <line num="493" count="18" type="cond" truecount="2" falsecount="0"/>
          <line num="501" count="2" type="cond" truecount="2" falsecount="0"/>
          <line num="502" count="1" type="stmt"/>
          <line num="512" count="3" type="cond" truecount="2" falsecount="0"/>
          <line num="513" count="2" type="stmt"/>
          <line num="524" count="4" type="cond" truecount="2" falsecount="0"/>
          <line num="525" count="3" type="stmt"/>
          <line num="541" count="17" type="cond" truecount="2" falsecount="0"/>
          <line num="542" count="1" type="stmt"/>
          <line num="544" count="16" type="stmt"/>
          <line num="555" count="1" type="stmt"/>
        </file>
        <file name="luxon.js" path="/mnt/c/Users/icambron/code/luxon/src/luxon.js">
          <metrics statements="0" coveredstatements="0" conditionals="0" coveredconditionals="0" methods="0" coveredmethods="0"/>
        </file>
        <file name="settings.js" path="/mnt/c/Users/icambron/code/luxon/src/settings.js">
          <metrics statements="22" coveredstatements="19" conditionals="6" coveredconditionals="4" methods="15" coveredmethods="14"/>
          <line num="6" count="1251" type="stmt"/>
          <line num="7" count="48" type="stmt"/>
          <line num="8" count="48" type="stmt"/>
          <line num="9" count="48" type="stmt"/>
          <line num="10" count="48" type="stmt"/>
          <line num="11" count="48" type="stmt"/>
          <line num="22" count="1263" type="stmt"/>
          <line num="33" count="9" type="stmt"/>
          <line num="41" count="1" type="cond" truecount="2" falsecount="0"/>
          <line num="49" count="0" type="cond" truecount="0" falsecount="2"/>
          <line num="50" count="0" type="stmt"/>
          <line num="52" count="0" type="stmt"/>
          <line num="61" count="1605" type="cond" truecount="2" falsecount="0"/>
          <line num="69" count="3070" type="stmt"/>
          <line num="77" count="16" type="stmt"/>
          <line num="85" count="3657" type="stmt"/>
          <line num="93" count="2" type="stmt"/>
          <line num="101" count="3640" type="stmt"/>
          <line num="109" count="2" type="stmt"/>
          <line num="117" count="154" type="stmt"/>
          <line num="125" count="6" type="stmt"/>
          <line num="133" count="43" type="stmt"/>
        </file>
      </package>
      <package name="src.impl">
        <metrics statements="862" coveredstatements="838" conditionals="675" coveredconditionals="616" methods="185" coveredmethods="182"/>
        <file name="conversions.js" path="/mnt/c/Users/icambron/code/luxon/src/impl/conversions.js">
          <metrics statements="81" coveredstatements="78" conditionals="38" coveredconditionals="35" methods="13" coveredmethods="13"/>
          <line num="12" count="48" type="stmt"/>
          <line num="13" count="48" type="stmt"/>
          <line num="16" count="10" type="stmt"/>
          <line num="23" count="156" type="stmt"/>
          <line num="24" count="156" type="cond" truecount="2" falsecount="0"/>
          <line num="28" count="146" type="cond" truecount="2" falsecount="0"/>
          <line num="32" count="48" type="cond" truecount="2" falsecount="0"/>
          <line num="33" count="48" type="stmt"/>
          <line num="34" count="48" type="stmt"/>
          <line num="35" count="48" type="stmt"/>
          <line num="43" count="119" type="stmt"/>
          <line num="44" count="119" type="stmt"/>
          <line num="45" count="119" type="stmt"/>
          <line num="47" count="119" type="stmt"/>
          <line num="50" count="119" type="cond" truecount="2" falsecount="0"/>
          <line num="51" count="4" type="stmt"/>
          <line num="52" count="4" type="stmt"/>
          <line num="53" count="115" type="cond" truecount="2" falsecount="0"/>
          <line num="54" count="3" type="stmt"/>
          <line num="55" count="3" type="stmt"/>
          <line num="57" count="112" type="stmt"/>
          <line num="60" count="119" type="stmt"/>
          <line num="64" count="37" type="stmt"/>
          <line num="65" count="37" type="stmt"/>
          <line num="66" count="37" type="stmt"/>
          <line num="68" count="37" type="stmt"/>
          <line num="71" count="37" type="cond" truecount="2" falsecount="0"/>
          <line num="72" count="3" type="stmt"/>
          <line num="73" count="3" type="stmt"/>
          <line num="74" count="34" type="cond" truecount="2" falsecount="0"/>
          <line num="75" count="5" type="stmt"/>
          <line num="76" count="5" type="stmt"/>
          <line num="78" count="29" type="stmt"/>
          <line num="81" count="37" type="stmt"/>
          <line num="83" count="37" type="stmt"/>
          <line num="87" count="27" type="stmt"/>
          <line num="88" count="27" type="stmt"/>
          <line num="90" count="27" type="stmt"/>
          <line num="94" count="11" type="stmt"/>
          <line num="95" count="11" type="stmt"/>
          <line num="97" count="11" type="stmt"/>
          <line num="101" count="28" type="stmt"/>
          <line num="102" count="28" type="stmt"/>
          <line num="103" count="28" type="stmt"/>
          <line num="105" count="28" type="cond" truecount="1" falsecount="1"/>
          <line num="106" count="0" type="stmt"/>
          <line num="107" count="28" type="cond" truecount="2" falsecount="0"/>
          <line num="108" count="1" type="stmt"/>
          <line num="109" count="27" type="cond" truecount="2" falsecount="0"/>
          <line num="110" count="1" type="stmt"/>
          <line num="111" count="26" type="stmt"/>
          <line num="115" count="11" type="stmt"/>
          <line num="116" count="11" type="stmt"/>
          <line num="118" count="11" type="cond" truecount="1" falsecount="1"/>
          <line num="119" count="0" type="stmt"/>
          <line num="120" count="11" type="cond" truecount="2" falsecount="0"/>
          <line num="121" count="1" type="stmt"/>
          <line num="122" count="10" type="stmt"/>
          <line num="126" count="1064" type="stmt"/>
          <line num="127" count="1064" type="stmt"/>
          <line num="128" count="1064" type="stmt"/>
          <line num="130" count="1064" type="cond" truecount="2" falsecount="0"/>
          <line num="131" count="1" type="stmt"/>
          <line num="132" count="1063" type="cond" truecount="2" falsecount="0"/>
          <line num="133" count="2" type="stmt"/>
          <line num="134" count="1061" type="cond" truecount="2" falsecount="0"/>
          <line num="135" count="1" type="stmt"/>
          <line num="136" count="1060" type="stmt"/>
          <line num="140" count="1096" type="stmt"/>
          <line num="141" count="1096" type="stmt"/>
          <line num="142" count="1096" type="stmt"/>
          <line num="143" count="1096" type="stmt"/>
          <line num="145" count="1096" type="cond" truecount="2" falsecount="0"/>
          <line num="146" count="1" type="stmt"/>
          <line num="147" count="1095" type="cond" truecount="2" falsecount="0"/>
          <line num="148" count="1" type="stmt"/>
          <line num="149" count="1094" type="cond" truecount="1" falsecount="1"/>
          <line num="150" count="0" type="stmt"/>
          <line num="151" count="1094" type="cond" truecount="2" falsecount="0"/>
          <line num="152" count="1" type="stmt"/>
          <line num="153" count="1093" type="stmt"/>
        </file>
        <file name="diff.js" path="/mnt/c/Users/icambron/code/luxon/src/impl/diff.js">
          <metrics statements="34" coveredstatements="34" conditionals="14" coveredconditionals="14" methods="8" coveredmethods="8"/>
          <line num="4" count="54" type="stmt"/>
          <line num="5" count="108" type="stmt"/>
          <line num="9" count="54" type="stmt"/>
          <line num="10" count="54" type="stmt"/>
          <line num="14" count="167" type="stmt"/>
          <line num="15" count="46" type="stmt"/>
          <line num="16" count="35" type="stmt"/>
          <line num="20" count="7" type="stmt"/>
          <line num="21" count="7" type="stmt"/>
          <line num="27" count="167" type="stmt"/>
          <line num="30" count="167" type="stmt"/>
          <line num="31" count="668" type="cond" truecount="2" falsecount="0"/>
          <line num="32" count="135" type="stmt"/>
          <line num="34" count="135" type="stmt"/>
          <line num="36" count="135" type="stmt"/>
          <line num="38" count="135" type="cond" truecount="2" falsecount="0"/>
          <line num="39" count="27" type="stmt"/>
          <line num="40" count="27" type="stmt"/>
          <line num="42" count="108" type="stmt"/>
          <line num="45" count="135" type="stmt"/>
          <line num="49" count="167" type="stmt"/>
          <line num="53" count="167" type="stmt"/>
          <line num="55" count="167" type="stmt"/>
          <line num="57" count="167" type="stmt"/>
          <line num="58" count="182" type="stmt"/>
          <line num="61" count="167" type="cond" truecount="2" falsecount="0"/>
          <line num="62" count="123" type="cond" truecount="2" falsecount="0"/>
          <line num="63" count="52" type="stmt"/>
          <line num="66" count="123" type="cond" truecount="2" falsecount="0"/>
          <line num="67" count="74" type="cond" truecount="2" falsecount="0"/>
          <line num="71" count="167" type="stmt"/>
          <line num="73" count="167" type="cond" truecount="2" falsecount="0"/>
          <line num="74" count="44" type="stmt"/>
          <line num="78" count="123" type="stmt"/>
        </file>
        <file name="english.js" path="/mnt/c/Users/icambron/code/luxon/src/impl/english.js">
          <metrics statements="70" coveredstatements="67" conditionals="64" coveredconditionals="60" methods="10" coveredmethods="10"/>
          <line num="5" count="274" type="stmt"/>
          <line num="12" count="49" type="stmt"/>
          <line num="27" count="49" type="stmt"/>
          <line num="42" count="49" type="stmt"/>
          <line num="45" count="59" type="cond" truecount="5" falsecount="1"/>
          <line num="47" count="4" type="stmt"/>
          <line num="49" count="25" type="stmt"/>
          <line num="51" count="25" type="stmt"/>
          <line num="53" count="3" type="stmt"/>
          <line num="55" count="2" type="stmt"/>
          <line num="57" count="0" type="stmt"/>
          <line num="61" count="49" type="stmt"/>
          <line num="71" count="49" type="stmt"/>
          <line num="73" count="49" type="stmt"/>
          <line num="76" count="52" type="cond" truecount="4" falsecount="1"/>
          <line num="78" count="4" type="stmt"/>
          <line num="80" count="27" type="stmt"/>
          <line num="82" count="20" type="stmt"/>
          <line num="84" count="1" type="stmt"/>
          <line num="86" count="0" type="stmt"/>
          <line num="90" count="49" type="stmt"/>
          <line num="92" count="49" type="stmt"/>
          <line num="94" count="49" type="stmt"/>
          <line num="96" count="49" type="stmt"/>
          <line num="99" count="16" type="cond" truecount="3" falsecount="1"/>
          <line num="101" count="2" type="stmt"/>
          <line num="103" count="8" type="stmt"/>
          <line num="105" count="6" type="stmt"/>
          <line num="107" count="0" type="stmt"/>
          <line num="112" count="16" type="cond" truecount="2" falsecount="0"/>
          <line num="116" count="24" type="stmt"/>
          <line num="120" count="32" type="stmt"/>
          <line num="124" count="7" type="cond" truecount="2" falsecount="0"/>
          <line num="128" count="92" type="stmt"/>
          <line num="139" count="92" type="stmt"/>
          <line num="141" count="92" type="cond" truecount="4" falsecount="0"/>
          <line num="142" count="33" type="stmt"/>
          <line num="143" count="33" type="cond" truecount="4" falsecount="0"/>
          <line num="145" count="9" type="cond" truecount="2" falsecount="0"/>
          <line num="147" count="6" type="cond" truecount="2" falsecount="0"/>
          <line num="149" count="8" type="cond" truecount="2" falsecount="0"/>
          <line num="154" count="69" type="cond" truecount="2" falsecount="0"/>
          <line num="155" count="69" type="stmt"/>
          <line num="156" count="69" type="cond" truecount="4" falsecount="0"/>
          <line num="157" count="69" type="cond" truecount="2" falsecount="0"/>
          <line num="163" count="25" type="stmt"/>
          <line num="175" count="25" type="stmt"/>
          <line num="176" count="25" type="stmt"/>
          <line num="177" count="25" type="cond" truecount="21" falsecount="0"/>
          <line num="179" count="3" type="stmt"/>
          <line num="181" count="1" type="stmt"/>
          <line num="183" count="2" type="stmt"/>
          <line num="185" count="1" type="stmt"/>
          <line num="187" count="1" type="stmt"/>
          <line num="189" count="1" type="stmt"/>
          <line num="191" count="1" type="stmt"/>
          <line num="193" count="1" type="stmt"/>
          <line num="195" count="1" type="stmt"/>
          <line num="197" count="1" type="stmt"/>
          <line num="199" count="1" type="stmt"/>
          <line num="201" count="1" type="stmt"/>
          <line num="203" count="1" type="stmt"/>
          <line num="205" count="2" type="stmt"/>
          <line num="207" count="1" type="stmt"/>
          <line num="209" count="1" type="stmt"/>
          <line num="211" count="1" type="stmt"/>
          <line num="213" count="1" type="stmt"/>
          <line num="215" count="1" type="stmt"/>
          <line num="217" count="1" type="stmt"/>
          <line num="219" count="1" type="stmt"/>
        </file>
        <file name="formats.js" path="/mnt/c/Users/icambron/code/luxon/src/impl/formats.js">
          <metrics statements="24" coveredstatements="24" conditionals="0" coveredconditionals="0" methods="0" coveredmethods="0"/>
          <line num="5" count="49" type="stmt"/>
          <line num="6" count="49" type="stmt"/>
          <line num="7" count="49" type="stmt"/>
          <line num="8" count="49" type="stmt"/>
          <line num="10" count="49" type="stmt"/>
          <line num="16" count="49" type="stmt"/>
          <line num="22" count="49" type="stmt"/>
          <line num="28" count="49" type="stmt"/>
          <line num="35" count="49" type="stmt"/>
          <line num="40" count="49" type="stmt"/>
          <line num="46" count="49" type="stmt"/>
          <line num="53" count="49" type="stmt"/>
          <line num="60" count="49" type="stmt"/>
          <line num="69" count="49" type="stmt"/>
          <line num="79" count="49" type="stmt"/>
          <line num="90" count="49" type="stmt"/>
          <line num="101" count="49" type="stmt"/>
          <line num="112" count="49" type="stmt"/>
          <line num="121" count="49" type="stmt"/>
          <line num="129" count="49" type="stmt"/>
          <line num="138" count="49" type="stmt"/>
          <line num="147" count="49" type="stmt"/>
          <line num="157" count="49" type="stmt"/>
          <line num="167" count="49" type="stmt"/>
        </file>
        <file name="formatter.js" path="/mnt/c/Users/icambron/code/luxon/src/impl/formatter.js">
          <metrics statements="156" coveredstatements="154" conditionals="144" coveredconditionals="129" methods="24" coveredmethods="24"/>
          <line num="6" count="413" type="stmt"/>
          <line num="7" count="413" type="stmt"/>
          <line num="8" count="1311" type="cond" truecount="2" falsecount="0"/>
          <line num="9" count="6" type="stmt"/>
          <line num="11" count="1305" type="stmt"/>
          <line num="14" count="413" type="stmt"/>
          <line num="17" count="48" type="stmt"/>
          <line num="46" count="461" type="stmt"/>
          <line num="50" count="546" type="stmt"/>
          <line num="51" count="546" type="stmt"/>
          <line num="52" count="546" type="stmt"/>
          <line num="53" count="546" type="stmt"/>
          <line num="54" count="546" type="stmt"/>
          <line num="55" count="3666" type="stmt"/>
          <line num="56" count="3666" type="cond" truecount="2" falsecount="0"/>
          <line num="57" count="14" type="cond" truecount="1" falsecount="1"/>
          <line num="58" count="14" type="stmt"/>
          <line num="60" count="14" type="stmt"/>
          <line num="61" count="14" type="stmt"/>
          <line num="62" count="14" type="stmt"/>
          <line num="63" count="3652" type="cond" truecount="2" falsecount="0"/>
          <line num="64" count="18" type="stmt"/>
          <line num="65" count="3634" type="cond" truecount="2" falsecount="0"/>
          <line num="66" count="1671" type="stmt"/>
          <line num="68" count="1963" type="cond" truecount="2" falsecount="0"/>
          <line num="69" count="1413" type="stmt"/>
          <line num="71" count="1963" type="stmt"/>
          <line num="72" count="1963" type="stmt"/>
          <line num="76" count="546" type="cond" truecount="2" falsecount="0"/>
          <line num="77" count="543" type="stmt"/>
          <line num="80" count="546" type="stmt"/>
          <line num="84" count="461" type="stmt"/>
          <line num="85" count="461" type="stmt"/>
          <line num="86" count="461" type="stmt"/>
          <line num="90" count="74" type="cond" truecount="1" falsecount="1"/>
          <line num="91" count="74" type="stmt"/>
          <line num="93" count="74" type="stmt"/>
          <line num="94" count="74" type="stmt"/>
          <line num="98" count="38" type="stmt"/>
          <line num="99" count="38" type="stmt"/>
          <line num="103" count="7" type="stmt"/>
          <line num="104" count="7" type="stmt"/>
          <line num="108" count="3" type="stmt"/>
          <line num="109" count="3" type="stmt"/>
          <line num="114" count="689" type="cond" truecount="2" falsecount="0"/>
          <line num="115" count="377" type="stmt"/>
          <line num="118" count="312" type="stmt"/>
          <line num="120" count="312" type="cond" truecount="2" falsecount="0"/>
          <line num="121" count="233" type="stmt"/>
          <line num="124" count="312" type="stmt"/>
          <line num="128" count="352" type="stmt"/>
          <line num="129" count="352" type="stmt"/>
          <line num="130" count="352" type="stmt"/>
          <line num="131" count="58" type="cond" truecount="5" falsecount="0"/>
          <line num="132" count="18" type="stmt"/>
          <line num="135" count="40" type="stmt"/>
          <line num="136" count="40" type="stmt"/>
          <line num="137" count="40" type="cond" truecount="2" falsecount="0"/>
          <line num="138" count="40" type="stmt"/>
          <line num="140" count="40" type="cond" truecount="3" falsecount="1"/>
          <line num="142" count="27" type="stmt"/>
          <line num="144" count="5" type="cond" truecount="2" falsecount="0"/>
          <line num="146" count="8" type="stmt"/>
          <line num="148" count="0" type="stmt"/>
          <line num="151" count="352" type="stmt"/>
          <line num="152" count="18" type="cond" truecount="2" falsecount="0"/>
          <line num="155" count="352" type="stmt"/>
          <line num="156" count="40" type="cond" truecount="2" falsecount="0"/>
          <line num="159" count="352" type="stmt"/>
          <line num="160" count="26" type="cond" truecount="2" falsecount="0"/>
          <line num="166" count="352" type="stmt"/>
          <line num="167" count="484" type="stmt"/>
          <line num="168" count="484" type="cond" truecount="2" falsecount="0"/>
          <line num="169" count="74" type="stmt"/>
          <line num="171" count="410" type="stmt"/>
          <line num="174" count="352" type="stmt"/>
          <line num="175" count="9" type="cond" truecount="2" falsecount="0"/>
          <line num="176" count="352" type="stmt"/>
          <line num="177" count="1166" type="stmt"/>
          <line num="180" count="1166" type="cond" truecount="55" falsecount="1"/>
          <line num="183" count="6" type="stmt"/>
          <line num="187" count="50" type="stmt"/>
          <line num="190" count="3" type="stmt"/>
          <line num="192" count="59" type="stmt"/>
          <line num="195" count="3" type="stmt"/>
          <line num="197" count="78" type="stmt"/>
          <line num="200" count="22" type="cond" truecount="2" falsecount="0"/>
          <line num="202" count="6" type="cond" truecount="2" falsecount="0"/>
          <line num="204" count="4" type="stmt"/>
          <line num="206" count="64" type="stmt"/>
          <line num="210" count="5" type="stmt"/>
          <line num="213" count="45" type="stmt"/>
          <line num="216" count="8" type="stmt"/>
          <line num="219" count="2" type="stmt"/>
          <line num="222" count="2" type="stmt"/>
          <line num="226" count="6" type="stmt"/>
          <line num="229" count="18" type="stmt"/>
          <line num="232" count="19" type="cond" truecount="1" falsecount="1"/>
          <line num="234" count="51" type="cond" truecount="1" falsecount="1"/>
          <line num="238" count="2" type="stmt"/>
          <line num="241" count="6" type="stmt"/>
          <line num="244" count="1" type="stmt"/>
          <line num="247" count="1" type="stmt"/>
          <line num="251" count="1" type="stmt"/>
          <line num="254" count="12" type="stmt"/>
          <line num="257" count="5" type="stmt"/>
          <line num="260" count="1" type="stmt"/>
          <line num="264" count="1" type="cond" truecount="1" falsecount="1"/>
          <line num="269" count="0" type="cond" truecount="0" falsecount="2"/>
          <line num="274" count="17" type="stmt"/>
          <line num="277" count="13" type="stmt"/>
          <line num="280" count="1" type="stmt"/>
          <line num="284" count="6" type="cond" truecount="1" falsecount="1"/>
          <line num="287" count="41" type="cond" truecount="1" falsecount="1"/>
          <line num="290" count="3" type="stmt"/>
          <line num="293" count="5" type="stmt"/>
          <line num="296" count="1" type="stmt"/>
          <line num="300" count="3" type="cond" truecount="1" falsecount="1"/>
          <line num="303" count="3" type="cond" truecount="1" falsecount="1"/>
          <line num="308" count="74" type="cond" truecount="2" falsecount="0"/>
          <line num="311" count="4" type="cond" truecount="1" falsecount="1"/>
          <line num="315" count="4" type="stmt"/>
          <line num="318" count="3" type="stmt"/>
          <line num="320" count="2" type="stmt"/>
          <line num="322" count="1" type="stmt"/>
          <line num="324" count="2" type="stmt"/>
          <line num="326" count="2" type="stmt"/>
          <line num="328" count="3" type="stmt"/>
          <line num="330" count="3" type="stmt"/>
          <line num="332" count="3" type="stmt"/>
          <line num="335" count="2" type="stmt"/>
          <line num="338" count="2" type="stmt"/>
          <line num="340" count="2" type="stmt"/>
          <line num="342" count="1" type="stmt"/>
          <line num="344" count="484" type="stmt"/>
          <line num="348" count="352" type="stmt"/>
          <line num="352" count="61" type="stmt"/>
          <line num="353" count="278" type="cond" truecount="8" falsecount="0"/>
          <line num="355" count="24" type="stmt"/>
          <line num="357" count="44" type="stmt"/>
          <line num="359" count="36" type="stmt"/>
          <line num="361" count="32" type="stmt"/>
          <line num="363" count="24" type="stmt"/>
          <line num="365" count="22" type="stmt"/>
          <line num="367" count="18" type="stmt"/>
          <line num="369" count="78" type="stmt"/>
          <line num="372" count="61" type="stmt"/>
          <line num="373" count="139" type="stmt"/>
          <line num="374" count="139" type="cond" truecount="2" falsecount="0"/>
          <line num="375" count="100" type="stmt"/>
          <line num="377" count="39" type="stmt"/>
          <line num="380" count="61" type="stmt"/>
          <line num="381" count="61" type="stmt"/>
          <line num="382" count="139" type="cond" truecount="1" falsecount="1"/>
          <line num="385" count="139" type="stmt"/>
          <line num="386" count="61" type="stmt"/>
        </file>
        <file name="invalid.js" path="/mnt/c/Users/icambron/code/luxon/src/impl/invalid.js">
          <metrics statements="5" coveredstatements="5" conditionals="2" coveredconditionals="2" methods="2" coveredmethods="2"/>
          <line num="3" count="157" type="stmt"/>
          <line num="4" count="157" type="stmt"/>
          <line num="8" count="3" type="cond" truecount="2" falsecount="0"/>
          <line num="9" count="1" type="stmt"/>
          <line num="11" count="2" type="stmt"/>
        </file>
        <file name="locale.js" path="/mnt/c/Users/icambron/code/luxon/src/impl/locale.js">
          <metrics statements="188" coveredstatements="176" conditionals="175" coveredconditionals="153" methods="49" coveredmethods="47"/>
          <line num="7" count="48" type="stmt"/>
          <line num="9" count="337" type="stmt"/>
          <line num="10" count="337" type="stmt"/>
          <line num="11" count="337" type="cond" truecount="2" falsecount="0"/>
          <line num="12" count="83" type="stmt"/>
          <line num="13" count="82" type="stmt"/>
          <line num="15" count="336" type="stmt"/>
          <line num="18" count="48" type="stmt"/>
          <line num="20" count="23" type="stmt"/>
          <line num="21" count="23" type="stmt"/>
          <line num="22" count="23" type="cond" truecount="2" falsecount="0"/>
          <line num="23" count="8" type="stmt"/>
          <line num="24" count="8" type="stmt"/>
          <line num="26" count="23" type="stmt"/>
          <line num="29" count="48" type="stmt"/>
          <line num="31" count="0" type="stmt"/>
          <line num="32" count="0" type="stmt"/>
          <line num="33" count="0" type="cond" truecount="0" falsecount="2"/>
          <line num="34" count="0" type="stmt"/>
          <line num="35" count="0" type="stmt"/>
          <line num="37" count="0" type="stmt"/>
          <line num="40" count="48" type="stmt"/>
          <line num="42" count="2767" type="cond" truecount="2" falsecount="0"/>
          <line num="43" count="2695" type="stmt"/>
          <line num="44" count="72" type="cond" truecount="2" falsecount="0"/>
          <line num="45" count="60" type="stmt"/>
          <line num="47" count="60" type="cond" truecount="1" falsecount="1"/>
          <line num="48" count="60" type="stmt"/>
          <line num="50" count="12" type="stmt"/>
          <line num="51" count="12" type="stmt"/>
          <line num="64" count="3690" type="stmt"/>
          <line num="65" count="3690" type="cond" truecount="2" falsecount="0"/>
          <line num="66" count="3687" type="stmt"/>
          <line num="69" count="3" type="stmt"/>
          <line num="70" count="3" type="stmt"/>
          <line num="71" count="3" type="stmt"/>
          <line num="73" count="1" type="stmt"/>
          <line num="76" count="3" type="stmt"/>
          <line num="78" count="3" type="stmt"/>
          <line num="83" count="3690" type="cond" truecount="2" falsecount="0"/>
          <line num="84" count="3617" type="cond" truecount="4" falsecount="0"/>
          <line num="85" count="79" type="stmt"/>
          <line num="87" count="79" type="cond" truecount="2" falsecount="0"/>
          <line num="88" count="54" type="stmt"/>
          <line num="91" count="79" type="cond" truecount="2" falsecount="0"/>
          <line num="92" count="37" type="stmt"/>
          <line num="94" count="79" type="stmt"/>
          <line num="96" count="3538" type="stmt"/>
          <line num="99" count="73" type="stmt"/>
          <line num="104" count="15" type="stmt"/>
          <line num="105" count="15" type="stmt"/>
          <line num="106" count="180" type="stmt"/>
          <line num="107" count="180" type="stmt"/>
          <line num="109" count="15" type="stmt"/>
          <line num="113" count="5" type="stmt"/>
          <line num="114" count="5" type="stmt"/>
          <line num="115" count="35" type="stmt"/>
          <line num="116" count="35" type="stmt"/>
          <line num="118" count="5" type="stmt"/>
          <line num="122" count="96" type="stmt"/>
          <line num="124" count="96" type="cond" truecount="2" falsecount="0"/>
          <line num="125" count="2" type="stmt"/>
          <line num="126" count="94" type="cond" truecount="2" falsecount="0"/>
          <line num="127" count="71" type="stmt"/>
          <line num="129" count="23" type="stmt"/>
          <line num="134" count="174" type="cond" truecount="4" falsecount="0"/>
          <line num="135" count="2" type="stmt"/>
          <line num="137" count="172" type="stmt"/>
          <line num="152" count="312" type="cond" truecount="2" falsecount="0"/>
          <line num="153" count="312" type="cond" truecount="2" falsecount="0"/>
          <line num="155" count="312" type="cond" truecount="4" falsecount="0"/>
          <line num="156" count="23" type="stmt"/>
          <line num="157" count="23" type="cond" truecount="2" falsecount="0"/>
          <line num="158" count="23" type="stmt"/>
          <line num="163" count="312" type="cond" truecount="2" falsecount="0"/>
          <line num="164" count="23" type="cond" truecount="2" falsecount="0"/>
          <line num="165" count="23" type="stmt"/>
          <line num="168" count="289" type="cond" truecount="2" falsecount="0"/>
          <line num="169" count="289" type="stmt"/>
          <line num="180" count="359" type="stmt"/>
          <line num="181" count="359" type="stmt"/>
          <line num="184" count="359" type="cond" truecount="4" falsecount="0"/>
          <line num="194" count="301" type="stmt"/>
          <line num="195" count="301" type="cond" truecount="2" falsecount="0"/>
          <line num="196" count="1" type="stmt"/>
          <line num="198" count="300" type="cond" truecount="2" falsecount="0"/>
          <line num="200" count="58" type="cond" truecount="2" falsecount="0"/>
          <line num="201" count="32" type="stmt"/>
          <line num="203" count="26" type="stmt"/>
          <line num="204" count="26" type="stmt"/>
          <line num="207" count="359" type="cond" truecount="2" falsecount="0"/>
          <line num="208" count="333" type="stmt"/>
          <line num="209" count="333" type="cond" truecount="2" falsecount="0"/>
          <line num="210" count="326" type="stmt"/>
          <line num="212" count="333" type="stmt"/>
          <line num="217" count="112" type="cond" truecount="2" falsecount="0"/>
          <line num="218" count="87" type="stmt"/>
          <line num="220" count="25" type="stmt"/>
          <line num="221" count="25" type="stmt"/>
          <line num="222" count="25" type="stmt"/>
          <line num="227" count="244" type="cond" truecount="4" falsecount="0"/>
          <line num="228" count="242" type="stmt"/>
          <line num="232" count="2" type="stmt"/>
          <line num="237" count="3" type="cond" truecount="1" falsecount="1"/>
          <line num="238" count="3" type="stmt"/>
          <line num="240" count="0" type="stmt"/>
          <line num="254" count="53" type="stmt"/>
          <line num="255" count="53" type="cond" truecount="3" falsecount="1"/>
          <line num="256" count="0" type="stmt"/>
          <line num="261" count="53" type="cond" truecount="1" falsecount="1"/>
          <line num="262" count="0" type="stmt"/>
          <line num="264" count="53" type="stmt"/>
          <line num="269" count="0" type="cond" truecount="0" falsecount="2"/>
          <line num="270" count="0" type="stmt"/>
          <line num="272" count="0" type="stmt"/>
          <line num="283" count="133" type="stmt"/>
          <line num="287" count="3690" type="cond" truecount="2" falsecount="0"/>
          <line num="289" count="3690" type="cond" truecount="4" falsecount="0"/>
          <line num="290" count="3690" type="cond" truecount="2" falsecount="0"/>
          <line num="291" count="3690" type="cond" truecount="2" falsecount="0"/>
          <line num="293" count="3690" type="stmt"/>
          <line num="297" count="43" type="stmt"/>
          <line num="298" count="43" type="stmt"/>
          <line num="299" count="43" type="stmt"/>
          <line num="303" count="2399" type="stmt"/>
          <line num="307" count="3690" type="stmt"/>
          <line num="309" count="3690" type="stmt"/>
          <line num="310" count="3690" type="cond" truecount="3" falsecount="0"/>
          <line num="311" count="3690" type="cond" truecount="3" falsecount="0"/>
          <line num="312" count="3690" type="stmt"/>
          <line num="314" count="3690" type="stmt"/>
          <line num="315" count="3690" type="stmt"/>
          <line num="316" count="3690" type="stmt"/>
          <line num="317" count="3690" type="stmt"/>
          <line num="319" count="3690" type="stmt"/>
          <line num="320" count="3690" type="stmt"/>
          <line num="324" count="312" type="cond" truecount="2" falsecount="0"/>
          <line num="325" count="174" type="stmt"/>
          <line num="328" count="312" type="stmt"/>
          <line num="332" count="448" type="stmt"/>
          <line num="333" count="448" type="cond" truecount="2" falsecount="0"/>
          <line num="334" count="448" type="stmt"/>
          <line num="336" count="448" type="cond" truecount="4" falsecount="0"/>
          <line num="339" count="448" type="cond" truecount="7" falsecount="0"/>
          <line num="340" count="2" type="stmt"/>
          <line num="341" count="446" type="cond" truecount="5" falsecount="0"/>
          <line num="342" count="356" type="stmt"/>
          <line num="344" count="90" type="stmt"/>
          <line num="349" count="1537" type="cond" truecount="4" falsecount="0"/>
          <line num="350" count="1014" type="stmt"/>
          <line num="352" count="523" type="stmt"/>
          <line num="362" count="235" type="stmt"/>
          <line num="366" count="74" type="stmt"/>
          <line num="370" count="44" type="stmt"/>
          <line num="371" count="15" type="cond" truecount="2" falsecount="0"/>
          <line num="372" count="15" type="cond" truecount="2" falsecount="0"/>
          <line num="373" count="15" type="cond" truecount="1" falsecount="1"/>
          <line num="374" count="180" type="stmt"/>
          <line num="376" count="15" type="stmt"/>
          <line num="381" count="33" type="stmt"/>
          <line num="382" count="5" type="cond" truecount="1" falsecount="1"/>
          <line num="385" count="5" type="cond" truecount="1" falsecount="1"/>
          <line num="386" count="5" type="cond" truecount="1" falsecount="1"/>
          <line num="387" count="5" type="stmt"/>
          <line num="388" count="35" type="stmt"/>
          <line num="391" count="5" type="stmt"/>
          <line num="396" count="8" type="stmt"/>
          <line num="400" count="7" type="stmt"/>
          <line num="404" count="1" type="cond" truecount="1" falsecount="1"/>
          <line num="405" count="1" type="stmt"/>
          <line num="406" count="1" type="stmt"/>
          <line num="407" count="2" type="stmt"/>
          <line num="411" count="1" type="stmt"/>
          <line num="417" count="11" type="stmt"/>
          <line num="418" count="2" type="stmt"/>
          <line num="422" count="2" type="cond" truecount="1" falsecount="1"/>
[...]
          <line num="18" count="220" type="stmt"/>
          <line num="22" count="42" type="cond" truecount="2" falsecount="0"/>
          <line num="23" count="2" type="stmt"/>
          <line num="25" count="40" type="stmt"/>
          <line num="28" count="110" type="stmt"/>
          <line num="34" count="9" type="stmt"/>
          <line num="38" count="10" type="stmt"/>
          <line num="42" count="659" type="stmt"/>
          <line num="43" count="659" type="stmt"/>
          <line num="44" count="659" type="stmt"/>
          <line num="45" count="659" type="stmt"/>
          <line num="46" count="659" type="stmt"/>
          <line num="47" count="659" type="stmt"/>
          <line num="48" count="659" type="stmt"/>
          <line num="49" count="659" type="stmt"/>
          <line num="50" count="659" type="stmt"/>
          <line num="51" count="659" type="cond" truecount="2" falsecount="0"/>
          <line num="52" count="1" type="stmt"/>
          <line num="54" count="658" type="cond" truecount="46" falsecount="0"/>
          <line num="57" count="2" type="stmt"/>
          <line num="59" count="1" type="stmt"/>
          <line num="62" count="9" type="stmt"/>
          <line num="64" count="4" type="stmt"/>
          <line num="66" count="69" type="stmt"/>
          <line num="68" count="5" type="stmt"/>
          <line num="70" count="4" type="stmt"/>
          <line num="73" count="3" type="stmt"/>
          <line num="75" count="32" type="stmt"/>
          <line num="77" count="2" type="stmt"/>
          <line num="79" count="4" type="stmt"/>
          <line num="81" count="1" type="stmt"/>
          <line num="83" count="8" type="stmt"/>
          <line num="85" count="6" type="stmt"/>
          <line num="87" count="6" type="stmt"/>
          <line num="90" count="2" type="stmt"/>
          <line num="92" count="59" type="stmt"/>
          <line num="95" count="2" type="stmt"/>
          <line num="97" count="4" type="stmt"/>
          <line num="100" count="24" type="stmt"/>
          <line num="102" count="4" type="stmt"/>
          <line num="104" count="2" type="stmt"/>
          <line num="106" count="6" type="stmt"/>
          <line num="108" count="22" type="stmt"/>
          <line num="110" count="2" type="stmt"/>
          <line num="112" count="2" type="stmt"/>
          <line num="114" count="17" type="stmt"/>
          <line num="116" count="9" type="stmt"/>
          <line num="118" count="22" type="stmt"/>
          <line num="120" count="7" type="stmt"/>
          <line num="123" count="4" type="stmt"/>
          <line num="126" count="2" type="stmt"/>
          <line num="128" count="1" type="stmt"/>
          <line num="131" count="1" type="stmt"/>
          <line num="133" count="3" type="stmt"/>
          <line num="137" count="7" type="stmt"/>
          <line num="139" count="6" type="stmt"/>
          <line num="141" count="9" type="stmt"/>
          <line num="143" count="1" type="stmt"/>
          <line num="145" count="1" type="stmt"/>
          <line num="149" count="7" type="stmt"/>
          <line num="151" count="2" type="stmt"/>
          <line num="155" count="3" type="stmt"/>
          <line num="157" count="271" type="stmt"/>
          <line num="161" count="659" type="cond" truecount="2" falsecount="0"/>
          <line num="165" count="659" type="stmt"/>
          <line num="167" count="659" type="stmt"/>
          <line num="171" count="647" type="stmt"/>
          <line num="172" count="131" type="stmt"/>
          <line num="176" count="131" type="stmt"/>
          <line num="178" count="131" type="cond" truecount="2" falsecount="0"/>
          <line num="179" count="116" type="stmt"/>
          <line num="180" count="116" type="stmt"/>
          <line num="181" count="116" type="stmt"/>
          <line num="182" count="607" type="cond" truecount="1" falsecount="1"/>
          <line num="183" count="607" type="stmt"/>
          <line num="184" count="607" type="cond" truecount="2" falsecount="0"/>
          <line num="185" count="607" type="cond" truecount="4" falsecount="0"/>
          <line num="186" count="356" type="stmt"/>
          <line num="188" count="607" type="stmt"/>
          <line num="191" count="116" type="stmt"/>
          <line num="193" count="15" type="stmt"/>
          <line num="198" count="131" type="stmt"/>
          <line num="199" count="363" type="cond" truecount="15" falsecount="0"/>
          <line num="201" count="34" type="stmt"/>
          <line num="203" count="19" type="stmt"/>
          <line num="205" count="24" type="stmt"/>
          <line num="208" count="36" type="stmt"/>
          <line num="210" count="55" type="stmt"/>
          <line num="212" count="6" type="stmt"/>
          <line num="215" count="56" type="stmt"/>
          <line num="217" count="79" type="stmt"/>
          <line num="220" count="21" type="stmt"/>
          <line num="222" count="4" type="stmt"/>
          <line num="224" count="3" type="stmt"/>
          <line num="226" count="26" type="stmt"/>
          <line num="231" count="131" type="cond" truecount="2" falsecount="0"/>
          <line num="232" count="9" type="stmt"/>
          <line num="233" count="122" type="cond" truecount="2" falsecount="0"/>
          <line num="234" count="3" type="stmt"/>
          <line num="236" count="119" type="stmt"/>
          <line num="239" count="131" type="cond" truecount="2" falsecount="0"/>
          <line num="240" count="8" type="cond" truecount="4" falsecount="0"/>
          <line num="241" count="1" type="stmt"/>
          <line num="242" count="7" type="cond" truecount="4" falsecount="0"/>
          <line num="243" count="1" type="stmt"/>
          <line num="247" count="131" type="cond" truecount="4" falsecount="0"/>
          <line num="248" count="2" type="stmt"/>
          <line num="251" count="131" type="cond" truecount="2" falsecount="0"/>
          <line num="252" count="7" type="stmt"/>
          <line num="255" count="131" type="stmt"/>
          <line num="256" count="363" type="stmt"/>
          <line num="257" count="363" type="cond" truecount="2" falsecount="0"/>
          <line num="258" count="337" type="stmt"/>
          <line num="261" count="363" type="stmt"/>
          <line num="264" count="131" type="stmt"/>
          <line num="272" count="133" type="stmt"/>
          <line num="273" count="659" type="stmt"/>
          <line num="274" count="649" type="stmt"/>
          <line num="276" count="133" type="cond" truecount="2" falsecount="0"/>
          <line num="277" count="2" type="stmt"/>
          <line num="279" count="131" type="stmt"/>
          <line num="280" count="131" type="stmt"/>
          <line num="281" count="131" type="stmt"/>
          <line num="282" count="131" type="cond" truecount="1" falsecount="1"/>
          <line num="284" count="131" type="stmt"/>
          <line num="289" count="128" type="stmt"/>
          <line num="290" count="128" type="stmt"/>
        </file>
        <file name="util.js" path="/mnt/c/Users/icambron/code/luxon/src/impl/util.js">
          <metrics statements="83" coveredstatements="82" conditionals="71" coveredconditionals="66" methods="28" coveredmethods="28"/>
          <line num="14" count="44440" type="stmt"/>
          <line num="18" count="14969" type="stmt"/>
          <line num="22" count="99" type="stmt"/>
          <line num="26" count="32" type="stmt"/>
          <line num="32" count="4730" type="cond" truecount="2" falsecount="0"/>
          <line num="36" count="678" type="stmt"/>
          <line num="40" count="14" type="cond" truecount="2" falsecount="0"/>
          <line num="46" count="167" type="cond" truecount="2" falsecount="0"/>
          <line num="50" count="8" type="cond" truecount="2" falsecount="0"/>
          <line num="51" count="2" type="stmt"/>
          <line num="53" count="6" type="stmt"/>
          <line num="54" count="14" type="stmt"/>
          <line num="55" count="14" type="cond" truecount="2" falsecount="0"/>
          <line num="56" count="6" type="stmt"/>
          <line num="57" count="8" type="cond" truecount="2" falsecount="0"/>
          <line num="58" count="5" type="stmt"/>
          <line num="60" count="3" type="stmt"/>
          <line num="66" count="219" type="stmt"/>
          <line num="67" count="1026" type="stmt"/>
          <line num="68" count="1026" type="stmt"/>
          <line num="75" count="6579" type="cond" truecount="3" falsecount="0"/>
          <line num="80" count="2603" type="stmt"/>
          <line num="84" count="669" type="cond" truecount="2" falsecount="0"/>
          <line num="85" count="284" type="stmt"/>
          <line num="87" count="385" type="stmt"/>
          <line num="92" count="173" type="cond" truecount="2" falsecount="0"/>
          <line num="93" count="133" type="stmt"/>
          <line num="95" count="40" type="stmt"/>
          <line num="96" count="40" type="stmt"/>
          <line num="101" count="261" type="stmt"/>
          <line num="102" count="261" type="cond" truecount="2" falsecount="0"/>
          <line num="103" count="261" type="stmt"/>
          <line num="109" count="411" type="cond" truecount="2" falsecount="1"/>
          <line num="113" count="58" type="cond" truecount="2" falsecount="0"/>
          <line num="117" count="2603" type="stmt"/>
          <line num="118" count="2603" type="stmt"/>
          <line num="120" count="2603" type="cond" truecount="2" falsecount="0"/>
          <line num="121" count="155" type="cond" truecount="2" falsecount="0"/>
          <line num="123" count="2448" type="stmt"/>
          <line num="128" count="3166" type="stmt"/>
          <line num="139" count="3166" type="cond" truecount="4" falsecount="0"/>
          <line num="140" count="14" type="stmt"/>
          <line num="141" count="14" type="stmt"/>
          <line num="143" count="3166" type="stmt"/>
          <line num="148" count="150" type="stmt"/>
          <line num="153" count="150" type="stmt"/>
          <line num="154" count="150" type="stmt"/>
          <line num="155" count="150" type="cond" truecount="4" falsecount="0"/>
          <line num="159" count="7" type="cond" truecount="2" falsecount="0"/>
          <line num="160" count="1" type="stmt"/>
          <line num="161" count="6" type="cond" truecount="2" falsecount="0"/>
          <line num="167" count="7" type="stmt"/>
          <line num="168" count="7" type="stmt"/>
          <line num="177" count="7" type="cond" truecount="2" falsecount="0"/>
          <line num="178" count="5" type="stmt"/>
          <line num="181" count="7" type="stmt"/>
          <line num="182" count="7" type="stmt"/>
          <line num="184" count="7" type="cond" truecount="4" falsecount="0"/>
          <line num="185" count="6" type="stmt"/>
          <line num="187" count="66" type="stmt"/>
          <line num="188" count="6" type="cond" truecount="1" falsecount="1"/>
          <line num="189" count="1" type="cond" truecount="1" falsecount="1"/>
          <line num="191" count="1" type="stmt"/>
          <line num="192" count="1" type="stmt"/>
          <line num="193" count="1" type="stmt"/>
          <line num="194" count="1" type="stmt"/>
          <line num="195" count="1" type="stmt"/>
          <line num="197" count="0" type="stmt"/>
          <line num="203" count="171" type="cond" truecount="2" falsecount="0"/>
          <line num="204" count="171" type="cond" truecount="2" falsecount="0"/>
          <line num="205" count="171" type="cond" truecount="2" falsecount="0"/>
          <line num="206" count="171" type="stmt"/>
          <line num="212" count="3482" type="stmt"/>
          <line num="213" count="3482" type="stmt"/>
          <line num="214" count="10970" type="cond" truecount="1" falsecount="1"/>
          <line num="215" count="10970" type="stmt"/>
          <line num="216" count="10970" type="cond" truecount="5" falsecount="0"/>
          <line num="217" count="10316" type="stmt"/>
          <line num="218" count="10315" type="cond" truecount="2" falsecount="0"/>
          <line num="219" count="9964" type="stmt"/>
          <line num="224" count="3481" type="stmt"/>
          <line num="228" count="194" type="stmt"/>
          <line num="231" count="49" type="stmt"/>
        </file>
        <file name="zoneUtil.js" path="/mnt/c/Users/icambron/code/luxon/src/impl/zoneUtil.js">
          <metrics statements="17" coveredstatements="14" conditionals="27" coveredconditionals="20" methods="1" coveredmethods="1"/>
          <line num="15" count="1399" type="cond" truecount="4" falsecount="0"/>
          <line num="16" count="1062" type="stmt"/>
          <line num="17" count="337" type="cond" truecount="2" falsecount="0"/>
          <line num="18" count="238" type="stmt"/>
          <line num="19" count="99" type="cond" truecount="2" falsecount="0"/>
          <line num="20" count="96" type="stmt"/>
          <line num="21" count="96" type="cond" truecount="2" falsecount="0"/>
          <line num="22" count="94" type="cond" truecount="4" falsecount="0"/>
          <line num="23" count="80" type="cond" truecount="2" falsecount="0"/>
          <line num="25" count="5" type="stmt"/>
          <line num="26" count="75" type="cond" truecount="2" falsecount="0"/>
          <line num="27" count="7" type="cond" truecount="1" falsecount="1"/>
          <line num="28" count="3" type="cond" truecount="1" falsecount="1"/>
          <line num="29" count="3" type="stmt"/>
          <line num="30" count="0" type="cond" truecount="0" falsecount="5"/>
          <line num="33" count="0" type="stmt"/>
          <line num="35" count="0" type="stmt"/>
        </file>
      </package>
      <package name="src.zones">
        <metrics statements="90" coveredstatements="82" conditionals="34" coveredconditionals="31" methods="42" coveredmethods="35"/>
        <file name="IANAZone.js" path="/mnt/c/Users/icambron/code/luxon/src/zones/IANAZone.js">
          <metrics statements="44" coveredstatements="44" conditionals="14" coveredconditionals="13" methods="14" coveredmethods="14"/>
          <line num="4" count="48" type="stmt"/>
          <line num="6" count="48" type="stmt"/>
          <line num="8" count="393" type="cond" truecount="2" falsecount="0"/>
          <line num="9" count="23" type="stmt"/>
          <line num="20" count="393" type="stmt"/>
          <line num="23" count="48" type="stmt"/>
          <line num="33" count="7" type="stmt"/>
          <line num="34" count="7" type="stmt"/>
          <line num="35" count="7" type="stmt"/>
          <line num="36" count="7" type="stmt"/>
          <line num="40" count="386" type="stmt"/>
          <line num="41" count="386" type="stmt"/>
          <line num="42" count="386" type="stmt"/>
          <line num="43" count="4246" type="stmt"/>
          <line num="44" count="4246" type="stmt"/>
          <line num="46" count="4246" type="cond" truecount="2" falsecount="0"/>
          <line num="47" count="2316" type="stmt"/>
          <line num="50" count="386" type="stmt"/>
          <line num="55" count="81" type="cond" truecount="2" falsecount="0"/>
          <line num="59" count="81" type="stmt"/>
          <line num="60" count="81" type="stmt"/>
          <line num="61" count="68" type="stmt"/>
          <line num="63" count="13" type="stmt"/>
          <line num="69" count="80" type="cond" truecount="1" falsecount="1"/>
          <line num="70" count="80" type="stmt"/>
          <line num="71" count="80" type="cond" truecount="2" falsecount="0"/>
          <line num="72" count="5" type="stmt"/>
          <line num="75" count="75" type="stmt"/>
          <line num="79" count="75" type="stmt"/>
          <line num="80" count="75" type="stmt"/>
          <line num="81" count="75" type="stmt"/>
          <line num="85" count="75" type="stmt"/>
          <line num="89" count="48" type="stmt"/>
          <line num="93" count="39" type="stmt"/>
          <line num="97" count="5" type="stmt"/>
          <line num="101" count="393" type="stmt"/>
          <line num="102" count="393" type="stmt"/>
          <line num="103" count="393" type="cond" truecount="2" falsecount="0"/>
          <line num="106" count="393" type="stmt"/>
          <line num="107" count="393" type="stmt"/>
          <line num="108" count="393" type="stmt"/>
          <line num="109" count="393" type="stmt"/>
          <line num="113" count="57" type="cond" truecount="2" falsecount="0"/>
          <line num="117" count="184" type="stmt"/>
        </file>
        <file name="fixedOffsetZone.js" path="/mnt/c/Users/icambron/code/luxon/src/zones/fixedOffsetZone.js">
          <metrics statements="24" coveredstatements="23" conditionals="16" coveredconditionals="14" methods="12" coveredmethods="12"/>
          <line num="4" count="48" type="stmt"/>
          <line num="7" count="14" type="stmt"/>
          <line num="8" count="14" type="stmt"/>
          <line num="9" count="14" type="cond" truecount="2" falsecount="0"/>
          <line num="10" count="14" type="stmt"/>
          <line num="11" count="14" type="cond" truecount="2" falsecount="0"/>
          <line num="16" count="433" type="cond" truecount="2" falsecount="0"/>
          <line num="17" count="18" type="stmt"/>
          <line num="19" count="433" type="stmt"/>
          <line num="23" count="212" type="cond" truecount="2" falsecount="0"/>
          <line num="27" count="7" type="cond" truecount="1" falsecount="1"/>
          <line num="28" count="7" type="stmt"/>
          <line num="29" count="7" type="cond" truecount="1" falsecount="1"/>
          <line num="30" count="7" type="stmt"/>
          <line num="33" count="0" type="stmt"/>
          <line num="37" count="83" type="stmt"/>
          <line num="38" count="83" type="stmt"/>
          <line num="42" count="302" type="stmt"/>
          <line num="46" count="28" type="cond" truecount="2" falsecount="0"/>
          <line num="50" count="12" type="stmt"/>
          <line num="54" count="347" type="stmt"/>
          <line num="58" count="2440" type="stmt"/>
          <line num="62" count="409" type="cond" truecount="2" falsecount="0"/>
          <line num="66" count="956" type="stmt"/>
        </file>
        <file name="invalidZone.js" path="/mnt/c/Users/icambron/code/luxon/src/zones/invalidZone.js">
          <metrics statements="9" coveredstatements="2" conditionals="0" coveredconditionals="0" methods="8" coveredmethods="1"/>
          <line num="5" count="1" type="stmt"/>
          <line num="6" count="1" type="stmt"/>
          <line num="10" count="0" type="stmt"/>
          <line num="14" count="0" type="stmt"/>
          <line num="18" count="0" type="stmt"/>
          <line num="22" count="0" type="stmt"/>
          <line num="26" count="0" type="stmt"/>
          <line num="30" count="0" type="stmt"/>
          <line num="34" count="0" type="stmt"/>
        </file>
        <file name="localZone.js" path="/mnt/c/Users/icambron/code/luxon/src/zones/localZone.js">
          <metrics statements="13" coveredstatements="13" conditionals="4" coveredconditionals="4" methods="8" coveredmethods="8"/>
          <line num="4" count="48" type="stmt"/>
          <line num="8" count="1610" type="cond" truecount="2" falsecount="0"/>
          <line num="9" count="32" type="stmt"/>
          <line num="11" count="1610" type="stmt"/>
          <line num="15" count="1047" type="stmt"/>
          <line num="19" count="6" type="cond" truecount="2" falsecount="0"/>
          <line num="20" count="5" type="stmt"/>
          <line num="21" count="1" type="stmt"/>
          <line num="25" count="50" type="stmt"/>
          <line num="29" count="2" type="stmt"/>
          <line num="33" count="7778" type="stmt"/>
          <line num="37" count="900" type="stmt"/>
          <line num="41" count="3174" type="stmt"/>
        </file>
      </package>
    </metrics>
  </project>
</coverage>
