<?xml version="1.0" encoding="UTF-8"?>
<coverage generated="1640141588649" clover="3.2.0">
  <project timestamp="1640141588650" name="All files">
    <metrics statements="1849" coveredstatements="1763" conditionals="1585" coveredconditionals="1487" methods="514" coveredmethods="488" elements="3948" coveredelements="3738" complexity="0" loc="1849" ncloc="1849" packages="3" files="23" classes="23"/>
    <package name="src">
      <metrics statements="804" coveredstatements="785" conditionals="831" coveredconditionals="822" methods="263" coveredmethods="245"/>
      <file name="datetime.js" path="/home/isaac/code/luxon/src/datetime.js">
        <metrics statements="419" coveredstatements="400" conditionals="424" coveredconditionals="423" methods="133" coveredmethods="115"/>
        <line num="45" count="54" type="stmt"/>
        <line num="46" count="54" type="stmt"/>
        <line num="49" count="8" type="stmt"/>
        <line num="54" count="139" type="cond" truecount="2" falsecount="0"/>
        <line num="55" count="83" type="stmt"/>
        <line num="57" count="139" type="stmt"/>
        <line num="63" count="2422" type="stmt"/>
        <line num="71" count="2422" type="stmt"/>
        <line num="78" count="3865" type="stmt"/>
        <line num="81" count="3865" type="stmt"/>
        <line num="84" count="3865" type="cond" truecount="2" falsecount="0"/>
        <line num="85" count="3024" type="stmt"/>
        <line num="89" count="841" type="stmt"/>
        <line num="92" count="841" type="stmt"/>
        <line num="93" count="841" type="cond" truecount="2" falsecount="0"/>
        <line num="94" count="835" type="stmt"/>
        <line num="98" count="6" type="stmt"/>
        <line num="103" count="4532" type="stmt"/>
        <line num="105" count="4532" type="stmt"/>
        <line num="107" count="4532" type="stmt"/>
        <line num="120" count="3115" type="stmt"/>
        <line num="125" count="750" type="stmt"/>
        <line num="126" count="750" type="stmt"/>
        <line num="127" count="750" type="stmt"/>
        <line num="128" count="750" type="stmt"/>
        <line num="137" count="750" type="stmt"/>
        <line num="148" count="750" type="stmt"/>
        <line num="150" count="750" type="stmt"/>
        <line num="152" count="750" type="cond" truecount="2" falsecount="0"/>
        <line num="153" count="239" type="stmt"/>
        <line num="155" count="239" type="stmt"/>
        <line num="158" count="750" type="stmt"/>
        <line num="164" count="467" type="stmt"/>
        <line num="165" count="467" type="cond" truecount="4" falsecount="0"/>
        <line num="166" count="405" type="cond" truecount="2" falsecount="0"/>
        <line num="167" count="405" type="stmt"/>
        <line num="172" count="403" type="cond" truecount="2" falsecount="0"/>
        <line num="174" count="62" type="stmt"/>
        <line num="183" count="139" type="cond" truecount="2" falsecount="0"/>
        <line num="205" count="72" type="cond" truecount="2" falsecount="0"/>
        <line num="207" count="72" type="cond" truecount="5" falsecount="0"/>
        <line num="208" count="65" type="cond" truecount="2" falsecount="0"/>
        <line num="209" count="65" type="cond" truecount="4" falsecount="0"/>
        <line num="210" count="59" type="stmt"/>
        <line num="214" count="72" type="cond" truecount="5" falsecount="0"/>
        <line num="215" count="9" type="stmt"/>
        <line num="218" count="72" type="cond" truecount="2" falsecount="0"/>
        <line num="219" count="4" type="stmt"/>
        <line num="220" count="68" type="cond" truecount="2" falsecount="0"/>
        <line num="221" count="62" type="cond" truecount="2" falsecount="0"/>
        <line num="224" count="72" type="stmt"/>
        <line num="226" count="72" type="cond" truecount="2" falsecount="0"/>
        <line num="227" count="2" type="stmt"/>
        <line num="230" count="72" type="stmt"/>
        <line num="234" count="54" type="stmt"/>
        <line num="242" count="54" type="stmt"/>
        <line num="250" count="54" type="stmt"/>
        <line num="259" count="54" type="stmt"/>
        <line num="260" count="54" type="stmt"/>
        <line num="269" count="54" type="stmt"/>
        <line num="273" count="7516" type="stmt"/>
        <line num="300" count="7516" type="cond" truecount="2" falsecount="0"/>
        <line num="302" count="7511" type="stmt"/>
        <line num="313" count="746" type="stmt"/>
        <line num="314" count="746" type="stmt"/>
        <line num="315" count="746" type="stmt"/>
        <line num="320" count="746" type="cond" truecount="2" falsecount="0"/>
        <line num="321" count="722" type="stmt"/>
        <line num="322" count="5054" type="cond" truecount="2" falsecount="0"/>
        <line num="323" count="2762" type="stmt"/>
        <line num="327" count="722" type="cond" truecount="2" falsecount="0"/>
        <line num="328" count="722" type="cond" truecount="2" falsecount="0"/>
        <line num="329" count="2" type="stmt"/>
        <line num="332" count="720" type="stmt"/>
        <line num="333" count="720" type="stmt"/>
        <line num="335" count="24" type="stmt"/>
        <line num="338" count="744" type="stmt"/>
        <line num="342" count="73" type="cond" truecount="2" falsecount="0"/>
        <line num="343" count="73" type="stmt"/>
        <line num="344" count="73" type="cond" truecount="4" falsecount="0"/>
        <line num="345" count="73" type="stmt"/>
        <line num="346" count="73" type="stmt"/>
        <line num="348" count="73" type="stmt"/>
        <line num="349" count="181" type="cond" truecount="2" falsecount="0"/>
        <line num="350" count="53" type="cond" truecount="2" falsecount="0"/>
        <line num="351" count="18" type="stmt"/>
        <line num="352" count="35" type="stmt"/>
        <line num="354" count="128" type="stmt"/>
        <line num="358" count="73" type="cond" truecount="2" falsecount="0"/>
        <line num="359" count="13" type="stmt"/>
        <line num="362" count="60" type="stmt"/>
        <line num="363" count="168" type="stmt"/>
        <line num="364" count="168" type="cond" truecount="2" falsecount="0"/>
        <line num="365" count="52" type="stmt"/>
        <line num="368" count="8" type="cond" truecount="2" falsecount="0"/>
        <line num="372" count="746" type="stmt"/>
        <line num="374" count="746" type="cond" truecount="4" falsecount="0"/>
        <line num="375" count="19" type="stmt"/>
        <line num="376" count="19" type="stmt"/>
        <line num="378" count="727" type="stmt"/>
        <line num="380" count="746" type="stmt"/>
        <line num="408" count="4395" type="cond" truecount="2" falsecount="0"/>
        <line num="411" count="4395" type="cond" truecount="3" falsecount="0"/>
        <line num="417" count="4395" type="cond" truecount="2" falsecount="0"/>
        <line num="419" count="4395" type="stmt"/>
        <line num="420" count="4395" type="stmt"/>
        <line num="421" count="4395" type="cond" truecount="2" falsecount="0"/>
        <line num="422" count="4259" type="cond" truecount="3" falsecount="0"/>
        <line num="424" count="4259" type="cond" truecount="2" falsecount="0"/>
        <line num="425" count="726" type="stmt"/>
        <line num="427" count="3533" type="stmt"/>
        <line num="428" count="3533" type="stmt"/>
        <line num="429" count="3533" type="cond" truecount="2" falsecount="0"/>
        <line num="430" count="3533" type="cond" truecount="2" falsecount="0"/>
        <line num="431" count="3533" type="cond" truecount="2" falsecount="0"/>
        <line num="438" count="4395" type="stmt"/>
        <line num="442" count="4395" type="cond" truecount="2" falsecount="0"/>
        <line num="446" count="4395" type="stmt"/>
        <line num="450" count="4395" type="stmt"/>
        <line num="454" count="4395" type="stmt"/>
        <line num="458" count="4395" type="stmt"/>
        <line num="462" count="4395" type="stmt"/>
        <line num="475" count="51" type="stmt"/>
        <line num="500" count="65" type="stmt"/>
        <line num="501" count="65" type="stmt"/>
        <line num="502" count="65" type="stmt"/>
        <line num="530" count="681" type="stmt"/>
        <line num="531" count="681" type="stmt"/>
        <line num="533" count="681" type="stmt"/>
        <line num="534" count="681" type="stmt"/>
        <line num="545" count="44" type="cond" truecount="2" falsecount="0"/>
        <line num="546" count="44" type="cond" truecount="2" falsecount="0"/>
        <line num="547" count="7" type="stmt"/>
        <line num="550" count="37" type="stmt"/>
        <line num="551" count="37" type="cond" truecount="2" falsecount="0"/>
        <line num="552" count="2" type="stmt"/>
        <line num="555" count="35" type="stmt"/>
        <line num="573" count="27" type="cond" truecount="2" falsecount="0"/>
        <line num="574" count="1" type="stmt"/>
        <line num="577" count="26" type="cond" truecount="4" falsecount="0"/>
        <line num="579" count="2" type="stmt"/>
        <line num="581" count="24" type="stmt"/>
        <line num="600" count="5" type="cond" truecount="2" falsecount="0"/>
        <line num="601" count="1" type="stmt"/>
        <line num="603" count="4" type="stmt"/>
        <line num="640" count="1010" type="cond" truecount="2" falsecount="0"/>
        <line num="641" count="1010" type="stmt"/>
        <line num="642" count="1010" type="cond" truecount="2" falsecount="0"/>
        <line num="643" count="1" type="stmt"/>
        <line num="646" count="1009" type="stmt"/>
        <line num="647" count="1009" type="cond" truecount="2" falsecount="0"/>
        <line num="650" count="1009" type="stmt"/>
        <line num="651" count="1001" type="stmt"/>
        <line num="652" count="1001" type="stmt"/>
        <line num="653" count="1001" type="cond" truecount="2" falsecount="0"/>
        <line num="654" count="1001" type="cond" truecount="2" falsecount="0"/>
        <line num="655" count="1001" type="cond" truecount="2" falsecount="0"/>
        <line num="656" count="1001" type="stmt"/>
        <line num="664" count="1001" type="cond" truecount="5" falsecount="0"/>
        <line num="665" count="1" type="stmt"/>
        <line num="670" count="1000" type="cond" truecount="4" falsecount="0"/>
        <line num="671" count="1" type="stmt"/>
        <line num="674" count="999" type="cond" truecount="3" falsecount="0"/>
        <line num="679" count="999" type="stmt"/>
        <line num="680" count="999" type="cond" truecount="2" falsecount="0"/>
        <line num="681" count="29" type="stmt"/>
        <line num="682" count="29" type="stmt"/>
        <line num="683" count="29" type="stmt"/>
        <line num="684" count="970" type="cond" truecount="2" falsecount="0"/>
        <line num="685" count="12" type="stmt"/>
        <line num="686" count="12" type="stmt"/>
        <line num="687" count="12" type="stmt"/>
        <line num="689" count="958" type="stmt"/>
        <line num="690" count="958" type="stmt"/>
        <line num="694" count="999" type="stmt"/>
        <line num="695" count="999" type="stmt"/>
        <line num="696" count="6981" type="stmt"/>
        <line num="697" count="6981" type="cond" truecount="2" falsecount="0"/>
        <line num="698" count="3770" type="stmt"/>
        <line num="699" count="3211" type="cond" truecount="2" falsecount="0"/>
        <line num="700" count="2759" type="stmt"/>
        <line num="702" count="452" type="stmt"/>
        <line num="707" count="999" type="cond" truecount="2" falsecount="0"/>
        <line num="712" count="999" type="cond" truecount="2" falsecount="0"/>
        <line num="714" count="999" type="cond" truecount="2" falsecount="0"/>
        <line num="715" count="15" type="stmt"/>
        <line num="719" count="984" type="cond" truecount="2" falsecount="0"/>
        <line num="724" count="984" type="stmt"/>
        <line num="725" count="984" type="stmt"/>
        <line num="733" count="984" type="cond" truecount="5" falsecount="0"/>
        <line num="734" count="11" type="stmt"/>
        <line num="740" count="973" type="stmt"/>
        <line num="760" count="202" type="stmt"/>
        <line num="761" count="202" type="stmt"/>
        <line num="779" count="23" type="stmt"/>
        <line num="780" count="23" type="stmt"/>
        <line num="799" count="7" type="stmt"/>
        <line num="800" count="7" type="stmt"/>
        <line num="817" count="224" type="cond" truecount="4" falsecount="0"/>
        <line num="818" count="1" type="stmt"/>
        <line num="821" count="223" type="cond" truecount="2" falsecount="0"/>
        <line num="822" count="223" type="stmt"/>
        <line num="827" count="223" type="stmt"/>
        <line num="828" count="222" type="cond" truecount="1" falsecount="1"/>
        <line num="829" count="0" type="stmt"/>
        <line num="831" count="222" type="stmt"/>
        <line num="839" count="1" type="stmt"/>
        <line num="863" count="13" type="stmt"/>
        <line num="864" count="13" type="stmt"/>
        <line num="874" count="140" type="cond" truecount="2" falsecount="0"/>
        <line num="875" count="1" type="stmt"/>
        <line num="878" count="139" type="cond" truecount="2" falsecount="0"/>
        <line num="880" count="139" type="cond" truecount="2" falsecount="0"/>
        <line num="881" count="8" type="stmt"/>
        <line num="883" count="131" type="stmt"/>
        <line num="893" count="760" type="cond" truecount="3" falsecount="0"/>
        <line num="906" count="4" type="stmt"/>
        <line num="916" count="17133" type="stmt"/>
        <line num="924" count="7" type="cond" truecount="2" falsecount="0"/>
        <line num="932" count="5" type="cond" truecount="2" falsecount="0"/>
        <line num="941" count="261" type="cond" truecount="2" falsecount="0"/>
        <line num="950" count="238" type="cond" truecount="2" falsecount="0"/>
        <line num="959" count="31" type="cond" truecount="2" falsecount="0"/>
        <line num="967" count="6965" type="stmt"/>
        <line num="975" count="60" type="cond" truecount="2" falsecount="0"/>
        <line num="984" count="551" type="cond" truecount="2" falsecount="0"/>
        <line num="993" count="12" type="cond" truecount="2" falsecount="0"/>
        <line num="1002" count="397" type="cond" truecount="2" falsecount="0"/>
        <line num="1011" count="285" type="cond" truecount="2" falsecount="0"/>
        <line num="1020" count="315" type="cond" truecount="2" falsecount="0"/>
        <line num="1029" count="249" type="cond" truecount="2" falsecount="0"/>
        <line num="1038" count="225" type="cond" truecount="2" falsecount="0"/>
        <line num="1047" count="199" type="cond" truecount="2" falsecount="0"/>
        <line num="1057" count="29" type="cond" truecount="2" falsecount="0"/>
        <line num="1067" count="28" type="cond" truecount="2" falsecount="0"/>
        <line num="1078" count="88" type="cond" truecount="2" falsecount="0"/>
        <line num="1087" count="17" type="cond" truecount="2" falsecount="0"/>
        <line num="1097" count="5" type="cond" truecount="2" falsecount="0"/>
        <line num="1107" count="5" type="cond" truecount="2" falsecount="0"/>
        <line num="1117" count="4" type="cond" truecount="2" falsecount="0"/>
        <line num="1127" count="4" type="cond" truecount="2" falsecount="0"/>
        <line num="1137" count="2367" type="cond" truecount="2" falsecount="0"/>
        <line num="1146" count="9" type="cond" truecount="2" falsecount="0"/>
        <line num="1147" count="7" type="stmt"/>
        <line num="1152" count="2" type="stmt"/>
        <line num="1162" count="9" type="cond" truecount="2" falsecount="0"/>
        <line num="1163" count="7" type="stmt"/>
        <line num="1168" count="2" type="stmt"/>
        <line num="1177" count="100" type="cond" truecount="2" falsecount="0"/>
        <line num="1185" count="8" type="cond" truecount="2" falsecount="0"/>
        <line num="1186" count="2" type="stmt"/>
        <line num="1188" count="6" type="stmt"/>
        <line num="1201" count="4" type="stmt"/>
        <line num="1211" count="6" type="stmt"/>
        <line num="1221" count="4" type="cond" truecount="2" falsecount="0"/>
        <line num="1232" count="5" type="cond" truecount="2" falsecount="0"/>
        <line num="1242" count="3" type="stmt"/>
        <line num="1246" count="3" type="stmt"/>
        <line num="1260" count="218" type="stmt"/>
        <line num="1270" count="2" type="stmt"/>
        <line num="1283" count="734" type="stmt"/>
        <line num="1284" count="734" type="cond" truecount="2" falsecount="0"/>
        <line num="1285" count="431" type="stmt"/>
        <line num="1286" count="303" type="cond" truecount="2" falsecount="0"/>
        <line num="1287" count="4" type="stmt"/>
        <line num="1289" count="299" type="stmt"/>
        <line num="1290" count="299" type="cond" truecount="4" falsecount="0"/>
        <line num="1291" count="145" type="stmt"/>
        <line num="1292" count="145" type="stmt"/>
        <line num="1293" count="145" type="stmt"/>
        <line num="1295" count="299" type="stmt"/>
        <line num="1306" count="107" type="stmt"/>
        <line num="1307" count="107" type="stmt"/>
        <line num="1317" count="15" type="stmt"/>
        <line num="1331" count="1280" type="cond" truecount="2" falsecount="0"/>
        <line num="1333" count="1273" type="stmt"/>
        <line num="1335" count="1269" type="cond" truecount="3" falsecount="0"/>
        <line num="1338" count="1269" type="stmt"/>
        <line num="1339" count="1269" type="stmt"/>
        <line num="1340" count="1269" type="cond" truecount="2" falsecount="0"/>
        <line num="1341" count="1269" type="cond" truecount="2" falsecount="0"/>
        <line num="1342" count="1269" type="cond" truecount="2" falsecount="0"/>
        <line num="1344" count="1269" type="cond" truecount="5" falsecount="0"/>
        <line num="1345" count="2" type="stmt"/>
        <line num="1350" count="1267" type="cond" truecount="4" falsecount="0"/>
        <line num="1351" count="1" type="stmt"/>
        <line num="1355" count="1266" type="cond" truecount="2" falsecount="0"/>
        <line num="1356" count="11" type="stmt"/>
        <line num="1357" count="1255" type="cond" truecount="2" falsecount="0"/>
        <line num="1358" count="1" type="stmt"/>
        <line num="1360" count="1254" type="stmt"/>
        <line num="1364" count="1254" type="cond" truecount="2" falsecount="0"/>
        <line num="1365" count="1110" type="stmt"/>
        <line num="1369" count="1266" type="stmt"/>
        <line num="1370" count="1266" type="stmt"/>
        <line num="1387" count="571" type="cond" truecount="2" falsecount="0"/>
        <line num="1388" count="570" type="stmt"/>
        <line num="1389" count="569" type="stmt"/>
        <line num="1399" count="182" type="cond" truecount="2" falsecount="0"/>
        <line num="1400" count="181" type="stmt"/>
        <line num="1401" count="181" type="stmt"/>
        <line num="1415" count="757" type="cond" truecount="2" falsecount="0"/>
        <line num="1416" count="756" type="stmt"/>
        <line num="1417" count="756" type="stmt"/>
        <line num="1418" count="754" type="cond" truecount="9" falsecount="0"/>
        <line num="1420" count="53" type="stmt"/>
        <line num="1424" count="136" type="stmt"/>
        <line num="1428" count="726" type="stmt"/>
        <line num="1431" count="732" type="stmt"/>
        <line num="1434" count="735" type="stmt"/>
        <line num="1437" count="742" type="stmt"/>
        <line num="1438" count="742" type="stmt"/>
        <line num="1440" count="12" type="stmt"/>
        <line num="1444" count="754" type="cond" truecount="2" falsecount="0"/>
        <line num="1445" count="2" type="stmt"/>
        <line num="1448" count="754" type="cond" truecount="2" falsecount="0"/>
        <line num="1449" count="25" type="stmt"/>
        <line num="1450" count="25" type="stmt"/>
        <line num="1453" count="754" type="stmt"/>
        <line num="1467" count="97" type="cond" truecount="2" falsecount="0"/>
        <line num="1489" count="286" type="cond" truecount="2" falsecount="0"/>
        <line num="1514" count="21" type="cond" truecount="2" falsecount="0"/>
        <line num="1533" count="5" type="cond" truecount="2" falsecount="0"/>
        <line num="1552" count="39" type="cond" truecount="2" falsecount="0"/>
        <line num="1553" count="1" type="stmt"/>
        <line num="1556" count="38" type="stmt"/>
        <line num="1568" count="48" type="cond" truecount="2" falsecount="0"/>
        <line num="1569" count="48" type="cond" truecount="2" falsecount="0"/>
        <line num="1570" count="1" type="stmt"/>
        <line num="1573" count="48" type="stmt"/>
        <line num="1582" count="2" type="stmt"/>
        <line num="1606" count="59" type="stmt"/>
        <line num="1622" count="4" type="stmt"/>
        <line num="1634" count="4" type="stmt"/>
        <line num="1643" count="9" type="stmt"/>
        <line num="1658" count="13" type="stmt"/>
        <line num="1677" count="7" type="cond" truecount="2" falsecount="0"/>
        <line num="1678" count="1" type="stmt"/>
        <line num="1681" count="6" type="stmt"/>
        <line num="1689" count="4" type="cond" truecount="2" falsecount="0"/>
        <line num="1697" count="4092" type="stmt"/>
        <line num="1705" count="4098" type="cond" truecount="2" falsecount="0"/>
        <line num="1713" count="2" type="cond" truecount="2" falsecount="0"/>
        <line num="1721" count="1" type="stmt"/>
        <line num="1729" count="1" type="stmt"/>
        <line num="1740" count="1479" type="cond" truecount="2" falsecount="0"/>
        <line num="1742" count="1478" type="stmt"/>
        <line num="1744" count="1478" type="cond" truecount="2" falsecount="0"/>
        <line num="1745" count="1" type="stmt"/>
        <line num="1746" count="1" type="stmt"/>
        <line num="1747" count="1" type="stmt"/>
        <line num="1749" count="1478" type="stmt"/>
        <line num="1757" count="878" type="cond" truecount="2" falsecount="0"/>
        <line num="1778" count="216" type="cond" truecount="4" falsecount="0"/>
        <line num="1779" count="7" type="stmt"/>
        <line num="1782" count="209" type="stmt"/>
        <line num="1784" count="209" type="stmt"/>
        <line num="1785" count="209" type="stmt"/>
        <line num="1786" count="209" type="cond" truecount="2" falsecount="0"/>
        <line num="1787" count="209" type="cond" truecount="2" falsecount="0"/>
        <line num="1788" count="209" type="stmt"/>
        <line num="1790" count="209" type="cond" truecount="2" falsecount="0"/>
        <line num="1802" count="4" type="stmt"/>
        <line num="1811" count="28" type="cond" truecount="2" falsecount="0"/>
        <line num="1824" count="76" type="cond" truecount="2" falsecount="0"/>
        <line num="1826" count="74" type="stmt"/>
        <line num="1827" count="74" type="stmt"/>
        <line num="1828" count="74" type="cond" truecount="2" falsecount="0"/>
        <line num="1839" count="117" type="stmt"/>
        <line num="1867" count="49" type="cond" truecount="2" falsecount="0"/>
        <line num="1868" count="48" type="cond" truecount="2" falsecount="0"/>
        <line num="1869" count="48" type="cond" truecount="4" falsecount="0"/>
        <line num="1870" count="48" type="stmt"/>
        <line num="1871" count="48" type="stmt"/>
        <line num="1872" count="48" type="cond" truecount="2" falsecount="0"/>
        <line num="1873" count="3" type="stmt"/>
        <line num="1874" count="3" type="stmt"/>
        <line num="1876" count="48" type="stmt"/>
        <line num="1898" count="26" type="cond" truecount="2" falsecount="0"/>
        <line num="1900" count="25" type="cond" truecount="2" falsecount="0"/>
        <line num="1914" count="7" type="cond" truecount="2" falsecount="0"/>
        <line num="1915" count="3" type="stmt"/>
        <line num="1917" count="7" type="stmt"/>
        <line num="1926" count="7" type="cond" truecount="2" falsecount="0"/>
        <line num="1927" count="3" type="stmt"/>
        <line num="1929" count="7" type="stmt"/>
        <line num="1942" count="26" type="cond" truecount="2" falsecount="0"/>
        <line num="1943" count="26" type="stmt"/>
        <line num="1948" count="26" type="stmt"/>
        <line num="1955" count="1" type="stmt"/>
        <line num="1965" count="0" type="stmt"/>
        <line num="1973" count="0" type="stmt"/>
        <line num="1981" count="0" type="stmt"/>
        <line num="1989" count="0" type="stmt"/>
        <line num="1997" count="0" type="stmt"/>
        <line num="2005" count="3" type="stmt"/>
        <line num="2013" count="0" type="stmt"/>
        <line num="2021" count="0" type="stmt"/>
        <line num="2029" count="0" type="stmt"/>
        <line num="2037" count="4" type="stmt"/>
        <line num="2045" count="0" type="stmt"/>
        <line num="2053" count="0" type="stmt"/>
        <line num="2061" count="0" type="stmt"/>
        <line num="2069" count="2" type="stmt"/>
        <line num="2077" count="0" type="stmt"/>
        <line num="2085" count="0" type="stmt"/>
        <line num="2093" count="0" type="stmt"/>
        <line num="2101" count="0" type="stmt"/>
        <line num="2109" count="3" type="stmt"/>
        <line num="2117" count="0" type="stmt"/>
        <line num="2125" count="0" type="stmt"/>
        <line num="2133" count="0" type="stmt"/>
        <line num="2141" count="730" type="cond" truecount="2" falsecount="0"/>
        <line num="2142" count="723" type="stmt"/>
        <line num="2143" count="7" type="cond" truecount="5" falsecount="0"/>
        <line num="2144" count="4" type="stmt"/>
        <line num="2145" count="3" type="cond" truecount="4" falsecount="0"/>
        <line num="2146" count="2" type="stmt"/>
        <line num="2148" count="1" type="stmt"/>
      </file>
      <file name="duration.js" path="/home/isaac/code/luxon/src/duration.js">
        <metrics statements="188" coveredstatements="188" conditionals="215" coveredconditionals="212" methods="52" coveredmethods="52"/>
        <line num="17" count="54" type="stmt"/>
        <line num="20" count="54" type="stmt"/>
        <line num="38" count="54" type="stmt"/>
        <line num="69" count="54" type="stmt"/>
        <line num="70" count="54" type="stmt"/>
        <line num="71" count="54" type="stmt"/>
        <line num="103" count="54" type="stmt"/>
        <line num="115" count="54" type="stmt"/>
        <line num="120" count="2518" type="stmt"/>
        <line num="125" count="2518" type="stmt"/>
        <line num="129" count="50" type="cond" truecount="2" falsecount="0"/>
        <line num="134" count="605" type="stmt"/>
        <line num="135" count="605" type="stmt"/>
        <line num="136" count="605" type="stmt"/>
        <line num="139" count="605" type="cond" truecount="5" falsecount="0"/>
        <line num="140" count="605" type="stmt"/>
        <line num="141" count="605" type="stmt"/>
        <line num="146" count="1099" type="stmt"/>
        <line num="147" count="9891" type="cond" truecount="2" falsecount="0"/>
        <line num="148" count="1300" type="cond" truecount="2" falsecount="0"/>
        <line num="149" count="201" type="stmt"/>
        <line num="151" count="1300" type="stmt"/>
        <line num="153" count="8591" type="stmt"/>
        <line num="176" count="4635" type="cond" truecount="2" falsecount="0"/>
        <line num="180" count="4635" type="stmt"/>
        <line num="184" count="4635" type="cond" truecount="2" falsecount="0"/>
        <line num="188" count="4635" type="cond" truecount="2" falsecount="0"/>
        <line num="192" count="4635" type="cond" truecount="2" falsecount="0"/>
        <line num="196" count="4635" type="cond" truecount="2" falsecount="0"/>
        <line num="200" count="4635" type="stmt"/>
        <line num="213" count="283" type="stmt"/>
        <line num="236" count="2093" type="cond" truecount="4" falsecount="0"/>
        <line num="237" count="4" type="stmt"/>
        <line num="244" count="2089" type="stmt"/>
        <line num="262" count="849" type="cond" truecount="2" falsecount="0"/>
        <line num="263" count="154" type="stmt"/>
        <line num="264" count="695" type="cond" truecount="2" falsecount="0"/>
        <line num="265" count="130" type="stmt"/>
        <line num="266" count="565" type="cond" truecount="2" falsecount="0"/>
        <line num="267" count="563" type="stmt"/>
        <line num="269" count="2" type="stmt"/>
        <line num="289" count="46" type="stmt"/>
        <line num="290" count="46" type="cond" truecount="2" falsecount="0"/>
        <line num="291" count="38" type="stmt"/>
        <line num="293" count="8" type="stmt"/>
        <line num="313" count="12" type="stmt"/>
        <line num="314" count="12" type="cond" truecount="2" falsecount="0"/>
        <line num="315" count="9" type="stmt"/>
        <line num="317" count="3" type="stmt"/>
        <line num="328" count="39" type="cond" truecount="2" falsecount="0"/>
        <line num="329" count="1" type="stmt"/>
        <line num="332" count="38" type="cond" truecount="1" falsecount="1"/>
        <line num="334" count="38" type="cond" truecount="2" falsecount="0"/>
        <line num="335" count="1" type="stmt"/>
        <line num="337" count="37" type="stmt"/>
        <line num="345" count="12142" type="stmt"/>
        <line num="366" count="12142" type="cond" truecount="2" falsecount="0"/>
        <line num="368" count="12136" type="stmt"/>
        <line num="377" count="704" type="cond" truecount="3" falsecount="0"/>
        <line num="385" count="6" type="cond" truecount="2" falsecount="0"/>
        <line num="394" count="6" type="cond" truecount="2" falsecount="0"/>
        <line num="419" count="73" type="stmt"/>
        <line num="423" count="73" type="cond" truecount="2" falsecount="0"/>
        <line num="443" count="3" type="stmt"/>
        <line num="444" count="27" type="stmt"/>
        <line num="445" count="27" type="cond" truecount="2" falsecount="0"/>
        <line num="446" count="3" type="stmt"/>
        <line num="448" count="24" type="stmt"/>
        <line num="450" count="27" type="stmt"/>
        <line num="452" count="3" type="cond" truecount="1" falsecount="1"/>
        <line num="461" count="2295" type="cond" truecount="2" falsecount="0"/>
        <line num="462" count="2294" type="stmt"/>
        <line num="477" count="22" type="cond" truecount="2" falsecount="0"/>
        <line num="479" count="21" type="stmt"/>
        <line num="480" count="21" type="cond" truecount="2" falsecount="0"/>
        <line num="481" count="21" type="cond" truecount="4" falsecount="0"/>
        <line num="482" count="21" type="cond" truecount="2" falsecount="0"/>
        <line num="483" count="21" type="cond" truecount="2" falsecount="0"/>
        <line num="484" count="21" type="cond" truecount="6" falsecount="0"/>
        <line num="485" count="19" type="stmt"/>
        <line num="486" count="21" type="cond" truecount="2" falsecount="0"/>
        <line num="487" count="21" type="cond" truecount="2" falsecount="0"/>
        <line num="488" count="21" type="cond" truecount="4" falsecount="0"/>
        <line num="491" count="18" type="stmt"/>
        <line num="492" count="21" type="cond" truecount="2" falsecount="0"/>
        <line num="493" count="21" type="stmt"/>
        <line num="513" count="13" type="cond" truecount="1" falsecount="1"/>
        <line num="515" count="13" type="stmt"/>
        <line num="516" count="13" type="cond" truecount="4" falsecount="0"/>
        <line num="518" count="11" type="stmt"/>
        <line num="526" count="11" type="stmt"/>
        <line num="528" count="11" type="cond" truecount="2" falsecount="0"/>
        <line num="530" count="11" type="cond" truecount="5" falsecount="0"/>
        <line num="531" count="9" type="cond" truecount="2" falsecount="0"/>
        <line num="532" count="9" type="cond" truecount="4" falsecount="0"/>
        <line num="533" count="6" type="stmt"/>
        <line num="537" count="11" type="stmt"/>
        <line num="539" count="11" type="cond" truecount="2" falsecount="0"/>
        <line num="540" count="1" type="stmt"/>
        <line num="543" count="11" type="stmt"/>
        <line num="551" count="2" type="stmt"/>
        <line num="559" count="1" type="stmt"/>
        <line num="567" count="19" type="stmt"/>
        <line num="575" count="4" type="stmt"/>
        <line num="584" count="68" type="cond" truecount="2" falsecount="0"/>
        <line num="586" count="67" type="stmt"/>
        <line num="587" count="66" type="stmt"/>
        <line num="589" count="66" type="stmt"/>
        <line num="590" count="594" type="cond" truecount="4" falsecount="0"/>
        <line num="591" count="103" type="stmt"/>
        <line num="595" count="66" type="stmt"/>
        <line num="604" count="4" type="cond" truecount="2" falsecount="0"/>
        <line num="606" count="3" type="stmt"/>
        <line num="607" count="3" type="stmt"/>
        <line num="618" count="39" type="cond" truecount="2" falsecount="0"/>
        <line num="619" count="38" type="stmt"/>
        <line num="620" count="38" type="stmt"/>
        <line num="621" count="44" type="stmt"/>
        <line num="623" count="37" type="stmt"/>
        <line num="635" count="1362" type="stmt"/>
        <line num="646" count="9" type="cond" truecount="2" falsecount="0"/>
        <line num="648" count="8" type="stmt"/>
        <line num="649" count="8" type="stmt"/>
        <line num="658" count="43" type="stmt"/>
        <line num="659" count="43" type="stmt"/>
        <line num="661" count="43" type="cond" truecount="2" falsecount="0"/>
        <line num="662" count="37" type="stmt"/>
        <line num="665" count="43" type="stmt"/>
        <line num="677" count="862" type="cond" truecount="2" falsecount="0"/>
        <line num="687" count="1100" type="cond" truecount="2" falsecount="0"/>
        <line num="688" count="1099" type="stmt"/>
        <line num="689" count="1099" type="stmt"/>
        <line num="690" count="1099" type="stmt"/>
        <line num="699" count="1015" type="cond" truecount="2" falsecount="0"/>
        <line num="701" count="1014" type="cond" truecount="2" falsecount="0"/>
        <line num="702" count="1" type="stmt"/>
        <line num="705" count="1128" type="stmt"/>
        <line num="707" count="1012" type="stmt"/>
        <line num="708" count="1012" type="stmt"/>
        <line num="709" count="1012" type="stmt"/>
        <line num="712" count="1012" type="stmt"/>
        <line num="713" count="9108" type="cond" truecount="2" falsecount="0"/>
        <line num="714" count="1126" type="stmt"/>
        <line num="716" count="1126" type="stmt"/>
        <line num="719" count="1126" type="stmt"/>
        <line num="720" count="6474" type="stmt"/>
        <line num="721" count="6474" type="stmt"/>
        <line num="725" count="1126" type="cond" truecount="2" falsecount="0"/>
        <line num="726" count="932" type="stmt"/>
        <line num="729" count="1126" type="stmt"/>
        <line num="730" count="1126" type="stmt"/>
        <line num="731" count="1126" type="stmt"/>
        <line num="734" count="1126" type="stmt"/>
        <line num="735" count="7761" type="cond" truecount="2" falsecount="0"/>
        <line num="736" count="404" type="stmt"/>
        <line num="740" count="7982" type="cond" truecount="2" falsecount="0"/>
        <line num="741" count="6371" type="stmt"/>
        <line num="747" count="1012" type="stmt"/>
        <line num="748" count="7497" type="cond" truecount="2" falsecount="0"/>
        <line num="749" count="139" type="stmt"/>
        <line num="754" count="1012" type="stmt"/>
        <line num="763" count="254" type="cond" truecount="2" falsecount="0"/>
        <line num="764" count="253" type="stmt"/>
        <line num="765" count="253" type="stmt"/>
        <line num="766" count="278" type="stmt"/>
        <line num="768" count="253" type="stmt"/>
        <line num="776" count="2348" type="cond" truecount="4" falsecount="0"/>
        <line num="784" count="2274" type="cond" truecount="4" falsecount="0"/>
        <line num="792" count="2340" type="cond" truecount="4" falsecount="0"/>
        <line num="800" count="2284" type="cond" truecount="4" falsecount="0"/>
        <line num="808" count="2425" type="cond" truecount="4" falsecount="0"/>
        <line num="816" count="954" type="cond" truecount="4" falsecount="0"/>
        <line num="824" count="903" type="cond" truecount="4" falsecount="0"/>
        <line num="832" count="884" type="cond" truecount="4" falsecount="0"/>
        <line num="840" count="1648" type="cond" truecount="4" falsecount="0"/>
        <line num="849" count="21900" type="stmt"/>
        <line num="857" count="8" type="cond" truecount="2" falsecount="0"/>
        <line num="865" count="2" type="cond" truecount="2" falsecount="0"/>
        <line num="875" count="14" type="cond" truecount="4" falsecount="0"/>
        <line num="876" count="1" type="stmt"/>
        <line num="879" count="13" type="cond" truecount="2" falsecount="0"/>
        <line num="880" count="2" type="stmt"/>
        <line num="885" count="81" type="cond" truecount="6" falsecount="0"/>
        <line num="886" count="20" type="stmt"/>
        <line num="889" count="11" type="stmt"/>
        <line num="890" count="81" type="cond" truecount="2" falsecount="0"/>
        <line num="891" count="4" type="stmt"/>
        <line num="894" count="7" type="stmt"/>
      </file>
      <file name="errors.js" path="/home/isaac/code/luxon/src/errors.js">
        <metrics statements="5" coveredstatements="5" conditionals="0" coveredconditionals="0" methods="5" coveredmethods="5"/>
        <line num="13" count="8" type="stmt"/>
        <line num="22" count="2" type="stmt"/>
        <line num="31" count="1" type="stmt"/>
        <line num="45" count="11" type="stmt"/>
        <line num="59" count="1" type="stmt"/>
      </file>
      <file name="info.js" path="/home/isaac/code/luxon/src/info.js">
        <metrics statements="11" coveredstatements="11" conditionals="40" coveredconditionals="40" methods="10" coveredmethods="10"/>
        <line num="19" count="5" type="stmt"/>
        <line num="21" count="5" type="cond" truecount="2" falsecount="0"/>
        <line num="30" count="6" type="cond" truecount="2" falsecount="0"/>
        <line num="48" count="19" type="stmt"/>
        <line num="72" count="31" type="cond" truecount="2" falsecount="0"/>
        <line num="92" count="6" type="cond" truecount="2" falsecount="0"/>
        <line num="110" count="21" type="cond" truecount="2" falsecount="0"/>
        <line num="129" count="3" type="cond" truecount="2" falsecount="0"/>
        <line num="141" count="3" type="stmt"/>
        <line num="155" count="14" type="stmt"/>
        <line num="167" count="2" type="stmt"/>
      </file>
      <file name="interval.js" path="/home/isaac/code/luxon/src/interval.js">
        <metrics statements="161" coveredstatements="161" conditionals="152" coveredconditionals="147" methods="49" coveredmethods="49"/>
        <line num="7" count="54" type="stmt"/>
        <line num="11" count="353" type="cond" truecount="4" falsecount="0"/>
        <line num="12" count="1" type="stmt"/>
        <line num="13" count="352" type="cond" truecount="4" falsecount="0"/>
        <line num="14" count="2" type="stmt"/>
        <line num="15" count="350" type="cond" truecount="2" falsecount="0"/>
        <line num="16" count="4" type="stmt"/>
        <line num="21" count="346" type="stmt"/>
        <line num="45" count="381" type="stmt"/>
        <line num="49" count="381" type="stmt"/>
        <line num="53" count="381" type="cond" truecount="2" falsecount="0"/>
        <line num="57" count="381" type="stmt"/>
        <line num="67" count="38" type="cond" truecount="2" falsecount="0"/>
        <line num="68" count="1" type="stmt"/>
        <line num="71" count="37" type="cond" truecount="1" falsecount="1"/>
        <line num="73" count="37" type="cond" truecount="2" falsecount="0"/>
        <line num="74" count="2" type="stmt"/>
        <line num="76" count="35" type="stmt"/>
        <line num="87" count="354" type="stmt"/>
        <line num="88" count="354" type="stmt"/>
        <line num="90" count="353" type="stmt"/>
        <line num="92" count="352" type="cond" truecount="2" falsecount="0"/>
        <line num="93" count="346" type="stmt"/>
        <line num="98" count="6" type="stmt"/>
        <line num="109" count="9" type="stmt"/>
        <line num="110" count="9" type="stmt"/>
        <line num="111" count="9" type="stmt"/>
        <line num="121" count="5" type="stmt"/>
        <line num="122" count="5" type="stmt"/>
        <line num="123" count="5" type="stmt"/>
        <line num="135" count="14" type="cond" truecount="2" falsecount="0"/>
        <line num="136" count="14" type="cond" truecount="4" falsecount="0"/>
        <line num="138" count="11" type="stmt"/>
        <line num="139" count="11" type="stmt"/>
        <line num="140" count="10" type="stmt"/>
        <line num="142" count="1" type="stmt"/>
        <line num="146" count="11" type="stmt"/>
        <line num="147" count="11" type="stmt"/>
        <line num="148" count="10" type="stmt"/>
        <line num="150" count="1" type="stmt"/>
        <line num="153" count="11" type="cond" truecount="4" falsecount="0"/>
        <line num="154" count="3" type="stmt"/>
        <line num="157" count="8" type="cond" truecount="2" falsecount="0"/>
        <line num="158" count="3" type="stmt"/>
        <line num="159" count="3" type="cond" truecount="1" falsecount="1"/>
        <line num="160" count="3" type="stmt"/>
        <line num="162" count="5" type="cond" truecount="2" falsecount="0"/>
        <line num="163" count="4" type="stmt"/>
        <line num="164" count="4" type="cond" truecount="2" falsecount="0"/>
        <line num="165" count="3" type="stmt"/>
        <line num="169" count="5" type="stmt"/>
        <line num="178" count="7" type="cond" truecount="3" falsecount="0"/>
        <line num="186" count="64" type="cond" truecount="2" falsecount="0"/>
        <line num="194" count="26" type="cond" truecount="2" falsecount="0"/>
        <line num="202" count="397" type="stmt"/>
        <line num="210" count="407" type="cond" truecount="2" falsecount="0"/>
        <line num="218" count="1" type="cond" truecount="1" falsecount="1"/>
        <line num="227" count="8" type="cond" truecount="2" falsecount="0"/>
        <line num="238" count="6" type="cond" truecount="2" falsecount="0"/>
        <line num="239" count="5" type="stmt"/>
        <line num="240" count="5" type="stmt"/>
        <line num="241" count="5" type="stmt"/>
        <line num="250" count="9" type="cond" truecount="4" falsecount="0"/>
        <line num="258" count="22" type="stmt"/>
        <line num="267" count="5" type="cond" truecount="2" falsecount="0"/>
        <line num="268" count="4" type="stmt"/>
        <line num="277" count="6" type="cond" truecount="2" falsecount="0"/>
        <line num="278" count="5" type="stmt"/>
        <line num="287" count="14" type="cond" truecount="2" falsecount="0"/>
        <line num="288" count="13" type="cond" truecount="2" falsecount="0"/>
        <line num="299" count="3" type="cond" truecount="2" falsecount="0"/>
        <line num="300" count="2" type="cond" truecount="4" falsecount="0"/>
        <line num="309" count="6" type="cond" truecount="2" falsecount="0"/>
        <line num="310" count="5" type="stmt"/>
        <line num="312" count="8" type="stmt"/>
        <line num="314" count="5" type="stmt"/>
        <line num="315" count="5" type="stmt"/>
        <line num="316" count="5" type="stmt"/>
        <line num="318" count="5" type="stmt"/>
        <line num="319" count="9" type="cond" truecount="2" falsecount="0"/>
        <line num="320" count="9" type="cond" truecount="1" falsecount="1"/>
        <line num="321" count="9" type="stmt"/>
        <line num="322" count="9" type="stmt"/>
        <line num="323" count="9" type="stmt"/>
        <line num="326" count="5" type="stmt"/>
        <line num="336" count="9" type="stmt"/>
        <line num="338" count="9" type="cond" truecount="5" falsecount="0"/>
        <line num="339" count="3" type="stmt"/>
        <line num="342" count="6" type="stmt"/>
        <line num="343" count="6" type="stmt"/>
        <line num="346" count="6" type="stmt"/>
        <line num="347" count="6" type="stmt"/>
        <line num="348" count="35" type="stmt"/>
        <line num="349" count="35" type="cond" truecount="2" falsecount="0"/>
        <line num="350" count="35" type="stmt"/>
        <line num="351" count="35" type="stmt"/>
        <line num="352" count="35" type="stmt"/>
        <line num="355" count="6" type="stmt"/>
        <line num="364" count="4" type="cond" truecount="2" falsecount="0"/>
        <line num="365" count="3" type="stmt"/>
        <line num="374" count="20" type="cond" truecount="2" falsecount="0"/>
        <line num="383" count="25" type="cond" truecount="2" falsecount="0"/>
        <line num="384" count="24" type="stmt"/>
        <line num="393" count="6" type="cond" truecount="2" falsecount="0"/>
        <line num="394" count="5" type="stmt"/>
        <line num="403" count="9" type="cond" truecount="2" falsecount="0"/>
        <line num="404" count="8" type="cond" truecount="2" falsecount="0"/>
        <line num="413" count="59" type="cond" truecount="4" falsecount="0"/>
        <line num="414" count="3" type="stmt"/>
        <line num="417" count="56" type="cond" truecount="2" falsecount="0"/>
        <line num="428" count="22" type="cond" truecount="2" falsecount="0"/>
        <line num="429" count="21" type="cond" truecount="2" falsecount="0"/>
        <line num="430" count="21" type="cond" truecount="2" falsecount="0"/>
        <line num="432" count="21" type="cond" truecount="2" falsecount="0"/>
        <line num="433" count="8" type="stmt"/>
        <line num="435" count="13" type="stmt"/>
        <line num="446" count="11" type="cond" truecount="2" falsecount="0"/>
        <line num="447" count="10" type="cond" truecount="2" falsecount="0"/>
        <line num="448" count="10" type="cond" truecount="2" falsecount="0"/>
        <line num="449" count="10" type="stmt"/>
        <line num="459" count="24" type="stmt"/>
        <line num="460" count="23" type="stmt"/>
        <line num="463" count="39" type="cond" truecount="2" falsecount="0"/>
        <line num="464" count="19" type="stmt"/>
        <line num="465" count="20" type="cond" truecount="4" falsecount="0"/>
        <line num="466" count="3" type="stmt"/>
        <line num="468" count="17" type="stmt"/>
        <line num="473" count="24" type="cond" truecount="2" falsecount="0"/>
        <line num="474" count="19" type="stmt"/>
        <line num="476" count="24" type="stmt"/>
        <line num="485" count="22" type="stmt"/>
        <line num="486" count="22" type="stmt"/>
        <line num="487" count="22" type="stmt"/>
        <line num="488" count="56" type="stmt"/>
        <line num="492" count="22" type="stmt"/>
        <line num="493" count="173" type="stmt"/>
        <line num="495" count="22" type="stmt"/>
        <line num="496" count="112" type="cond" truecount="2" falsecount="0"/>
        <line num="498" count="112" type="cond" truecount="2" falsecount="0"/>
        <line num="499" count="52" type="stmt"/>
        <line num="501" count="60" type="cond" truecount="4" falsecount="0"/>
        <line num="502" count="34" type="stmt"/>
        <line num="505" count="60" type="stmt"/>
        <line num="509" count="22" type="stmt"/>
        <line num="518" count="11" type="stmt"/>
        <line num="519" count="18" type="stmt"/>
        <line num="520" count="18" type="cond" truecount="2" falsecount="0"/>
        <line num="528" count="2" type="cond" truecount="2" falsecount="0"/>
        <line num="529" count="1" type="stmt"/>
        <line num="539" count="3" type="cond" truecount="2" falsecount="0"/>
        <line num="540" count="2" type="stmt"/>
        <line num="550" count="2" type="cond" truecount="2" falsecount="0"/>
        <line num="551" count="1" type="stmt"/>
        <line num="562" count="4" type="cond" truecount="2" falsecount="0"/>
        <line num="563" count="3" type="stmt"/>
        <line num="574" count="4" type="cond" truecount="2" falsecount="0"/>
        <line num="575" count="3" type="stmt"/>
        <line num="591" count="17" type="cond" truecount="2" falsecount="0"/>
        <line num="592" count="1" type="stmt"/>
        <line num="594" count="16" type="stmt"/>
        <line num="605" count="1" type="stmt"/>
      </file>
      <file name="luxon.js" path="/home/isaac/code/luxon/src/luxon.js">
        <metrics statements="1" coveredstatements="1" conditionals="0" coveredconditionals="0" methods="0" coveredmethods="0"/>
        <line num="12" count="54" type="stmt"/>
      </file>
      <file name="settings.js" path="/home/isaac/code/luxon/src/settings.js">
        <metrics statements="19" coveredstatements="19" conditionals="0" coveredconditionals="0" methods="14" coveredmethods="14"/>
        <line num="7" count="1929" type="stmt"/>
        <line num="8" count="54" type="stmt"/>
        <line num="9" count="54" type="stmt"/>
        <line num="10" count="54" type="stmt"/>
        <line num="11" count="54" type="stmt"/>
        <line num="23" count="1941" type="stmt"/>
        <line num="34" count="9" type="stmt"/>
        <line num="43" count="23" type="stmt"/>
        <line num="52" count="2765" type="stmt"/>
        <line num="60" count="4388" type="stmt"/>
        <line num="68" count="22" type="stmt"/>
        <line num="76" count="5168" type="stmt"/>
        <line num="84" count="4" type="stmt"/>
        <line num="92" count="5159" type="stmt"/>
        <line num="100" count="4" type="stmt"/>
        <line num="108" count="217" type="stmt"/>
        <line num="116" count="12" type="stmt"/>
        <line num="124" count="6" type="stmt"/>
        <line num="125" count="6" type="stmt"/>
      </file>
    </package>
    <package name="src.impl">
      <metrics statements="952" coveredstatements="889" conditionals="720" coveredconditionals="632" methods="205" coveredmethods="198"/>
      <file name="conversions.js" path="/home/isaac/code/luxon/src/impl/conversions.js">
        <metrics statements="82" coveredstatements="78" conditionals="43" coveredconditionals="39" methods="13" coveredmethods="13"/>
        <line num="12" count="54" type="stmt"/>
        <line num="13" count="54" type="stmt"/>
        <line num="16" count="17" type="stmt"/>
        <line num="23" count="160" type="stmt"/>
        <line num="24" count="160" type="cond" truecount="2" falsecount="0"/>
        <line num="28" count="151" type="cond" truecount="2" falsecount="0"/>
        <line num="32" count="49" type="cond" truecount="2" falsecount="0"/>
        <line num="33" count="49" type="stmt"/>
        <line num="34" count="49" type="stmt"/>
        <line num="35" count="49" type="stmt"/>
        <line num="43" count="123" type="stmt"/>
        <line num="44" count="123" type="stmt"/>
        <line num="45" count="123" type="stmt"/>
        <line num="47" count="123" type="stmt"/>
        <line num="50" count="123" type="cond" truecount="2" falsecount="0"/>
        <line num="51" count="4" type="stmt"/>
        <line num="52" count="4" type="stmt"/>
        <line num="53" count="119" type="cond" truecount="2" falsecount="0"/>
        <line num="54" count="3" type="stmt"/>
        <line num="55" count="3" type="stmt"/>
        <line num="57" count="116" type="stmt"/>
        <line num="60" count="123" type="stmt"/>
        <line num="64" count="37" type="stmt"/>
        <line num="65" count="37" type="stmt"/>
        <line num="66" count="37" type="stmt"/>
        <line num="68" count="37" type="stmt"/>
        <line num="71" count="37" type="cond" truecount="2" falsecount="0"/>
        <line num="72" count="3" type="stmt"/>
        <line num="73" count="3" type="stmt"/>
        <line num="74" count="34" type="cond" truecount="2" falsecount="0"/>
        <line num="75" count="5" type="stmt"/>
        <line num="76" count="5" type="stmt"/>
        <line num="78" count="29" type="stmt"/>
        <line num="81" count="37" type="stmt"/>
        <line num="82" count="37" type="stmt"/>
        <line num="86" count="28" type="stmt"/>
        <line num="87" count="28" type="stmt"/>
        <line num="88" count="28" type="stmt"/>
        <line num="92" count="12" type="stmt"/>
        <line num="93" count="12" type="stmt"/>
        <line num="94" count="12" type="stmt"/>
        <line num="98" count="29" type="stmt"/>
        <line num="99" count="29" type="stmt"/>
        <line num="100" count="29" type="stmt"/>
        <line num="102" count="29" type="cond" truecount="1" falsecount="1"/>
        <line num="103" count="0" type="stmt"/>
        <line num="104" count="29" type="cond" truecount="2" falsecount="0"/>
        <line num="105" count="2" type="stmt"/>
        <line num="106" count="27" type="cond" truecount="2" falsecount="0"/>
        <line num="107" count="1" type="stmt"/>
        <line num="108" count="26" type="stmt"/>
        <line num="112" count="12" type="stmt"/>
        <line num="113" count="12" type="stmt"/>
        <line num="115" count="12" type="cond" truecount="1" falsecount="1"/>
        <line num="116" count="0" type="stmt"/>
        <line num="117" count="12" type="cond" truecount="2" falsecount="0"/>
        <line num="118" count="1" type="stmt"/>
        <line num="119" count="11" type="stmt"/>
        <line num="123" count="1680" type="stmt"/>
        <line num="124" count="1680" type="stmt"/>
        <line num="125" count="1680" type="stmt"/>
        <line num="127" count="1680" type="cond" truecount="1" falsecount="1"/>
        <line num="128" count="0" type="stmt"/>
        <line num="129" count="1680" type="cond" truecount="2" falsecount="0"/>
        <line num="130" count="7" type="stmt"/>
        <line num="131" count="1673" type="cond" truecount="2" falsecount="0"/>
        <line num="132" count="2" type="stmt"/>
        <line num="133" count="1671" type="stmt"/>
        <line num="137" count="1708" type="stmt"/>
        <line num="139" count="1708" type="cond" truecount="5" falsecount="0"/>
        <line num="141" count="1708" type="stmt"/>
        <line num="142" count="1708" type="stmt"/>
        <line num="143" count="1708" type="stmt"/>
        <line num="145" count="1708" type="cond" truecount="2" falsecount="0"/>
        <line num="146" count="2" type="stmt"/>
        <line num="147" count="1706" type="cond" truecount="2" falsecount="0"/>
        <line num="148" count="1" type="stmt"/>
        <line num="149" count="1705" type="cond" truecount="1" falsecount="1"/>
        <line num="150" count="0" type="stmt"/>
        <line num="151" count="1705" type="cond" truecount="2" falsecount="0"/>
        <line num="152" count="1" type="stmt"/>
        <line num="153" count="1704" type="stmt"/>
      </file>
      <file name="diff.js" path="/home/isaac/code/luxon/src/impl/diff.js">
        <metrics statements="34" coveredstatements="34" conditionals="14" coveredconditionals="14" methods="9" coveredmethods="9"/>
        <line num="4" count="138" type="stmt"/>
        <line num="5" count="69" type="stmt"/>
        <line num="6" count="69" type="stmt"/>
        <line num="10" count="209" type="stmt"/>
        <line num="11" count="55" type="stmt"/>
        <line num="12" count="2" type="stmt"/>
        <line num="13" count="42" type="stmt"/>
        <line num="17" count="7" type="stmt"/>
        <line num="18" count="7" type="stmt"/>
        <line num="24" count="209" type="stmt"/>
        <line num="27" count="209" type="stmt"/>
        <line num="28" count="1045" type="cond" truecount="2" falsecount="0"/>
        <line num="29" count="168" type="stmt"/>
        <line num="31" count="168" type="stmt"/>
        <line num="32" count="168" type="stmt"/>
        <line num="34" count="168" type="cond" truecount="2" falsecount="0"/>
        <line num="35" count="30" type="stmt"/>
        <line num="36" count="30" type="stmt"/>
        <line num="38" count="138" type="stmt"/>
        <line num="41" count="168" type="stmt"/>
        <line num="45" count="209" type="stmt"/>
        <line num="49" count="209" type="stmt"/>
        <line num="51" count="209" type="stmt"/>
        <line num="53" count="209" type="stmt"/>
        <line num="54" count="226" type="stmt"/>
        <line num="57" count="209" type="cond" truecount="2" falsecount="0"/>
        <line num="58" count="154" type="cond" truecount="2" falsecount="0"/>
        <line num="59" count="73" type="stmt"/>
        <line num="62" count="154" type="cond" truecount="2" falsecount="0"/>
        <line num="63" count="97" type="cond" truecount="2" falsecount="0"/>
        <line num="67" count="209" type="stmt"/>
        <line num="69" count="209" type="cond" truecount="2" falsecount="0"/>
        <line num="70" count="55" type="stmt"/>
        <line num="74" count="154" type="stmt"/>
      </file>
      <file name="digits.js" path="/home/isaac/code/luxon/src/impl/digits.js">
        <metrics statements="17" coveredstatements="17" conditionals="11" coveredconditionals="11" methods="2" coveredmethods="2"/>
        <line num="1" count="54" type="stmt"/>
        <line num="25" count="54" type="stmt"/>
        <line num="47" count="54" type="stmt"/>
        <line num="50" count="619" type="stmt"/>
        <line num="51" count="619" type="cond" truecount="2" falsecount="0"/>
        <line num="52" count="99" type="stmt"/>
        <line num="53" count="99" type="stmt"/>
        <line num="54" count="238" type="stmt"/>
        <line num="56" count="238" type="cond" truecount="2" falsecount="0"/>
        <line num="57" count="12" type="stmt"/>
        <line num="59" count="226" type="stmt"/>
        <line num="60" count="4294" type="stmt"/>
        <line num="61" count="4294" type="cond" truecount="4" falsecount="0"/>
        <line num="62" count="225" type="stmt"/>
        <line num="67" count="99" type="stmt"/>
        <line num="69" count="520" type="stmt"/>
        <line num="74" count="15763" type="cond" truecount="2" falsecount="0"/>
      </file>
      <file name="english.js" path="/home/isaac/code/luxon/src/impl/english.js">
        <metrics statements="74" coveredstatements="43" conditionals="70" coveredconditionals="43" methods="10" coveredmethods="8"/>
        <line num="5" count="0" type="stmt"/>
        <line num="12" count="55" type="stmt"/>
        <line num="27" count="55" type="stmt"/>
        <line num="42" count="55" type="stmt"/>
        <line num="45" count="65" type="cond" truecount="5" falsecount="1"/>
        <line num="47" count="6" type="stmt"/>
        <line num="49" count="30" type="stmt"/>
        <line num="51" count="20" type="stmt"/>
        <line num="53" count="5" type="stmt"/>
        <line num="55" count="4" type="stmt"/>
        <line num="57" count="0" type="stmt"/>
        <line num="61" count="55" type="stmt"/>
        <line num="71" count="55" type="stmt"/>
        <line num="73" count="55" type="stmt"/>
        <line num="76" count="54" type="cond" truecount="4" falsecount="1"/>
        <line num="78" count="6" type="stmt"/>
        <line num="80" count="26" type="stmt"/>
        <line num="82" count="19" type="stmt"/>
        <line num="84" count="3" type="stmt"/>
        <line num="86" count="0" type="stmt"/>
        <line num="90" count="55" type="stmt"/>
        <line num="92" count="55" type="stmt"/>
        <line num="94" count="55" type="stmt"/>
        <line num="96" count="55" type="stmt"/>
        <line num="99" count="22" type="cond" truecount="3" falsecount="1"/>
        <line num="101" count="5" type="stmt"/>
        <line num="103" count="9" type="stmt"/>
        <line num="105" count="8" type="stmt"/>
        <line num="107" count="0" type="stmt"/>
        <line num="112" count="2" type="cond" truecount="2" falsecount="0"/>
        <line num="116" count="16" type="stmt"/>
        <line num="120" count="20" type="stmt"/>
        <line num="124" count="7" type="cond" truecount="2" falsecount="0"/>
        <line num="128" count="112" type="stmt"/>
        <line num="139" count="112" type="stmt"/>
        <line num="141" count="112" type="cond" truecount="4" falsecount="0"/>
        <line num="142" count="38" type="stmt"/>
        <line num="143" count="38" type="cond" truecount="4" falsecount="0"/>
        <line num="145" count="11" type="cond" truecount="2" falsecount="0"/>
        <line num="147" count="6" type="cond" truecount="2" falsecount="0"/>
        <line num="149" count="9" type="cond" truecount="2" falsecount="0"/>
        <line num="154" count="86" type="cond" truecount="2" falsecount="0"/>
        <line num="155" count="86" type="stmt"/>
        <line num="156" count="86" type="stmt"/>
        <line num="157" count="86" type="stmt"/>
        <line num="158" count="86" type="cond" truecount="2" falsecount="0"/>
        <line num="165" count="86" type="cond" truecount="2" falsecount="0"/>
        <line num="171" count="0" type="stmt"/>
        <line num="183" count="0" type="stmt"/>
        <line num="184" count="0" type="stmt"/>
        <line num="185" count="0" type="cond" truecount="0" falsecount="23"/>
        <line num="187" count="0" type="stmt"/>
        <line num="189" count="0" type="stmt"/>
        <line num="191" count="0" type="stmt"/>
        <line num="193" count="0" type="stmt"/>
        <line num="195" count="0" type="stmt"/>
        <line num="197" count="0" type="stmt"/>
        <line num="199" count="0" type="stmt"/>
        <line num="201" count="0" type="stmt"/>
        <line num="203" count="0" type="stmt"/>
        <line num="205" count="0" type="stmt"/>
        <line num="207" count="0" type="stmt"/>
        <line num="209" count="0" type="stmt"/>
        <line num="211" count="0" type="stmt"/>
        <line num="213" count="0" type="stmt"/>
        <line num="215" count="0" type="stmt"/>
        <line num="217" count="0" type="stmt"/>
        <line num="219" count="0" type="stmt"/>
        <line num="221" count="0" type="stmt"/>
        <line num="223" count="0" type="stmt"/>
        <line num="225" count="0" type="stmt"/>
        <line num="227" count="0" type="stmt"/>
        <line num="229" count="0" type="stmt"/>
        <line num="231" count="0" type="stmt"/>
      </file>
      <file name="formats.js" path="/home/isaac/code/luxon/src/impl/formats.js">
        <metrics statements="25" coveredstatements="25" conditionals="0" coveredconditionals="0" methods="0" coveredmethods="0"/>
        <line num="5" count="55" type="stmt"/>
        <line num="6" count="55" type="stmt"/>
        <line num="7" count="55" type="stmt"/>
        <line num="9" count="55" type="stmt"/>
        <line num="15" count="55" type="stmt"/>
        <line num="21" count="55" type="stmt"/>
        <line num="28" count="55" type="stmt"/>
        <line num="34" count="55" type="stmt"/>
        <line num="41" count="55" type="stmt"/>
        <line num="46" count="55" type="stmt"/>
        <line num="52" count="55" type="stmt"/>
        <line num="59" count="55" type="stmt"/>
        <line num="66" count="55" type="stmt"/>
        <line num="72" count="55" type="stmt"/>
        <line num="79" count="55" type="stmt"/>
        <line num="87" count="55" type="stmt"/>
        <line num="95" count="55" type="stmt"/>
        <line num="103" count="55" type="stmt"/>
        <line num="112" count="55" type="stmt"/>
        <line num="120" count="55" type="stmt"/>
        <line num="129" count="55" type="stmt"/>
        <line num="138" count="55" type="stmt"/>
        <line num="147" count="55" type="stmt"/>
        <line num="157" count="55" type="stmt"/>
        <line num="167" count="55" type="stmt"/>
      </file>
      <file name="formatter.js" path="/home/isaac/code/luxon/src/impl/formatter.js">
        <metrics statements="151" coveredstatements="150" conditionals="142" coveredconditionals="127" methods="25" coveredmethods="25"/>
        <line num="6" count="489" type="stmt"/>
        <line num="7" count="489" type="stmt"/>
        <line num="8" count="1426" type="cond" truecount="2" falsecount="0"/>
        <line num="9" count="6" type="stmt"/>
        <line num="11" count="1420" type="stmt"/>
        <line num="14" count="489" type="stmt"/>
        <line num="17" count="54" type="stmt"/>
        <line num="46" count="564" type="stmt"/>
        <line num="50" count="738" type="stmt"/>
        <line num="51" count="738" type="stmt"/>
        <line num="52" count="738" type="stmt"/>
        <line num="53" count="738" type="stmt"/>
        <line num="54" count="738" type="stmt"/>
        <line num="55" count="5122" type="stmt"/>
        <line num="56" count="5122" type="cond" truecount="2" falsecount="0"/>
        <line num="57" count="72" type="cond" truecount="1" falsecount="1"/>
        <line num="58" count="72" type="stmt"/>
        <line num="60" count="72" type="stmt"/>
        <line num="61" count="72" type="stmt"/>
        <line num="62" count="72" type="stmt"/>
        <line num="63" count="5050" type="cond" truecount="2" falsecount="0"/>
        <line num="64" count="47" type="stmt"/>
        <line num="65" count="5003" type="cond" truecount="2" falsecount="0"/>
        <line num="66" count="2338" type="stmt"/>
        <line num="68" count="2665" type="cond" truecount="2" falsecount="0"/>
        <line num="69" count="1896" type="stmt"/>
        <line num="71" count="2665" type="stmt"/>
        <line num="72" count="2665" type="stmt"/>
        <line num="76" count="738" type="cond" truecount="2" falsecount="0"/>
        <line num="77" count="733" type="stmt"/>
        <line num="80" count="738" type="stmt"/>
        <line num="84" count="1744" type="stmt"/>
        <line num="88" count="564" type="stmt"/>
        <line num="89" count="564" type="stmt"/>
        <line num="90" count="564" type="stmt"/>
        <line num="94" count="122" type="cond" truecount="1" falsecount="1"/>
        <line num="95" count="122" type="stmt"/>
        <line num="97" count="122" type="stmt"/>
        <line num="98" count="122" type="stmt"/>
        <line num="102" count="20" type="stmt"/>
        <line num="103" count="20" type="stmt"/>
        <line num="107" count="52" type="stmt"/>
        <line num="108" count="52" type="stmt"/>
        <line num="112" count="3" type="stmt"/>
        <line num="113" count="3" type="stmt"/>
        <line num="118" count="712" type="cond" truecount="2" falsecount="0"/>
        <line num="119" count="458" type="stmt"/>
        <line num="122" count="254" type="stmt"/>
        <line num="124" count="254" type="cond" truecount="2" falsecount="0"/>
        <line num="125" count="208" type="stmt"/>
        <line num="128" count="254" type="stmt"/>
        <line num="132" count="417" type="stmt"/>
        <line num="133" count="417" type="cond" truecount="2" falsecount="0"/>
        <line num="134" count="417" type="stmt"/>
        <line num="135" count="417" type="stmt"/>
        <line num="136" count="78" type="cond" truecount="5" falsecount="0"/>
        <line num="137" count="35" type="stmt"/>
        <line num="140" count="43" type="cond" truecount="1" falsecount="1"/>
        <line num="142" count="417" type="stmt"/>
        <line num="143" count="4" type="cond" truecount="2" falsecount="0"/>
        <line num="146" count="417" type="stmt"/>
        <line num="147" count="28" type="cond" truecount="2" falsecount="0"/>
        <line num="150" count="417" type="stmt"/>
        <line num="151" count="18" type="cond" truecount="2" falsecount="0"/>
        <line num="157" count="417" type="stmt"/>
        <line num="158" count="499" type="stmt"/>
        <line num="159" count="499" type="cond" truecount="2" falsecount="0"/>
        <line num="160" count="122" type="stmt"/>
        <line num="162" count="377" type="stmt"/>
        <line num="165" count="417" type="stmt"/>
        <line num="166" count="9" type="cond" truecount="2" falsecount="0"/>
        <line num="167" count="417" type="stmt"/>
        <line num="169" count="1223" type="cond" truecount="57" falsecount="1"/>
        <line num="172" count="6" type="stmt"/>
        <line num="176" count="64" type="stmt"/>
        <line num="179" count="3" type="stmt"/>
        <line num="181" count="72" type="stmt"/>
        <line num="184" count="3" type="stmt"/>
        <line num="186" count="3" type="stmt"/>
        <line num="189" count="3" type="stmt"/>
        <line num="191" count="82" type="stmt"/>
        <line num="194" count="8" type="cond" truecount="2" falsecount="0"/>
        <line num="196" count="6" type="cond" truecount="2" falsecount="0"/>
        <line num="198" count="4" type="stmt"/>
        <line num="200" count="82" type="stmt"/>
        <line num="204" count="5" type="stmt"/>
        <line num="207" count="60" type="stmt"/>
        <line num="210" count="13" type="stmt"/>
        <line num="213" count="2" type="stmt"/>
        <line num="216" count="2" type="stmt"/>
        <line num="220" count="6" type="stmt"/>
        <line num="223" count="4" type="stmt"/>
        <line num="226" count="2" type="cond" truecount="1" falsecount="1"/>
        <line num="228" count="69" type="cond" truecount="1" falsecount="1"/>
        <line num="232" count="2" type="stmt"/>
        <line num="235" count="2" type="stmt"/>
        <line num="238" count="1" type="stmt"/>
        <line num="241" count="1" type="stmt"/>
        <line num="245" count="1" type="stmt"/>
        <line num="248" count="12" type="stmt"/>
        <line num="251" count="1" type="stmt"/>
        <line num="254" count="1" type="stmt"/>
        <line num="258" count="1" type="cond" truecount="1" falsecount="1"/>
        <line num="263" count="0" type="cond" truecount="0" falsecount="2"/>
        <line num="268" count="13" type="stmt"/>
        <line num="271" count="5" type="stmt"/>
        <line num="274" count="1" type="stmt"/>
        <line num="278" count="1" type="cond" truecount="1" falsecount="1"/>
        <line num="283" count="59" type="cond" truecount="1" falsecount="1"/>
        <line num="288" count="3" type="stmt"/>
        <line num="291" count="5" type="stmt"/>
        <line num="294" count="1" type="stmt"/>
        <line num="298" count="3" type="cond" truecount="1" falsecount="1"/>
        <line num="301" count="3" type="cond" truecount="1" falsecount="1"/>
        <line num="306" count="75" type="cond" truecount="2" falsecount="0"/>
        <line num="311" count="4" type="cond" truecount="1" falsecount="1"/>
        <line num="317" count="4" type="stmt"/>
        <line num="320" count="3" type="stmt"/>
        <line num="322" count="2" type="stmt"/>
        <line num="324" count="1" type="stmt"/>
        <line num="326" count="2" type="stmt"/>
        <line num="328" count="2" type="stmt"/>
        <line num="330" count="3" type="stmt"/>
        <line num="332" count="3" type="stmt"/>
        <line num="334" count="3" type="stmt"/>
        <line num="337" count="2" type="stmt"/>
        <line num="340" count="2" type="stmt"/>
        <line num="342" count="2" type="stmt"/>
        <line num="344" count="1" type="stmt"/>
        <line num="346" count="499" type="stmt"/>
        <line num="350" count="417" type="stmt"/>
        <line num="354" count="72" type="stmt"/>
        <line num="355" count="394" type="cond" truecount="8" falsecount="0"/>
        <line num="357" count="36" type="stmt"/>
        <line num="359" count="62" type="stmt"/>
        <line num="361" count="58" type="stmt"/>
        <line num="363" count="54" type="stmt"/>
        <line num="365" count="24" type="stmt"/>
        <line num="367" count="22" type="stmt"/>
        <line num="369" count="18" type="stmt"/>
        <line num="371" count="120" type="stmt"/>
        <line num="374" count="72" type="stmt"/>
        <line num="375" count="197" type="stmt"/>
        <line num="376" count="197" type="cond" truecount="2" falsecount="0"/>
        <line num="377" count="137" type="stmt"/>
        <line num="379" count="60" type="stmt"/>
        <line num="382" count="72" type="stmt"/>
        <line num="383" count="72" type="stmt"/>
        <line num="384" count="197" type="cond" truecount="1" falsecount="1"/>
        <line num="387" count="197" type="stmt"/>
        <line num="388" count="72" type="stmt"/>
      </file>
      <file name="invalid.js" path="/home/isaac/code/luxon/src/impl/invalid.js">
        <metrics statements="5" coveredstatements="5" conditionals="2" coveredconditionals="2" methods="2" coveredmethods="2"/>
        <line num="3" count="221" type="stmt"/>
        <line num="4" count="221" type="stmt"/>
        <line num="8" count="11" type="cond" truecount="2" falsecount="0"/>
        <line num="9" count="5" type="stmt"/>
        <line num="11" count="6" type="stmt"/>
      </file>
      <file name="locale.js" path="/home/isaac/code/luxon/src/impl/locale.js">
        <metrics statements="181" coveredstatements="160" conditionals="152" coveredconditionals="126" methods="51" coveredmethods="47"/>
        <line num="9" count="54" type="stmt"/>
        <line num="11" count="0" type="stmt"/>
        <line num="12" count="0" type="stmt"/>
        <line num="13" count="0" type="cond" truecount="0" falsecount="2"/>
        <line num="14" count="0" type="stmt"/>
        <line num="15" count="0" type="stmt"/>
        <line num="17" count="0" type="stmt"/>
        <line num="20" count="54" type="stmt"/>
        <line num="22" count="869" type="stmt"/>
        <line num="23" count="869" type="stmt"/>
        <line num="24" count="869" type="cond" truecount="2" falsecount="0"/>
        <line num="25" count="181" type="stmt"/>
        <line num="26" count="181" type="stmt"/>
        <line num="28" count="869" type="stmt"/>
        <line num="31" count="54" type="stmt"/>
        <line num="33" count="23" type="stmt"/>
        <line num="34" count="23" type="stmt"/>
        <line num="35" count="23" type="cond" truecount="2" falsecount="0"/>
        <line num="36" count="8" type="stmt"/>
        <line num="37" count="8" type="stmt"/>
        <line num="39" count="23" type="stmt"/>
        <line num="42" count="54" type="stmt"/>
        <line num="44" count="0" type="stmt"/>
        <line num="45" count="0" type="stmt"/>
        <line num="46" count="0" type="stmt"/>
        <line num="47" count="0" type="cond" truecount="0" falsecount="2"/>
        <line num="48" count="0" type="stmt"/>
        <line num="49" count="0" type="stmt"/>
        <line num="51" count="0" type="stmt"/>
        <line num="54" count="54" type="stmt"/>
        <line num="56" count="3912" type="cond" truecount="2" falsecount="0"/>
        <line num="57" count="3862" type="stmt"/>
        <line num="59" count="50" type="stmt"/>
        <line num="60" count="50" type="stmt"/>
        <line num="73" count="5236" type="stmt"/>
        <line num="74" count="5236" type="cond" truecount="2" falsecount="0"/>
        <line num="75" count="5233" type="stmt"/>
        <line num="78" count="3" type="stmt"/>
        <line num="79" count="3" type="stmt"/>
        <line num="80" count="3" type="stmt"/>
        <line num="82" count="0" type="stmt"/>
        <line num="85" count="3" type="stmt"/>
        <line num="87" count="3" type="stmt"/>
        <line num="92" count="5236" type="cond" truecount="4" falsecount="0"/>
        <line num="93" count="127" type="stmt"/>
        <line num="95" count="127" type="cond" truecount="2" falsecount="0"/>
        <line num="96" count="83" type="stmt"/>
        <line num="99" count="127" type="cond" truecount="2" falsecount="0"/>
        <line num="100" count="74" type="stmt"/>
        <line num="102" count="127" type="stmt"/>
        <line num="104" count="5109" type="stmt"/>
        <line num="109" count="44" type="stmt"/>
        <line num="110" count="44" type="stmt"/>
        <line num="111" count="528" type="stmt"/>
        <line num="112" count="528" type="stmt"/>
        <line num="114" count="44" type="stmt"/>
        <line num="118" count="7" type="stmt"/>
        <line num="119" count="7" type="stmt"/>
        <line num="120" count="49" type="stmt"/>
        <line num="121" count="49" type="stmt"/>
        <line num="123" count="7" type="stmt"/>
        <line num="127" count="199" type="stmt"/>
        <line num="129" count="199" type="cond" truecount="1" falsecount="1"/>
        <line num="130" count="0" type="stmt"/>
        <line num="131" count="199" type="cond" truecount="2" falsecount="0"/>
        <line num="132" count="110" type="stmt"/>
        <line num="134" count="89" type="stmt"/>
        <line num="139" count="152" type="cond" truecount="4" falsecount="0"/>
        <line num="140" count="2" type="stmt"/>
        <line num="142" count="150" type="stmt"/>
        <line num="157" count="278" type="cond" truecount="2" falsecount="0"/>
        <line num="158" count="278" type="cond" truecount="2" falsecount="0"/>
        <line num="160" count="278" type="cond" truecount="2" falsecount="0"/>
        <line num="161" count="23" type="stmt"/>
        <line num="162" count="23" type="cond" truecount="2" falsecount="0"/>
        <line num="163" count="23" type="stmt"/>
        <line num="168" count="278" type="cond" truecount="2" falsecount="0"/>
        <line num="169" count="23" type="cond" truecount="2" falsecount="0"/>
        <line num="170" count="23" type="stmt"/>
        <line num="173" count="255" type="cond" truecount="2" falsecount="0"/>
        <line num="174" count="255" type="stmt"/>
        <line num="185" count="866" type="stmt"/>
        <line num="188" count="866" type="cond" truecount="2" falsecount="0"/>
        <line num="195" count="742" type="stmt"/>
        <line num="196" count="742" type="cond" truecount="2" falsecount="0"/>
        <line num="197" count="742" type="cond" truecount="4" falsecount="0"/>
        <line num="198" count="2" type="stmt"/>
        <line num="199" count="2" type="stmt"/>
        <line num="208" count="740" type="stmt"/>
        <line num="209" count="740" type="cond" truecount="2" falsecount="0"/>
        <line num="210" count="2" type="stmt"/>
        <line num="212" count="738" type="cond" truecount="1" falsecount="1"/>
        <line num="215" count="124" type="cond" truecount="2" falsecount="0"/>
        <line num="216" count="99" type="stmt"/>
        <line num="218" count="25" type="stmt"/>
        <line num="219" count="25" type="stmt"/>
        <line num="222" count="866" type="stmt"/>
        <line num="223" count="866" type="cond" truecount="2" falsecount="0"/>
        <line num="224" count="767" type="stmt"/>
        <line num="226" count="866" type="stmt"/>
        <line num="230" count="142" type="stmt"/>
        <line num="234" count="721" type="stmt"/>
        <line num="238" count="3" type="stmt"/>
        <line num="247" count="73" type="stmt"/>
        <line num="248" count="73" type="cond" truecount="3" falsecount="1"/>
        <line num="249" count="0" type="stmt"/>
        <line num="254" count="73" type="cond" truecount="1" falsecount="1"/>
        <line num="255" count="0" type="stmt"/>
        <line num="257" count="73" type="stmt"/>
        <line num="262" count="0" type="cond" truecount="0" falsecount="2"/>
        <line num="263" count="0" type="stmt"/>
        <line num="265" count="0" type="stmt"/>
        <line num="276" count="249" type="stmt"/>
[...]
        <line num="137" count="44" type="stmt"/>
        <line num="139" count="9" type="stmt"/>
        <line num="141" count="29" type="stmt"/>
        <line num="143" count="7" type="stmt"/>
        <line num="145" count="4" type="stmt"/>
        <line num="147" count="2" type="stmt"/>
        <line num="150" count="45" type="stmt"/>
        <line num="153" count="2" type="stmt"/>
        <line num="155" count="1" type="stmt"/>
        <line num="158" count="1" type="stmt"/>
        <line num="160" count="3" type="stmt"/>
        <line num="164" count="7" type="stmt"/>
        <line num="166" count="7" type="stmt"/>
        <line num="168" count="12" type="stmt"/>
        <line num="170" count="1" type="stmt"/>
        <line num="172" count="1" type="stmt"/>
        <line num="176" count="14" type="stmt"/>
        <line num="178" count="2" type="stmt"/>
        <line num="182" count="16" type="stmt"/>
        <line num="184" count="511" type="stmt"/>
        <line num="188" count="1433" type="cond" truecount="1" falsecount="1"/>
        <line num="192" count="1433" type="stmt"/>
        <line num="194" count="1433" type="stmt"/>
        <line num="197" count="54" type="stmt"/>
        <line num="233" count="364" type="stmt"/>
        <line num="235" count="364" type="cond" truecount="2" falsecount="0"/>
        <line num="236" count="158" type="stmt"/>
        <line num="242" count="206" type="stmt"/>
        <line num="244" count="206" type="stmt"/>
        <line num="245" count="206" type="cond" truecount="2" falsecount="0"/>
        <line num="246" count="180" type="stmt"/>
        <line num="249" count="206" type="cond" truecount="2" falsecount="0"/>
        <line num="250" count="188" type="stmt"/>
        <line num="256" count="18" type="stmt"/>
        <line num="260" count="1433" type="stmt"/>
        <line num="261" count="249" type="stmt"/>
        <line num="265" count="249" type="stmt"/>
        <line num="267" count="249" type="cond" truecount="2" falsecount="0"/>
        <line num="268" count="211" type="stmt"/>
        <line num="269" count="211" type="stmt"/>
        <line num="270" count="211" type="stmt"/>
        <line num="271" count="1352" type="cond" truecount="1" falsecount="1"/>
        <line num="272" count="1352" type="stmt"/>
        <line num="273" count="1352" type="cond" truecount="2" falsecount="0"/>
        <line num="274" count="1352" type="cond" truecount="4" falsecount="0"/>
        <line num="275" count="775" type="stmt"/>
        <line num="277" count="1352" type="stmt"/>
        <line num="280" count="211" type="stmt"/>
        <line num="282" count="38" type="stmt"/>
        <line num="287" count="249" type="stmt"/>
        <line num="288" count="799" type="cond" truecount="16" falsecount="0"/>
        <line num="290" count="45" type="stmt"/>
        <line num="292" count="58" type="stmt"/>
        <line num="294" count="90" type="stmt"/>
        <line num="297" count="102" type="stmt"/>
        <line num="299" count="104" type="stmt"/>
        <line num="301" count="6" type="stmt"/>
        <line num="304" count="118" type="stmt"/>
        <line num="306" count="141" type="stmt"/>
        <line num="309" count="25" type="stmt"/>
        <line num="311" count="4" type="stmt"/>
        <line num="313" count="3" type="stmt"/>
        <line num="315" count="13" type="stmt"/>
        <line num="317" count="90" type="stmt"/>
        <line num="321" count="249" type="stmt"/>
        <line num="323" count="249" type="cond" truecount="2" falsecount="0"/>
        <line num="324" count="15" type="stmt"/>
        <line num="327" count="249" type="cond" truecount="2" falsecount="0"/>
        <line num="328" count="16" type="cond" truecount="2" falsecount="0"/>
        <line num="329" count="10" type="stmt"/>
        <line num="331" count="16" type="stmt"/>
        <line num="334" count="249" type="cond" truecount="2" falsecount="0"/>
        <line num="335" count="13" type="stmt"/>
        <line num="338" count="249" type="cond" truecount="2" falsecount="0"/>
        <line num="339" count="63" type="cond" truecount="4" falsecount="0"/>
        <line num="340" count="31" type="stmt"/>
        <line num="341" count="32" type="cond" truecount="4" falsecount="0"/>
        <line num="342" count="1" type="stmt"/>
        <line num="346" count="249" type="cond" truecount="4" falsecount="0"/>
        <line num="347" count="2" type="stmt"/>
        <line num="350" count="249" type="cond" truecount="2" falsecount="0"/>
        <line num="351" count="11" type="stmt"/>
        <line num="354" count="249" type="stmt"/>
        <line num="355" count="799" type="stmt"/>
        <line num="356" count="799" type="cond" truecount="2" falsecount="0"/>
        <line num="357" count="709" type="stmt"/>
        <line num="360" count="799" type="stmt"/>
        <line num="363" count="249" type="stmt"/>
        <line num="366" count="54" type="stmt"/>
        <line num="369" count="48" type="cond" truecount="2" falsecount="0"/>
        <line num="370" count="1" type="stmt"/>
        <line num="373" count="48" type="stmt"/>
        <line num="377" count="1275" type="cond" truecount="2" falsecount="0"/>
        <line num="378" count="30" type="stmt"/>
        <line num="381" count="1245" type="stmt"/>
        <line num="383" count="1245" type="cond" truecount="2" falsecount="0"/>
        <line num="384" count="1197" type="stmt"/>
        <line num="387" count="48" type="stmt"/>
        <line num="388" count="48" type="stmt"/>
        <line num="390" count="364" type="stmt"/>
        <line num="392" count="48" type="cond" truecount="2" falsecount="0"/>
        <line num="393" count="18" type="stmt"/>
        <line num="396" count="30" type="stmt"/>
        <line num="400" count="1275" type="stmt"/>
        <line num="408" count="249" type="stmt"/>
        <line num="409" count="1433" type="stmt"/>
        <line num="410" count="1433" type="stmt"/>
        <line num="412" count="249" type="cond" truecount="1" falsecount="1"/>
        <line num="413" count="0" type="stmt"/>
        <line num="415" count="249" type="stmt"/>
        <line num="416" count="249" type="stmt"/>
        <line num="417" count="249" type="stmt"/>
        <line num="418" count="249" type="cond" truecount="1" falsecount="1"/>
        <line num="421" count="249" type="cond" truecount="4" falsecount="0"/>
        <line num="422" count="1" type="stmt"/>
        <line num="426" count="248" type="stmt"/>
        <line num="431" count="223" type="stmt"/>
        <line num="432" count="222" type="stmt"/>
      </file>
      <file name="util.js" path="/home/isaac/code/luxon/src/impl/util.js">
        <metrics statements="97" coveredstatements="96" conditionals="93" coveredconditionals="89" methods="32" coveredmethods="32"/>
        <line num="16" count="57768" type="stmt"/>
        <line num="20" count="9999" type="stmt"/>
        <line num="24" count="11983" type="cond" truecount="2" falsecount="0"/>
        <line num="28" count="2688" type="stmt"/>
        <line num="32" count="44" type="stmt"/>
        <line num="38" count="5" type="stmt"/>
        <line num="39" count="5" type="cond" truecount="2" falsecount="0"/>
        <line num="41" count="0" type="stmt"/>
        <line num="48" count="209" type="cond" truecount="2" falsecount="0"/>
        <line num="52" count="8" type="cond" truecount="2" falsecount="0"/>
        <line num="53" count="2" type="stmt"/>
        <line num="55" count="6" type="stmt"/>
        <line num="56" count="14" type="stmt"/>
        <line num="57" count="14" type="cond" truecount="2" falsecount="0"/>
        <line num="58" count="6" type="stmt"/>
        <line num="59" count="8" type="cond" truecount="2" falsecount="0"/>
        <line num="60" count="5" type="stmt"/>
        <line num="62" count="3" type="stmt"/>
        <line num="68" count="200" type="stmt"/>
        <line num="69" count="800" type="stmt"/>
        <line num="70" count="800" type="stmt"/>
        <line num="75" count="19373" type="stmt"/>
        <line num="81" count="10262" type="cond" truecount="3" falsecount="0"/>
        <line num="86" count="3546" type="stmt"/>
        <line num="90" count="813" type="cond" truecount="2" falsecount="0"/>
        <line num="91" count="813" type="cond" truecount="2" falsecount="0"/>
        <line num="94" count="813" type="cond" truecount="2" falsecount="0"/>
        <line num="95" count="380" type="stmt"/>
        <line num="97" count="433" type="stmt"/>
        <line num="100" count="813" type="stmt"/>
        <line num="104" count="1029" type="cond" truecount="5" falsecount="0"/>
        <line num="105" count="1" type="stmt"/>
        <line num="107" count="1028" type="stmt"/>
        <line num="112" count="266" type="cond" truecount="5" falsecount="0"/>
        <line num="113" count="189" type="stmt"/>
        <line num="115" count="77" type="stmt"/>
        <line num="121" count="250" type="cond" truecount="5" falsecount="0"/>
        <line num="122" count="190" type="stmt"/>
        <line num="124" count="60" type="stmt"/>
        <line num="125" count="60" type="stmt"/>
        <line num="130" count="228" type="stmt"/>
        <line num="131" count="228" type="cond" truecount="2" falsecount="0"/>
        <line num="132" count="228" type="stmt"/>
        <line num="138" count="398" type="cond" truecount="2" falsecount="1"/>
        <line num="142" count="59" type="cond" truecount="2" falsecount="0"/>
        <line num="146" count="3546" type="stmt"/>
        <line num="147" count="3546" type="stmt"/>
        <line num="149" count="3546" type="cond" truecount="2" falsecount="0"/>
        <line num="150" count="135" type="cond" truecount="2" falsecount="0"/>
        <line num="152" count="3411" type="stmt"/>
        <line num="158" count="4362" type="stmt"/>
        <line num="169" count="4362" type="cond" truecount="4" falsecount="0"/>
        <line num="170" count="23" type="stmt"/>
        <line num="171" count="23" type="stmt"/>
        <line num="173" count="4362" type="stmt"/>
        <line num="178" count="155" type="stmt"/>
        <line num="183" count="155" type="stmt"/>
        <line num="184" count="155" type="stmt"/>
        <line num="185" count="155" type="cond" truecount="4" falsecount="0"/>
        <line num="189" count="8" type="cond" truecount="2" falsecount="0"/>
        <line num="190" count="1" type="stmt"/>
        <line num="191" count="7" type="cond" truecount="2" falsecount="0"/>
        <line num="197" count="8" type="stmt"/>
        <line num="198" count="8" type="stmt"/>
        <line num="207" count="8" type="cond" truecount="2" falsecount="0"/>
        <line num="208" count="6" type="stmt"/>
        <line num="211" count="8" type="stmt"/>
        <line num="213" count="8" type="stmt"/>
        <line num="215" count="88" type="stmt"/>
        <line num="216" count="8" type="cond" truecount="1" falsecount="1"/>
        <line num="221" count="231" type="stmt"/>
        <line num="224" count="231" type="cond" truecount="2" falsecount="0"/>
        <line num="225" count="178" type="stmt"/>
        <line num="228" count="231" type="cond" truecount="2" falsecount="0"/>
        <line num="229" count="231" type="cond" truecount="4" falsecount="0"/>
        <line num="230" count="231" type="stmt"/>
        <line num="236" count="16222" type="stmt"/>
        <line num="237" count="16222" type="cond" truecount="5" falsecount="0"/>
        <line num="238" count="14" type="stmt"/>
        <line num="239" count="16208" type="stmt"/>
        <line num="243" count="4379" type="stmt"/>
        <line num="244" count="4379" type="stmt"/>
        <line num="245" count="16566" type="cond" truecount="1" falsecount="1"/>
        <line num="246" count="16566" type="stmt"/>
        <line num="247" count="16566" type="cond" truecount="4" falsecount="0"/>
        <line num="248" count="16186" type="stmt"/>
        <line num="251" count="4358" type="stmt"/>
        <line num="255" count="73" type="stmt"/>
        <line num="256" count="73" type="stmt"/>
        <line num="257" count="73" type="cond" truecount="2" falsecount="0"/>
        <line num="259" count="73" type="cond" truecount="4" falsecount="0"/>
        <line num="261" count="38" type="stmt"/>
        <line num="263" count="22" type="cond" truecount="2" falsecount="0"/>
        <line num="265" count="12" type="stmt"/>
        <line num="267" count="1" type="stmt"/>
        <line num="272" count="200" type="stmt"/>
        <line num="275" count="55" type="stmt"/>
      </file>
      <file name="zoneUtil.js" path="/home/isaac/code/luxon/src/impl/zoneUtil.js">
        <metrics statements="15" coveredstatements="12" conditionals="27" coveredconditionals="20" methods="1" coveredmethods="1"/>
        <line num="14" count="5339" type="cond" truecount="4" falsecount="0"/>
        <line num="15" count="1587" type="stmt"/>
        <line num="16" count="3752" type="cond" truecount="2" falsecount="0"/>
        <line num="17" count="1064" type="stmt"/>
        <line num="18" count="2688" type="cond" truecount="2" falsecount="0"/>
        <line num="19" count="2685" type="stmt"/>
        <line num="20" count="2685" type="cond" truecount="4" falsecount="0"/>
        <line num="21" count="153" type="cond" truecount="4" falsecount="0"/>
        <line num="22" count="123" type="cond" truecount="2" falsecount="0"/>
        <line num="23" count="9" type="cond" truecount="1" falsecount="1"/>
        <line num="24" count="3" type="cond" truecount="1" falsecount="1"/>
        <line num="25" count="3" type="stmt"/>
        <line num="26" count="0" type="cond" truecount="0" falsecount="5"/>
        <line num="29" count="0" type="stmt"/>
        <line num="31" count="0" type="stmt"/>
      </file>
    </package>
    <package name="src.zones">
      <metrics statements="93" coveredstatements="89" conditionals="34" coveredconditionals="33" methods="46" coveredmethods="45"/>
      <file name="IANAZone.js" path="/home/isaac/code/luxon/src/zones/IANAZone.js">
        <metrics statements="51" coveredstatements="47" conditionals="20" coveredconditionals="19" methods="16" coveredmethods="15"/>
        <line num="4" count="54" type="stmt"/>
        <line num="6" count="54" type="stmt"/>
        <line num="8" count="497" type="cond" truecount="2" falsecount="0"/>
        <line num="9" count="39" type="stmt"/>
        <line num="20" count="497" type="stmt"/>
        <line num="23" count="54" type="stmt"/>
        <line num="33" count="0" type="stmt"/>
        <line num="34" count="0" type="stmt"/>
        <line num="35" count="0" type="stmt"/>
        <line num="36" count="0" type="stmt"/>
        <line num="40" count="497" type="stmt"/>
        <line num="41" count="497" type="stmt"/>
        <line num="42" count="497" type="stmt"/>
        <line num="43" count="5467" type="stmt"/>
        <line num="44" count="5467" type="stmt"/>
        <line num="46" count="5467" type="cond" truecount="2" falsecount="0"/>
        <line num="47" count="2982" type="stmt"/>
        <line num="50" count="497" type="stmt"/>
        <line num="53" count="54" type="stmt"/>
        <line num="64" count="147" type="cond" truecount="2" falsecount="0"/>
        <line num="65" count="60" type="stmt"/>
        <line num="67" count="147" type="stmt"/>
        <line num="75" count="6" type="stmt"/>
        <line num="76" count="6" type="stmt"/>
        <line num="88" count="137" type="cond" truecount="2" falsecount="0"/>
        <line num="100" count="98" type="cond" truecount="2" falsecount="0"/>
        <line num="101" count="5" type="stmt"/>
        <line num="103" count="93" type="stmt"/>
        <line num="104" count="93" type="stmt"/>
        <line num="105" count="71" type="stmt"/>
        <line num="107" count="22" type="stmt"/>
        <line num="112" count="85" type="stmt"/>
        <line num="114" count="85" type="stmt"/>
        <line num="116" count="85" type="stmt"/>
        <line num="121" count="119" type="stmt"/>
        <line num="126" count="665" type="stmt"/>
        <line num="131" count="42" type="stmt"/>
        <line num="136" count="6" type="stmt"/>
        <line num="141" count="9" type="stmt"/>
        <line num="146" count="501" type="stmt"/>
        <line num="148" count="501" type="cond" truecount="2" falsecount="0"/>
        <line num="150" count="497" type="stmt"/>
        <line num="151" count="497" type="cond" truecount="1" falsecount="1"/>
        <line num="156" count="497" type="cond" truecount="2" falsecount="0"/>
        <line num="158" count="497" type="stmt"/>
        <line num="168" count="497" type="stmt"/>
        <line num="169" count="497" type="stmt"/>
        <line num="170" count="497" type="cond" truecount="2" falsecount="0"/>
        <line num="171" count="497" type="stmt"/>
        <line num="176" count="100" type="cond" truecount="2" falsecount="0"/>
        <line num="181" count="335" type="stmt"/>
      </file>
      <file name="fixedOffsetZone.js" path="/home/isaac/code/luxon/src/zones/fixedOffsetZone.js">
        <metrics statements="20" coveredstatements="20" conditionals="12" coveredconditionals="12" methods="12" coveredmethods="12"/>
        <line num="4" count="54" type="stmt"/>
        <line num="16" count="946" type="cond" truecount="2" falsecount="0"/>
        <line num="17" count="20" type="stmt"/>
        <line num="19" count="946" type="stmt"/>
        <line num="28" count="253" type="cond" truecount="2" falsecount="0"/>
        <line num="40" count="17" type="cond" truecount="2" falsecount="0"/>
        <line num="41" count="14" type="stmt"/>
        <line num="42" count="14" type="cond" truecount="2" falsecount="0"/>
        <line num="43" count="12" type="stmt"/>
        <line num="46" count="5" type="stmt"/>
        <line num="50" count="103" type="stmt"/>
        <line num="52" count="103" type="stmt"/>
        <line num="57" count="407" type="stmt"/>
        <line num="62" count="41" type="cond" truecount="2" falsecount="0"/>
        <line num="67" count="13" type="stmt"/>
        <line num="72" count="32" type="stmt"/>
        <line num="77" count="806" type="stmt"/>
        <line num="82" count="3299" type="stmt"/>
        <line num="87" count="519" type="cond" truecount="2" falsecount="0"/>
        <line num="92" count="1664" type="stmt"/>
      </file>
      <file name="invalidZone.js" path="/home/isaac/code/luxon/src/zones/invalidZone.js">
        <metrics statements="10" coveredstatements="10" conditionals="0" coveredconditionals="0" methods="9" coveredmethods="9"/>
        <line num="9" count="2" type="stmt"/>
        <line num="11" count="2" type="stmt"/>
        <line num="16" count="1" type="stmt"/>
        <line num="21" count="1" type="stmt"/>
        <line num="26" count="1" type="stmt"/>
        <line num="31" count="1" type="stmt"/>
        <line num="36" count="1" type="stmt"/>
        <line num="41" count="1" type="stmt"/>
        <line num="46" count="1" type="stmt"/>
        <line num="51" count="1" type="stmt"/>
      </file>
      <file name="systemZone.js" path="/home/isaac/code/luxon/src/zones/systemZone.js">
        <metrics statements="12" coveredstatements="12" conditionals="2" coveredconditionals="2" methods="9" coveredmethods="9"/>
        <line num="4" count="54" type="stmt"/>
        <line num="16" count="2776" type="cond" truecount="2" falsecount="0"/>
        <line num="17" count="35" type="stmt"/>
        <line num="19" count="2776" type="stmt"/>
        <line num="24" count="1333" type="stmt"/>
        <line num="29" count="7" type="stmt"/>
        <line num="34" count="119" type="stmt"/>
        <line num="39" count="2" type="stmt"/>
        <line num="44" count="16" type="stmt"/>
        <line num="49" count="6565" type="stmt"/>
        <line num="54" count="1111" type="stmt"/>
        <line num="59" count="3626" type="stmt"/>
      </file>
    </package>
  </project>
</coverage>
