{"/Users/isaaccambron/code/luxon/src/datetime.js": {"path":"/Users/isaaccambron/code/luxon/src/datetime.js","statementMap":{"0":{"start":{"line":45,"column":16},"end":{"line":45,"column":34}},"1":{"start":{"line":48,"column":2},"end":{"line":48,"column":85}},"2":{"start":{"line":53,"column":2},"end":{"line":55,"column":3}},"3":{"start":{"line":54,"column":4},"end":{"line":54,"column":40}},"4":{"start":{"line":56,"column":2},"end":{"line":56,"column":21}},"5":{"start":{"line":62,"column":18},"end":{"line":69,"column":3}},"6":{"start":{"line":70,"column":2},"end":{"line":70,"column":74}},"7":{"start":{"line":77,"column":17},"end":{"line":77,"column":40}},"8":{"start":{"line":80,"column":13},"end":{"line":80,"column":32}},"9":{"start":{"line":83,"column":2},"end":{"line":85,"column":3}},"10":{"start":{"line":84,"column":4},"end":{"line":84,"column":25}},"11":{"start":{"line":88,"column":2},"end":{"line":88,"column":35}},"12":{"start":{"line":91,"column":13},"end":{"line":91,"column":32}},"13":{"start":{"line":92,"column":2},"end":{"line":94,"column":3}},"14":{"start":{"line":93,"column":4},"end":{"line":93,"column":26}},"15":{"start":{"line":97,"column":2},"end":{"line":97,"column":68}},"16":{"start":{"line":102,"column":2},"end":{"line":102,"column":27}},"17":{"start":{"line":104,"column":12},"end":{"line":104,"column":24}},"18":{"start":{"line":106,"column":2},"end":{"line":114,"column":4}},"19":{"start":{"line":119,"column":2},"end":{"line":119,"column":52}},"20":{"start":{"line":124,"column":15},"end":{"line":124,"column":21}},"21":{"start":{"line":125,"column":11},"end":{"line":125,"column":34}},"22":{"start":{"line":126,"column":12},"end":{"line":126,"column":56}},"23":{"start":{"line":127,"column":8},"end":{"line":131,"column":6}},"24":{"start":{"line":132,"column":18},"end":{"line":137,"column":25}},"25":{"start":{"line":138,"column":14},"end":{"line":138,"column":29}},"26":{"start":{"line":140,"column":16},"end":{"line":140,"column":51}},"27":{"start":{"line":142,"column":2},"end":{"line":146,"column":3}},"28":{"start":{"line":143,"column":4},"end":{"line":143,"column":22}},"29":{"start":{"line":145,"column":4},"end":{"line":145,"column":29}},"30":{"start":{"line":148,"column":2},"end":{"line":148,"column":19}},"31":{"start":{"line":154,"column":28},"end":{"line":154,"column":32}},"32":{"start":{"line":155,"column":2},"end":{"line":169,"column":3}},"33":{"start":{"line":156,"column":31},"end":{"line":156,"column":49}},"34":{"start":{"line":157,"column":13},"end":{"line":163,"column":7}},"35":{"start":{"line":164,"column":4},"end":{"line":164,"column":47}},"36":{"start":{"line":166,"column":4},"end":{"line":168,"column":6}},"37":{"start":{"line":175,"column":2},"end":{"line":180,"column":11}},"38":{"start":{"line":195,"column":12},"end":{"line":195,"column":19}},"39":{"start":{"line":197,"column":2},"end":{"line":202,"column":3}},"40":{"start":{"line":198,"column":4},"end":{"line":198,"column":17}},"41":{"start":{"line":199,"column":4},"end":{"line":201,"column":5}},"42":{"start":{"line":200,"column":6},"end":{"line":200,"column":20}},"43":{"start":{"line":204,"column":2},"end":{"line":206,"column":3}},"44":{"start":{"line":205,"column":4},"end":{"line":205,"column":15}},"45":{"start":{"line":208,"column":2},"end":{"line":212,"column":3}},"46":{"start":{"line":209,"column":4},"end":{"line":209,"column":15}},"47":{"start":{"line":210,"column":9},"end":{"line":212,"column":3}},"48":{"start":{"line":211,"column":4},"end":{"line":211,"column":16}},"49":{"start":{"line":214,"column":2},"end":{"line":214,"column":31}},"50":{"start":{"line":218,"column":26},"end":{"line":225,"column":3}},"51":{"start":{"line":226,"column":26},"end":{"line":233,"column":3}},"52":{"start":{"line":234,"column":29},"end":{"line":240,"column":3}},"53":{"start":{"line":243,"column":21},"end":{"line":243,"column":88}},"54":{"start":{"line":244,"column":21},"end":{"line":252,"column":3}},"55":{"start":{"line":253,"column":24},"end":{"line":253,"column":86}},"56":{"start":{"line":257,"column":21},"end":{"line":280,"column":23}},"57":{"start":{"line":282,"column":2},"end":{"line":282,"column":52}},"58":{"start":{"line":282,"column":19},"end":{"line":282,"column":52}},"59":{"start":{"line":284,"column":2},"end":{"line":284,"column":20}},"60":{"start":{"line":292,"column":2},"end":{"line":296,"column":3}},"61":{"start":{"line":293,"column":4},"end":{"line":295,"column":5}},"62":{"start":{"line":294,"column":6},"end":{"line":294,"column":36}},"63":{"start":{"line":298,"column":18},"end":{"line":298,"column":73}},"64":{"start":{"line":299,"column":2},"end":{"line":301,"column":3}},"65":{"start":{"line":300,"column":4},"end":{"line":300,"column":37}},"66":{"start":{"line":303,"column":16},"end":{"line":303,"column":30}},"67":{"start":{"line":304,"column":19},"end":{"line":304,"column":37}},"68":{"start":{"line":305,"column":14},"end":{"line":305,"column":46}},"69":{"start":{"line":307,"column":2},"end":{"line":311,"column":5}},"70":{"start":{"line":315,"column":16},"end":{"line":315,"column":59}},"71":{"start":{"line":316,"column":13},"end":{"line":320,"column":5}},"72":{"start":{"line":317,"column":6},"end":{"line":317,"column":60}},"73":{"start":{"line":318,"column":24},"end":{"line":318,"column":62}},"74":{"start":{"line":319,"column":6},"end":{"line":319,"column":39}},"75":{"start":{"line":321,"column":13},"end":{"line":332,"column":5}},"76":{"start":{"line":322,"column":6},"end":{"line":331,"column":7}},"77":{"start":{"line":323,"column":8},"end":{"line":328,"column":24}},"78":{"start":{"line":324,"column":10},"end":{"line":327,"column":23}},"79":{"start":{"line":328,"column":15},"end":{"line":328,"column":24}},"80":{"start":{"line":330,"column":8},"end":{"line":330,"column":47}},"81":{"start":{"line":334,"column":2},"end":{"line":336,"column":3}},"82":{"start":{"line":335,"column":4},"end":{"line":335,"column":48}},"83":{"start":{"line":338,"column":2},"end":{"line":343,"column":3}},"84":{"start":{"line":339,"column":18},"end":{"line":339,"column":30}},"85":{"start":{"line":340,"column":4},"end":{"line":342,"column":5}},"86":{"start":{"line":341,"column":6},"end":{"line":341,"column":33}},"87":{"start":{"line":344,"column":2},"end":{"line":344,"column":54}},"88":{"start":{"line":372,"column":17},"end":{"line":372,"column":52}},"89":{"start":{"line":374,"column":8},"end":{"line":376,"column":54}},"90":{"start":{"line":380,"column":4},"end":{"line":380,"column":66}},"91":{"start":{"line":382,"column":12},"end":{"line":382,"column":16}},"92":{"start":{"line":383,"column":10},"end":{"line":383,"column":14}},"93":{"start":{"line":384,"column":4},"end":{"line":388,"column":5}},"94":{"start":{"line":385,"column":24},"end":{"line":385,"column":95}},"95":{"start":{"line":386,"column":6},"end":{"line":386,"column":76}},"96":{"start":{"line":387,"column":6},"end":{"line":387,"column":58}},"97":{"start":{"line":393,"column":4},"end":{"line":393,"column":22}},"98":{"start":{"line":397,"column":4},"end":{"line":397,"column":45}},"99":{"start":{"line":401,"column":4},"end":{"line":401,"column":27}},"100":{"start":{"line":405,"column":4},"end":{"line":405,"column":25}},"101":{"start":{"line":409,"column":4},"end":{"line":409,"column":15}},"102":{"start":{"line":413,"column":4},"end":{"line":413,"column":15}},"103":{"start":{"line":417,"column":4},"end":{"line":417,"column":32}},"104":{"start":{"line":442,"column":4},"end":{"line":457,"column":5}},"105":{"start":{"line":443,"column":6},"end":{"line":443,"column":50}},"106":{"start":{"line":445,"column":6},"end":{"line":456,"column":8}},"107":{"start":{"line":480,"column":4},"end":{"line":498,"column":5}},"108":{"start":{"line":481,"column":6},"end":{"line":484,"column":9}},"109":{"start":{"line":486,"column":6},"end":{"line":497,"column":8}},"110":{"start":{"line":509,"column":15},"end":{"line":509,"column":50}},"111":{"start":{"line":510,"column":4},"end":{"line":512,"column":5}},"112":{"start":{"line":511,"column":6},"end":{"line":511,"column":47}},"113":{"start":{"line":514,"column":22},"end":{"line":514,"column":71}},"114":{"start":{"line":515,"column":4},"end":{"line":517,"column":5}},"115":{"start":{"line":516,"column":6},"end":{"line":516,"column":58}},"116":{"start":{"line":519,"column":4},"end":{"line":523,"column":7}},"117":{"start":{"line":537,"column":4},"end":{"line":545,"column":5}},"118":{"start":{"line":538,"column":6},"end":{"line":538,"column":78}},"119":{"start":{"line":540,"column":6},"end":{"line":544,"column":9}},"120":{"start":{"line":559,"column":4},"end":{"line":567,"column":5}},"121":{"start":{"line":560,"column":6},"end":{"line":560,"column":79}},"122":{"start":{"line":562,"column":6},"end":{"line":566,"column":9}},"123":{"start":{"line":598,"column":22},"end":{"line":598,"column":67}},"124":{"start":{"line":599,"column":4},"end":{"line":601,"column":5}},"125":{"start":{"line":600,"column":6},"end":{"line":600,"column":58}},"126":{"start":{"line":603,"column":18},"end":{"line":603,"column":32}},"127":{"start":{"line":604,"column":21},"end":{"line":604,"column":44}},"128":{"start":{"line":605,"column":19},"end":{"line":610,"column":8}},"129":{"start":{"line":611,"column":24},"end":{"line":611,"column":56}},"130":{"start":{"line":612,"column":27},"end":{"line":612,"column":56}},"131":{"start":{"line":613,"column":25},"end":{"line":613,"column":87}},"132":{"start":{"line":614,"column":23},"end":{"line":614,"column":61}},"133":{"start":{"line":615,"column":24},"end":{"line":615,"column":68}},"134":{"start":{"line":616,"column":12},"end":{"line":616,"column":34}},"135":{"start":{"line":624,"column":4},"end":{"line":628,"column":5}},"136":{"start":{"line":625,"column":6},"end":{"line":627,"column":8}},"137":{"start":{"line":630,"column":4},"end":{"line":632,"column":5}},"138":{"start":{"line":631,"column":6},"end":{"line":631,"column":88}},"139":{"start":{"line":634,"column":24},"end":{"line":634,"column":82}},"140":{"start":{"line":639,"column":15},"end":{"line":639,"column":43}},"141":{"start":{"line":640,"column":4},"end":{"line":651,"column":5}},"142":{"start":{"line":641,"column":6},"end":{"line":641,"column":31}},"143":{"start":{"line":642,"column":6},"end":{"line":642,"column":44}},"144":{"start":{"line":643,"column":6},"end":{"line":643,"column":39}},"145":{"start":{"line":644,"column":11},"end":{"line":651,"column":5}},"146":{"start":{"line":645,"column":6},"end":{"line":645,"column":34}},"147":{"start":{"line":646,"column":6},"end":{"line":646,"column":47}},"148":{"start":{"line":647,"column":6},"end":{"line":647,"column":42}},"149":{"start":{"line":649,"column":6},"end":{"line":649,"column":27}},"150":{"start":{"line":650,"column":6},"end":{"line":650,"column":40}},"151":{"start":{"line":654,"column":21},"end":{"line":654,"column":26}},"152":{"start":{"line":655,"column":4},"end":{"line":664,"column":5}},"153":{"start":{"line":656,"column":16},"end":{"line":656,"column":29}},"154":{"start":{"line":657,"column":6},"end":{"line":663,"column":7}},"155":{"start":{"line":658,"column":8},"end":{"line":658,"column":26}},"156":{"start":{"line":659,"column":13},"end":{"line":663,"column":7}},"157":{"start":{"line":660,"column":8},"end":{"line":660,"column":41}},"158":{"start":{"line":662,"column":8},"end":{"line":662,"column":34}},"159":{"start":{"line":667,"column":31},"end":{"line":671,"column":47}},"160":{"start":{"line":672,"column":16},"end":{"line":672,"column":68}},"161":{"start":{"line":674,"column":4},"end":{"line":676,"column":5}},"162":{"start":{"line":675,"column":6},"end":{"line":675,"column":39}},"163":{"start":{"line":679,"column":22},"end":{"line":683,"column":22}},"164":{"start":{"line":684,"column":31},"end":{"line":684,"column":74}},"165":{"start":{"line":685,"column":13},"end":{"line":690,"column":8}},"166":{"start":{"line":693,"column":4},"end":{"line":698,"column":5}},"167":{"start":{"line":694,"column":6},"end":{"line":697,"column":8}},"168":{"start":{"line":700,"column":4},"end":{"line":700,"column":16}},"169":{"start":{"line":720,"column":31},"end":{"line":720,"column":49}},"170":{"start":{"line":721,"column":4},"end":{"line":721,"column":73}},"171":{"start":{"line":739,"column":31},"end":{"line":739,"column":53}},"172":{"start":{"line":740,"column":4},"end":{"line":740,"column":73}},"173":{"start":{"line":759,"column":31},"end":{"line":759,"column":50}},"174":{"start":{"line":760,"column":4},"end":{"line":760,"column":69}},"175":{"start":{"line":778,"column":4},"end":{"line":780,"column":5}},"176":{"start":{"line":779,"column":6},"end":{"line":779,"column":89}},"177":{"start":{"line":782,"column":54},"end":{"line":782,"column":58}},"178":{"start":{"line":783,"column":20},"end":{"line":787,"column":8}},"179":{"start":{"line":788,"column":36},"end":{"line":788,"column":75}},"180":{"start":{"line":789,"column":4},"end":{"line":793,"column":5}},"181":{"start":{"line":790,"column":6},"end":{"line":790,"column":39}},"182":{"start":{"line":792,"column":6},"end":{"line":792,"column":80}},"183":{"start":{"line":800,"column":4},"end":{"line":800,"column":48}},"184":{"start":{"line":824,"column":31},"end":{"line":824,"column":45}},"185":{"start":{"line":825,"column":4},"end":{"line":825,"column":68}},"186":{"start":{"line":835,"column":4},"end":{"line":837,"column":5}},"187":{"start":{"line":836,"column":6},"end":{"line":836,"column":89}},"188":{"start":{"line":839,"column":20},"end":{"line":839,"column":89}},"189":{"start":{"line":841,"column":4},"end":{"line":845,"column":5}},"190":{"start":{"line":842,"column":6},"end":{"line":842,"column":46}},"191":{"start":{"line":844,"column":6},"end":{"line":844,"column":39}},"192":{"start":{"line":854,"column":4},"end":{"line":854,"column":45}},"193":{"start":{"line":867,"column":4},"end":{"line":867,"column":22}},"194":{"start":{"line":877,"column":4},"end":{"line":877,"column":33}},"195":{"start":{"line":885,"column":4},"end":{"line":885,"column":53}},"196":{"start":{"line":893,"column":4},"end":{"line":893,"column":58}},"197":{"start":{"line":902,"column":4},"end":{"line":902,"column":49}},"198":{"start":{"line":911,"column":4},"end":{"line":911,"column":58}},"199":{"start":{"line":920,"column":4},"end":{"line":920,"column":57}},"200":{"start":{"line":928,"column":4},"end":{"line":928,"column":22}},"201":{"start":{"line":936,"column":4},"end":{"line":936,"column":48}},"202":{"start":{"line":945,"column":4},"end":{"line":945,"column":44}},"203":{"start":{"line":954,"column":4},"end":{"line":954,"column":60}},"204":{"start":{"line":963,"column":4},"end":{"line":963,"column":45}},"205":{"start":{"line":972,"column":4},"end":{"line":972,"column":43}},"206":{"start":{"line":981,"column":4},"end":{"line":981,"column":44}},"207":{"start":{"line":990,"column":4},"end":{"line":990,"column":46}},"208":{"start":{"line":999,"column":4},"end":{"line":999,"column":46}},"209":{"start":{"line":1008,"column":4},"end":{"line":1008,"column":51}},"210":{"start":{"line":1018,"column":4},"end":{"line":1018,"column":70}},"211":{"start":{"line":1028,"column":4},"end":{"line":1028,"column":72}},"212":{"start":{"line":1039,"column":4},"end":{"line":1039,"column":69}},"213":{"start":{"line":1048,"column":4},"end":{"line":1048,"column":67}},"214":{"start":{"line":1058,"column":4},"end":{"line":1058,"column":95}},"215":{"start":{"line":1068,"column":4},"end":{"line":1068,"column":94}},"216":{"start":{"line":1078,"column":4},"end":{"line":1078,"column":99}},"217":{"start":{"line":1088,"column":4},"end":{"line":1088,"column":98}},"218":{"start":{"line":1098,"column":4},"end":{"line":1098,"column":58}},"219":{"start":{"line":1107,"column":4},"end":{"line":1114,"column":5}},"220":{"start":{"line":1108,"column":6},"end":{"line":1111,"column":9}},"221":{"start":{"line":1113,"column":6},"end":{"line":1113,"column":18}},"222":{"start":{"line":1123,"column":4},"end":{"line":1130,"column":5}},"223":{"start":{"line":1124,"column":6},"end":{"line":1127,"column":9}},"224":{"start":{"line":1129,"column":6},"end":{"line":1129,"column":18}},"225":{"start":{"line":1138,"column":4},"end":{"line":1138,"column":53}},"226":{"start":{"line":1146,"column":4},"end":{"line":1152,"column":5}},"227":{"start":{"line":1147,"column":6},"end":{"line":1147,"column":19}},"228":{"start":{"line":1149,"column":6},"end":{"line":1151,"column":8}},"229":{"start":{"line":1162,"column":4},"end":{"line":1162,"column":33}},"230":{"start":{"line":1172,"column":4},"end":{"line":1172,"column":46}},"231":{"start":{"line":1182,"column":4},"end":{"line":1182,"column":54}},"232":{"start":{"line":1193,"column":4},"end":{"line":1193,"column":63}},"233":{"start":{"line":1203,"column":50},"end":{"line":1206,"column":27}},"234":{"start":{"line":1207,"column":4},"end":{"line":1207,"column":65}},"235":{"start":{"line":1221,"column":4},"end":{"line":1221,"column":64}},"236":{"start":{"line":1231,"column":4},"end":{"line":1231,"column":46}},"237":{"start":{"line":1244,"column":4},"end":{"line":1244,"column":53}},"238":{"start":{"line":1245,"column":4},"end":{"line":1257,"column":5}},"239":{"start":{"line":1246,"column":6},"end":{"line":1246,"column":18}},"240":{"start":{"line":1247,"column":11},"end":{"line":1257,"column":5}},"241":{"start":{"line":1248,"column":6},"end":{"line":1248,"column":53}},"242":{"start":{"line":1250,"column":18},"end":{"line":1250,"column":25}},"243":{"start":{"line":1251,"column":6},"end":{"line":1255,"column":7}},"244":{"start":{"line":1252,"column":28},"end":{"line":1252,"column":57}},"245":{"start":{"line":1253,"column":22},"end":{"line":1253,"column":37}},"246":{"start":{"line":1254,"column":8},"end":{"line":1254,"column":52}},"247":{"start":{"line":1256,"column":6},"end":{"line":1256,"column":46}},"248":{"start":{"line":1267,"column":16},"end":{"line":1267,"column":75}},"249":{"start":{"line":1268,"column":4},"end":{"line":1268,"column":32}},"250":{"start":{"line":1278,"column":4},"end":{"line":1278,"column":40}},"251":{"start":{"line":1292,"column":4},"end":{"line":1292,"column":35}},"252":{"start":{"line":1292,"column":23},"end":{"line":1292,"column":35}},"253":{"start":{"line":1294,"column":23},"end":{"line":1294,"column":65}},"254":{"start":{"line":1296,"column":8},"end":{"line":1298,"column":40}},"255":{"start":{"line":1301,"column":4},"end":{"line":1313,"column":5}},"256":{"start":{"line":1302,"column":6},"end":{"line":1302,"column":82}},"257":{"start":{"line":1303,"column":11},"end":{"line":1313,"column":5}},"258":{"start":{"line":1304,"column":6},"end":{"line":1304,"column":88}},"259":{"start":{"line":1306,"column":6},"end":{"line":1306,"column":57}},"260":{"start":{"line":1310,"column":6},"end":{"line":1312,"column":7}},"261":{"start":{"line":1311,"column":8},"end":{"line":1311,"column":78}},"262":{"start":{"line":1315,"column":20},"end":{"line":1315,"column":53}},"263":{"start":{"line":1316,"column":4},"end":{"line":1316,"column":34}},"264":{"start":{"line":1333,"column":4},"end":{"line":1333,"column":35}},"265":{"start":{"line":1333,"column":23},"end":{"line":1333,"column":35}},"266":{"start":{"line":1334,"column":16},"end":{"line":1334,"column":42}},"267":{"start":{"line":1335,"column":4},"end":{"line":1335,"column":46}},"268":{"start":{"line":1345,"column":4},"end":{"line":1345,"column":35}},"269":{"start":{"line":1345,"column":23},"end":{"line":1345,"column":35}},"270":{"start":{"line":1346,"column":16},"end":{"line":1346,"column":51}},"271":{"start":{"line":1347,"column":4},"end":{"line":1347,"column":46}},"272":{"start":{"line":1360,"column":4},"end":{"line":1360,"column":35}},"273":{"start":{"line":1360,"column":23},"end":{"line":1360,"column":35}},"274":{"start":{"line":1361,"column":14},"end":{"line":1361,"column":16}},"275":{"start":{"line":1362,"column":23},"end":{"line":1362,"column":51}},"276":{"start":{"line":1363,"column":4},"end":{"line":1387,"column":5}},"277":{"start":{"line":1365,"column":8},"end":{"line":1365,"column":20}},"278":{"start":{"line":1369,"column":8},"end":{"line":1369,"column":18}},"279":{"start":{"line":1373,"column":8},"end":{"line":1373,"column":19}},"280":{"start":{"line":1376,"column":8},"end":{"line":1376,"column":21}},"281":{"start":{"line":1379,"column":8},"end":{"line":1379,"column":21}},"282":{"start":{"line":1382,"column":8},"end":{"line":1382,"column":26}},"283":{"start":{"line":1383,"column":8},"end":{"line":1383,"column":14}},"284":{"start":{"line":1385,"column":8},"end":{"line":1385,"column":14}},"285":{"start":{"line":1389,"column":4},"end":{"line":1391,"column":5}},"286":{"start":{"line":1390,"column":6},"end":{"line":1390,"column":20}},"287":{"start":{"line":1393,"column":4},"end":{"line":1396,"column":5}},"288":{"start":{"line":1394,"column":16},"end":{"line":1394,"column":41}},"289":{"start":{"line":1395,"column":6},"end":{"line":1395,"column":32}},"290":{"start":{"line":1398,"column":4},"end":{"line":1398,"column":23}},"291":{"start":{"line":1411,"column":4},"end":{"line":1415,"column":13}},"292":{"start":{"line":1434,"column":4},"end":{"line":1436,"column":16}},"293":{"start":{"line":1458,"column":4},"end":{"line":1460,"column":16}},"294":{"start":{"line":1477,"column":4},"end":{"line":1479,"column":11}},"295":{"start":{"line":1494,"column":4},"end":{"line":1496,"column":5}},"296":{"start":{"line":1495,"column":6},"end":{"line":1495,"column":18}},"297":{"start":{"line":1498,"column":4},"end":{"line":1498,"column":57}},"298":{"start":{"line":1507,"column":17},"end":{"line":1507,"column":29}},"299":{"start":{"line":1508,"column":4},"end":{"line":1510,"column":5}},"300":{"start":{"line":1509,"column":6},"end":{"line":1509,"column":28}},"301":{"start":{"line":1512,"column":4},"end":{"line":1512,"column":38}},"302":{"start":{"line":1521,"column":4},"end":{"line":1521,"column":46}},"303":{"start":{"line":1535,"column":4},"end":{"line":1539,"column":7}},"304":{"start":{"line":1549,"column":4},"end":{"line":1549,"column":63}},"305":{"start":{"line":1561,"column":4},"end":{"line":1561,"column":73}},"306":{"start":{"line":1570,"column":4},"end":{"line":1570,"column":44}},"307":{"start":{"line":1585,"column":4},"end":{"line":1589,"column":7}},"308":{"start":{"line":1604,"column":4},"end":{"line":1606,"column":5}},"309":{"start":{"line":1605,"column":6},"end":{"line":1605,"column":18}},"310":{"start":{"line":1608,"column":4},"end":{"line":1608,"column":57}},"311":{"start":{"line":1616,"column":4},"end":{"line":1616,"column":49}},"312":{"start":{"line":1624,"column":4},"end":{"line":1624,"column":27}},"313":{"start":{"line":1632,"column":4},"end":{"line":1632,"column":40}},"314":{"start":{"line":1640,"column":4},"end":{"line":1640,"column":47}},"315":{"start":{"line":1648,"column":4},"end":{"line":1648,"column":24}},"316":{"start":{"line":1656,"column":4},"end":{"line":1656,"column":27}},"317":{"start":{"line":1667,"column":4},"end":{"line":1667,"column":33}},"318":{"start":{"line":1667,"column":23},"end":{"line":1667,"column":33}},"319":{"start":{"line":1669,"column":17},"end":{"line":1669,"column":42}},"320":{"start":{"line":1671,"column":4},"end":{"line":1675,"column":5}},"321":{"start":{"line":1672,"column":6},"end":{"line":1672,"column":48}},"322":{"start":{"line":1673,"column":6},"end":{"line":1673,"column":54}},"323":{"start":{"line":1674,"column":6},"end":{"line":1674,"column":36}},"324":{"start":{"line":1676,"column":4},"end":{"line":1676,"column":16}},"325":{"start":{"line":1684,"column":4},"end":{"line":1684,"column":50}},"326":{"start":{"line":1705,"column":4},"end":{"line":1710,"column":5}},"327":{"start":{"line":1706,"column":6},"end":{"line":1709,"column":8}},"328":{"start":{"line":1712,"column":20},"end":{"line":1715,"column":5}},"329":{"start":{"line":1717,"column":18},"end":{"line":1717,"column":62}},"330":{"start":{"line":1718,"column":21},"end":{"line":1718,"column":61}},"331":{"start":{"line":1719,"column":16},"end":{"line":1719,"column":51}},"332":{"start":{"line":1720,"column":14},"end":{"line":1720,"column":49}},"333":{"start":{"line":1721,"column":15},"end":{"line":1721,"column":51}},"334":{"start":{"line":1723,"column":4},"end":{"line":1723,"column":51}},"335":{"start":{"line":1735,"column":4},"end":{"line":1735,"column":51}},"336":{"start":{"line":1744,"column":4},"end":{"line":1744,"column":77}},"337":{"start":{"line":1755,"column":4},"end":{"line":1755,"column":36}},"338":{"start":{"line":1755,"column":23},"end":{"line":1755,"column":36}},"339":{"start":{"line":1756,"column":4},"end":{"line":1761,"column":5}},"340":{"start":{"line":1757,"column":6},"end":{"line":1757,"column":56}},"341":{"start":{"line":1759,"column":22},"end":{"line":1759,"column":45}},"342":{"start":{"line":1760,"column":6},"end":{"line":1760,"column":74}},"343":{"start":{"line":1772,"column":4},"end":{"line":1778,"column":6}},"344":{"start":{"line":1800,"column":4},"end":{"line":1800,"column":35}},"345":{"start":{"line":1800,"column":23},"end":{"line":1800,"column":35}},"346":{"start":{"line":1801,"column":17},"end":{"line":1801,"column":73}},"347":{"start":{"line":1802,"column":16},"end":{"line":1802,"column":88}},"348":{"start":{"line":1803,"column":4},"end":{"line":1810,"column":6}},"349":{"start":{"line":1827,"column":4},"end":{"line":1827,"column":35}},"350":{"start":{"line":1827,"column":23},"end":{"line":1827,"column":35}},"351":{"start":{"line":1829,"column":4},"end":{"line":1837,"column":6}},"352":{"start":{"line":1846,"column":4},"end":{"line":1848,"column":5}},"353":{"start":{"line":1847,"column":6},"end":{"line":1847,"column":80}},"354":{"start":{"line":1849,"column":4},"end":{"line":1849,"column":57}},"355":{"start":{"line":1849,"column":34},"end":{"line":1849,"column":45}},"356":{"start":{"line":1858,"column":4},"end":{"line":1860,"column":5}},"357":{"start":{"line":1859,"column":6},"end":{"line":1859,"column":80}},"358":{"start":{"line":1861,"column":4},"end":{"line":1861,"column":57}},"359":{"start":{"line":1861,"column":34},"end":{"line":1861,"column":45}},"360":{"start":{"line":1874,"column":54},"end":{"line":1874,"column":61}},"361":{"start":{"line":1875,"column":20},"end":{"line":1879,"column":8}},"362":{"start":{"line":1880,"column":4},"end":{"line":1880,"column":53}},"363":{"start":{"line":1887,"column":4},"end":{"line":1887,"column":58}},"364":{"start":{"line":1897,"column":4},"end":{"line":1897,"column":30}},"365":{"start":{"line":1905,"column":4},"end":{"line":1905,"column":28}},"366":{"start":{"line":1913,"column":4},"end":{"line":1913,"column":29}},"367":{"start":{"line":1921,"column":4},"end":{"line":1921,"column":29}},"368":{"start":{"line":1929,"column":4},"end":{"line":1929,"column":31}},"369":{"start":{"line":1937,"column":4},"end":{"line":1937,"column":37}},"370":{"start":{"line":1945,"column":4},"end":{"line":1945,"column":42}},"371":{"start":{"line":1953,"column":4},"end":{"line":1953,"column":41}},"372":{"start":{"line":1961,"column":4},"end":{"line":1961,"column":34}},"373":{"start":{"line":1969,"column":4},"end":{"line":1969,"column":40}},"374":{"start":{"line":1977,"column":4},"end":{"line":1977,"column":45}},"375":{"start":{"line":1985,"column":4},"end":{"line":1985,"column":44}},"376":{"start":{"line":1993,"column":4},"end":{"line":1993,"column":34}},"377":{"start":{"line":2001,"column":4},"end":{"line":2001,"column":47}},"378":{"start":{"line":2009,"column":4},"end":{"line":2009,"column":32}},"379":{"start":{"line":2017,"column":4},"end":{"line":2017,"column":45}},"380":{"start":{"line":2025,"column":4},"end":{"line":2025,"column":45}},"381":{"start":{"line":2033,"column":4},"end":{"line":2033,"column":33}},"382":{"start":{"line":2041,"column":4},"end":{"line":2041,"column":46}},"383":{"start":{"line":2049,"column":4},"end":{"line":2049,"column":33}},"384":{"start":{"line":2057,"column":4},"end":{"line":2057,"column":46}},"385":{"start":{"line":2065,"column":2},"end":{"line":2075,"column":3}},"386":{"start":{"line":2066,"column":4},"end":{"line":2066,"column":23}},"387":{"start":{"line":2067,"column":9},"end":{"line":2075,"column":3}},"388":{"start":{"line":2068,"column":4},"end":{"line":2068,"column":44}},"389":{"start":{"line":2069,"column":9},"end":{"line":2075,"column":3}},"390":{"start":{"line":2070,"column":4},"end":{"line":2070,"column":44}},"391":{"start":{"line":2072,"column":4},"end":{"line":2074,"column":6}}},"fnMap":{"0":{"name":"unsupportedZone","decl":{"start":{"line":47,"column":9},"end":{"line":47,"column":24}},"loc":{"start":{"line":47,"column":31},"end":{"line":49,"column":1}},"line":47},"1":{"name":"possiblyCachedWeekData","decl":{"start":{"line":52,"column":9},"end":{"line":52,"column":31}},"loc":{"start":{"line":52,"column":36},"end":{"line":57,"column":1}},"line":52},"2":{"name":"clone","decl":{"start":{"line":61,"column":9},"end":{"line":61,"column":14}},"loc":{"start":{"line":61,"column":27},"end":{"line":71,"column":1}},"line":61},"3":{"name":"fixOffset","decl":{"start":{"line":75,"column":9},"end":{"line":75,"column":18}},"loc":{"start":{"line":75,"column":35},"end":{"line":98,"column":1}},"line":75},"4":{"name":"tsToObj","decl":{"start":{"line":101,"column":9},"end":{"line":101,"column":16}},"loc":{"start":{"line":101,"column":29},"end":{"line":115,"column":1}},"line":101},"5":{"name":"objToTS","decl":{"start":{"line":118,"column":9},"end":{"line":118,"column":16}},"loc":{"start":{"line":118,"column":36},"end":{"line":120,"column":1}},"line":118},"6":{"name":"adjustTime","decl":{"start":{"line":123,"column":9},"end":{"line":123,"column":19}},"loc":{"start":{"line":123,"column":31},"end":{"line":149,"column":1}},"line":123},"7":{"name":"parseDataToDateTime","decl":{"start":{"line":153,"column":9},"end":{"line":153,"column":28}},"loc":{"start":{"line":153,"column":69},"end":{"line":170,"column":1}},"line":153},"8":{"name":"toTechFormat","decl":{"start":{"line":174,"column":9},"end":{"line":174,"column":21}},"loc":{"start":{"line":174,"column":34},"end":{"line":181,"column":1}},"line":174},"9":{"name":"toTechTimeFormat","decl":{"start":{"line":185,"column":9},"end":{"line":185,"column":25}},"loc":{"start":{"line":194,"column":2},"end":{"line":215,"column":1}},"line":194},"10":{"name":"normalizeUnit","decl":{"start":{"line":256,"column":9},"end":{"line":256,"column":22}},"loc":{"start":{"line":256,"column":29},"end":{"line":285,"column":1}},"line":256},"11":{"name":"quickDT","decl":{"start":{"line":290,"column":9},"end":{"line":290,"column":16}},"loc":{"start":{"line":290,"column":28},"end":{"line":312,"column":1}},"line":290},"12":{"name":"diffRelative","decl":{"start":{"line":314,"column":9},"end":{"line":314,"column":21}},"loc":{"start":{"line":314,"column":40},"end":{"line":345,"column":1}},"line":314},"13":{"name":"(anonymous_13)","decl":{"start":{"line":316,"column":13},"end":{"line":316,"column":14}},"loc":{"start":{"line":316,"column":26},"end":{"line":320,"column":5}},"line":316},"14":{"name":"(anonymous_14)","decl":{"start":{"line":321,"column":13},"end":{"line":321,"column":14}},"loc":{"start":{"line":321,"column":21},"end":{"line":332,"column":5}},"line":321},"15":{"name":"(anonymous_15)","decl":{"start":{"line":371,"column":2},"end":{"line":371,"column":3}},"loc":{"start":{"line":371,"column":22},"end":{"line":418,"column":3}},"line":371},"16":{"name":"(anonymous_16)","decl":{"start":{"line":441,"column":2},"end":{"line":441,"column":3}},"loc":{"start":{"line":441,"column":68},"end":{"line":458,"column":3}},"line":441},"17":{"name":"(anonymous_17)","decl":{"start":{"line":479,"column":2},"end":{"line":479,"column":3}},"loc":{"start":{"line":479,"column":66},"end":{"line":499,"column":3}},"line":479},"18":{"name":"(anonymous_18)","decl":{"start":{"line":508,"column":2},"end":{"line":508,"column":3}},"loc":{"start":{"line":508,"column":40},"end":{"line":524,"column":3}},"line":508},"19":{"name":"(anonymous_19)","decl":{"start":{"line":536,"column":2},"end":{"line":536,"column":3}},"loc":{"start":{"line":536,"column":48},"end":{"line":546,"column":3}},"line":536},"20":{"name":"(anonymous_20)","decl":{"start":{"line":558,"column":2},"end":{"line":558,"column":3}},"loc":{"start":{"line":558,"column":44},"end":{"line":568,"column":3}},"line":558},"21":{"name":"(anonymous_21)","decl":{"start":{"line":597,"column":2},"end":{"line":597,"column":3}},"loc":{"start":{"line":597,"column":25},"end":{"line":701,"column":3}},"line":597},"22":{"name":"(anonymous_22)","decl":{"start":{"line":719,"column":2},"end":{"line":719,"column":3}},"loc":{"start":{"line":719,"column":34},"end":{"line":722,"column":3}},"line":719},"23":{"name":"(anonymous_23)","decl":{"start":{"line":738,"column":2},"end":{"line":738,"column":3}},"loc":{"start":{"line":738,"column":38},"end":{"line":741,"column":3}},"line":738},"24":{"name":"(anonymous_24)","decl":{"start":{"line":758,"column":2},"end":{"line":758,"column":3}},"loc":{"start":{"line":758,"column":35},"end":{"line":761,"column":3}},"line":758},"25":{"name":"(anonymous_25)","decl":{"start":{"line":777,"column":2},"end":{"line":777,"column":3}},"loc":{"start":{"line":777,"column":42},"end":{"line":794,"column":3}},"line":777},"26":{"name":"(anonymous_26)","decl":{"start":{"line":799,"column":2},"end":{"line":799,"column":3}},"loc":{"start":{"line":799,"column":42},"end":{"line":801,"column":3}},"line":799},"27":{"name":"(anonymous_27)","decl":{"start":{"line":823,"column":2},"end":{"line":823,"column":3}},"loc":{"start":{"line":823,"column":34},"end":{"line":826,"column":3}},"line":823},"28":{"name":"(anonymous_28)","decl":{"start":{"line":834,"column":2},"end":{"line":834,"column":3}},"loc":{"start":{"line":834,"column":45},"end":{"line":846,"column":3}},"line":834},"29":{"name":"(anonymous_29)","decl":{"start":{"line":853,"column":2},"end":{"line":853,"column":3}},"loc":{"start":{"line":853,"column":23},"end":{"line":855,"column":3}},"line":853},"30":{"name":"(anonymous_30)","decl":{"start":{"line":866,"column":2},"end":{"line":866,"column":3}},"loc":{"start":{"line":866,"column":12},"end":{"line":868,"column":3}},"line":866},"31":{"name":"(anonymous_31)","decl":{"start":{"line":876,"column":2},"end":{"line":876,"column":3}},"loc":{"start":{"line":876,"column":16},"end":{"line":878,"column":3}},"line":876},"32":{"name":"(anonymous_32)","decl":{"start":{"line":884,"column":2},"end":{"line":884,"column":3}},"loc":{"start":{"line":884,"column":22},"end":{"line":886,"column":3}},"line":884},"33":{"name":"(anonymous_33)","decl":{"start":{"line":892,"column":2},"end":{"line":892,"column":3}},"loc":{"start":{"line":892,"column":27},"end":{"line":894,"column":3}},"line":892},"34":{"name":"(anonymous_34)","decl":{"start":{"line":901,"column":2},"end":{"line":901,"column":3}},"loc":{"start":{"line":901,"column":15},"end":{"line":903,"column":3}},"line":901},"35":{"name":"(anonymous_35)","decl":{"start":{"line":910,"column":2},"end":{"line":910,"column":3}},"loc":{"start":{"line":910,"column":24},"end":{"line":912,"column":3}},"line":910},"36":{"name":"(anonymous_36)","decl":{"start":{"line":919,"column":2},"end":{"line":919,"column":3}},"loc":{"start":{"line":919,"column":23},"end":{"line":921,"column":3}},"line":919},"37":{"name":"(anonymous_37)","decl":{"start":{"line":927,"column":2},"end":{"line":927,"column":3}},"loc":{"start":{"line":927,"column":13},"end":{"line":929,"column":3}},"line":927},"38":{"name":"(anonymous_38)","decl":{"start":{"line":935,"column":2},"end":{"line":935,"column":3}},"loc":{"start":{"line":935,"column":17},"end":{"line":937,"column":3}},"line":935},"39":{"name":"(anonymous_39)","decl":{"start":{"line":944,"column":2},"end":{"line":944,"column":3}},"loc":{"start":{"line":944,"column":13},"end":{"line":946,"column":3}},"line":944},"40":{"name":"(anonymous_40)","decl":{"start":{"line":953,"column":2},"end":{"line":953,"column":3}},"loc":{"start":{"line":953,"column":16},"end":{"line":955,"column":3}},"line":953},"41":{"name":"(anonymous_41)","decl":{"start":{"line":962,"column":2},"end":{"line":962,"column":3}},"loc":{"start":{"line":962,"column":14},"end":{"line":964,"column":3}},"line":962},"42":{"name":"(anonymous_42)","decl":{"start":{"line":971,"column":2},"end":{"line":971,"column":3}},"loc":{"start":{"line":971,"column":12},"end":{"line":973,"column":3}},"line":971},"43":{"name":"(anonymous_43)","decl":{"start":{"line":980,"column":2},"end":{"line":980,"column":3}},"loc":{"start":{"line":980,"column":13},"end":{"line":982,"column":3}},"line":980},"44":{"name":"(anonymous_44)","decl":{"start":{"line":989,"column":2},"end":{"line":989,"column":3}},"loc":{"start":{"line":989,"column":15},"end":{"line":991,"column":3}},"line":989},"45":{"name":"(anonymous_45)","decl":{"start":{"line":998,"column":2},"end":{"line":998,"column":3}},"loc":{"start":{"line":998,"column":15},"end":{"line":1000,"column":3}},"line":998},"46":{"name":"(anonymous_46)","decl":{"start":{"line":1007,"column":2},"end":{"line":1007,"column":3}},"loc":{"start":{"line":1007,"column":20},"end":{"line":1009,"column":3}},"line":1007},"47":{"name":"(anonymous_47)","decl":{"start":{"line":1017,"column":2},"end":{"line":1017,"column":3}},"loc":{"start":{"line":1017,"column":17},"end":{"line":1019,"column":3}},"line":1017},"48":{"name":"(anonymous_48)","decl":{"start":{"line":1027,"column":2},"end":{"line":1027,"column":3}},"loc":{"start":{"line":1027,"column":19},"end":{"line":1029,"column":3}},"line":1027},"49":{"name":"(anonymous_49)","decl":{"start":{"line":1038,"column":2},"end":{"line":1038,"column":3}},"loc":{"start":{"line":1038,"column":16},"end":{"line":1040,"column":3}},"line":1038},"50":{"name":"(anonymous_50)","decl":{"start":{"line":1047,"column":2},"end":{"line":1047,"column":3}},"loc":{"start":{"line":1047,"column":16},"end":{"line":1049,"column":3}},"line":1047},"51":{"name":"(anonymous_51)","decl":{"start":{"line":1057,"column":2},"end":{"line":1057,"column":3}},"loc":{"start":{"line":1057,"column":19},"end":{"line":1059,"column":3}},"line":1057},"52":{"name":"(anonymous_52)","decl":{"start":{"line":1067,"column":2},"end":{"line":1067,"column":3}},"loc":{"start":{"line":1067,"column":18},"end":{"line":1069,"column":3}},"line":1067},"53":{"name":"(anonymous_53)","decl":{"start":{"line":1077,"column":2},"end":{"line":1077,"column":3}},"loc":{"start":{"line":1077,"column":21},"end":{"line":1079,"column":3}},"line":1077},"54":{"name":"(anonymous_54)","decl":{"start":{"line":1087,"column":2},"end":{"line":1087,"column":3}},"loc":{"start":{"line":1087,"column":20},"end":{"line":1089,"column":3}},"line":1087},"55":{"name":"(anonymous_55)","decl":{"start":{"line":1097,"column":2},"end":{"line":1097,"column":3}},"loc":{"start":{"line":1097,"column":15},"end":{"line":1099,"column":3}},"line":1097},"56":{"name":"(anonymous_56)","decl":{"start":{"line":1106,"column":2},"end":{"line":1106,"column":3}},"loc":{"start":{"line":1106,"column":24},"end":{"line":1115,"column":3}},"line":1106},"57":{"name":"(anonymous_57)","decl":{"start":{"line":1122,"column":2},"end":{"line":1122,"column":3}},"loc":{"start":{"line":1122,"column":23},"end":{"line":1131,"column":3}},"line":1122},"58":{"name":"(anonymous_58)","decl":{"start":{"line":1137,"column":2},"end":{"line":1137,"column":3}},"loc":{"start":{"line":1137,"column":22},"end":{"line":1139,"column":3}},"line":1137},"59":{"name":"(anonymous_59)","decl":{"start":{"line":1145,"column":2},"end":{"line":1145,"column":3}},"loc":{"start":{"line":1145,"column":16},"end":{"line":1153,"column":3}},"line":1145},"60":{"name":"(anonymous_60)","decl":{"start":{"line":1161,"column":2},"end":{"line":1161,"column":3}},"loc":{"start":{"line":1161,"column":21},"end":{"line":1163,"column":3}},"line":1161},"61":{"name":"(anonymous_61)","decl":{"start":{"line":1171,"column":2},"end":{"line":1171,"column":3}},"loc":{"start":{"line":1171,"column":20},"end":{"line":1173,"column":3}},"line":1171},"62":{"name":"(anonymous_62)","decl":{"start":{"line":1181,"column":2},"end":{"line":1181,"column":3}},"loc":{"start":{"line":1181,"column":19},"end":{"line":1183,"column":3}},"line":1181},"63":{"name":"(anonymous_63)","decl":{"start":{"line":1192,"column":2},"end":{"line":1192,"column":3}},"loc":{"start":{"line":1192,"column":24},"end":{"line":1194,"column":3}},"line":1192},"64":{"name":"(anonymous_64)","decl":{"start":{"line":1202,"column":2},"end":{"line":1202,"column":3}},"loc":{"start":{"line":1202,"column":32},"end":{"line":1208,"column":3}},"line":1202},"65":{"name":"(anonymous_65)","decl":{"start":{"line":1220,"column":2},"end":{"line":1220,"column":3}},"loc":{"start":{"line":1220,"column":31},"end":{"line":1222,"column":3}},"line":1220},"66":{"name":"(anonymous_66)","decl":{"start":{"line":1230,"column":2},"end":{"line":1230,"column":3}},"loc":{"start":{"line":1230,"column":12},"end":{"line":1232,"column":3}},"line":1230},"67":{"name":"(anonymous_67)","decl":{"start":{"line":1243,"column":2},"end":{"line":1243,"column":3}},"loc":{"start":{"line":1243,"column":74},"end":{"line":1258,"column":3}},"line":1243},"68":{"name":"(anonymous_68)","decl":{"start":{"line":1266,"column":2},"end":{"line":1266,"column":3}},"loc":{"start":{"line":1266,"column":64},"end":{"line":1269,"column":3}},"line":1266},"69":{"name":"(anonymous_69)","decl":{"start":{"line":1277,"column":2},"end":{"line":1277,"column":3}},"loc":{"start":{"line":1277,"column":20},"end":{"line":1279,"column":3}},"line":1277},"70":{"name":"(anonymous_70)","decl":{"start":{"line":1291,"column":2},"end":{"line":1291,"column":3}},"loc":{"start":{"line":1291,"column":14},"end":{"line":1317,"column":3}},"line":1291},"71":{"name":"(anonymous_71)","decl":{"start":{"line":1332,"column":2},"end":{"line":1332,"column":3}},"loc":{"start":{"line":1332,"column":17},"end":{"line":1336,"column":3}},"line":1332},"72":{"name":"(anonymous_72)","decl":{"start":{"line":1344,"column":2},"end":{"line":1344,"column":3}},"loc":{"start":{"line":1344,"column":18},"end":{"line":1348,"column":3}},"line":1344},"73":{"name":"(anonymous_73)","decl":{"start":{"line":1359,"column":2},"end":{"line":1359,"column":3}},"loc":{"start":{"line":1359,"column":16},"end":{"line":1399,"column":3}},"line":1359},"74":{"name":"(anonymous_74)","decl":{"start":{"line":1410,"column":2},"end":{"line":1410,"column":3}},"loc":{"start":{"line":1410,"column":14},"end":{"line":1416,"column":3}},"line":1410},"75":{"name":"(anonymous_75)","decl":{"start":{"line":1433,"column":2},"end":{"line":1433,"column":3}},"loc":{"start":{"line":1433,"column":27},"end":{"line":1437,"column":3}},"line":1433},"76":{"name":"(anonymous_76)","decl":{"start":{"line":1457,"column":2},"end":{"line":1457,"column":3}},"loc":{"start":{"line":1457,"column":44},"end":{"line":1461,"column":3}},"line":1457},"77":{"name":"(anonymous_77)","decl":{"start":{"line":1476,"column":2},"end":{"line":1476,"column":3}},"loc":{"start":{"line":1476,"column":27},"end":{"line":1480,"column":3}},"line":1476},"78":{"name":"(anonymous_78)","decl":{"start":{"line":1493,"column":2},"end":{"line":1493,"column":3}},"loc":{"start":{"line":1493,"column":19},"end":{"line":1499,"column":3}},"line":1493},"79":{"name":"(anonymous_79)","decl":{"start":{"line":1506,"column":2},"end":{"line":1506,"column":3}},"loc":{"start":{"line":1506,"column":14},"end":{"line":1513,"column":3}},"line":1506},"80":{"name":"(anonymous_80)","decl":{"start":{"line":1520,"column":2},"end":{"line":1520,"column":3}},"loc":{"start":{"line":1520,"column":18},"end":{"line":1522,"column":3}},"line":1520},"81":{"name":"(anonymous_81)","decl":{"start":{"line":1534,"column":2},"end":{"line":1534,"column":3}},"loc":{"start":{"line":1534,"column":98},"end":{"line":1540,"column":3}},"line":1534},"82":{"name":"(anonymous_82)","decl":{"start":{"line":1548,"column":2},"end":{"line":1548,"column":3}},"loc":{"start":{"line":1548,"column":14},"end":{"line":1550,"column":3}},"line":1548},"83":{"name":"(anonymous_83)","decl":{"start":{"line":1560,"column":2},"end":{"line":1560,"column":3}},"loc":{"start":{"line":1560,"column":11},"end":{"line":1562,"column":3}},"line":1560},"84":{"name":"(anonymous_84)","decl":{"start":{"line":1569,"column":2},"end":{"line":1569,"column":3}},"loc":{"start":{"line":1569,"column":14},"end":{"line":1571,"column":3}},"line":1569},"85":{"name":"(anonymous_85)","decl":{"start":{"line":1584,"column":2},"end":{"line":1584,"column":3}},"loc":{"start":{"line":1584,"column":64},"end":{"line":1590,"column":3}},"line":1584},"86":{"name":"(anonymous_86)","decl":{"start":{"line":1603,"column":2},"end":{"line":1603,"column":3}},"loc":{"start":{"line":1603,"column":19},"end":{"line":1609,"column":3}},"line":1603},"87":{"name":"(anonymous_87)","decl":{"start":{"line":1615,"column":2},"end":{"line":1615,"column":3}},"loc":{"start":{"line":1615,"column":13},"end":{"line":1617,"column":3}},"line":1615},"88":{"name":"(anonymous_88)","decl":{"start":{"line":1623,"column":2},"end":{"line":1623,"column":3}},"loc":{"start":{"line":1623,"column":12},"end":{"line":1625,"column":3}},"line":1623},"89":{"name":"(anonymous_89)","decl":{"start":{"line":1631,"column":2},"end":{"line":1631,"column":3}},"loc":{"start":{"line":1631,"column":13},"end":{"line":1633,"column":3}},"line":1631},"90":{"name":"(anonymous_90)","decl":{"start":{"line":1639,"column":2},"end":{"line":1639,"column":3}},"loc":{"start":{"line":1639,"column":14},"end":{"line":1641,"column":3}},"line":1639},"91":{"name":"(anonymous_91)","decl":{"start":{"line":1647,"column":2},"end":{"line":1647,"column":3}},"loc":{"start":{"line":1647,"column":11},"end":{"line":1649,"column":3}},"line":1647},"92":{"name":"(anonymous_92)","decl":{"start":{"line":1655,"column":2},"end":{"line":1655,"column":3}},"loc":{"start":{"line":1655,"column":11},"end":{"line":1657,"column":3}},"line":1655},"93":{"name":"(anonymous_93)","decl":{"start":{"line":1666,"column":2},"end":{"line":1666,"column":3}},"loc":{"start":{"line":1666,"column":22},"end":{"line":1677,"column":3}},"line":1666},"94":{"name":"(anonymous_94)","decl":{"start":{"line":1683,"column":2},"end":{"line":1683,"column":3}},"loc":{"start":{"line":1683,"column":13},"end":{"line":1685,"column":3}},"line":1683},"95":{"name":"(anonymous_95)","decl":{"start":{"line":1704,"column":2},"end":{"line":1704,"column":3}},"loc":{"start":{"line":1704,"column":56},"end":{"line":1724,"column":3}},"line":1704},"96":{"name":"(anonymous_96)","decl":{"start":{"line":1734,"column":2},"end":{"line":1734,"column":3}},"loc":{"start":{"line":1734,"column":44},"end":{"line":1736,"column":3}},"line":1734},"97":{"name":"(anonymous_97)","decl":{"start":{"line":1743,"column":2},"end":{"line":1743,"column":3}},"loc":{"start":{"line":1743,"column":23},"end":{"line":1745,"column":3}},"line":1743},"98":{"name":"(anonymous_98)","decl":{"start":{"line":1754,"column":2},"end":{"line":1754,"column":3}},"loc":{"start":{"line":1754,"column":31},"end":{"line":1762,"column":3}},"line":1754},"99":{"name":"(anonymous_99)","decl":{"start":{"line":1771,"column":2},"end":{"line":1771,"column":3}},"loc":{"start":{"line":1771,"column":16},"end":{"line":1779,"column":3}},"line":1771},"100":{"name":"(anonymous_100)","decl":{"start":{"line":1799,"column":2},"end":{"line":1799,"column":3}},"loc":{"start":{"line":1799,"column":27},"end":{"line":1811,"column":3}},"line":1799},"101":{"name":"(anonymous_101)","decl":{"start":{"line":1826,"column":2},"end":{"line":1826,"column":3}},"loc":{"start":{"line":1826,"column":35},"end":{"line":1838,"column":3}},"line":1826},"102":{"name":"(anonymous_102)","decl":{"start":{"line":1845,"column":2},"end":{"line":1845,"column":3}},"loc":{"start":{"line":1845,"column":27},"end":{"line":1850,"column":3}},"line":1845},"103":{"name":"(anonymous_103)","decl":{"start":{"line":1849,"column":29},"end":{"line":1849,"column":30}},"loc":{"start":{"line":1849,"column":34},"end":{"line":1849,"column":45}},"line":1849},"104":{"name":"(anonymous_104)","decl":{"start":{"line":1857,"column":2},"end":{"line":1857,"column":3}},"loc":{"start":{"line":1857,"column":27},"end":{"line":1862,"column":3}},"line":1857},"105":{"name":"(anonymous_105)","decl":{"start":{"line":1861,"column":29},"end":{"line":1861,"column":30}},"loc":{"start":{"line":1861,"column":34},"end":{"line":1861,"column":45}},"line":1861},"106":{"name":"(anonymous_106)","decl":{"start":{"line":1873,"column":2},"end":{"line":1873,"column":3}},"loc":{"start":{"line":1873,"column":52},"end":{"line":1881,"column":3}},"line":1873},"107":{"name":"(anonymous_107)","decl":{"start":{"line":1886,"column":2},"end":{"line":1886,"column":3}},"loc":{"start":{"line":1886,"column":52},"end":{"line":1888,"column":3}},"line":1886},"108":{"name":"(anonymous_108)","decl":{"start":{"line":1896,"column":2},"end":{"line":1896,"column":3}},"loc":{"start":{"line":1896,"column":26},"end":{"line":1898,"column":3}},"line":1896},"109":{"name":"(anonymous_109)","decl":{"start":{"line":1904,"column":2},"end":{"line":1904,"column":3}},"loc":{"start":{"line":1904,"column":24},"end":{"line":1906,"column":3}},"line":1904},"110":{"name":"(anonymous_110)","decl":{"start":{"line":1912,"column":2},"end":{"line":1912,"column":3}},"loc":{"start":{"line":1912,"column":25},"end":{"line":1914,"column":3}},"line":1912},"111":{"name":"(anonymous_111)","decl":{"start":{"line":1920,"column":2},"end":{"line":1920,"column":3}},"loc":{"start":{"line":1920,"column":25},"end":{"line":1922,"column":3}},"line":1920},"112":{"name":"(anonymous_112)","decl":{"start":{"line":1928,"column":2},"end":{"line":1928,"column":3}},"loc":{"start":{"line":1928,"column":27},"end":{"line":1930,"column":3}},"line":1928},"113":{"name":"(anonymous_113)","decl":{"start":{"line":1936,"column":2},"end":{"line":1936,"column":3}},"loc":{"start":{"line":1936,"column":33},"end":{"line":1938,"column":3}},"line":1936},"114":{"name":"(anonymous_114)","decl":{"start":{"line":1944,"column":2},"end":{"line":1944,"column":3}},"loc":{"start":{"line":1944,"column":38},"end":{"line":1946,"column":3}},"line":1944},"115":{"name":"(anonymous_115)","decl":{"start":{"line":1952,"column":2},"end":{"line":1952,"column":3}},"loc":{"start":{"line":1952,"column":37},"end":{"line":1954,"column":3}},"line":1952},"116":{"name":"(anonymous_116)","decl":{"start":{"line":1960,"column":2},"end":{"line":1960,"column":3}},"loc":{"start":{"line":1960,"column":30},"end":{"line":1962,"column":3}},"line":1960},"117":{"name":"(anonymous_117)","decl":{"start":{"line":1968,"column":2},"end":{"line":1968,"column":3}},"loc":{"start":{"line":1968,"column":36},"end":{"line":1970,"column":3}},"line":1968},"118":{"name":"(anonymous_118)","decl":{"start":{"line":1976,"column":2},"end":{"line":1976,"column":3}},"loc":{"start":{"line":1976,"column":41},"end":{"line":1978,"column":3}},"line":1976},"119":{"name":"(anonymous_119)","decl":{"start":{"line":1984,"column":2},"end":{"line":1984,"column":3}},"loc":{"start":{"line":1984,"column":40},"end":{"line":1986,"column":3}},"line":1984},"120":{"name":"(anonymous_120)","decl":{"start":{"line":1992,"column":2},"end":{"line":1992,"column":3}},"loc":{"start":{"line":1992,"column":30},"end":{"line":1994,"column":3}},"line":1992},"121":{"name":"(anonymous_121)","decl":{"start":{"line":2000,"column":2},"end":{"line":2000,"column":3}},"loc":{"start":{"line":2000,"column":43},"end":{"line":2002,"column":3}},"line":2000},"122":{"name":"(anonymous_122)","decl":{"start":{"line":2008,"column":2},"end":{"line":2008,"column":3}},"loc":{"start":{"line":2008,"column":28},"end":{"line":2010,"column":3}},"line":2008},"123":{"name":"(anonymous_123)","decl":{"start":{"line":2016,"column":2},"end":{"line":2016,"column":3}},"loc":{"start":{"line":2016,"column":41},"end":{"line":2018,"column":3}},"line":2016},"124":{"name":"(anonymous_124)","decl":{"start":{"line":2024,"column":2},"end":{"line":2024,"column":3}},"loc":{"start":{"line":2024,"column":41},"end":{"line":2026,"column":3}},"line":2024},"125":{"name":"(anonymous_125)","decl":{"start":{"line":2032,"column":2},"end":{"line":2032,"column":3}},"loc":{"start":{"line":2032,"column":29},"end":{"line":2034,"column":3}},"line":2032},"126":{"name":"(anonymous_126)","decl":{"start":{"line":2040,"column":2},"end":{"line":2040,"column":3}},"loc":{"start":{"line":2040,"column":42},"end":{"line":2042,"column":3}},"line":2040},"127":{"name":"(anonymous_127)","decl":{"start":{"line":2048,"column":2},"end":{"line":2048,"column":3}},"loc":{"start":{"line":2048,"column":29},"end":{"line":2050,"column":3}},"line":2048},"128":{"name":"(anonymous_128)","decl":{"start":{"line":2056,"column":2},"end":{"line":2056,"column":3}},"loc":{"start":{"line":2056,"column":42},"end":{"line":2058,"column":3}},"line":2056},"129":{"name":"friendlyDateTime","decl":{"start":{"line":2064,"column":16},"end":{"line":2064,"column":32}},"loc":{"start":{"line":2064,"column":46},"end":{"line":2076,"column":1}},"line":2064}},"branchMap":{"0":{"loc":{"start":{"line":53,"column":2},"end":{"line":55,"column":3}},"type":"if","locations":[{"start":{"line":53,"column":2},"end":{"line":55,"column":3}},{"start":{"line":53,"column":2},"end":{"line":55,"column":3}}],"line":53},"1":{"loc":{"start":{"line":83,"column":2},"end":{"line":85,"column":3}},"type":"if","locations":[{"start":{"line":83,"column":2},"end":{"line":85,"column":3}},{"start":{"line":83,"column":2},"end":{"line":85,"column":3}}],"line":83},"2":{"loc":{"start":{"line":92,"column":2},"end":{"line":94,"column":3}},"type":"if","locations":[{"start":{"line":92,"column":2},"end":{"line":94,"column":3}},{"start":{"line":92,"column":2},"end":{"line":94,"column":3}}],"line":92},"3":{"loc":{"start":{"line":142,"column":2},"end":{"line":146,"column":3}},"type":"if","locations":[{"start":{"line":142,"column":2},"end":{"line":146,"column":3}},{"start":{"line":142,"column":2},"end":{"line":146,"column":3}}],"line":142},"4":{"loc":{"start":{"line":155,"column":2},"end":{"line":169,"column":3}},"type":"if","locations":[{"start":{"line":155,"column":2},"end":{"line":169,"column":3}},{"start":{"line":155,"column":2},"end":{"line":169,"column":3}}],"line":155},"5":{"loc":{"start":{"line":155,"column":6},"end":{"line":155,"column":48}},"type":"binary-expr","locations":[{"start":{"line":155,"column":6},"end":{"line":155,"column":12}},{"start":{"line":155,"column":16},"end":{"line":155,"column":48}}],"line":155},"6":{"loc":{"start":{"line":156,"column":31},"end":{"line":156,"column":49}},"type":"binary-expr","locations":[{"start":{"line":156,"column":31},"end":{"line":156,"column":41}},{"start":{"line":156,"column":45},"end":{"line":156,"column":49}}],"line":156},"7":{"loc":{"start":{"line":164,"column":11},"end":{"line":164,"column":46}},"type":"cond-expr","locations":[{"start":{"line":164,"column":21},"end":{"line":164,"column":25}},{"start":{"line":164,"column":28},"end":{"line":164,"column":46}}],"line":164},"8":{"loc":{"start":{"line":175,"column":9},"end":{"line":180,"column":10}},"type":"cond-expr","locations":[{"start":{"line":176,"column":6},"end":{"line":179,"column":45}},{"start":{"line":180,"column":6},"end":{"line":180,"column":10}}],"line":175},"9":{"loc":{"start":{"line":188,"column":4},"end":{"line":188,"column":27}},"type":"default-arg","locations":[{"start":{"line":188,"column":22},"end":{"line":188,"column":27}}],"line":188},"10":{"loc":{"start":{"line":189,"column":4},"end":{"line":189,"column":32}},"type":"default-arg","locations":[{"start":{"line":189,"column":27},"end":{"line":189,"column":32}}],"line":189},"11":{"loc":{"start":{"line":191,"column":4},"end":{"line":191,"column":23}},"type":"default-arg","locations":[{"start":{"line":191,"column":18},"end":{"line":191,"column":23}}],"line":191},"12":{"loc":{"start":{"line":192,"column":4},"end":{"line":192,"column":21}},"type":"default-arg","locations":[{"start":{"line":192,"column":16},"end":{"line":192,"column":21}}],"line":192},"13":{"loc":{"start":{"line":197,"column":2},"end":{"line":202,"column":3}},"type":"if","locations":[{"start":{"line":197,"column":2},"end":{"line":202,"column":3}},{"start":{"line":197,"column":2},"end":{"line":202,"column":3}}],"line":197},"14":{"loc":{"start":{"line":197,"column":6},"end":{"line":197,"column":65}},"type":"binary-expr","locations":[{"start":{"line":197,"column":6},"end":{"line":197,"column":22}},{"start":{"line":197,"column":26},"end":{"line":197,"column":41}},{"start":{"line":197,"column":45},"end":{"line":197,"column":65}}],"line":197},"15":{"loc":{"start":{"line":199,"column":4},"end":{"line":201,"column":5}},"type":"if","locations":[{"start":{"line":199,"column":4},"end":{"line":201,"column":5}},{"start":{"line":199,"column":4},"end":{"line":201,"column":5}}],"line":199},"16":{"loc":{"start":{"line":199,"column":8},"end":{"line":199,"column":53}},"type":"binary-expr","locations":[{"start":{"line":199,"column":8},"end":{"line":199,"column":29}},{"start":{"line":199,"column":33},"end":{"line":199,"column":53}}],"line":199},"17":{"loc":{"start":{"line":204,"column":2},"end":{"line":206,"column":3}},"type":"if","locations":[{"start":{"line":204,"column":2},"end":{"line":206,"column":3}},{"start":{"line":204,"column":2},"end":{"line":206,"column":3}}],"line":204},"18":{"loc":{"start":{"line":204,"column":6},"end":{"line":204,"column":49}},"type":"binary-expr","locations":[{"start":{"line":204,"column":7},"end":{"line":204,"column":18}},{"start":{"line":204,"column":22},"end":{"line":204,"column":35}},{"start":{"line":204,"column":40},"end":{"line":204,"column":49}}],"line":204},"19":{"loc":{"start":{"line":208,"column":2},"end":{"line":212,"column":3}},"type":"if","locations":[{"start":{"line":208,"column":2},"end":{"line":212,"column":3}},{"start":{"line":208,"column":2},"end":{"line":212,"column":3}}],"line":208},"20":{"loc":{"start":{"line":210,"column":9},"end":{"line":212,"column":3}},"type":"if","locations":[{"start":{"line":210,"column":9},"end":{"line":212,"column":3}},{"start":{"line":210,"column":9},"end":{"line":212,"column":3}}],"line":210},"21":{"loc":{"start":{"line":282,"column":2},"end":{"line":282,"column":52}},"type":"if","locations":[{"start":{"line":282,"column":2},"end":{"line":282,"column":52}},{"start":{"line":282,"column":2},"end":{"line":282,"column":52}}],"line":282},"22":{"loc":{"start":{"line":293,"column":4},"end":{"line":295,"column":5}},"type":"if","locations":[{"start":{"line":293,"column":4},"end":{"line":295,"column":5}},{"start":{"line":293,"column":4},"end":{"line":295,"column":5}}],"line":293},"23":{"loc":{"start":{"line":298,"column":18},"end":{"line":298,"column":73}},"type":"binary-expr","locations":[{"start":{"line":298,"column":18},"end":{"line":298,"column":46}},{"start":{"line":298,"column":50},"end":{"line":298,"column":73}}],"line":298},"24":{"loc":{"start":{"line":299,"column":2},"end":{"line":301,"column":3}},"type":"if","locations":[{"start":{"line":299,"column":2},"end":{"line":301,"column":3}},{"start":{"line":299,"column":2},"end":{"line":301,"column":3}}],"line":299},"25":{"loc":{"start":{"line":315,"column":16},"end":{"line":315,"column":59}},"type":"cond-expr","locations":[{"start":{"line":315,"column":42},"end":{"line":315,"column":46}},{"start":{"line":315,"column":49},"end":{"line":315,"column":59}}],"line":315},"26":{"loc":{"start":{"line":317,"column":21},"end":{"line":317,"column":52}},"type":"cond-expr","locations":[{"start":{"line":317,"column":47},"end":{"line":317,"column":48}},{"start":{"line":317,"column":51},"end":{"line":317,"column":52}}],"line":317},"27":{"loc":{"start":{"line":317,"column":21},"end":{"line":317,"column":44}},"type":"binary-expr","locations":[{"start":{"line":317,"column":21},"end":{"line":317,"column":26}},{"start":{"line":317,"column":30},"end":{"line":317,"column":44}}],"line":317},"28":{"loc":{"start":{"line":322,"column":6},"end":{"line":331,"column":7}},"type":"if","locations":[{"start":{"line":322,"column":6},"end":{"line":331,"column":7}},{"start":{"line":322,"column":6},"end":{"line":331,"column":7}}],"line":322},"29":{"loc":{"start":{"line":323,"column":8},"end":{"line":328,"column":24}},"type":"if","locations":[{"start":{"line":323,"column":8},"end":{"line":328,"column":24}},{"start":{"line":323,"column":8},"end":{"line":328,"column":24}}],"line":323},"30":{"loc":{"start":{"line":334,"column":2},"end":{"line":336,"column":3}},"type":"if","locations":[{"start":{"line":334,"column":2},"end":{"line":336,"column":3}},{"start":{"line":334,"column":2},"end":{"line":336,"column":3}}],"line":334},"31":{"loc":{"start":{"line":340,"column":4},"end":{"line":342,"column":5}},"type":"if","locations":[{"start":{"line":340,"column":4},"end":{"line":342,"column":5}},{"start":{"line":340,"column":4},"end":{"line":342,"column":5}}],"line":340},"32":{"loc":{"start":{"line":372,"column":17},"end":{"line":372,"column":52}},"type":"binary-expr","locations":[{"start":{"line":372,"column":17},"end":{"line":372,"column":28}},{"start":{"line":372,"column":32},"end":{"line":372,"column":52}}],"line":372},"33":{"loc":{"start":{"line":374,"column":8},"end":{"line":376,"column":54}},"type":"binary-expr","locations":[{"start":{"line":374,"column":8},"end":{"line":374,"column":22}},{"start":{"line":375,"column":9},"end":{"line":375,"column":70}},{"start":{"line":376,"column":9},"end":{"line":376,"column":53}}],"line":374},"34":{"loc":{"start":{"line":375,"column":9},"end":{"line":375,"column":70}},"type":"cond-expr","locations":[{"start":{"line":375,"column":35},"end":{"line":375,"column":63}},{"start":{"line":375,"column":66},"end":{"line":375,"column":70}}],"line":375},"35":{"loc":{"start":{"line":376,"column":9},"end":{"line":376,"column":53}},"type":"cond-expr","locations":[{"start":{"line":376,"column":25},"end":{"line":376,"column":46}},{"start":{"line":376,"column":49},"end":{"line":376,"column":53}}],"line":376},"36":{"loc":{"start":{"line":380,"column":14},"end":{"line":380,"column":65}},"type":"cond-expr","locations":[{"start":{"line":380,"column":39},"end":{"line":380,"column":53}},{"start":{"line":380,"column":56},"end":{"line":380,"column":65}}],"line":380},"37":{"loc":{"start":{"line":384,"column":4},"end":{"line":388,"column":5}},"type":"if","locations":[{"start":{"line":384,"column":4},"end":{"line":388,"column":5}},{"start":{"line":384,"column":4},"end":{"line":388,"column":5}}],"line":384},"38":{"loc":{"start":{"line":385,"column":24},"end":{"line":385,"column":95}},"type":"binary-expr","locations":[{"start":{"line":385,"column":24},"end":{"line":385,"column":34}},{"start":{"line":385,"column":38},"end":{"line":385,"column":63}},{"start":{"line":385,"column":67},"end":{"line":385,"column":95}}],"line":385},"39":{"loc":{"start":{"line":386,"column":10},"end":{"line":386,"column":75}},"type":"cond-expr","locations":[{"start":{"line":386,"column":22},"end":{"line":386,"column":34}},{"start":{"line":386,"column":37},"end":{"line":386,"column":75}}],"line":386},"40":{"loc":{"start":{"line":387,"column":10},"end":{"line":387,"column":57}},"type":"cond-expr","locations":[{"start":{"line":387,"column":22},"end":{"line":387,"column":34}},{"start":{"line":387,"column":37},"end":{"line":387,"column":57}}],"line":387},"41":{"loc":{"start":{"line":397,"column":15},"end":{"line":397,"column":44}},"type":"binary-expr","locations":[{"start":{"line":397,"column":15},"end":{"line":397,"column":25}},{"start":{"line":397,"column":29},"end":{"line":397,"column":44}}],"line":397},"42":{"loc":{"start":{"line":442,"column":4},"end":{"line":457,"column":5}},"type":"if","locations":[{"start":{"line":442,"column":4},"end":{"line":457,"column":5}},{"start":{"line":442,"column":4},"end":{"line":457,"column":5}}],"line":442},"43":{"loc":{"start":{"line":480,"column":4},"end":{"line":498,"column":5}},"type":"if","locations":[{"start":{"line":480,"column":4},"end":{"line":498,"column":5}},{"start":{"line":480,"column":4},"end":{"line":498,"column":5}}],"line":480},"44":{"loc":{"start":{"line":508,"column":26},"end":{"line":508,"column":38}},"type":"default-arg","locations":[{"start":{"line":508,"column":36},"end":{"line":508,"column":38}}],"line":508},"45":{"loc":{"start":{"line":509,"column":15},"end":{"line":509,"column":50}},"type":"cond-expr","locations":[{"start":{"line":509,"column":30},"end":{"line":509,"column":44}},{"start":{"line":509,"column":47},"end":{"line":509,"column":50}}],"line":509},"46":{"loc":{"start":{"line":510,"column":4},"end":{"line":512,"column":5}},"type":"if","locations":[{"start":{"line":510,"column":4},"end":{"line":512,"column":5}},{"start":{"line":510,"column":4},"end":{"line":512,"column":5}}],"line":510},"47":{"loc":{"start":{"line":515,"column":4},"end":{"line":517,"column":5}},"type":"if","locations":[{"start":{"line":515,"column":4},"end":{"line":517,"column":5}},{"start":{"line":515,"column":4},"end":{"line":517,"column":5}}],"line":515},"48":{"loc":{"start":{"line":536,"column":34},"end":{"line":536,"column":46}},"type":"default-arg","locations":[{"start":{"line":536,"column":44},"end":{"line":536,"column":46}}],"line":536},"49":{"loc":{"start":{"line":537,"column":4},"end":{"line":545,"column":5}},"type":"if","locations":[{"start":{"line":537,"column":4},"end":{"line":545,"column":5}},{"start":{"line":537,"column":4},"end":{"line":545,"column":5}}],"line":537},"50":{"loc":{"start":{"line":558,"column":30},"end":{"line":558,"column":42}},"type":"default-arg","locations":[{"start":{"line":558,"column":40},"end":{"line":558,"column":42}}],"line":558},"51":{"loc":{"start":{"line":559,"column":4},"end":{"line":567,"column":5}},"type":"if","locations":[{"start":{"line":559,"column":4},"end":{"line":567,"column":5}},{"start":{"line":559,"column":4},"end":{"line":567,"column":5}}],"line":559},"52":{"loc":{"start":{"line":599,"column":4},"end":{"line":601,"column":5}},"type":"if","locations":[{"start":{"line":599,"column":4},"end":{"line":601,"column":5}},{"start":{"line":599,"column":4},"end":{"line":601,"column":5}}],"line":599},"53":{"loc":{"start":{"line":613,"column":25},"end":{"line":613,"column":87}},"type":"binary-expr","locations":[{"start":{"line":613,"column":25},"end":{"line":613,"column":55}},{"start":{"line":613,"column":59},"end":{"line":613,"column":87}}],"line":613},"54":{"loc":{"start":{"line":614,"column":23},"end":{"line":614,"column":61}},"type":"binary-expr","locations":[{"start":{"line":614,"column":23},"end":{"line":614,"column":41}},{"start":{"line":614,"column":45},"end":{"line":614,"column":61}}],"line":614},"55":{"loc":{"start":{"line":615,"column":24},"end":{"line":615,"column":68}},"type":"binary-expr","locations":[{"start":{"line":615,"column":24},"end":{"line":615,"column":43}},{"start":{"line":615,"column":47},"end":{"line":615,"column":68}}],"line":615},"56":{"loc":{"start":{"line":624,"column":4},"end":{"line":628,"column":5}},"type":"if","locations":[{"start":{"line":624,"column":4},"end":{"line":628,"column":5}},{"start":{"line":624,"column":4},"end":{"line":628,"column":5}}],"line":624},"57":{"loc":{"start":{"line":624,"column":8},"end":{"line":624,"column":62}},"type":"binary-expr","locations":[{"start":{"line":624,"column":9},"end":{"line":624,"column":23}},{"start":{"line":624,"column":27},"end":{"line":624,"column":42}},{"start":{"line":624,"column":47},"end":{"line":624,"column":62}}],"line":624},"58":{"loc":{"start":{"line":630,"column":4},"end":{"line":632,"column":5}},"type":"if","locations":[{"start":{"line":630,"column":4},"end":{"line":632,"column":5}},{"start":{"line":630,"column":4},"end":{"line":632,"column":5}}],"line":630},"59":{"loc":{"start":{"line":630,"column":8},"end":{"line":630,"column":43}},"type":"binary-expr","locations":[{"start":{"line":630,"column":8},"end":{"line":630,"column":24}},{"start":{"line":630,"column":28},"end":{"line":630,"column":43}}],"line":630},"60":{"loc":{"start":{"line":634,"column":24},"end":{"line":634,"column":82}},"type":"binary-expr","locations":[{"start":{"line":634,"column":24},"end":{"line":634,"column":39}},{"start":{"line":634,"column":44},"end":{"line":634,"column":62}},{"start":{"line":634,"column":66},"end":{"line":634,"column":81}}],"line":634},"61":{"loc":{"start":{"line":640,"column":4},"end":{"line":651,"column":5}},"type":"if","locations":[{"start":{"line":640,"column":4},"end":{"line":651,"column":5}},{"start":{"line":640,"column":4},"end":{"line":651,"column":5}}],"line":640},"62":{"loc":{"start":{"line":644,"column":11},"end":{"line":651,"column":5}},"type":"if","locations":[{"start":{"line":644,"column":11},"end":{"line":651,"column":5}},{"start":{"line":644,"column":11},"end":{"line":651,"column":5}}],"line":644},"63":{"loc":{"start":{"line":657,"column":6},"end":{"line":663,"column":7}},"type":"if","locations":[{"start":{"line":657,"column":6},"end":{"line":663,"column":7}},{"start":{"line":657,"column":6},"end":{"line":663,"column":7}}],"line":657},"64":{"loc":{"start":{"line":659,"column":13},"end":{"line":663,"column":7}},"type":"if","locations":[{"start":{"line":659,"column":13},"end":{"line":663,"column":7}},{"start":{"line":659,"column":13},"end":{"line":663,"column":7}}],"line":659},"65":{"loc":{"start":{"line":667,"column":31},"end":{"line":671,"column":47}},"type":"cond-expr","locations":[{"start":{"line":668,"column":10},"end":{"line":668,"column":40}},{"start":{"line":669,"column":10},"end":{"line":671,"column":47}}],"line":667},"66":{"loc":{"start":{"line":669,"column":10},"end":{"line":671,"column":47}},"type":"cond-expr","locations":[{"start":{"line":670,"column":12},"end":{"line":670,"column":45}},{"start":{"line":671,"column":12},"end":{"line":671,"column":47}}],"line":669},"67":{"loc":{"start":{"line":672,"column":16},"end":{"line":672,"column":68}},"type":"binary-expr","locations":[{"start":{"line":672,"column":16},"end":{"line":672,"column":34}},{"start":{"line":672,"column":38},"end":{"line":672,"column":68}}],"line":672},"68":{"loc":{"start":{"line":674,"column":4},"end":{"line":676,"column":5}},"type":"if","locations":[{"start":{"line":674,"column":4},"end":{"line":676,"column":5}},{"start":{"line":674,"column":4},"end":{"line":676,"column":5}}],"line":674},"69":{"loc":{"start":{"line":679,"column":22},"end":{"line":683,"column":22}},"type":"cond-expr","locations":[{"start":{"line":680,"column":10},"end":{"line":680,"column":37}},{"start":{"line":681,"column":10},"end":{"line":683,"column":22}}],"line":679},"70":{"loc":{"start":{"line":681,"column":10},"end":{"line":683,"column":22}},"type":"cond-expr","locations":[{"start":{"line":682,"column":12},"end":{"line":682,"column":42}},{"start":{"line":683,"column":12},"end":{"line":683,"column":22}}],"line":681},"71":{"loc":{"start":{"line":693,"column":4},"end":{"line":698,"column":5}},"type":"if","locations":[{"start":{"line":693,"column":4},"end":{"line":698,"column":5}},{"start":{"line":693,"column":4},"end":{"line":698,"column":5}}],"line":693},"72":{"loc":{"start":{"line":693,"column":8},"end":{"line":693,"column":76}},"type":"binary-expr","locations":[{"start":{"line":693,"column":8},"end":{"line":693,"column":26}},{"start":{"line":693,"column":30},"end":{"line":693,"column":44}},{"start":{"line":693,"column":48},"end":{"line":693,"column":76}}],"line":693},"73":{"loc":{"start":{"line":719,"column":23},"end":{"line":719,"column":32}},"type":"default-arg","locations":[{"start":{"line":719,"column":30},"end":{"line":719,"column":32}}],"line":719},"74":{"loc":{"start":{"line":738,"column":27},"end":{"line":738,"column":36}},"type":"default-arg","locations":[{"start":{"line":738,"column":34},"end":{"line":738,"column":36}}],"line":738},"75":{"loc":{"start":{"line":758,"column":24},"end":{"line":758,"column":33}},"type":"default-arg","locations":[{"start":{"line":758,"column":31},"end":{"line":758,"column":33}}],"line":758},"76":{"loc":{"start":{"line":777,"column":31},"end":{"line":777,"column":40}},"type":"default-arg","locations":[{"start":{"line":777,"column":38},"end":{"line":777,"column":40}}],"line":777},"77":{"loc":{"start":{"line":778,"column":4},"end":{"line":780,"column":5}},"type":"if","locations":[{"start":{"line":778,"column":4},"end":{"line":780,"column":5}},{"start":{"line":778,"column":4},"end":{"line":780,"column":5}}],"line":778},"78":{"loc":{"start":{"line":778,"column":8},"end":{"line":778,"column":45}},"type":"binary-expr","locations":[{"start":{"line":778,"column":8},"end":{"line":778,"column":25}},{"start":{"line":778,"column":29},"end":{"line":778,"column":45}}],"line":778},"79":{"loc":{"start":{"line":782,"column":12},"end":{"line":782,"column":25}},"type":"default-arg","locations":[{"start":{"line":782,"column":21},"end":{"line":782,"column":25}}],"line":782},"80":{"loc":{"start":{"line":782,"column":27},"end":{"line":782,"column":49}},"type":"default-arg","locations":[{"start":{"line":782,"column":45},"end":{"line":782,"column":49}}],"line":782},"81":{"loc":{"start":{"line":789,"column":4},"end":{"line":793,"column":5}},"type":"if","locations":[{"start":{"line":789,"column":4},"end":{"line":793,"column":5}},{"start":{"line":789,"column":4},"end":{"line":793,"column":5}}],"line":789},"82":{"loc":{"start":{"line":799,"column":31},"end":{"line":799,"column":40}},"type":"default-arg","locations":[{"start":{"line":799,"column":38},"end":{"line":799,"column":40}}],"line":799},"83":{"loc":{"start":{"line":823,"column":23},"end":{"line":823,"column":32}},"type":"default-arg","locations":[{"start":{"line":823,"column":30},"end":{"line":823,"column":32}}],"line":823},"84":{"loc":{"start":{"line":834,"column":25},"end":{"line":834,"column":43}},"type":"default-arg","locations":[{"start":{"line":834,"column":39},"end":{"line":834,"column":43}}],"line":834},"85":{"loc":{"start":{"line":835,"column":4},"end":{"line":837,"column":5}},"type":"if","locations":[{"start":{"line":835,"column":4},"end":{"line":837,"column":5}},{"start":{"line":835,"column":4},"end":{"line":837,"column":5}}],"line":835},"86":{"loc":{"start":{"line":839,"column":20},"end":{"line":839,"column":89}},"type":"cond-expr","locations":[{"start":{"line":839,"column":48},"end":{"line":839,"column":54}},{"start":{"line":839,"column":57},"end":{"line":839,"column":89}}],"line":839},"87":{"loc":{"start":{"line":841,"column":4},"end":{"line":845,"column":5}},"type":"if","locations":[{"start":{"line":841,"column":4},"end":{"line":845,"column":5}},{"start":{"line":841,"column":4},"end":{"line":845,"column":5}}],"line":841},"88":{"loc":{"start":{"line":854,"column":11},"end":{"line":854,"column":44}},"type":"binary-expr","locations":[{"start":{"line":854,"column":12},"end":{"line":854,"column":13}},{"start":{"line":854,"column":17},"end":{"line":854,"column":34}},{"start":{"line":854,"column":39},"end":{"line":854,"column":44}}],"line":854},"89":{"loc":{"start":{"line":885,"column":11},"end":{"line":885,"column":52}},"type":"cond-expr","locations":[{"start":{"line":885,"column":26},"end":{"line":885,"column":45}},{"start":{"line":885,"column":48},"end":{"line":885,"column":52}}],"line":885},"90":{"loc":{"start":{"line":893,"column":11},"end":{"line":893,"column":57}},"type":"cond-expr","locations":[{"start":{"line":893,"column":26},"end":{"line":893,"column":50}},{"start":{"line":893,"column":53},"end":{"line":893,"column":57}}],"line":893},"91":{"loc":{"start":{"line":902,"column":11},"end":{"line":902,"column":48}},"type":"cond-expr","locations":[{"start":{"line":902,"column":26},"end":{"line":902,"column":41}},{"start":{"line":902,"column":44},"end":{"line":902,"column":48}}],"line":902},"92":{"loc":{"start":{"line":911,"column":11},"end":{"line":911,"column":57}},"type":"cond-expr","locations":[{"start":{"line":911,"column":26},"end":{"line":911,"column":50}},{"start":{"line":911,"column":53},"end":{"line":911,"column":57}}],"line":911},"93":{"loc":{"start":{"line":920,"column":11},"end":{"line":920,"column":56}},"type":"cond-expr","locations":[{"start":{"line":920,"column":26},"end":{"line":920,"column":49}},{"start":{"line":920,"column":52},"end":{"line":920,"column":56}}],"line":920},"94":{"loc":{"start":{"line":936,"column":11},"end":{"line":936,"column":47}},"type":"cond-expr","locations":[{"start":{"line":936,"column":26},"end":{"line":936,"column":40}},{"start":{"line":936,"column":43},"end":{"line":936,"column":47}}],"line":936},"95":{"loc":{"start":{"line":945,"column":11},"end":{"line":945,"column":43}},"type":"cond-expr","locations":[{"start":{"line":945,"column":26},"end":{"line":945,"column":37}},{"start":{"line":945,"column":40},"end":{"line":945,"column":43}}],"line":945},"96":{"loc":{"start":{"line":954,"column":11},"end":{"line":954,"column":59}},"type":"cond-expr","locations":[{"start":{"line":954,"column":26},"end":{"line":954,"column":53}},{"start":{"line":954,"column":56},"end":{"line":954,"column":59}}],"line":954},"97":{"loc":{"start":{"line":963,"column":11},"end":{"line":963,"column":44}},"type":"cond-expr","locations":[{"start":{"line":963,"column":26},"end":{"line":963,"column":38}},{"start":{"line":963,"column":41},"end":{"line":963,"column":44}}],"line":963},"98":{"loc":{"start":{"line":972,"column":11},"end":{"line":972,"column":42}},"type":"cond-expr","locations":[{"start":{"line":972,"column":26},"end":{"line":972,"column":36}},{"start":{"line":972,"column":39},"end":{"line":972,"column":42}}],"line":972},"99":{"loc":{"start":{"line":981,"column":11},"end":{"line":981,"column":43}},"type":"cond-expr","locations":[{"start":{"line":981,"column":26},"end":{"line":981,"column":37}},{"start":{"line":981,"column":40},"end":{"line":981,"column":43}}],"line":981},"100":{"loc":{"start":{"line":990,"column":11},"end":{"line":990,"column":45}},"type":"cond-expr","locations":[{"start":{"line":990,"column":26},"end":{"line":990,"column":39}},{"start":{"line":990,"column":42},"end":{"line":990,"column":45}}],"line":990},"101":{"loc":{"start":{"line":999,"column":11},"end":{"line":999,"column":45}},"type":"cond-expr","locations":[{"start":{"line":999,"column":26},"end":{"line":999,"column":39}},{"start":{"line":999,"column":42},"end":{"line":999,"column":45}}],"line":999},"102":{"loc":{"start":{"line":1008,"column":11},"end":{"line":1008,"column":50}},"type":"cond-expr","locations":[{"start":{"line":1008,"column":26},"end":{"line":1008,"column":44}},{"start":{"line":1008,"column":47},"end":{"line":1008,"column":50}}],"line":1008},"103":{"loc":{"start":{"line":1018,"column":11},"end":{"line":1018,"column":69}},"type":"cond-expr","locations":[{"start":{"line":1018,"column":26},"end":{"line":1018,"column":63}},{"start":{"line":1018,"column":66},"end":{"line":1018,"column":69}}],"line":1018},"104":{"loc":{"start":{"line":1028,"column":11},"end":{"line":1028,"column":71}},"type":"cond-expr","locations":[{"start":{"line":1028,"column":26},"end":{"line":1028,"column":65}},{"start":{"line":1028,"column":68},"end":{"line":1028,"column":71}}],"line":1028},"105":{"loc":{"start":{"line":1039,"column":11},"end":{"line":1039,"column":68}},"type":"cond-expr","locations":[{"start":{"line":1039,"column":26},"end":{"line":1039,"column":62}},{"start":{"line":1039,"column":65},"end":{"line":1039,"column":68}}],"line":1039},"106":{"loc":{"start":{"line":1048,"column":11},"end":{"line":1048,"column":66}},"type":"cond-expr","locations":[{"start":{"line":1048,"column":26},"end":{"line":1048,"column":60}},{"start":{"line":1048,"column":63},"end":{"line":1048,"column":66}}],"line":1048},"107":{"loc":{"start":{"line":1058,"column":11},"end":{"line":1058,"column":94}},"type":"cond-expr","locations":[{"start":{"line":1058,"column":26},"end":{"line":1058,"column":87}},{"start":{"line":1058,"column":90},"end":{"line":1058,"column":94}}],"line":1058},"108":{"loc":{"start":{"line":1068,"column":11},"end":{"line":1068,"column":93}},"type":"cond-expr","locations":[{"start":{"line":1068,"column":26},"end":{"line":1068,"column":86}},{"start":{"line":1068,"column":89},"end":{"line":1068,"column":93}}],"line":1068},"109":{"loc":{"start":{"line":1078,"column":11},"end":{"line":1078,"column":98}},"type":"cond-expr","locations":[{"start":{"line":1078,"column":26},"end":{"line":1078,"column":91}},{"start":{"line":1078,"column":94},"end":{"line":1078,"column":98}}],"line":1078},"110":{"loc":{"start":{"line":1088,"column":11},"end":{"line":1088,"column":97}},"type":"cond-expr","locations":[{"start":{"line":1088,"column":26},"end":{"line":1088,"column":90}},{"start":{"line":1088,"column":93},"end":{"line":1088,"column":97}}],"line":1088},"111":{"loc":{"start"
[...]
"line":48,"column":5}},"17":{"start":{"line":47,"column":6},"end":{"line":47,"column":40}},"18":{"start":{"line":50,"column":2},"end":{"line":50,"column":16}},"19":{"start":{"line":53,"column":20},"end":{"line":53,"column":22}},"20":{"start":{"line":64,"column":4},"end":{"line":66,"column":5}},"21":{"start":{"line":65,"column":6},"end":{"line":65,"column":47}},"22":{"start":{"line":67,"column":4},"end":{"line":67,"column":31}},"23":{"start":{"line":74,"column":4},"end":{"line":74,"column":23}},"24":{"start":{"line":75,"column":4},"end":{"line":75,"column":18}},"25":{"start":{"line":86,"column":4},"end":{"line":86,"column":43}},"26":{"start":{"line":98,"column":4},"end":{"line":103,"column":5}},"27":{"start":{"line":99,"column":6},"end":{"line":99,"column":68}},"28":{"start":{"line":100,"column":6},"end":{"line":100,"column":18}},"29":{"start":{"line":102,"column":6},"end":{"line":102,"column":19}},"30":{"start":{"line":109,"column":4},"end":{"line":114,"column":5}},"31":{"start":{"line":110,"column":20},"end":{"line":110,"column":63}},"32":{"start":{"line":111,"column":6},"end":{"line":113,"column":7}},"33":{"start":{"line":112,"column":8},"end":{"line":112,"column":40}},"34":{"start":{"line":115,"column":4},"end":{"line":115,"column":16}},"35":{"start":{"line":119,"column":4},"end":{"line":119,"column":12}},"36":{"start":{"line":121,"column":4},"end":{"line":121,"column":25}},"37":{"start":{"line":123,"column":4},"end":{"line":123,"column":44}},"38":{"start":{"line":128,"column":4},"end":{"line":128,"column":18}},"39":{"start":{"line":133,"column":4},"end":{"line":133,"column":25}},"40":{"start":{"line":138,"column":4},"end":{"line":138,"column":17}},"41":{"start":{"line":143,"column":4},"end":{"line":143,"column":56}},"42":{"start":{"line":148,"column":4},"end":{"line":148,"column":49}},"43":{"start":{"line":153,"column":17},"end":{"line":153,"column":29}},"44":{"start":{"line":154,"column":12},"end":{"line":154,"column":30}},"45":{"start":{"line":155,"column":49},"end":{"line":157,"column":32}},"46":{"start":{"line":158,"column":18},"end":{"line":158,"column":90}},"47":{"start":{"line":159,"column":15},"end":{"line":159,"column":29}},"48":{"start":{"line":160,"column":4},"end":{"line":160,"column":24}},"49":{"start":{"line":161,"column":4},"end":{"line":161,"column":40}},"50":{"start":{"line":166,"column":4},"end":{"line":166,"column":69}},"51":{"start":{"line":171,"column":4},"end":{"line":171,"column":22}}},"fnMap":{"0":{"name":"makeDTF","decl":{"start":{"line":7,"column":9},"end":{"line":7,"column":16}},"loc":{"start":{"line":7,"column":23},"end":{"line":21,"column":1}},"line":7},"1":{"name":"hackyOffset","decl":{"start":{"line":32,"column":9},"end":{"line":32,"column":20}},"loc":{"start":{"line":32,"column":32},"end":{"line":37,"column":1}},"line":32},"2":{"name":"partsOffset","decl":{"start":{"line":39,"column":9},"end":{"line":39,"column":20}},"loc":{"start":{"line":39,"column":32},"end":{"line":51,"column":1}},"line":39},"3":{"name":"(anonymous_3)","decl":{"start":{"line":63,"column":2},"end":{"line":63,"column":3}},"loc":{"start":{"line":63,"column":22},"end":{"line":68,"column":3}},"line":63},"4":{"name":"(anonymous_4)","decl":{"start":{"line":73,"column":2},"end":{"line":73,"column":3}},"loc":{"start":{"line":73,"column":22},"end":{"line":76,"column":3}},"line":73},"5":{"name":"(anonymous_5)","decl":{"start":{"line":85,"column":2},"end":{"line":85,"column":3}},"loc":{"start":{"line":85,"column":29},"end":{"line":87,"column":3}},"line":85},"6":{"name":"(anonymous_6)","decl":{"start":{"line":97,"column":2},"end":{"line":97,"column":3}},"loc":{"start":{"line":97,"column":27},"end":{"line":104,"column":3}},"line":97},"7":{"name":"(anonymous_7)","decl":{"start":{"line":108,"column":2},"end":{"line":108,"column":3}},"loc":{"start":{"line":108,"column":35},"end":{"line":116,"column":3}},"line":108},"8":{"name":"(anonymous_8)","decl":{"start":{"line":118,"column":2},"end":{"line":118,"column":3}},"loc":{"start":{"line":118,"column":20},"end":{"line":124,"column":3}},"line":118},"9":{"name":"(anonymous_9)","decl":{"start":{"line":127,"column":2},"end":{"line":127,"column":3}},"loc":{"start":{"line":127,"column":13},"end":{"line":129,"column":3}},"line":127},"10":{"name":"(anonymous_10)","decl":{"start":{"line":132,"column":2},"end":{"line":132,"column":3}},"loc":{"start":{"line":132,"column":13},"end":{"line":134,"column":3}},"line":132},"11":{"name":"(anonymous_11)","decl":{"start":{"line":137,"column":2},"end":{"line":137,"column":3}},"loc":{"start":{"line":137,"column":18},"end":{"line":139,"column":3}},"line":137},"12":{"name":"(anonymous_12)","decl":{"start":{"line":142,"column":2},"end":{"line":142,"column":3}},"loc":{"start":{"line":142,"column":37},"end":{"line":144,"column":3}},"line":142},"13":{"name":"(anonymous_13)","decl":{"start":{"line":147,"column":2},"end":{"line":147,"column":3}},"loc":{"start":{"line":147,"column":27},"end":{"line":149,"column":3}},"line":147},"14":{"name":"(anonymous_14)","decl":{"start":{"line":152,"column":2},"end":{"line":152,"column":3}},"loc":{"start":{"line":152,"column":13},"end":{"line":162,"column":3}},"line":152},"15":{"name":"(anonymous_15)","decl":{"start":{"line":165,"column":2},"end":{"line":165,"column":3}},"loc":{"start":{"line":165,"column":20},"end":{"line":167,"column":3}},"line":165},"16":{"name":"(anonymous_16)","decl":{"start":{"line":170,"column":2},"end":{"line":170,"column":3}},"loc":{"start":{"line":170,"column":16},"end":{"line":172,"column":3}},"line":170}},"branchMap":{"0":{"loc":{"start":{"line":8,"column":2},"end":{"line":19,"column":3}},"type":"if","locations":[{"start":{"line":8,"column":2},"end":{"line":19,"column":3}},{"start":{"line":8,"column":2},"end":{"line":19,"column":3}}],"line":8},"1":{"loc":{"start":{"line":46,"column":4},"end":{"line":48,"column":5}},"type":"if","locations":[{"start":{"line":46,"column":4},"end":{"line":48,"column":5}},{"start":{"line":46,"column":4},"end":{"line":48,"column":5}}],"line":46},"2":{"loc":{"start":{"line":64,"column":4},"end":{"line":66,"column":5}},"type":"if","locations":[{"start":{"line":64,"column":4},"end":{"line":66,"column":5}},{"start":{"line":64,"column":4},"end":{"line":66,"column":5}}],"line":64},"3":{"loc":{"start":{"line":86,"column":14},"end":{"line":86,"column":41}},"type":"binary-expr","locations":[{"start":{"line":86,"column":14},"end":{"line":86,"column":15}},{"start":{"line":86,"column":19},"end":{"line":86,"column":41}}],"line":86},"4":{"loc":{"start":{"line":109,"column":4},"end":{"line":114,"column":5}},"type":"if","locations":[{"start":{"line":109,"column":4},"end":{"line":114,"column":5}},{"start":{"line":109,"column":4},"end":{"line":114,"column":5}}],"line":109},"5":{"loc":{"start":{"line":111,"column":6},"end":{"line":113,"column":7}},"type":"if","locations":[{"start":{"line":111,"column":6},"end":{"line":113,"column":7}},{"start":{"line":111,"column":6},"end":{"line":113,"column":7}}],"line":111},"6":{"loc":{"start":{"line":155,"column":49},"end":{"line":157,"column":32}},"type":"cond-expr","locations":[{"start":{"line":156,"column":10},"end":{"line":156,"column":32}},{"start":{"line":157,"column":10},"end":{"line":157,"column":32}}],"line":155},"7":{"loc":{"start":{"line":166,"column":11},"end":{"line":166,"column":68}},"type":"binary-expr","locations":[{"start":{"line":166,"column":11},"end":{"line":166,"column":36}},{"start":{"line":166,"column":40},"end":{"line":166,"column":68}}],"line":166}},"s":{"0":53,"1":53,"2":462,"3":29,"4":462,"5":53,"6":6,"7":6,"8":6,"9":6,"10":456,"11":456,"12":456,"13":456,"14":5016,"15":5016,"16":5016,"17":2736,"18":456,"19":53,"20":109,"21":50,"22":109,"23":45,"24":45,"25":104,"26":84,"27":84,"28":57,"29":27,"30":105,"31":102,"32":102,"33":6,"34":99,"35":74,"36":74,"37":74,"38":88,"39":583,"40":41,"41":8,"42":8,"43":462,"44":462,"45":462,"46":462,"47":462,"48":462,"49":462,"50":70,"51":223},"f":{"0":462,"1":6,"2":456,"3":109,"4":45,"5":104,"6":84,"7":105,"8":74,"9":88,"10":583,"11":41,"12":8,"13":8,"14":462,"15":70,"16":223},"b":{"0":[29,433],"1":[2736,2280],"2":[50,59],"3":[104,103],"4":[102,3],"5":[6,96],"6":[456,6],"7":[70,26]},"_coverageSchema":"43e27e138ebf9cfc5966b082cf9a028302ed4184","hash":"9f970a50022e8c5a470d2785d8befc78b2f81275"}
,"/Users/isaaccambron/code/luxon/src/zones/fixedOffsetZone.js": {"path":"/Users/isaaccambron/code/luxon/src/zones/fixedOffsetZone.js","statementMap":{"0":{"start":{"line":4,"column":16},"end":{"line":4,"column":20}},"1":{"start":{"line":16,"column":4},"end":{"line":18,"column":5}},"2":{"start":{"line":17,"column":6},"end":{"line":17,"column":41}},"3":{"start":{"line":19,"column":4},"end":{"line":19,"column":21}},"4":{"start":{"line":28,"column":4},"end":{"line":28,"column":84}},"5":{"start":{"line":40,"column":4},"end":{"line":45,"column":5}},"6":{"start":{"line":41,"column":16},"end":{"line":41,"column":64}},"7":{"start":{"line":42,"column":6},"end":{"line":44,"column":7}},"8":{"start":{"line":43,"column":8},"end":{"line":43,"column":61}},"9":{"start":{"line":46,"column":4},"end":{"line":46,"column":16}},"10":{"start":{"line":50,"column":4},"end":{"line":50,"column":12}},"11":{"start":{"line":52,"column":4},"end":{"line":52,"column":24}},"12":{"start":{"line":57,"column":4},"end":{"line":57,"column":19}},"13":{"start":{"line":62,"column":4},"end":{"line":62,"column":81}},"14":{"start":{"line":67,"column":4},"end":{"line":67,"column":21}},"15":{"start":{"line":72,"column":4},"end":{"line":72,"column":44}},"16":{"start":{"line":77,"column":4},"end":{"line":77,"column":16}},"17":{"start":{"line":82,"column":4},"end":{"line":82,"column":22}},"18":{"start":{"line":87,"column":4},"end":{"line":87,"column":72}},"19":{"start":{"line":92,"column":4},"end":{"line":92,"column":16}}},"fnMap":{"0":{"name":"(anonymous_0)","decl":{"start":{"line":15,"column":2},"end":{"line":15,"column":3}},"loc":{"start":{"line":15,"column":27},"end":{"line":20,"column":3}},"line":15},"1":{"name":"(anonymous_1)","decl":{"start":{"line":27,"column":2},"end":{"line":27,"column":3}},"loc":{"start":{"line":27,"column":26},"end":{"line":29,"column":3}},"line":27},"2":{"name":"(anonymous_2)","decl":{"start":{"line":39,"column":2},"end":{"line":39,"column":3}},"loc":{"start":{"line":39,"column":27},"end":{"line":47,"column":3}},"line":39},"3":{"name":"(anonymous_3)","decl":{"start":{"line":49,"column":2},"end":{"line":49,"column":3}},"loc":{"start":{"line":49,"column":22},"end":{"line":53,"column":3}},"line":49},"4":{"name":"(anonymous_4)","decl":{"start":{"line":56,"column":2},"end":{"line":56,"column":3}},"loc":{"start":{"line":56,"column":13},"end":{"line":58,"column":3}},"line":56},"5":{"name":"(anonymous_5)","decl":{"start":{"line":61,"column":2},"end":{"line":61,"column":3}},"loc":{"start":{"line":61,"column":13},"end":{"line":63,"column":3}},"line":61},"6":{"name":"(anonymous_6)","decl":{"start":{"line":66,"column":2},"end":{"line":66,"column":3}},"loc":{"start":{"line":66,"column":15},"end":{"line":68,"column":3}},"line":66},"7":{"name":"(anonymous_7)","decl":{"start":{"line":71,"column":2},"end":{"line":71,"column":3}},"loc":{"start":{"line":71,"column":27},"end":{"line":73,"column":3}},"line":71},"8":{"name":"(anonymous_8)","decl":{"start":{"line":76,"column":2},"end":{"line":76,"column":3}},"loc":{"start":{"line":76,"column":18},"end":{"line":78,"column":3}},"line":76},"9":{"name":"(anonymous_9)","decl":{"start":{"line":81,"column":2},"end":{"line":81,"column":3}},"loc":{"start":{"line":81,"column":11},"end":{"line":83,"column":3}},"line":81},"10":{"name":"(anonymous_10)","decl":{"start":{"line":86,"column":2},"end":{"line":86,"column":3}},"loc":{"start":{"line":86,"column":20},"end":{"line":88,"column":3}},"line":86},"11":{"name":"(anonymous_11)","decl":{"start":{"line":91,"column":2},"end":{"line":91,"column":3}},"loc":{"start":{"line":91,"column":16},"end":{"line":93,"column":3}},"line":91}},"branchMap":{"0":{"loc":{"start":{"line":16,"column":4},"end":{"line":18,"column":5}},"type":"if","locations":[{"start":{"line":16,"column":4},"end":{"line":18,"column":5}},{"start":{"line":16,"column":4},"end":{"line":18,"column":5}}],"line":16},"1":{"loc":{"start":{"line":28,"column":11},"end":{"line":28,"column":83}},"type":"cond-expr","locations":[{"start":{"line":28,"column":26},"end":{"line":28,"column":53}},{"start":{"line":28,"column":56},"end":{"line":28,"column":83}}],"line":28},"2":{"loc":{"start":{"line":40,"column":4},"end":{"line":45,"column":5}},"type":"if","locations":[{"start":{"line":40,"column":4},"end":{"line":45,"column":5}},{"start":{"line":40,"column":4},"end":{"line":45,"column":5}}],"line":40},"3":{"loc":{"start":{"line":42,"column":6},"end":{"line":44,"column":7}},"type":"if","locations":[{"start":{"line":42,"column":6},"end":{"line":44,"column":7}},{"start":{"line":42,"column":6},"end":{"line":44,"column":7}}],"line":42},"4":{"loc":{"start":{"line":62,"column":11},"end":{"line":62,"column":80}},"type":"cond-expr","locations":[{"start":{"line":62,"column":30},"end":{"line":62,"column":35}},{"start":{"line":62,"column":38},"end":{"line":62,"column":80}}],"line":62},"5":{"loc":{"start":{"line":87,"column":11},"end":{"line":87,"column":71}},"type":"binary-expr","locations":[{"start":{"line":87,"column":11},"end":{"line":87,"column":37}},{"start":{"line":87,"column":41},"end":{"line":87,"column":71}}],"line":87}},"s":{"0":53,"1":763,"2":20,"3":763,"4":238,"5":17,"6":14,"7":14,"8":12,"9":5,"10":98,"11":98,"12":370,"13":35,"14":13,"15":26,"16":629,"17":4467,"18":479,"19":1437},"f":{"0":763,"1":238,"2":17,"3":98,"4":370,"5":35,"6":13,"7":26,"8":629,"9":4467,"10":479,"11":1437},"b":{"0":[20,743],"1":[202,36],"2":[14,3],"3":[12,2],"4":[18,17],"5":[479,267]},"_coverageSchema":"43e27e138ebf9cfc5966b082cf9a028302ed4184","hash":"c00ef92cd4d7bac3c51df4b97c19c3487994d3f8"}
,"/Users/isaaccambron/code/luxon/src/zones/invalidZone.js": {"path":"/Users/isaaccambron/code/luxon/src/zones/invalidZone.js","statementMap":{"0":{"start":{"line":9,"column":4},"end":{"line":9,"column":12}},"1":{"start":{"line":11,"column":4},"end":{"line":11,"column":29}},"2":{"start":{"line":16,"column":4},"end":{"line":16,"column":21}},"3":{"start":{"line":21,"column":4},"end":{"line":21,"column":25}},"4":{"start":{"line":26,"column":4},"end":{"line":26,"column":17}},"5":{"start":{"line":31,"column":4},"end":{"line":31,"column":16}},"6":{"start":{"line":36,"column":4},"end":{"line":36,"column":14}},"7":{"start":{"line":41,"column":4},"end":{"line":41,"column":15}},"8":{"start":{"line":46,"column":4},"end":{"line":46,"column":17}},"9":{"start":{"line":51,"column":4},"end":{"line":51,"column":17}}},"fnMap":{"0":{"name":"(anonymous_0)","decl":{"start":{"line":8,"column":2},"end":{"line":8,"column":3}},"loc":{"start":{"line":8,"column":24},"end":{"line":12,"column":3}},"line":8},"1":{"name":"(anonymous_1)","decl":{"start":{"line":15,"column":2},"end":{"line":15,"column":3}},"loc":{"start":{"line":15,"column":13},"end":{"line":17,"column":3}},"line":15},"2":{"name":"(anonymous_2)","decl":{"start":{"line":20,"column":2},"end":{"line":20,"column":3}},"loc":{"start":{"line":20,"column":13},"end":{"line":22,"column":3}},"line":20},"3":{"name":"(anonymous_3)","decl":{"start":{"line":25,"column":2},"end":{"line":25,"column":3}},"loc":{"start":{"line":25,"column":18},"end":{"line":27,"column":3}},"line":25},"4":{"name":"(anonymous_4)","decl":{"start":{"line":30,"column":2},"end":{"line":30,"column":3}},"loc":{"start":{"line":30,"column":15},"end":{"line":32,"column":3}},"line":30},"5":{"name":"(anonymous_5)","decl":{"start":{"line":35,"column":2},"end":{"line":35,"column":3}},"loc":{"start":{"line":35,"column":17},"end":{"line":37,"column":3}},"line":35},"6":{"name":"(anonymous_6)","decl":{"start":{"line":40,"column":2},"end":{"line":40,"column":3}},"loc":{"start":{"line":40,"column":11},"end":{"line":42,"column":3}},"line":40},"7":{"name":"(anonymous_7)","decl":{"start":{"line":45,"column":2},"end":{"line":45,"column":3}},"loc":{"start":{"line":45,"column":11},"end":{"line":47,"column":3}},"line":45},"8":{"name":"(anonymous_8)","decl":{"start":{"line":50,"column":2},"end":{"line":50,"column":3}},"loc":{"start":{"line":50,"column":16},"end":{"line":52,"column":3}},"line":50}},"branchMap":{},"s":{"0":2,"1":2,"2":1,"3":1,"4":1,"5":1,"6":1,"7":1,"8":1,"9":1},"f":{"0":2,"1":1,"2":1,"3":1,"4":1,"5":1,"6":1,"7":1,"8":1},"b":{},"_coverageSchema":"43e27e138ebf9cfc5966b082cf9a028302ed4184","hash":"0b31e88907f3855cb8e1f96bf035103c3bd185ad"}
,"/Users/isaaccambron/code/luxon/src/zones/localZone.js": {"path":"/Users/isaaccambron/code/luxon/src/zones/localZone.js","statementMap":{"0":{"start":{"line":4,"column":16},"end":{"line":4,"column":20}},"1":{"start":{"line":16,"column":4},"end":{"line":18,"column":5}},"2":{"start":{"line":17,"column":6},"end":{"line":17,"column":34}},"3":{"start":{"line":19,"column":4},"end":{"line":19,"column":21}},"4":{"start":{"line":24,"column":4},"end":{"line":24,"column":19}},"5":{"start":{"line":29,"column":4},"end":{"line":31,"column":26}},"6":{"start":{"line":30,"column":6},"end":{"line":30,"column":66}},"7":{"start":{"line":31,"column":11},"end":{"line":31,"column":26}},"8":{"start":{"line":36,"column":4},"end":{"line":36,"column":17}},"9":{"start":{"line":41,"column":4},"end":{"line":41,"column":45}},"10":{"start":{"line":46,"column":4},"end":{"line":46,"column":49}},"11":{"start":{"line":51,"column":4},"end":{"line":51,"column":45}},"12":{"start":{"line":56,"column":4},"end":{"line":56,"column":38}},"13":{"start":{"line":61,"column":4},"end":{"line":61,"column":16}}},"fnMap":{"0":{"name":"(anonymous_0)","decl":{"start":{"line":15,"column":2},"end":{"line":15,"column":3}},"loc":{"start":{"line":15,"column":24},"end":{"line":20,"column":3}},"line":15},"1":{"name":"(anonymous_1)","decl":{"start":{"line":23,"column":2},"end":{"line":23,"column":3}},"loc":{"start":{"line":23,"column":13},"end":{"line":25,"column":3}},"line":23},"2":{"name":"(anonymous_2)","decl":{"start":{"line":28,"column":2},"end":{"line":28,"column":3}},"loc":{"start":{"line":28,"column":13},"end":{"line":32,"column":3}},"line":28},"3":{"name":"(anonymous_3)","decl":{"start":{"line":35,"column":2},"end":{"line":35,"column":3}},"loc":{"start":{"line":35,"column":18},"end":{"line":37,"column":3}},"line":35},"4":{"name":"(anonymous_4)","decl":{"start":{"line":40,"column":2},"end":{"line":40,"column":3}},"loc":{"start":{"line":40,"column":37},"end":{"line":42,"column":3}},"line":40},"5":{"name":"(anonymous_5)","decl":{"start":{"line":45,"column":2},"end":{"line":45,"column":3}},"loc":{"start":{"line":45,"column":27},"end":{"line":47,"column":3}},"line":45},"6":{"name":"(anonymous_6)","decl":{"start":{"line":50,"column":2},"end":{"line":50,"column":3}},"loc":{"start":{"line":50,"column":13},"end":{"line":52,"column":3}},"line":50},"7":{"name":"(anonymous_7)","decl":{"start":{"line":55,"column":2},"end":{"line":55,"column":3}},"loc":{"start":{"line":55,"column":20},"end":{"line":57,"column":3}},"line":55},"8":{"name":"(anonymous_8)","decl":{"start":{"line":60,"column":2},"end":{"line":60,"column":3}},"loc":{"start":{"line":60,"column":16},"end":{"line":62,"column":3}},"line":60}},"branchMap":{"0":{"loc":{"start":{"line":16,"column":4},"end":{"line":18,"column":5}},"type":"if","locations":[{"start":{"line":16,"column":4},"end":{"line":18,"column":5}},{"start":{"line":16,"column":4},"end":{"line":18,"column":5}}],"line":16},"1":{"loc":{"start":{"line":29,"column":4},"end":{"line":31,"column":26}},"type":"if","locations":[{"start":{"line":29,"column":4},"end":{"line":31,"column":26}},{"start":{"line":29,"column":4},"end":{"line":31,"column":26}}],"line":29}},"s":{"0":53,"1":1737,"2":34,"3":1737,"4":1081,"5":9,"6":7,"7":2,"8":53,"9":2,"10":16,"11":7364,"12":926,"13":3265},"f":{"0":1737,"1":1081,"2":9,"3":53,"4":2,"5":16,"6":7364,"7":926,"8":3265},"b":{"0":[34,1703],"1":[7,2]},"_coverageSchema":"43e27e138ebf9cfc5966b082cf9a028302ed4184","hash":"9876a6b3636556c91ad0d716b17fd7ac35d4afdd"}
}
