{"/home/take/code/luxon/src/datetime.js": {"path":"/home/take/code/luxon/src/datetime.js","statementMap":{"0":{"start":{"line":54,"column":16},"end":{"line":54,"column":34}},"1":{"start":{"line":55,"column":17},"end":{"line":55,"column":24}},"2":{"start":{"line":58,"column":2},"end":{"line":58,"column":85}},"3":{"start":{"line":66,"column":2},"end":{"line":68,"column":3}},"4":{"start":{"line":67,"column":4},"end":{"line":67,"column":40}},"5":{"start":{"line":69,"column":2},"end":{"line":69,"column":21}},"6":{"start":{"line":76,"column":2},"end":{"line":82,"column":3}},"7":{"start":{"line":77,"column":4},"end":{"line":81,"column":6}},"8":{"start":{"line":83,"column":2},"end":{"line":83,"column":26}},"9":{"start":{"line":89,"column":18},"end":{"line":96,"column":3}},"10":{"start":{"line":97,"column":2},"end":{"line":97,"column":61}},"11":{"start":{"line":104,"column":17},"end":{"line":104,"column":40}},"12":{"start":{"line":107,"column":13},"end":{"line":107,"column":32}},"13":{"start":{"line":110,"column":2},"end":{"line":112,"column":3}},"14":{"start":{"line":111,"column":4},"end":{"line":111,"column":25}},"15":{"start":{"line":115,"column":2},"end":{"line":115,"column":35}},"16":{"start":{"line":118,"column":13},"end":{"line":118,"column":32}},"17":{"start":{"line":119,"column":2},"end":{"line":121,"column":3}},"18":{"start":{"line":120,"column":4},"end":{"line":120,"column":26}},"19":{"start":{"line":124,"column":2},"end":{"line":124,"column":68}},"20":{"start":{"line":129,"column":2},"end":{"line":129,"column":27}},"21":{"start":{"line":131,"column":12},"end":{"line":131,"column":24}},"22":{"start":{"line":133,"column":2},"end":{"line":141,"column":4}},"23":{"start":{"line":146,"column":2},"end":{"line":146,"column":52}},"24":{"start":{"line":151,"column":15},"end":{"line":151,"column":21}},"25":{"start":{"line":152,"column":11},"end":{"line":152,"column":46}},"26":{"start":{"line":153,"column":12},"end":{"line":153,"column":80}},"27":{"start":{"line":154,"column":8},"end":{"line":162,"column":5}},"28":{"start":{"line":163,"column":18},"end":{"line":173,"column":25}},"29":{"start":{"line":174,"column":14},"end":{"line":174,"column":29}},"30":{"start":{"line":176,"column":16},"end":{"line":176,"column":51}},"31":{"start":{"line":178,"column":2},"end":{"line":182,"column":3}},"32":{"start":{"line":179,"column":4},"end":{"line":179,"column":22}},"33":{"start":{"line":181,"column":4},"end":{"line":181,"column":29}},"34":{"start":{"line":184,"column":2},"end":{"line":184,"column":19}},"35":{"start":{"line":190,"column":28},"end":{"line":190,"column":32}},"36":{"start":{"line":191,"column":2},"end":{"line":203,"column":3}},"37":{"start":{"line":192,"column":31},"end":{"line":192,"column":49}},"38":{"start":{"line":193,"column":13},"end":{"line":197,"column":8}},"39":{"start":{"line":198,"column":4},"end":{"line":198,"column":47}},"40":{"start":{"line":200,"column":4},"end":{"line":202,"column":6}},"41":{"start":{"line":209,"column":2},"end":{"line":214,"column":11}},"42":{"start":{"line":218,"column":21},"end":{"line":218,"column":52}},"43":{"start":{"line":219,"column":10},"end":{"line":219,"column":12}},"44":{"start":{"line":220,"column":2},"end":{"line":220,"column":44}},"45":{"start":{"line":220,"column":35},"end":{"line":220,"column":44}},"46":{"start":{"line":221,"column":2},"end":{"line":221,"column":46}},"47":{"start":{"line":223,"column":2},"end":{"line":231,"column":3}},"48":{"start":{"line":224,"column":4},"end":{"line":224,"column":13}},"49":{"start":{"line":225,"column":4},"end":{"line":225,"column":29}},"50":{"start":{"line":226,"column":4},"end":{"line":226,"column":13}},"51":{"start":{"line":227,"column":4},"end":{"line":227,"column":27}},"52":{"start":{"line":229,"column":4},"end":{"line":229,"column":29}},"53":{"start":{"line":230,"column":4},"end":{"line":230,"column":27}},"54":{"start":{"line":232,"column":2},"end":{"line":232,"column":11}},"55":{"start":{"line":243,"column":10},"end":{"line":243,"column":28}},"56":{"start":{"line":244,"column":2},"end":{"line":252,"column":3}},"57":{"start":{"line":245,"column":4},"end":{"line":245,"column":13}},"58":{"start":{"line":246,"column":4},"end":{"line":246,"column":30}},"59":{"start":{"line":247,"column":4},"end":{"line":249,"column":5}},"60":{"start":{"line":248,"column":6},"end":{"line":248,"column":15}},"61":{"start":{"line":251,"column":4},"end":{"line":251,"column":30}},"62":{"start":{"line":254,"column":2},"end":{"line":261,"column":3}},"63":{"start":{"line":255,"column":4},"end":{"line":255,"column":30}},"64":{"start":{"line":257,"column":4},"end":{"line":260,"column":5}},"65":{"start":{"line":258,"column":6},"end":{"line":258,"column":15}},"66":{"start":{"line":259,"column":6},"end":{"line":259,"column":40}},"67":{"start":{"line":263,"column":2},"end":{"line":277,"column":3}},"68":{"start":{"line":264,"column":4},"end":{"line":276,"column":5}},"69":{"start":{"line":265,"column":6},"end":{"line":265,"column":15}},"70":{"start":{"line":266,"column":11},"end":{"line":276,"column":5}},"71":{"start":{"line":267,"column":6},"end":{"line":267,"column":15}},"72":{"start":{"line":268,"column":6},"end":{"line":268,"column":43}},"73":{"start":{"line":269,"column":6},"end":{"line":269,"column":15}},"74":{"start":{"line":270,"column":6},"end":{"line":270,"column":43}},"75":{"start":{"line":272,"column":6},"end":{"line":272,"column":15}},"76":{"start":{"line":273,"column":6},"end":{"line":273,"column":42}},"77":{"start":{"line":274,"column":6},"end":{"line":274,"column":15}},"78":{"start":{"line":275,"column":6},"end":{"line":275,"column":42}},"79":{"start":{"line":279,"column":2},"end":{"line":281,"column":3}},"80":{"start":{"line":280,"column":4},"end":{"line":280,"column":37}},"81":{"start":{"line":282,"column":2},"end":{"line":282,"column":11}},"82":{"start":{"line":286,"column":26},"end":{"line":293,"column":3}},"83":{"start":{"line":294,"column":26},"end":{"line":301,"column":3}},"84":{"start":{"line":302,"column":29},"end":{"line":308,"column":3}},"85":{"start":{"line":311,"column":21},"end":{"line":311,"column":88}},"86":{"start":{"line":312,"column":21},"end":{"line":320,"column":3}},"87":{"start":{"line":321,"column":24},"end":{"line":321,"column":86}},"88":{"start":{"line":325,"column":21},"end":{"line":350,"column":23}},"89":{"start":{"line":352,"column":2},"end":{"line":352,"column":52}},"90":{"start":{"line":352,"column":19},"end":{"line":352,"column":52}},"91":{"start":{"line":354,"column":2},"end":{"line":354,"column":20}},"92":{"start":{"line":358,"column":2},"end":{"line":370,"column":3}},"93":{"start":{"line":361,"column":6},"end":{"line":361,"column":28}},"94":{"start":{"line":364,"column":6},"end":{"line":364,"column":31}},"95":{"start":{"line":367,"column":6},"end":{"line":367,"column":29}},"96":{"start":{"line":369,"column":6},"end":{"line":369,"column":33}},"97":{"start":{"line":393,"column":2},"end":{"line":399,"column":3}},"98":{"start":{"line":394,"column":4},"end":{"line":396,"column":5}},"99":{"start":{"line":395,"column":6},"end":{"line":395,"column":36}},"100":{"start":{"line":398,"column":4},"end":{"line":398,"column":59}},"101":{"start":{"line":400,"column":2},"end":{"line":400,"column":36}},"102":{"start":{"line":407,"column":15},"end":{"line":407,"column":61}},"103":{"start":{"line":408,"column":2},"end":{"line":410,"column":3}},"104":{"start":{"line":409,"column":4},"end":{"line":409,"column":51}},"105":{"start":{"line":412,"column":14},"end":{"line":412,"column":37}},"106":{"start":{"line":417,"column":2},"end":{"line":433,"column":3}},"107":{"start":{"line":418,"column":4},"end":{"line":422,"column":5}},"108":{"start":{"line":419,"column":6},"end":{"line":421,"column":7}},"109":{"start":{"line":420,"column":8},"end":{"line":420,"column":38}},"110":{"start":{"line":424,"column":20},"end":{"line":424,"column":75}},"111":{"start":{"line":425,"column":4},"end":{"line":427,"column":5}},"112":{"start":{"line":426,"column":6},"end":{"line":426,"column":39}},"113":{"start":{"line":429,"column":25},"end":{"line":429,"column":49}},"114":{"start":{"line":430,"column":4},"end":{"line":430,"column":47}},"115":{"start":{"line":432,"column":4},"end":{"line":432,"column":24}},"116":{"start":{"line":435,"column":2},"end":{"line":435,"column":44}},"117":{"start":{"line":439,"column":16},"end":{"line":439,"column":59}},"118":{"start":{"line":440,"column":13},"end":{"line":444,"column":5}},"119":{"start":{"line":441,"column":6},"end":{"line":441,"column":60}},"120":{"start":{"line":442,"column":24},"end":{"line":442,"column":62}},"121":{"start":{"line":443,"column":6},"end":{"line":443,"column":39}},"122":{"start":{"line":445,"column":13},"end":{"line":453,"column":5}},"123":{"start":{"line":446,"column":6},"end":{"line":452,"column":7}},"124":{"start":{"line":447,"column":8},"end":{"line":449,"column":24}},"125":{"start":{"line":448,"column":10},"end":{"line":448,"column":77}},"126":{"start":{"line":449,"column":15},"end":{"line":449,"column":24}},"127":{"start":{"line":451,"column":8},"end":{"line":451,"column":47}},"128":{"start":{"line":455,"column":2},"end":{"line":457,"column":3}},"129":{"start":{"line":456,"column":4},"end":{"line":456,"column":48}},"130":{"start":{"line":459,"column":2},"end":{"line":464,"column":3}},"131":{"start":{"line":460,"column":18},"end":{"line":460,"column":30}},"132":{"start":{"line":461,"column":4},"end":{"line":463,"column":5}},"133":{"start":{"line":462,"column":6},"end":{"line":462,"column":33}},"134":{"start":{"line":465,"column":2},"end":{"line":465,"column":73}},"135":{"start":{"line":469,"column":13},"end":{"line":469,"column":15}},"136":{"start":{"line":471,"column":2},"end":{"line":476,"column":3}},"137":{"start":{"line":472,"column":4},"end":{"line":472,"column":39}},"138":{"start":{"line":473,"column":4},"end":{"line":473,"column":60}},"139":{"start":{"line":475,"column":4},"end":{"line":475,"column":31}},"140":{"start":{"line":477,"column":2},"end":{"line":477,"column":22}},"141":{"start":{"line":490,"column":27},"end":{"line":490,"column":29}},"142":{"start":{"line":517,"column":17},"end":{"line":517,"column":52}},"143":{"start":{"line":520,"column":6},"end":{"line":522,"column":52}},"144":{"start":{"line":526,"column":4},"end":{"line":526,"column":66}},"145":{"start":{"line":528,"column":12},"end":{"line":528,"column":16}},"146":{"start":{"line":529,"column":10},"end":{"line":529,"column":14}},"147":{"start":{"line":530,"column":4},"end":{"line":544,"column":5}},"148":{"start":{"line":531,"column":24},"end":{"line":531,"column":95}},"149":{"start":{"line":533,"column":6},"end":{"line":543,"column":7}},"150":{"start":{"line":534,"column":8},"end":{"line":534,"column":46}},"151":{"start":{"line":538,"column":19},"end":{"line":538,"column":86}},"152":{"start":{"line":539,"column":8},"end":{"line":539,"column":33}},"153":{"start":{"line":540,"column":8},"end":{"line":540,"column":77}},"154":{"start":{"line":541,"column":8},"end":{"line":541,"column":31}},"155":{"start":{"line":542,"column":8},"end":{"line":542,"column":32}},"156":{"start":{"line":549,"column":4},"end":{"line":549,"column":22}},"157":{"start":{"line":553,"column":4},"end":{"line":553,"column":45}},"158":{"start":{"line":557,"column":4},"end":{"line":557,"column":27}},"159":{"start":{"line":561,"column":4},"end":{"line":561,"column":25}},"160":{"start":{"line":565,"column":4},"end":{"line":565,"column":30}},"161":{"start":{"line":569,"column":4},"end":{"line":569,"column":15}},"162":{"start":{"line":573,"column":4},"end":{"line":573,"column":15}},"163":{"start":{"line":577,"column":4},"end":{"line":577,"column":32}},"164":{"start":{"line":590,"column":4},"end":{"line":590,"column":28}},"165":{"start":{"line":615,"column":25},"end":{"line":615,"column":44}},"166":{"start":{"line":616,"column":62},"end":{"line":616,"column":66}},"167":{"start":{"line":617,"column":4},"end":{"line":617,"column":82}},"168":{"start":{"line":646,"column":25},"end":{"line":646,"column":44}},"169":{"start":{"line":647,"column":62},"end":{"line":647,"column":66}},"170":{"start":{"line":649,"column":4},"end":{"line":649,"column":44}},"171":{"start":{"line":650,"column":4},"end":{"line":650,"column":82}},"172":{"start":{"line":661,"column":15},"end":{"line":661,"column":50}},"173":{"start":{"line":662,"column":4},"end":{"line":664,"column":5}},"174":{"start":{"line":663,"column":6},"end":{"line":663,"column":47}},"175":{"start":{"line":666,"column":22},"end":{"line":666,"column":71}},"176":{"start":{"line":667,"column":4},"end":{"line":669,"column":5}},"177":{"start":{"line":668,"column":6},"end":{"line":668,"column":58}},"178":{"start":{"line":671,"column":4},"end":{"line":675,"column":7}},"179":{"start":{"line":690,"column":4},"end":{"line":703,"column":5}},"180":{"start":{"line":691,"column":6},"end":{"line":693,"column":8}},"181":{"start":{"line":694,"column":11},"end":{"line":703,"column":5}},"182":{"start":{"line":696,"column":6},"end":{"line":696,"column":56}},"183":{"start":{"line":698,"column":6},"end":{"line":702,"column":9}},"184":{"start":{"line":718,"column":4},"end":{"line":726,"column":5}},"185":{"start":{"line":719,"column":6},"end":{"line":719,"column":79}},"186":{"start":{"line":721,"column":6},"end":{"line":725,"column":9}},"187":{"start":{"line":763,"column":4},"end":{"line":763,"column":20}},"188":{"start":{"line":764,"column":22},"end":{"line":764,"column":68}},"189":{"start":{"line":765,"column":4},"end":{"line":767,"column":5}},"190":{"start":{"line":766,"column":6},"end":{"line":766,"column":58}},"191":{"start":{"line":769,"column":16},"end":{"line":769,"column":39}},"192":{"start":{"line":770,"column":23},"end":{"line":770,"column":72}},"193":{"start":{"line":771,"column":48},"end":{"line":771,"column":84}},"194":{"start":{"line":773,"column":18},"end":{"line":773,"column":32}},"195":{"start":{"line":774,"column":21},"end":{"line":776,"column":33}},"196":{"start":{"line":777,"column":24},"end":{"line":777,"column":56}},"197":{"start":{"line":778,"column":27},"end":{"line":778,"column":56}},"198":{"start":{"line":779,"column":25},"end":{"line":779,"column":87}},"199":{"start":{"line":780,"column":23},"end":{"line":780,"column":61}},"200":{"start":{"line":781,"column":24},"end":{"line":781,"column":68}},"201":{"start":{"line":789,"column":4},"end":{"line":793,"column":5}},"202":{"start":{"line":790,"column":6},"end":{"line":792,"column":8}},"203":{"start":{"line":795,"column":4},"end":{"line":797,"column":5}},"204":{"start":{"line":796,"column":6},"end":{"line":796,"column":88}},"205":{"start":{"line":799,"column":24},"end":{"line":799,"column":82}},"206":{"start":{"line":804,"column":15},"end":{"line":804,"column":43}},"207":{"start":{"line":805,"column":4},"end":{"line":816,"column":5}},"208":{"start":{"line":806,"column":6},"end":{"line":806,"column":31}},"209":{"start":{"line":807,"column":6},"end":{"line":807,"column":44}},"210":{"start":{"line":808,"column":6},"end":{"line":808,"column":72}},"211":{"start":{"line":809,"column":11},"end":{"line":816,"column":5}},"212":{"start":{"line":810,"column":6},"end":{"line":810,"column":34}},"213":{"start":{"line":811,"column":6},"end":{"line":811,"column":47}},"214":{"start":{"line":812,"column":6},"end":{"line":812,"column":42}},"215":{"start":{"line":814,"column":6},"end":{"line":814,"column":27}},"216":{"start":{"line":815,"column":6},"end":{"line":815,"column":40}},"217":{"start":{"line":819,"column":21},"end":{"line":819,"column":26}},"218":{"start":{"line":820,"column":4},"end":{"line":829,"column":5}},"219":{"start":{"line":821,"column":16},"end":{"line":821,"column":29}},"220":{"start":{"line":822,"column":6},"end":{"line":828,"column":7}},"221":{"start":{"line":823,"column":8},"end":{"line":823,"column":26}},"222":{"start":{"line":824,"column":13},"end":{"line":828,"column":7}},"223":{"start":{"line":825,"column":8},"end":{"line":825,"column":41}},"224":{"start":{"line":827,"column":8},"end":{"line":827,"column":34}},"225":{"start":{"line":832,"column":31},"end":{"line":836,"column":45}},"226":{"start":{"line":837,"column":16},"end":{"line":837,"column":68}},"227":{"start":{"line":839,"column":4},"end":{"line":841,"column":5}},"228":{"start":{"line":840,"column":6},"end":{"line":840,"column":39}},"229":{"start":{"line":844,"column":22},"end":{"line":848,"column":20}},"230":{"start":{"line":849,"column":31},"end":{"line":849,"column":74}},"231":{"start":{"line":850,"column":13},"end":{"line":855,"column":8}},"232":{"start":{"line":858,"column":4},"end":{"line":863,"column":5}},"233":{"start":{"line":859,"column":6},"end":{"line":862,"column":8}},"234":{"start":{"line":865,"column":4},"end":{"line":867,"column":5}},"235":{"start":{"line":866,"column":6},"end":{"line":866,"column":44}},"236":{"start":{"line":869,"column":4},"end":{"line":869,"column":16}},"237":{"start":{"line":890,"column":31},"end":{"line":890,"column":49}},"238":{"start":{"line":891,"column":4},"end":{"line":891,"column":73}},"239":{"start":{"line":910,"column":31},"end":{"line":910,"column":53}},"240":{"start":{"line":911,"column":4},"end":{"line":911,"column":73}},"241":{"start":{"line":931,"column":31},"end":{"line":931,"column":50}},"242":{"start":{"line":932,"column":4},"end":{"line":932,"column":69}},"243":{"start":{"line":950,"column":4},"end":{"line":952,"column":5}},"244":{"start":{"line":951,"column":6},"end":{"line":951,"column":89}},"245":{"start":{"line":954,"column":54},"end":{"line":954,"column":58}},"246":{"start":{"line":955,"column":20},"end":{"line":959,"column":8}},"247":{"start":{"line":960,"column":52},"end":{"line":960,"column":91}},"248":{"start":{"line":961,"column":4},"end":{"line":965,"column":5}},"249":{"start":{"line":962,"column":6},"end":{"line":962,"column":39}},"250":{"start":{"line":964,"column":6},"end":{"line":964,"column":96}},"251":{"start":{"line":972,"column":4},"end":{"line":972,"column":48}},"252":{"start":{"line":997,"column":31},"end":{"line":997,"column":45}},"253":{"start":{"line":998,"column":4},"end":{"line":998,"column":68}},"254":{"start":{"line":1008,"column":4},"end":{"line":1010,"column":5}},"255":{"start":{"line":1009,"column":6},"end":{"line":1009,"column":89}},"256":{"start":{"line":1012,"column":20},"end":{"line":1012,"column":89}},"257":{"start":{"line":1014,"column":4},"end":{"line":1018,"column":5}},"258":{"start":{"line":1015,"column":6},"end":{"line":1015,"column":46}},"259":{"start":{"line":1017,"column":6},"end":{"line":1017,"column":39}},"260":{"start":{"line":1027,"column":4},"end":{"line":1027,"column":45}},"261":{"start":{"line":1037,"column":22},"end":{"line":1037,"column":83}},"262":{"start":{"line":1038,"column":4},"end":{"line":1038,"column":81}},"263":{"start":{"line":1038,"column":53},"end":{"line":1038,"column":69}},"264":{"start":{"line":1049,"column":21},"end":{"line":1049,"column":97}},"265":{"start":{"line":1050,"column":4},"end":{"line":1050,"column":47}},"266":{"start":{"line":1050,"column":31},"end":{"line":1050,"column":36}},"267":{"start":{"line":1054,"column":4},"end":{"line":1054,"column":29}},"268":{"start":{"line":1055,"column":4},"end":{"line":1055,"column":30}},"269":{"start":{"line":1068,"column":4},"end":{"line":1068,"column":22}},"270":{"start":{"line":1078,"column":4},"end":{"line":1078,"column":33}},"271":{"start":{"line":1086,"column":4},"end":{"line":1086,"column":53}},"272":{"start":{"line":1094,"column":4},"end":{"line":1094,"column":58}},"273":{"start":{"line":1103,"column":4},"end":{"line":1103,"column":49}},"274":{"start":{"line":1112,"column":4},"end":{"line":1112,"column":58}},"275":{"start":{"line":1121,"column":4},"end":{"line":1121,"column":57}},"276":{"start":{"line":1129,"column":4},"end":{"line":1129,"column":22}},"277":{"start":{"line":1137,"column":4},"end":{"line":1137,"column":48}},"278":{"start":{"line":1146,"column":4},"end":{"line":1146,"column":44}},"279":{"start":{"line":1155,"column":4},"end":{"line":1155,"column":60}},"280":{"start":{"line":1164,"column":4},"end":{"line":1164,"column":45}},"281":{"start":{"line":1173,"column":4},"end":{"line":1173,"column":43}},"282":{"start":{"line":1182,"column":4},"end":{"line":1182,"column":44}},"283":{"start":{"line":1191,"column":4},"end":{"line":1191,"column":46}},"284":{"start":{"line":1200,"column":4},"end":{"line":1200,"column":46}},"285":{"start":{"line":1209,"column":4},"end":{"line":1209,"column":51}},"286":{"start":{"line":1219,"column":4},"end":{"line":1219,"column":70}},"287":{"start":{"line":1229,"column":4},"end":{"line":1229,"column":72}},"288":{"start":{"line":1240,"column":4},"end":{"line":1240,"column":69}},"289":{"start":{"line":1248,"column":4},"end":{"line":1248,"column":76}},"290":{"start":{"line":1258,"column":4},"end":{"line":1258,"column":74}},"291":{"start":{"line":1268,"column":4},"end":{"line":1268,"column":77}},"292":{"start":{"line":1277,"column":4},"end":{"line":1277,"column":75}},"293":{"start":{"line":1286,"column":4},"end":{"line":1286,"column":67}},"294":{"start":{"line":1296,"column":4},"end":{"line":1296,"column":92}},"295":{"start":{"line":1306,"column":4},"end":{"line":1306,"column":91}},"296":{"start":{"line":1316,"column":4},"end":{"line":1316,"column":96}},"297":{"start":{"line":1326,"column":4},"end":{"line":1326,"column":95}},"298":{"start":{"line":1336,"column":4},"end":{"line":1336,"column":40}},"299":{"start":{"line":1345,"column":4},"end":{"line":1352,"column":5}},"300":{"start":{"line":1346,"column":6},"end":{"line":1349,"column":9}},"301":{"start":{"line":1351,"column":6},"end":{"line":1351,"column":18}},"302":{"start":{"line":1361,"column":4},"end":{"line":1368,"column":5}},"303":{"start":{"line":1362,"column":6},"end":{"line":1365,"column":9}},"304":{"start":{"line":1367,"column":6},"end":{"line":1367,"column":18}},"305":{"start":{"line":1376,"column":4},"end":{"line":1376,"column":55}},"306":{"start":{"line":1384,"column":4},"end":{"line":1391,"column":5}},"307":{"start":{"line":1385,"column":6},"end":{"line":1385,"column":19}},"308":{"start":{"line":1387,"column":6},"end":{"line":1390,"column":8}},"309":{"start":{"line":1402,"column":4},"end":{"line":1404,"column":5}},"310":{"start":{"line":1403,"column":6},"end":{"line":1403,"column":20}},"311":{"start":{"line":1405,"column":18},"end":{"line":1405,"column":26}},"312":{"start":{"line":1406,"column":21},"end":{"line":1406,"column":26}},"313":{"start":{"line":1407,"column":20},"end":{"line":1407,"column":40}},"314":{"start":{"line":1408,"column":21},"end":{"line":1408,"column":54}},"315":{"start":{"line":1409,"column":19},"end":{"line":1409,"column":52}},"316":{"start":{"line":1411,"column":15},"end":{"line":1411,"column":62}},"317":{"start":{"line":1412,"column":15},"end":{"line":1412,"column":60}},"318":{"start":{"line":1413,"column":4},"end":{"line":1415,"column":5}},"319":{"start":{"line":1414,"column":6},"end":{"line":1414,"column":20}},"320":{"start":{"line":1416,"column":16},"end":{"line":1416,"column":39}},"321":{"start":{"line":1417,"column":16},"end":{"line":1417,"column":39}},"322":{"start":{"line":1418,"column":15},"end":{"line":1418,"column":31}},"323":{"start":{"line":1419,"column":15},"end":{"line":1419,"column":31}},"324":{"start":{"line":1420,"column":4},"end":{"line":1427,"column":5}},"325":{"start":{"line":1426,"column":6},"end":{"line":1426,"column":66}},"326":{"start":{"line":1428,"column":4},"end":{"line":1428,"column":18}},"327":{"start":{"line":1438,"column":4},"end":{"line":1438,"column":33}},"328":{"start":{"line":1448,"column":4},"end":{"line":1448,"column":46}},"329":{"start":{"line":1458,"column":4},"end":{"line":1458,"column":54}},"330":{"start":{"line":1469,"column":4},"end":{"line":1469,"column":63}},"331":{"start":{"line":1479,"column":4},"end":{"line":1485,"column":12}},"332":{"start":{"line":1495,"column":50},"end":{"line":1498,"column":27}},"333":{"start":{"line":1499,"column":4},"end":{"line":1499,"column":65}},"334":{"start":{"line":1513,"column":4},"end":{"line":1513,"column":64}},"335":{"start":{"line":1523,"column":4},"end":{"line":1523,"column":46}},"336":{"start":{"line":1536,"column":4},"end":{"line":1536,"column":53}},"337":{"start":{"line":1537,"column":4},"end":{"line":1549,"column":5}},"338":{"start":{"line":1538,"column":6},"end":{"line":1538,"column":18}},"339":{"start":{"line":1539,"column":11},"end":{"line":1549,"column":5}},"340":{"start":{"line":1540,"column":6},"end":{"line":1540,"column":53}},"341":{"start":{"line":1542,"column":18},"end":{"line":1542,"column":25}},"342":{"start":{"line":1543,"column":6},"end":{"line":1547,"column":7}},"343":{"start":{"line":1544,"column":28},"end":{"line":1544,"column":48}},"344":{"start":{"line":1545,"column":22},"end":{"line":1545,"column":37}},"345":{"start":{"line":1546,"column":8},"end":{"line":1546,"column":52}},"346":{"start":{"line":1548,"column":6},"end":{"line":1548,"column":46}},"347":{"start":{"line":1559,"column":16},"end":{"line":1559,"column":75}},"348":{"start":{"line":1560,"column":4},"end":{"line":1560,"column":32}},"349":{"start":{"line":1570,"column":4},"end":{"line":1570,"column":40}},"350":{"start":{"line":1587,"column":4},"end":{"line":1587,"column":35}},"351":{"start":{"line":1587,"column":23},"end":{"line":1587,"column":35}},"352":{"start":{"line":1589,"column":23},"end":{"line":1589,"column":75}},"353":{"start":{"line":1590,"column":48},"end":{"line":1590,"column":89}},"354":{"start":{"line":1593,"column":8},"end":{"line":1595,"column":40}},"355":{"start":{"line":1596,"column":24},"end":{"line":1596,"column":56}},"356":{"start":{"line":1597,"column":27},"end":{"line":1597,"column":56}},"357":{"start":{"line":1598,"column":25},"end":{"line":1598,"column":87}},"358":{"start":{"line":1599,"column":23},"end":{"line":1599,"column":61}},"359":{"start":{"line":1600,"column":24},"end":{"line":1600,"column":68}},"360":{"start":{"line":1602,"column":4},"end":{"line":1606,"column":5}},"361":{"start":{"line":1603,"column":6},"end":{"line":1605,"column":8}},"362":{"start":{"line":1608,"column":4},"end":{"line":1610,"column":5}},"363":{"start":{"line":1609,"column":6},"end":{"line":1609,"column":88}},"364":{"start":{"line":1613,"column":4},"end":{"line":1629,"column":5}},"365":{"start":{"line":1614,"column":6},"end":{"line":1618,"column":8}},"366":{"start":{"line":1619,"column":11},"end":{"line":1629,"column":5}},"367":{"start":{"line":1620,"column":6},"end":{"line":1620,"column":83}},"368":{"start":{"line":1622,"column":6},"end":{"line":1622,"column":52}},"369":{"start":{"line":1626,"column":6},"end":{"line":1628,"column":7}},"370":{"start":{"line":1627,"column":8},"end":{"line":1627,"column":78}},"371":{"start":{"line":1631,"column":20},"end":{"line":1631,"column":53}},"372":{"start":{"line":1632,"column":4},"end":{"line":1632,"column":34}},"373":{"start":{"line":1649,"column":4},"end":{"line":1649,"column":35}},"374":{"start":{"line":1649,"column":23},"end":{"line":1649,"column":35}},"375":{"start":{"line":1650,"column":16},"end":{"line":1650,"column":51}},"376":{"start":{"line":1651,"column":4},"end":{"line":1651,"column":46}},"377":{"start":{"line":1661,"column":4},"end":{"line":1661,"column":35}},"378":{"start":{"line":1661,"column":23},"end":{"line":1661,"column":35}},"379":{"start":{"line":1662,"column":16},"end":{"line":1662,"column":60}},"380":{"start":{"line":1663,"column":4},"end":{"line":1663,"column":46}},"381":{"start":{"line":1679,"column":4},"end":{"line":1679,"column":35}},"382":{"start":{"line":1679,"column":23},"end":{"line":1679,"column":35}},"383":{"start":{"line":1681,"column":14},"end":{"line":1681,"column":16}},"384":{"start":{"line":1682,"column":23},"end":{"line":1682,"column":51}},"385":{"start":{"line":1683,"column":4},"end":{"line":1707,"column":5}},"386":{"start":{"line":1685,"column":8},"end":{"line":1685,"column":20}},"387":{"start":{"line":1689,"column":8},"end":{"line":1689,"column":18}},"388":{"start":{"line":1693,"column":8},"end":{"line":1693,"column":19}},"389":{"start":{"line":1696,"column":8},"end":{"line":1696,"column":21}},"390":{"start":{"line":1699,"column":8},"end":{"line":1699,"column":21}},"391":{"start":{"line":1702,"column":8},"end":{"line":1702,"column":26}},"392":{"start":{"line":1703,"column":8},"end":{"line":1703,"column":14}},"393":{"start":{"line":1705,"column":8},"end":{"line":1705,"column":14}},"394":{"start":{"line":1709,"column":4},"end":{"line":1720,"column":5}},"395":{"start":{"line":1710,"column":6},"end":{"line":1719,"column":7}},"396":{"start":{"line":1711,"column":28},"end":{"line":1711,"column":53}},"397":{"start":{"line":1712,"column":28},"end":{"line":1712,"column":32}},"398":{"start":{"line":1713,"column":8},"end":{"line":1715,"column":9}},"399":{"start":{"line":1714,"column":10},"end":{"line":1714,"column":45}},"400":{"start":{"line":1716,"column":8},"end":{"line":1716,"column":32}},"401":{"start":{"line":1718,"column":8},"end":{"line":1718,"column":22}},"402":{"start":{"line":1722,"column":4},"end":{"line":1725,"column":5}},"403":{"start":{"line":1723,"column":16},"end":{"line":1723,"column":41}},"404":{"start":{"line":1724,"column":6},"end":{"line":1724,"column":32}},"405":{"start":{"line":1727,"column":4},"end":{"line":1727,"column":23}},"406":{"start":{"line":1743,"column":4},"end":{"line":1747,"column":13}},"407":{"start":{"line":1765,"column":4},"end":{"line":1767,"column":16}},"408":{"start":{"line":1790,"column":4},"end":{"line":1792,"column":16}},"409":{"start":{"line":1809,"column":4},"end":{"line":1811,"column":11}},"410":{"start":{"line":1835,"column":4},"end":{"line":1837,"column":5}},"411":{"start":{"line":1836,"column":6},"end":{"line":1836,"column":18}},"412":{"start":{"line":1839,"column":16},"end":{"line":1839,"column":37}},"413":{"start":{"line":1841,"column":12},"end":{"line":1841,"column":32}},"414":{"start":{"line":1842,"column":4},"end":{"line":1842,"column":13}},"415":{"start":{"line":1843,"column":4},"end":{"line":1843,"column":98}},"416":{"start":{"line":1844,"column":4},"end":{"line":1844,"column":13}},"417":{"start":{"line":1856,"column":4},"end":{"line":1858,"column":5}},"418":{"start":{"line":1857,"column":6},"end":{"line":1857,"column":18}},"419":{"start":{"line":1860,"column":4},"end":{"line":1860,"column":50}},"420":{"start":{"line":1869,"column":4},"end":{"line":1869,"column":46}},"421":{"start":{"line":1895,"column":4},"end":{"line":1897,"column":5}},"422":{"start":{"line":1896,"column":6},"end":{"line":1896,"column":18}},"423":{"start":{"line":1899,"column":12},"end":{"line":1899,"column":36}},"424":{"start":{"line":1900,"column":4},"end":{"line":1910,"column":6}},"425":{"start":{"line":1920,"column":4},"end":{"line":1920,"column":70}},"426":{"start":{"line":1932,"column":4},"end":{"line":1932,"column":73}},"427":{"start":{"line":1941,"column":4},"end":{"line":1943,"column":5}},"428":{"start":{"line":1942,"column":6},"end":{"line":1942,"column":18}},"429":{"start":{"line":1944,"column":4},"end":{"line":1944,"column":33}},"430":{"start":{"line":1960,"column":14},"end":{"line":1960,"column":28}},"431":{"start":{"line":1962,"column":4},"end":{"line":1971,"column":5}},"432":{"start":{"line":1963,"column":6},"end":{"line":1965,"column":7}},"433":{"start":{"line":1964,"column":8},"end":{"line":1964,"column":19}},"434":{"start":{"line":1966,"column":6},"end":{"line":1970,"column":7}},"435":{"start":{"line":1967,"column":8},"end":{"line":1967,"column":19}},"436":{"start":{"line":1968,"column":13},"end":{"line":1970,"column":7}},"437":{"start":{"line":1969,"column":8},"end":{"line":1969,"column":20}},"438":{"start":{"line":1973,"column":4},"end":{"line":1973,"column":41}},"439":{"start":{"line":1989,"column":4},"end":{"line":1991,"column":5}},"440":{"start":{"line":1990,"column":6},"end":{"line":1990,"column":18}},"441":{"start":{"line":1993,"column":4},"end":{"line":1993,"column":57}},"442":{"start":{"line":2001,"column":4},"end":{"line":2001,"column":49}},"443":{"start":{"line":2009,"column":4},"end":{"line":2013,"column":5}},"444":{"start":{"line":2010,"column":6},"end":{"line":2010,"column":97}},"445":{"start":{"line":2012,"column":6},"end":{"line":2012,"column":67}},"446":{"start":{"line":2021,"column":4},"end":{"line":2021,"column":27}},"447":{"start":{"line":2029,"column":4},"end":{"line":2029,"column":40}},"448":{"start":{"line":2037,"column":4},"end":{"line":2037,"column":47}},"449":{"start":{"line":2045,"column":4},"end":{"line":2045,"column":59}},"450":{"start":{"line":2053,"column":4},"end":{"line":2053,"column":24}},"451":{"start":{"line":2061,"column":4},"end":{"line":2061,"column":27}},"452":{"start":{"line":2072,"column":4},"end":{"line":2072,"column":33}},"453":{"start":{"line":2072,"column":23},"end":{"line":2072,"column":33}},"454":{"start":{"line":2074,"column":17},"end":{"line":2074,"column":30}},"455":{"start":{"line":2076,"column":4},"end":{"line":2080,"column":5}},"456":{"start":{"line":2077,"column":6},"end":{"line":2077,"column":48}},"457":{"start":{"line":2078,"column":6},"end":{"line":2078,"column":54}},"458":{"start":{"line":2079,"column":6},"end":{"line":2079,"column":36}},"459":{"start":{"line":2081,"column":4},"end":{"line":2081,"column":16}},"460":{"start":{"line":2089,"column":4},"end":{"line":2089,"column":50}},"461":{"start":{"line":2110,"column":4},"end":{"line":2112,"column":5}},"462":{"start":{"line":2111,"column":6},"end":{"line":2111,"column":72}},"463":{"start":{"line":2114,"column":20},"end":{"line":2114,"column":91}},"464":{"start":{"line":2116,"column":18},"end":{"line":2116,"column":62}},"465":{"start":{"line":2117,"column":21},"end":{"line":2117,"column":61}},"466":{"start":{"line":2118,"column":16},"end":{"line":2118,"column":51}},"467":{"start":{"line":2119,"column":14},"end":{"line":2119,"column":49}},"468":{"start":{"line":2120,"column":15},"end":{"line":2120,"column":51}},"469":{"start":{"line":2122,"column":4},"end":{"line":2122,"column":51}},"470":{"start":{"line":2134,"column":4},"end":{"line":2134,"column":49}},"471":{"start":{"line":2143,"column":4},"end":{"line":2143,"column":77}},"472":{"start":{"line":2158,"column":4},"end":{"line":2158,"column":36}},"473":{"start":{"line":2158,"column":23},"end":{"line":2158,"column":36}},"474":{"start":{"line":2160,"column":20},"end":{"line":2160,"column":43}},"475":{"start":{"line":2161,"column":27},"end":{"line":2161,"column":84}},"476":{"start":{"line":2162,"column":4},"end":{"line":2164,"column":6}},"477":{"start":{"line":2175,"column":4},"end":{"line":2181,"column":6}},"478":{"start":{"line":2203,"column":4},"end":{"line":2203,"column":35}},"479":{"start":{"line":2203,"column":23},"end":{"line":2203,"column":35}},"480":{"start":{"line":2204,"column":17},"end":{"line":2204,"column":77}},"481":{"start":{"line":2205,"column":16},"end":{"line":2205,"column":88}},"482":{"start":{"line":2206,"column":16},"end":{"line":2206,"column":74}},"483":{"start":{"line":2207,"column":15},"end":{"line":2207,"column":27}},"484":{"start":{"line":2208,"column":4},"end":{"line":2211,"column":5}},"485":{"start":{"line":2209,"column":6},"end":{"line":2209,"column":27}},"486":{"start":{"line":2210,"column":6},"end":{"line":2210,"column":23}},"487":{"start":{"line":2212,"column":4},"end":{"line":2217,"column":7}},"488":{"start":{"line":2234,"column":4},"end":{"line":2234,"column":35}},"489":{"start":{"line":2234,"column":23},"end":{"line":2234,"column":35}},"490":{"start":{"line":2236,"column":4},"end":{"line":2241,"column":7}},"491":{"start":{"line":2250,"column":4},"end":{"line":2252,"column":5}},"492":{"start":{"line":2251,"column":6},"end":{"line":2251,"column":80}},"493":{"start":{"line":2253,"column":4},"end":{"line":2253,"column":59}},"494":{"start":{"line":2253,"column":36},"end":{"line":2253,"column":47}},"495":{"start":{"line":2262,"column":4},"end":{"line":2264,"column":5}},"496":{"start":{"line":2263,"column":6},"end":{"line":2263,"column":80}},"497":{"start":{"line":2265,"column":4},"end":{"line":2265,"column":59}},"498":{"start":{"line":2265,"column":36},"end":{"line":2265,"column":47}},"499":{"start":{"line":2278,"column":54},"end":{"line":2278,"column":61}},"500":{"start":{"line":2279,"column":20},"end":{"line":2283,"column":8}},"501":{"start":{"line":2284,"column":4},"end":{"line":2284,"column":53}},"502":{"start":{"line":2291,"column":4},"end":{"line":2291,"column":58}},"503":{"start":{"line":2307,"column":54},"end":{"line":2307,"column":61}},"504":{"start":{"line":2308,"column":20},"end":{"line":2312,"column":8}},"505":{"start":{"line":2313,"column":4},"end":{"line":2313,"column":45}},"506":{"start":{"line":2327,"column":4},"end":{"line":2331,"column":5}},"507":{"start":{"line":2328,"column":6},"end":{"line":2330,"column":8}},"508":{"start":{"line":2332,"column":54},"end":{"line":2332,"column":58}},"509":{"start":{"line":2333,"column":20},"end":{"line":2337,"column":8}},"510":{"start":{"line":2339,"column":4},"end":{"line":2344,"column":5}},"511":{"start":{"line":2340,"column":6},"end":{"line":2343,"column":8}},"512":{"start":{"line":2346,"column":60},"end":{"line":2346,"column":96}},"513":{"start":{"line":2348,"column":4},"end":{"line":2359,"column":5}},"514":{"start":{"line":2349,"column":6},"end":{"line":2349,"column":45}},"515":{"start":{"line":2351,"column":6},"end":{"line":2358,"column":8}},"516":{"start":{"line":2369,"column":4},"end":{"line":2369,"column":30}},"517":{"start":{"line":2377,"column":4},"end":{"line":2377,"column":28}},"518":{"start":{"line":2385,"column":4},"end":{"line":2385,"column":41}},"519":{"start":{"line":2393,"column":4},"end":{"line":2393,"column":29}},"520":{"start":{"line":2401,"column":4},"end":{"line":2401,"column":29}},"521":{"start":{"line":2409,"column":4},"end":{"line":2409,"column":31}},"522":{"start":{"line":2417,"column":4},"end":{"line":2417,"column":37}},"523":{"start":{"line":2425,"column":4},"end":{"line":2425,"column":42}},"524":{"start":{"line":2433,"column":4},"end":{"line":2433,"column":41}},"525":{"start":{"line":2441,"column":4},"end":{"line":2441,"column":34}},"526":{"start":{"line":2449,"column":4},"end":{"line":2449,"column":40}},"527":{"start":{"line":2457,"column":4},"end":{"line":2457,"column":45}},"528":{"start":{"line":2465,"column":4},"end":{"line":2465,"column":44}},"529":{"start":{"line":2473,"column":4},"end":{"line":2473,"column":34}},"530":{"start":{"line":2481,"column":4},"end":{"line":2481,"column":47}},"531":{"start":{"line":2489,"column":4},"end":{"line":2489,"column":32}},"532":{"start":{"line":2497,"column":4},"end":{"line":2497,"column":45}},"533":{"start":{"line":2505,"column":4},"end":{"line":2505,"column":45}},"534":{"start":{"line":2513,"column":4},"end":{"line":2513,"column":33}},"535":{"start":{"line":2521,"column":4},"end":{"line":2521,"column":46}},"536":{"start":{"line":2529,"column":4},"end":{"line":2529,"column":33}},"537":{"start":{"line":2537,"column":4},"end":{"line":2537,"column":46}},"538":{"start":{"line":2545,"column":2},"end":{"line":2555,"column":3}},"539":{"start":{"line":2546,"column":4},"end":{"line":2546,"column":23}},"540":{"start":{"line":2547,"column":9},"end":{"line":2555,"column":3}},"541":{"start":{"line":2548,"column":4},"end":{"line":2548,"column":44}},"542":{"start":{"line":2549,"column":9},"end":{"line":2555,"column":3}},"543":{"start":{"line":2550,"column":4},"end":{"line":2550,"column":44}},"544":{"start":{"line":2552,"column":4},"end":{"line":2554,"column":6}}},"fnMap":{"0":{"name":"unsupportedZone","decl":{"start":{"line":57,"column":9},"end":{"line":57,"column":24}},"loc":{"start":{"line":57,"column":31},"end":{"line":59,"column":1}},"line":57},"1":{"name":"possiblyCachedWeekData","decl":{"start":{"line":65,"column":9},"end":{"line":65,"column":31}},"loc":{"start":{"line":65,"column":36},"end":{"line":70,"column":1}},"line":65},"2":{"name":"possiblyCachedLocalWeekData","decl":{"start":{"line":75,"column":9},"end":{"line":75,"column":36}},"loc":{"start":{"line":75,"column":41},"end":{"line":84,"column":1}},"line":75},"3":{"name":"clone","decl":{"start":{"line":88,"column":9},"end":{"line":88,"column":14}},"loc":{"start":{"line":88,"column":27},"end":{"line":98,"column":1}},"line":88},"4":{"name":"fixOffset","decl":{"start":{"line":102,"column":9},"end":{"line":102,"column":18}},"loc":{"start":{"line":102,"column":35},"end":{"line":125,"column":1}},"line":102},"5":{"name":"tsToObj","decl":{"start":{"line":128,"column":9},"end":{"line":128,"column":16}},"loc":{"start":{"line":128,"column":29},"end":{"line":142,"column":1}},"line":128},"6":{"name":"objToTS","decl":{"start":{"line":145,"column":9},"end":{"line":145,"column":16}},"loc":{"start":{"line":145,"column":36},"end":{"line":147,"column":1}},"line":145},"7":{"name":"adjustTime","decl":{"start":{"line":150,"column":9},"end":{"line":150,"column":19}},"loc":{"start":{"line":150,"column":31},"end":{"line":185,"column":1}},"line":150},"8":{"name":"parseDataToDateTime","decl":{"start":{"line":189,"column":9},"end":{"line":189,"column":28}},"loc":{"start":{"line":189,"column":85},"end":{"line":204,"column":1}},"line":189},"9":{"name":"toTechFormat","decl":{"start":{"line":208,"column":9},"end":{"line":208,"column":21}},"loc":{"start":{"line":208,"column":49},"end":{"line":215,"column":1}},"line":208},"10":{"name":"toISODate","decl":{"start":{"line":217,"column":9},"end":{"line":217,"column":18}},"loc":{"start":{"line":217,"column":32},"end":{"line":233,"column":1}},"line":217},"11":{"name":"toISOTime","decl":{"start":{"line":235,"column":9},"end":{"line":235,"column":18}},"loc":{"start":{"line":242,"column":2},"end":{"line":283,"column":1}},"line":242},"12":{"name":"normalizeUnit","decl":{"start":{"line":324,"column":9},"end":{"line":324,"column":22}},"loc":{"start":{"line":324,"column":29},"end":{"line":355,"column":1}},"line":324},"13":{"name":"normalizeUnitWithLocalWeeks","decl":{"start":{"line":357,"column":9},"end":{"line":357,"column":36}},"loc":{"start":{"line":357,"column":43},"end":{"line":371,"column":1}},"line":357},"14":{"name":"guessOffsetForZone","decl":{"start":{"line":392,"column":9},"end":{"line":392,"column":27}},"loc":{"start":{"line":392,"column":34},"end":{"line":401,"column":1}},"line":392},"15":{"name":"quickDT","decl":{"start":{"line":406,"column":9},"end":{"line":406,"column":16}},"loc":{"start":{"line":406,"column":28},"end":{"line":436,"column":1}},"line":406},"16":{"name":"diffRelative","decl":{"start":{"line":438,"column":9},"end":{"line":438,"column":21}},"loc":{"start":{"line":438,"column":40},"end":{"line":466,"column":1}},"line":438},"17":{"name":"(anonymous_17)","decl":{"start":{"line":440,"column":13},"end":{"line":440,"column":14}},"loc":{"start":{"line":440,"column":26},"end":{"line":444,"column":5}},"line":440},"18":{"name":"(anonymous_18)","decl":{"start":{"line":445,"column":13},"end":{"line":445,"column":14}},"loc":{"start":{"line":445,"column":23},"end":{"line":453,"column":5}},"line":445},"19":{"name":"lastOpts","decl":{"start":{"line":468,"column":9},"end":{"line":468,"column":17}},"loc":{"start":{"line":468,"column":27},"end":{"line":478,"column":1}},"line":468},"20":{"name":"(anonymous_20)","decl":{"start":{"line":516,"column":2},"end":{"line":516,"column":3}},"loc":{"start":{"line":516,"column":22},"end":{"line":578,"column":3}},"line":516},"21":{"name":"(anonymous_21)","decl":{"start":{"line":589,"column":2},"end":{"line":589,"column":3}},"loc":{"start":{"line":589,"column":15},"end":{"line":591,"column":3}},"line":589},"22":{"name":"(anonymous_22)","decl":{"start":{"line":614,"column":2},"end":{"line":614,"column":3}},"loc":{"start":{"line":614,"column":17},"end":{"line":618,"column":3}},"line":614},"23":{"name":"(anonymous_23)","decl":{"start":{"line":645,"column":2},"end":{"line":645,"column":3}},"loc":{"start":{"line":645,"column":15},"end":{"line":651,"column":3}},"line":645},"24":{"name":"(anonymous_24)","decl":{"start":{"line":660,"column":2},"end":{"line":660,"column":3}},"loc":{"start":{"line":660,"column":40},"end":{"line":676,"column":3}},"line":660},"25":{"name":"(anonymous_25)","decl":{"start":{"line":689,"column":2},"end":{"line":689,"column":3}},"loc":{"start":{"line":689,"column":48},"end":{"line":704,"column":3}},"line":689},"26":{"name":"(anonymous_26)","decl":{"start":{"line":717,"column":2},"end":{"line":717,"column":3}},"loc":{"start":{"line":717,"column":44},"end":{"line":727,"column":3}},"line":717},"27":{"name":"(anonymous_27)","decl":{"start":{"line":762,"column":2},"end":{"line":762,"column":3}},"loc":{"start":{"line":762,"column":36},"end":{"line":870,"column":3}},"line":762},"28":{"name":"(anonymous_28)","decl":{"start":{"line":889,"column":2},"end":{"line":889,"column":3}},"loc":{"start":{"line":889,"column":34},"end":{"line":892,"column":3}},"line":889},"29":{"name":"(anonymous_29)","decl":{"start":{"line":909,"column":2},"end":{"line":909,"column":3}},"loc":{"start":{"line":909,"column":38},"end":{"line":912,"column":3}},"line":909},"30":{"name":"(anonymous_30)","decl":{"start":{"line":930,"column":2},"end":{"line":930,"column":3}},"loc":{"start":{"line":930,"column":35},"end":{"line":933,"column":3}},"line":930},"31":{"name":"(anonymous_31)","decl":{"start":{"line":949,"column":2},"end":{"line":949,"column":3}},"loc":{"start":{"line":949,"column":42},"end":{"line":966,"column":3}},"line":949},"32":{"name":"(anonymous_32)","decl":{"start":{"line":971,"column":2},"end":{"line":971,"column":3}},"loc":{"start":{"line":971,"column":42},"end":{"line":973,"column":3}},"line":971},"33":{"name":"(anonymous_33)","decl":{"start":{"line":996,"column":2},"end":{"line":996,"column":3}},"loc":{"start":{"line":996,"column":34},"end":{"line":999,"column":3}},"line":996},"34":{"name":"(anonymous_34)","decl":{"start":{"line":1007,"column":2},"end":{"line":1007,"column":3}},"loc":{"start":{"line":1007,"column":45},"end":{"line":1019,"column":3}},"line":1007},"35":{"name":"(anonymous_35)","decl":{"start":{"line":1026,"column":2},"end":{"line":1026,"column":3}},"loc":{"start":{"line":1026,"column":23},"end":{"line":1028,"column":3}},"line":1026},"36":{"name":"(anonymous_36)","decl":{"start":{"line":1036,"column":2},"end":{"line":1036,"column":3}},"loc":{"start":{"line":1036,"column":57},"end":{"line":1039,"column":3}},"line":1036},"37":{"name":"(anonymous_37)","decl":{"start":{"line":1038,"column":45},"end":{"line":1038,"column":46}},"loc":{"start":{"line":1038,"column":53},"end":{"line":1038,"column":69}},"line":1038},"38":{"name":"(anonymous_38)","decl":{"start":{"line":1048,"column":2},"end":{"line":1048,"column":3}},"loc":{"start":{"line":1048,"column":44},"end":{"line":1051,"column":3}},"line":1048},"39":{"name":"(anonymous_39)","decl":{"start":{"line":1050,"column":24},"end":{"line":1050,"column":25}},"loc":{"start":{"line":1050,"column":31},"end":{"line":1050,"column":36}},"line":1050},"40":{"name":"(anonymous_40)","decl":{"start":{"line":1053,"column":2},"end":{"line":1053,"column":3}},"loc":{"start":{"line":1053,"column":22},"end":{"line":1056,"column":3}},"line":1053},"41":{"name":"(anonymous_41)","decl":{"start":{"line":1067,"column":2},"end":{"line":1067,"column":3}},"loc":{"start":{"line":1067,"column":12},"end":{"line":1069,"column":3}},"line":1067},"42":{"name":"(anonymous_42)","decl":{"start":{"line":1077,"column":2},"end":{"line":1077,"column":3}},"loc":{"start":{"line":1077,"column":16},"end":{"line":1079,"column":3}},"line":1077},"43":{"name":"(anonymous_43)","decl":{"start":{"line":1085,"column":2},"end":{"line":1085,"column":3}},"loc":{"start":{"line":1085,"column":22},"end":{"line":1087,"column":3}},"line":1085},"44":{"name":"(anonymous_44)","decl":{"start":{"line":1093,"column":2},"end":{"line":1093,"column":3}},"loc":{"start":{"line":1093,"column":27},"end":{"line":1095,"column":3}},"line":1093},"45":{"name":"(anonymous_45)","decl":{"start":{"line":1102,"column":2},"end":{"line":1102,"column":3}},"loc":{"start":{"line":1102,"column":15},"end":{"line":1104,"column":3}},"line":1102},"46":{"name":"(anonymous_46)","decl":{"start":{"line":1111,"column":2},"end":{"line":1111,"column":3}},"loc":{"start":{"line":1111,"column":24},"end":{"line":1113,"column":3}},"line":1111},"47":{"name":"(anonymous_47)","decl":{"start":{"line":1120,"column":2},"end":{"line":1120,"column":3}},"loc":{"start":{"line":1120,"column":23},"end":{"line":1122,"column":3}},"line":1120},"48":{"name":"(anonymous_48)","decl":{"start":{"line":1128,"column":2},"end":{"line":1128,"column":3}},"loc":{"start":{"line":1128,"column":13},"end":{"line":1130,"column":3}},"line":1128},"49":{"name":"(anonymous_49)","decl":{"start":{"line":1136,"column":2},"end":{"line":1136,"column":3}},"loc":{"start":{"line":1136,"column":17},"end":{"line":1138,"column":3}},"line":1136},"50":{"name":"(anonymous_50)","decl":{"start":{"line":1145,"column":2},"end":{"line":1145,"column":3}},"loc":{"start":{"line":1145,"column":13},"end":{"line":1147,"column":3}},"line":1145},"51":{"name":"(anonymous_51)","decl":{"start":{"line":1154,"column":2},"end":{"line":1154,"column":3}},"loc":{"start":{"line":1154,"column":16},"end":{"line":1156,"column":3}},"line":1154},"52":{"name":"(anonymous_52)","decl":{"start":{"line":1163,"column":2},"end":{"line":1163,"column":3}},"loc":{"start":{"line":1163,"column":14},"end":{"line":1165,"column":3}},"line":1163},"53":{"name":"(anonymous_53)","decl":{"start":{"line":1172,"column":2},"end":{"line":1172,"column":3}},"loc":{"start":{"line":1172,"column":12},"end":{"line":1174,"column":3}},"line":1172},"54":{"name":"(anonymous_54)","decl":{"start":{"line":1181,"column":2},"end":{"line":1181,"column":3}},"loc":{"start":{"line":1181,"column":13},"end":{"line":1183,"column":3}},"line":1181},"55":{"name":"(anonymous_55)","decl":{"start":{"line":1190,"column":2},"end":{"line":1190,"column":3}},"loc":{"start":{"line":1190,"column":15},"end":{"line":1192,"column":3}},"line":1190},"56":{"name":"(anonymous_56)","decl":{"start":{"line":1199,"column":2},"end":{"line":1199,"column":3}},"loc":{"start":{"line":1199,"column":15},"end":{"line":1201,"column":3}},"line":1199},"57":{"name":"(anonymous_57)","decl":{"start":{"line":1208,"column":2},"end":{"line":1208,"column":3}},"loc":{"start":{"line":1208,"column":20},"end":{"line":1210,"column":3}},"line":1208},"58":{"name":"(anonymous_58)","decl":{"start":{"line":1218,"column":2},"end":{"line":1218,"column":3}},"loc":{"start":{"line":1218,"column":17},"end":{"line":1220,"column":3}},"line":1218},"59":{"name":"(anonymous_59)","decl":{"start":{"line":1228,"column":2},"end":{"line":1228,"column":3}},"loc":{"start":{"line":1228,"column":19},"end":{"line":1230,"column":3}},"line":1228},"60":{"name":"(anonymous_60)","decl":{"start":{"line":1239,"column":2},"end":{"line":1239,"column":3}},"loc":{"start":{"line":1239,"column":16},"end":{"line":1241,"column":3}},"line":1239},"61":{"name":"(anonymous_61)","decl":{"start":{"line":1247,"column":2},"end":{"line":1247,"column":3}},"loc":{"start":{"line":1247,"column":18},"end":{"line":1249,"column":3}},"line":1247},"62":{"name":"(anonymous_62)","decl":{"start":{"line":1257,"column":2},"end":{"line":1257,"column":3}},"loc":{"start":{"line":1257,"column":21},"end":{"line":1259,"column":3}},"line":1257},"63":{"name":"(anonymous_63)","decl":{"start":{"line":1267,"column":2},"end":{"line":1267,"column":3}},"loc":{"start":{"line":1267,"column":24},"end":{"line":1269,"column":3}},"line":1267},"64":{"name":"(anonymous_64)","decl":{"start":{"line":1276,"column":2},"end":{"line":1276,"column":3}},"loc":{"start":{"line":1276,"column":22},"end":{"line":1278,"column":3}},"line":1276},"65":{"name":"(anonymous_65)","decl":{"start":{"line":1285,"column":2},"end":{"line":1285,"column":3}},"loc":{"start":{"line":1285,"column":16},"end":{"line":1287,"column":3}},"line":1285},"66":{"name":"(anonymous_66)","decl":{"start":{"line":1295,"column":2},"end":{"line":1295,"column":3}},"loc":{"start":{"line":1295,"column":19},"end":{"line":1297,"column":3}},"line":1295},"67":{"name":"(anonymous_67)","decl":{"start":{"line":1305,"column":2},"end":{"line":1305,"column":3}},"loc":{"start":{"line":1305,"column":18},"end":{"line":1307,"column":3}},"line":1305},"68":{"name":"(anonymous_68)","decl":{"start":{"line":1315,"column":2},"end":{"line":1315,"column":3}},"loc":{"start":{"line":1315,"column":21},"end":{"line":1317,"column":3}},"line":1315},"69":{"name":"(anonymous_69)","decl":{"start":{"line":1325,"column":2},"end":{"line":1325,"column":3}},"loc":{"start":{"line":1325,"column":20},"end":{"line":1327,"column":3}},"line":1325},"70":{"name":"(anonymous_70)","decl":{"start":{"line":1335,"column":2},"end":{"line":1335,"column":3}},"loc":{"start":{"line":1335,"column":15},"end":{"line":1337,"column":3}},"line":1335},"71":{"name":"(anonymous_71)","decl":{"start":{"line":1344,"column":2},"end":{"line":1344,"column":3}},"loc":{"start":{"line":1344,"column":24},"end":{"line":1353,"column":3}},"line":1344},"72":{"name":"(anonymous_72)","decl":{"start":{"line":1360,"column":2},"end":{"line":1360,"column":3}},"loc":{"start":{"line":1360,"column":23},"end":{"line":1369,"column":3}},"line":1360},"73":{"name":"(anonymous_73)","decl":{"start":{"line":1375,"column":2},"end":{"line":1375,"column":3}},"loc":{"start":{"line":1375,"column":22},"end":{"line":1377,"column":3}},"line":1375},"74":{"name":"(anonymous_74)","decl":{"start":{"line":1383,"column":2},"end":{"line":1383,"column":3}},"loc":{"start":{"line":1383,"column":16},"end":{"line":1392,"column":3}},"line":1383},"75":{"name":"(anonymous_75)","decl":{"start":{"line":1401,"column":2},"end":{"line":1401,"column":3}},"loc":{"start":{"line":1401,"column":23},"end":{"line":1429,"column":3}},"line":1401},"76":{"name":"(anonymous_76)","decl":{"start":{"line":1437,"column":2},"end":{"line":1437,"column":3}},"loc":{"start":{"line":1437,"column":21},"end":{"line":1439,"column":3}},"line":1437},"77":{"name":"(anonymous_77)","decl":{"start":{"line":1447,"column":2},"end":{"line":1447,"column":3}},"loc":{"start":{"line":1447,"column":20},"end":{"line":1449,"column":3}},"line":1447},"78":{"name":"(anonymous_78)","decl":{"start":{"line":1457,"column":2},"end":{"line":1457,"column":3}},"loc":{"start":{"line":1457,"column":19},"end":{"line":1459,"column":3}},"line":1457},"79":{"name":"(anonymous_79)","decl":{"start":{"line":1468,"column":2},"end":{"line":1468,"column":3}},"loc":{"start":{"line":1468,"column":24},"end":{"line":1470,"column":3}},"line":1468},"80":{"name":"(anonymous_80)","decl":{"start":{"line":1478,"column":2},"end":{"line":1478,"column":3}},"loc":{"start":{"line":1478,"column":29},"end":{"line":1486,"column":3}},"line":1478},"81":{"name":"(anonymous_81)","decl":{"start":{"line":1494,"column":2},"end":{"line":1494,"column":3}},"loc":{"start":{"line":1494,"column":35},"end":{"line":1500,"column":3}},"line":1494},"82":{"name":"(anonymous_82)","decl":{"start":{"line":1512,"column":2},"end":{"line":1512,"column":3}},"loc":{"start":{"line":1512,"column":31},"end":{"line":1514,"column":3}},"line":1512},"83":{"name":"(anonymous_83)","decl":{"start":{"line":1522,"column":2},"end":{"line":1522,"column":3}},"loc":{"start":{"line":1522,"column":12},"end":{"line":1524,"column":3}},"line":1522},"84":{"name":"(anonymous_84)","decl":{"start":{"line":1535,"column":2},"end":{"line":1535,"column":3}},"loc":{"start":{"line":1535,"column":74},"end":{"line":1550,"column":3}},"line":1535},"85":{"name":"(anonymous_85)","decl":{"start":{"line":1558,"column":2},"end":{"line":1558,"column":3}},"loc":{"start":{"line":1558,"column":64},"end":{"line":1561,"column":3}},"line":1558},"86":{"name":"(anonymous_86)","decl":{"start":{"line":1569,"column":2},"end":{"line":1569,"column":3}},"loc":{"start":{"line":1569,"column":20},"end":{"line":1571,"column":3}},"line":1569},"87":{"name":"(anonymous_87)","decl":{"start":{"line":1586,"column":2},"end":{"line":1586,"column":3}},"loc":{"start":{"line":1586,"column":14},"end":{"line":1633,"column":3}},"line":1586},"88":{"name":"(anonymous_88)","decl":{"start":{"line":1648,"column":2},"end":{"line":1648,"column":3}},"loc":{"start":{"line":1648,"column":17},"end":{"line":1652,"column":3}},"line":1648},"89":{"name":"(anonymous_89)","decl":{"start":{"line":1660,"column":2},"end":{"line":1660,"column":3}},"loc":{"start":{"line":1660,"column":18},"end":{"line":1664,"column":3}},"line":1660},"90":{"name":"(anonymous_90)","decl":{"start":{"line":1678,"column":2},"end":{"line":1678,"column":3}},"loc":{"start":{"line":1678,"column":49},"end":{"line":1728,"column":3}},"line":1678},"91":{"name":"(anonymous_91)","decl":{"start":{"line":1742,"column":2},"end":{"line":1742,"column":3}},"loc":{"start":{"line":1742,"column":20},"end":{"line":1748,"column":3}},"line":1742},"92":{"name":"(anonymous_92)","decl":{"start":{"line":1764,"column":2},"end":{"line":1764,"column":3}},"loc":{"start":{"line":1764,"column":27},"end":{"line":1768,"column":3}},"line":1764},"93":{"name":"(anonymous_93)","decl":{"start":{"line":1789,"column":2},"end":{"line":1789,"column":3}},"loc":{"start":{"line":1789,"column":61},"end":{"line":1793,"column":3}},"line":1789},"94":{"name":"(anonymous_94)","decl":{"start":{"line":1808,"column":2},"end":{"line":1808,"column":3}},"loc":{"start":{"line":1808,"column":27},"end":{"line":1812,"column":3}},"line":1808},"95":{"name":"(anonymous_95)","decl":{"start":{"line":1828,"column":2},"end":{"line":1828,"column":3}},"loc":{"start":{"line":1834,"column":10},"end":{"line":1845,"column":3}},"line":1834},"96":{"name":"(anonymous_96)","decl":{"start":{"line":1855,"column":2},"end":{"line":1855,"column":3}},"loc":{"start":{"line":1855,"column":42},"end":{"line":1861,"column":3}},"line":1855},"97":{"name":"(anonymous_97)","decl":{"start":{"line":1868,"column":2},"end":{"line":1868,"column":3}},"loc":{"start":{"line":1868,"column":18},"end":{"line":1870,"column":3}},"line":1868},"98":{"name":"(anonymous_98)","decl":{"start":{"line":1887,"column":2},"end":{"line":1887,"column":3}},"loc":{"start":{"line":1894,"column":10},"end":{"line":1911,"column":3}},"line":1894},"99":{"name":"(anonymous_99)","decl":{"start":{"line":1919,"column":2},"end":{"line":1919,"column":3}},"loc":{"start":{"line":1919,"column":14},"end":{"line":1921,"column":3}},"line":1919},"100":{"name":"(anonymous_100)","decl":{"start":{"line":1931,"column":2},"end":{"line":1931,"column":3}},"loc":{"start":{"line":1931,"column":11},"end":{"line":1933,"column":3}},"line":1931},"101":{"name":"(anonymous_101)","decl":{"start":{"line":1940,"column":2},"end":{"line":1940,"column":3}},"loc":{"start":{"line":1940,"column":14},"end":{"line":1945,"column":3}},"line":1940},"102":{"name":"(anonymous_102)","decl":{"start":{"line":1959,"column":2},"end":{"line":1959,"column":3}},"loc":{"start":{"line":1959,"column":91},"end":{"line":1974,"column":3}},"line":1959},"103":{"name":"(anonymous_103)","decl":{"start":{"line":1988,"column":2},"end":{"line":1988,"column":3}},"loc":{"start":{"line":1988,"column":19},"end":{"line":1994,"column":3}},"line":1988},"104":{"name":"(anonymous_104)","decl":{"start":{"line":2000,"column":2},"end":{"line":2000,"column":3}},"loc":{"start":{"line":2000,"column":13},"end":{"line":2002,"column":3}},"line":2000},"105":{"name":"(anonymous_105)","decl":{"start":{"line":2008,"column":2},"end":{"line":2008,"column":3}},"loc":{"start":{"line":2008,"column":47},"end":{"line":2014,"column":3}},"line":2008},"106":{"name":"(anonymous_106)","decl":{"start":{"line":2020,"column":2},"end":{"line":2020,"column":3}},"loc":{"start":{"line":2020,"column":12},"end":{"line":2022,"column":3}},"line":2020},"107":{"name":"(anonymous_107)","decl":{"start":{"line":2028,"column":2},"end":{"line":2028,"column":3}},"loc":{"start":{"line":2028,"column":13},"end":{"line":2030,"column":3}},"line":2028},"108":{"name":"(anonymous_108)","decl":{"start":{"line":2036,"column":2},"end":{"line":2036,"column":3}},"loc":{"start":{"line":2036,"column":14},"end":{"line":2038,"column":3}},"line":2036},"109":{"name":"(anonymous_109)","decl":{"start":{"line":2044,"column":2},"end":{"line":2044,"column":3}},"loc":{"start":{"line":2044,"column":18},"end":{"line":2046,"column":3}},"line":2044},"110":{"name":"(anonymous_110)","decl":{"start":{"line":2052,"column":2},"end":{"line":2052,"column":3}},"loc":{"start":{"line":2052,"column":11},"end":{"line":2054,"column":3}},"line":2052},"111":{"name":"(anonymous_111)","decl":{"start":{"line":2060,"column":2},"end":{"line":2060,"column":3}},"loc":{"start":{"line":2060,"column":11},"end":{"line":2062,"column":3}},"line":2060},"112":{"name":"(anonymous_112)","decl":{"start":{"line":2071,"column":2},"end":{"line":2071,"column":3}},"loc":{"start":{"line":2071,"column":22},"end":{"line":2082,"column":3}},"line":2071},"113":{"name":"(anonymous_113)","decl":{"start":{"line":2088,"column":2},"end":{"line":2088,"column":3}},"loc":{"start":{"line":2088,"column":13},"end":{"line":2090,"column":3}},"line":2088},"114":{"name":"(anonymous_114)","decl":{"start":{"line":2109,"column":2},"end":{"line":2109,"column":3}},"loc":{"start":{"line":2109,"column":56},"end":{"line":2123,"column":3}},"line":2109},"115":{"name":"(anonymous_115)","decl":{"start":{"line":2133,"column":2},"end":{"line":2133,"column":3}},"loc":{"start":{"line":2133,"column":44},"end":{"line":2135,"column":3}},"line":2133},"116":{"name":"(anonymous_116)","decl":{"start":{"line":2142,"column":2},"end":{"line":2142,"column":3}},"loc":{"start":{"line":2142,"column":23},"end":{"line":2144,"column":3}},"line":2142},"117":{"name":"(anonymous_117)","decl":{"start":{"line":2157,"column":2},"end":{"line":2157,"column":3}},"loc":{"start":{"line":2157,"column":37},"end":{"line":2165,"column":3}},"line":2157},"118":{"name":"(anonymous_118)","decl":{"start":{"line":2174,"column":2},"end":{"line":2174,"column":3}},"loc":{"start":{"line":2174,"column":16},"end":{"line":2182,"column":3}},"line":2174},"119":{"name":"(anonymous_119)","decl":{"start":{"line":2202,"column":2},"end":{"line":2202,"column":3}},"loc":{"start":{"line":2202,"column":27},"end":{"line":2218,"column":3}},"line":2202},"120":{"name":"(anonymous_120)","decl":{"start":{"line":2233,"column":2},"end":{"line":2233,"column":3}},"loc":{"start":{"line":2233,"column":35},"end":{"line":2242,"column":3}},"line":2233},"121":{"name":"(anonymous_121)","decl":{"start":{"line":2249,"column":2},"end":{"line":2249,"column":3}},"loc":{"start":{"line":2249,"column":27},"end":{"line":2254,"column":3}},"line":2249},"122":{"name":"(anonymous_122)","decl":{"start":{"line":2253,"column":29},"end":{"line":2253,"column":30}},"loc":{"start":{"line":2253,"column":36},"end":{"line":2253,"column":47}},"line":2253},"123":{"name":"(anonymous_123)","decl":{"start":{"line":2261,"column":2},"end":{"line":2261,"column":3}},"loc":{"start":{"line":2261,"column":27},"end":{"line":2266,"column":3}},"line":2261},"124":{"name":"(anonymous_124)","decl":{"start":{"line":2265,"column":29},"end":{"line":2265,"column":30}},"loc":{"start":{"line":2265,"column":36},"end":{"line":2265,"column":47}},"line":2265},"125":{"name":"(anonymous_125)","decl":{"start":{"line":2277,"column":2},"end":{"line":2277,"column":3}},"loc":{"start":{"line":2277,"column":52},"end":{"line":2285,"column":3}},"line":2277},"126":{"name":"(anonymous_126)","decl":{"start":{"line":2290,"column":2},"end":{"line":2290,"column":3}},"loc":{"start":{"line":2290,"column":52},"end":{"line":2292,"column":3}},"line":2290},"127":{"name":"(anonymous_127)","decl":{"start":{"line":2306,"column":2},"end":{"line":2306,"column":3}},"loc":{"start":{"line":2306,"column":46},"end":{"line":2314,"column":3}},"line":2306},"128":{"name":"(anonymous_128)","decl":{"start":{"line":2326,"column":2},"end":{"line":2326,"column":3}},"loc":{"start":{"line":2326,"column":57},"end":{"line":2360,"column":3}},"line":2326},"129":{"name":"(anonymous_129)","decl":{"start":{"line":2368,"column":2},"end":{"line":2368,"column":3}},"loc":{"start":{"line":2368,"column":26},"end":{"line":2370,"column":3}},"line":2368},"130":{"name":"(anonymous_130)","decl":{"start":{"line":2376,"column":2},"end":{"line":2376,"column":3}},"loc":{"start":{"line":2376,"column":24},"end":{"line":2378,"column":3}},"line":2376},"131":{"name":"(anonymous_131)","decl":{"start":{"line":2384,"column":2},"end":{"line":2384,"column":3}},"loc":{"start":{"line":2384,"column":37},"end":{"line":2386,"column":3}},"line":2384},"132":{"name":"(anonymous_132)","decl":{"start":{"line":2392,"column":2},"end":{"line":2392,"column":3}},"loc":{"start":{"line":2392,"column":25},"end":{"line":2394,"column":3}},"line":2392},"133":{"name":"(anonymous_133)","decl":{"start":{"line":2400,"column":2},"end":{"line":2400,"column":3}},"loc":{"start":{"line":2400,"column":25},"end":{"line":2402,"column":3}},"line":2400},"134":{"name":"(anonymous_134)","decl":{"start":{"line":2408,"column":2},"end":{"line":2408,"column":3}},"loc":{"start":{"line":2408,"column":27},"end":{"line":2410,"column":3}},"line":2408},"135":{"name":"(anonymous_135)","decl":{"start":{"line":2416,"column":2},"end":{"line":2416,"column":3}},"loc":{"start":{"line":2416,"column":33},"end":{"line":2418,"column":3}},"line":2416},"136":{"name":"(anonymous_136)","decl":{"start":{"line":2424,"column":2},"end":{"line":2424,"column":3}},"loc":{"start":{"line":2424,"column":38},"end":{"line":2426,"column":3}},"line":2424},"137":{"name":"(anonymous_137)","decl":{"start":{"line":2432,"column":2},"end":{"line":2432,"column":3}},"loc":{"start":{"line":2432,"column":37},"end":{"line":2434,"column":3}},"line":2432},"138":{"name":"(anonymous_138)","decl":{"start":{"line":2440,"column":2},"end":{"line":2440,"column":3}},"loc":{"start":{"line":2440,"column":30},"end":{"line":2442,"column":3}},"line":2440},"139":{"name":"(anonymous_139)","decl":{"start":{"line":2448,"column":2},"end":{"line":2448,"column":3}},"loc":{"start":{"line":2448,"column":36},"end":{"line":2450,"column":3}},"line":2448},"140":{"name":"(anonymous_140)","decl":{"start":{"line":2456,"column":2},"end":{"line":2456,"column":3}},"loc":{"start":{"line":2456,"column":41},"end":{"line":2458,"column":3}},"line":2456},"141":{"name":"(anonymous_141)","decl":{"start":{"line":2464,"column":2},"end":{"line":2464,"column":3}},"loc":{"start":{"line":2464,"column":40},"end":{"line":2466,"column":3}},"line":2464},"142":{"name":"(anonymous_142)","decl":{"start":{"line":2472,"column":2},"end":{"line":2472,"column":3}},"loc":{"start":{"line":2472,"column":30},"end":{"line":2474,"column":3}},"line":2472},"143":{"name":"(anonymous_143)","decl":{"start":{"line":2480,"column":2},"end":{"line":2480,"column":3}},"loc":{"start":{"line":2480,"column":43},"end":{"line":2482,"column":3}},"line":2480},"144":{"name":"(anonymous_144)","decl":{"start":{"line":2488,"column":2},"end":{"line":2488,"column":3}},"loc":{"start":{"line":2488,"column":28},"end":{"line":2490,"column":3}},"line":2488},"145":{"name":"(anonymous_145)","decl":{"start":{"line":2496,"column":2},"end":{"line":2496,"column":3}},"loc":{"start":{"line":2496,"column":41},"end":{"line":2498,"column":3}},"line":2496},"146":{"name":"(anonymous_146)","decl":{"start":{"line":2504,"column":2},"end":{"line":2504,"column":3}},"loc":{"start":{"line":2504,"column":41},"end":{"line":2506,"column":3}},"line":2504},"147":{"name":"(anonymous_147)","decl":{"start":{"line":2512,"column":2},"end":{"line":2512,"column":3}},"loc":{"start":{"line":2512,"column":29},"end":{"line":2514,"column":3}},"line":2512},"148":{"name":"(anonymous_148)","decl":{"start":{"line":2520,"column":2},"end":{"line":2520,"column":3}},"loc":{"start":{"line":2520,"column":42},"end":{"line":2522,"column":3}},"line":2520},"149":{"name":"(anonymous_149)","decl":{"start":{"line":2528,"column":2},"end":{"line":2528,"column":3}},"loc":{"start":{"line":2528,"column":29},"end":{"line":2530,"column":3}},"line":2528},"150":{"name":"(anonymous_150)","decl":{"start":{"line":2536,"column":2},"end":{"line":2536,"column":3}},"loc":{"start":{"line":2536,"column":42},"end":{"line":2538,"column":3}},"line":2536},"151":{"name":"friendlyDateTime","decl":{"start":{"line":2544,"column":16},"end":{"line":2544,"column":32}},"loc":{"start":{"line":2544,"column":46},"end":{"line":2556,"column":1}},"line":2544}},"branchMap":{"0":{"loc":{"start":{"line":66,"column":2},"end":{"line":68,"column":3}},"type":"if","locations":[{"start":{"line":66,"column":2},"end":{"line":68,"column":3}},{"start":{},"end":{}}],"line":66},"1":{"loc":{"start":{"line":76,"column":2},"end":{"line":82,"column":3}},"type":"if","locations":[{"start":{"line":76,"column":2},"end":{"line":82,"column":3}},{"start":{},"end":{}}],"line":76},"2":{"loc":{"start":{"line":110,"column":2},"end":{"line":112,"column":3}},"type":"if","locations":[{"start":{"line":110,"column":2},"end":{"line":112,"column":3}},{"start":{},"end":{}}],"line":110},"3":{"loc":{"start":{"line":119,"column":2},"end":{"line":121,"column":3}},"type":"if","locations":[{"start":{"line":119,"column":2},"end":{"line":121,"column":3}},{"start":{},"end":{}}],"line":119},"4":{"loc":{"start":{"line":178,"column":2},"end":{"line":182,"column":3}},"type":"if","locations":[{"start":{"line":178,"column":2},"end":{"line":182,"column":3}},{"start":{},"end":{}}],"line":178},"5":{"loc":{"start":{"line":191,"column":2},"end":{"line":203,"column":3}},"type":"if","locations":[{"start":{"line":191,"column":2},"end":{"line":203,"column":3}},{"start":{"line":199,"column":9},"end":{"line":203,"column":3}}],"line":191},"6":{"loc":{"start":{"line":191,"column":6},"end":{"line":191,"column":64}},"type":"binary-expr","locations":[{"start":{"line":191,"column":7},"end":{"line":191,"column":13}},{"start":{"line":191,"column":17},"end":{"line":191,"column":49}},{"start":{"line":191,"column":54},"end":{"line":191,"column":64}}],"line":191},"7":{"loc":{"start":{"line":192,"column":31},"end":{"line":192,"column":49}},"type":"binary-expr","locations":[{"start":{"line":192,"column":31},"end":{"line":192,"column":41}},{"start":{"line":192,"column":45},"end":{"line":192,"column":49}}],"line":192},"8":{"loc":{"start":{"line":198,"column":11},"end":{"line":198,"column":46}},"type":"cond-expr","locations":[{"start":{"line":198,"column":21},"end":{"line":198,"column":25}},{"start":{"line":198,"column":28},"end":{"line":198,"column":46}}],"line":198},"9":{"loc":{"start":{"line":208,"column":34},"end":{"line":208,"column":47}},"type":"default-arg","locations":[{"start":{"line":208,"column":43},"end":{"line":208,"column":47}}],"line":208},"10":{"loc":{"start":{"line":209,"column":9},"end":{"line":214,"column":10}},"type":"cond-expr","locations":[{"start":{"line":210,"column":6},"end":{"line":213,"column":45}},{"start":{"line":214,"column":6},"end":{"line":214,"column":10}}],"line":209},"11":{"loc":{"start":{"line":218,"column":21},"end":{"line":218,"column":52}},"type":"binary-expr","locations":[{"start":{"line":218,"column":21},"end":{"line":218,"column":36}},{"start":{"line":218,"column":40},"end":{"line":218,"column":52}}],"line":218},"12":{"loc":{"start":{"line":220,"column":2},"end":{"line":220,"column":44}},"type":"if","locations":[{"start":{"line":220,"column":2},"end":{"line":220,"column":44}},{"start":{},"end":{}}],"line":220},"13":{"loc":{"start":{"line":220,"column":6},"end":{"line":220,"column":33}},"type":"binary-expr","locations":[{"start":{"line":220,"column":6},"end":{"line":220,"column":16}},{"start":{"line":220,"column":20},"end":{"line":220,"column":33}}],"line":220},"14":{"loc":{"start":{"line":221,"column":26},"end":{"line":221,"column":44}},"type":"cond-expr","locations":[{"start":{"line":221,"column":39},"end":{"line":221,"column":40}},{"start":{"line":221,"column":43},"end":{"line":221,"column":44}}],"line":221},"15":{"loc":{"start":{"line":223,"column":2},"end":{"line":231,"column":3}},"type":"if","locations":[{"start":{"line":223,"column":2},"end":{"line":231,"column":3}},{"start":{"line":228,"column":9},"end":{"line":231,"column":3}}],"line":223},"16":{"loc":{"start":{"line":244,"column":2},"end":{"line":252,"column":3}},"type":"if","locations":[{"start":{"line":244,"column":2},"end":{"line":252,"column":3}},{"start":{"line":250,"column":9},"end":{"line":252,"column":3}}],"line":244},"17":{"loc":{"start":{"line":247,"column":4},"end":{"line":249,"column":5}},"type":"if","locations":[{"start":{"line":247,"column":4},"end":{"line":249,"column":5}},{"start":{},"end":{}}],"line":247},"18":{"loc":{"start":{"line":247,"column":8},"end":{"line":247,"column":69}},"type":"binary-expr","locations":[{"start":{"line":247,"column":8},"end":{"line":247,"column":29}},{"start":{"line":247,"column":33},"end":{"line":247,"column":49}},{"start":{"line":247,"column":53},"end":{"line":247,"column":69}}],"line":247},"19":{"loc":{"start":{"line":254,"column":2},"end":{"line":261,"column":3}},"type":"if","locations":[{"start":{"line":254,"column":2},"end":{"line":261,"column":3}},{"start":{},"end":{}}],"line":254},"20":{"loc":{"start":{"line":254,"column":6},"end":{"line":254,"column":67}},"type":"binary-expr","locations":[{"start":{"line":254,"column":6},"end":{"line":254,"column":27}},{"start":{"line":254,"column":31},"end":{"line":254,"column":47}},{"start":{"line":254,"column":51},"end":{"line":254,"column":67}}],"line":254},"21":{"loc":{"start":{"line":257,"column":4},"end":{"line":260,"column":5}},"type":"if","locations":[{"start":{"line":257,"column":4},"end":{"line":260,"column":5}},{"start":{},"end":{}}],"line":257},"22":{"loc":{"start":{"line":257,"column":8},"end":{"line":257,"column":54}},"type":"binary-expr","locations":[{"start":{"line":257,"column":8},"end":{"line":257,"column":29}},{"start":{"line":257,"column":33},"end":{"line":257,"column":54}}],"line":257},"23":{"loc":{"start":{"line":263,"column":2},"end":{"line":277,"column":3}},"type":"if","locations":[{"start":{"line":263,"column":2},"end":{"line":277,"column":3}},{"start":{},"end":{}}],"line":263},"24":{"loc":{"start":{"line":264,"column":4},"end":{"line":276,"column":5}},"type":"if","locations":[{"start":{"line":264,"column":4},"end":{"line":276,"column":5}},{"start":{"line":266,"column":11},"end":{"line":276,"column":5}}],"line":264},"25":{"loc":{"start":{"line":264,"column":8},"end":{"line":264,"column":58}},"type":"binary-expr","locations":[{"start":{"line":264,"column":8},"end":{"line":264,"column":23}},{"start":{"line":264,"column":27},"end":{"line":264,"column":41}},{"start":{"line":264,"column":45},"end":{"line":264,"column":58}}],"line":264},"26":{"loc":{"start":{"line":266,"column":11},"end":{"line":276,"column":5}},"type":"if","locations":[{"start":{"line":266,"column":11},"end":{"line":276,"column":5}},{"start":{"line":271,"column":11},"end":{"line":276,"column":5}}],"line":266},"27":{"loc":{"start":{"line":279,"column":2},"end":{"line":281,"column":3}},"type":"if","locations":[{"start":{"line":279,"column":2},"end":{"line":281,"column":3}},{"start":{},"end":{}}],"line":279},"28":{"loc":{"start":{"line":352,"column":2},"end":{"line":352,"column":52}},"type":"if","locations":[{"start":{"line":352,"column":2},"end":{"line":352,"column":52}},{"start":{},"end":{}}],"line":352},"29":{"loc":{"start":{"line":358,"column":2},"end":{"line":370,"column":3}},"type":"switch","locations":[{"start":{"line":359,"column":4},"end":{"line":359,"column":24}},{"start":{"line":360,"column":4},"end":{"line":361,"column":28}},{"start":{"line":362,"column":4},"end":{"line":362,"column":27}},{"start":{"line":363,"column":4},"end":{"line":364,"column":31}},{"start":{"line":365,"column":4},"end":{"line":365,"column":25}},{"start":{"line":366,"column":4},"end":{"line":367,"column":29}},{"start":{"line":368,"column":4},"end":{"line":369,"column":33}}],"line":358},"30":{"loc":{"start":{"line":393,"column":2},"end":{"line":399,"column":3}},"type":"if","locations":[{"start":{"line":393,"column":2},"end":{"line":399,"column":3}},{"start":{},"end":{}}],"line":393},"31":{"loc":{"start":{"line":394,"column":4},"end":{"line":396,"column":5}},"type":"if","locations":[{"start":{"line":394,"column":4},"end":{"line":396,"column":5}},{"start":{},"end":{}}],"line":394},"32":{"loc":{"start":{"line":408,"column":2},"end":{"line":410,"column":3}},"type":"if","locations":[{"start":{"line":408,"column":2},"end":{"line":410,"column":3}},{"start":{},"end":{}}],"line":408},"33":{"loc":{"start":{"line":417,"column":2},"end":{"line":433,"column":3}},"type":"if","locations":[{"start":{"line":417,"column":2},"end":{"line":433,"column":3}},{"start":{"line":431,"column":9},"end":{"line":433,"column":3}}],"line":417},"34":{"loc":{"start":{"line":419,"column":6},"end":{"line":421,"column":7}},"type":"if","locations":[{"start":{"line":419,"column":6},"end":{"line":421,"column":7}},{"start":{},"end":{}}],"line":419},"35":{"loc":{"start":{"line":424,"column":20},"end":{"line":424,"column":75}},"type":"binary-expr","locations":[{"start":{"line":424,"column":20},"end":{"line":424,"column":48}},{"start":{"line":424,"column":52},"end":{"line":424,"column":75}}],"line":424},"36":{"loc":{"start":{"line":425,"column":4},"end":{"line":427,"column":5}},"type":"if","locations":[{"start":{"line":425,"column":4},"end":{"line":427,"column":5}},{"start":{},"end":{}}],"line":425},"37":{"loc":{"start":{"line":439,"column":16},"end":{"line":439,"column":59}},"type":"cond-expr","locations":[{"start":{"line":439,"column":42},"end":{"line":439,"column":46}},{"start":{"line":439,"column":49},"end":{"line":439,"column":59}}],"line":439},"38":{"loc":{"start":{"line":441,"column":21},"end":{"line":441,"column":52}},"type":"cond-expr","locations":[{"start":{"line":441,"column":47},"end":{"line":441,"column":48}},{"start":{"line":441,"column":51},"end":{"line":441,"column":52}}],"line":441},"39":{"loc":{"start":{"line":441,"column":21},"end":{"line":441,"column":44}},"type":"binary-expr","locations":[{"start":{"line":441,"column":21},"end":{"line":441,"column":26}},{"start":{"line":441,"column":30},"end":{"line":441,"column":44}}],"line":441},"40":{"loc":{"start":{"line":446,"column":6},"end":{"line":452,"column":7}},"type":"if","locations":[{"start":{"line":446,"column":6},"end":{"line":452,"column":7}},{"start":{"line":450,"column":13},"end":{"line":452,"column":7}}],"line":446},"41":{"loc":{"start":{"line":447,"column":8},"end":{"line":449,"column":24}},"type":"if","locations":[{"start":{"line":447,"column":8},"end":{"line":449,"column":24}},{"start":{"line":449,"column":15},"end":{"line":449,"column":24}}],"line":447},"42":{"loc":{"start":{"line":455,"column":2},"end":{"line":457,"column":3}},"type":"if","locations":[{"start":{"line":455,"column":2},"end":{"line":457,"column":3}},{"start":{},"end":{}}],"line":455},"43":{"loc":{"start":{"line":461,"column":4},"end":{"line":463,"column":5}},"type":"if","locations":[{"start":{"line":461,"column":4},"end":{"line":463,"column":5}},{"start":{},"end":{}}],"line":461},"44":{"loc":{"start":{"line":465,"column":16},"end":{"line":465,"column":36}},"type":"cond-expr","locations":[{"start":{"line":465,"column":30},"end":{"line":465,"column":32}},{"start":{"line":465,"column":35},"end":{"line":465,"column":36}}],"line":465},"45":{"loc":{"start":{"line":471,"column":2},"end":{"line":476,"column":3}},"type":"if","locations":[{"start":{"line":471,"column":2},"end":{"line":476,"column":3}},{"start":{"line":474,"column":9},"end":{"line":476,"column":3}}],"line":471},"46":{"loc":{"start":{"line":471,"column":6},"end":{"line":471,"column":75}},"type":"binary-expr","locations":[{"start":{"line":471,"column":6},"end":{"line":471,"column":24}},{"start":{"line":471,"column":28},"end":{"line":471,"column":75}}],"line":471},"47":{"loc":{"start":{"line":517,"column":17},"end":{"line":517,"column":52}},"type":"binary-expr","locations":[{"start":{"line":517,"column":17},"end":{"line":517,"column":28}},{"start":{"line":517,"column":32},"end":{"line":517,"column":52}}],"line":517},"48":{"loc":{"start":{"line":520,"column":6},"end":{"line":522,"column":52}},"type":"binary-expr","locations":[{"start":{"line":520,"column":6},"end":{"line":520,"column":20}},{"start":{"line":521,"column":7},"end":{"line":521,"column":68}},{"start":{"line":522,"column":7},"end":{"line":522,"column":51}}],"line":520},"49":{"loc":{"start":{"line":521,"column":7},"end":{"line":521,"column":68}},"type":"cond-expr","locations":[{"start":{"line":52
[...]
":{"start":{"line":103,"column":6},"end":{"line":103,"column":19}},"29":{"start":{"line":105,"column":4},"end":{"line":110,"column":5}},"30":{"start":{"line":106,"column":6},"end":{"line":106,"column":68}},"31":{"start":{"line":107,"column":6},"end":{"line":107,"column":18}},"32":{"start":{"line":109,"column":6},"end":{"line":109,"column":19}},"33":{"start":{"line":114,"column":4},"end":{"line":114,"column":12}},"34":{"start":{"line":116,"column":4},"end":{"line":116,"column":25}},"35":{"start":{"line":118,"column":4},"end":{"line":118,"column":44}},"36":{"start":{"line":127,"column":4},"end":{"line":127,"column":18}},"37":{"start":{"line":136,"column":4},"end":{"line":136,"column":25}},"38":{"start":{"line":146,"column":4},"end":{"line":146,"column":17}},"39":{"start":{"line":159,"column":4},"end":{"line":159,"column":56}},"40":{"start":{"line":171,"column":4},"end":{"line":171,"column":49}},"41":{"start":{"line":181,"column":17},"end":{"line":181,"column":29}},"42":{"start":{"line":183,"column":4},"end":{"line":183,"column":32}},"43":{"start":{"line":183,"column":21},"end":{"line":183,"column":32}},"44":{"start":{"line":185,"column":16},"end":{"line":185,"column":34}},"45":{"start":{"line":186,"column":59},"end":{"line":188,"column":30}},"46":{"start":{"line":190,"column":4},"end":{"line":192,"column":5}},"47":{"start":{"line":191,"column":6},"end":{"line":191,"column":33}},"48":{"start":{"line":195,"column":25},"end":{"line":195,"column":47}},"49":{"start":{"line":197,"column":18},"end":{"line":205,"column":6}},"50":{"start":{"line":207,"column":15},"end":{"line":207,"column":20}},"51":{"start":{"line":208,"column":17},"end":{"line":208,"column":28}},"52":{"start":{"line":209,"column":4},"end":{"line":209,"column":43}},"53":{"start":{"line":210,"column":4},"end":{"line":210,"column":40}},"54":{"start":{"line":220,"column":4},"end":{"line":220,"column":69}},"55":{"start":{"line":229,"column":4},"end":{"line":229,"column":22}}},"fnMap":{"0":{"name":"makeDTF","decl":{"start":{"line":5,"column":9},"end":{"line":5,"column":16}},"loc":{"start":{"line":5,"column":23},"end":{"line":20,"column":1}},"line":5},"1":{"name":"hackyOffset","decl":{"start":{"line":32,"column":9},"end":{"line":32,"column":20}},"loc":{"start":{"line":32,"column":32},"end":{"line":37,"column":1}},"line":32},"2":{"name":"partsOffset","decl":{"start":{"line":39,"column":9},"end":{"line":39,"column":20}},"loc":{"start":{"line":39,"column":32},"end":{"line":53,"column":1}},"line":39},"3":{"name":"(anonymous_3)","decl":{"start":{"line":65,"column":2},"end":{"line":65,"column":3}},"loc":{"start":{"line":65,"column":22},"end":{"line":70,"column":3}},"line":65},"4":{"name":"(anonymous_4)","decl":{"start":{"line":76,"column":2},"end":{"line":76,"column":3}},"loc":{"start":{"line":76,"column":22},"end":{"line":79,"column":3}},"line":76},"5":{"name":"(anonymous_5)","decl":{"start":{"line":89,"column":2},"end":{"line":89,"column":3}},"loc":{"start":{"line":89,"column":29},"end":{"line":91,"column":3}},"line":89},"6":{"name":"(anonymous_6)","decl":{"start":{"line":101,"column":2},"end":{"line":101,"column":3}},"loc":{"start":{"line":101,"column":27},"end":{"line":111,"column":3}},"line":101},"7":{"name":"(anonymous_7)","decl":{"start":{"line":113,"column":2},"end":{"line":113,"column":3}},"loc":{"start":{"line":113,"column":20},"end":{"line":119,"column":3}},"line":113},"8":{"name":"(anonymous_8)","decl":{"start":{"line":126,"column":2},"end":{"line":126,"column":3}},"loc":{"start":{"line":126,"column":13},"end":{"line":128,"column":3}},"line":126},"9":{"name":"(anonymous_9)","decl":{"start":{"line":135,"column":2},"end":{"line":135,"column":3}},"loc":{"start":{"line":135,"column":13},"end":{"line":137,"column":3}},"line":135},"10":{"name":"(anonymous_10)","decl":{"start":{"line":145,"column":2},"end":{"line":145,"column":3}},"loc":{"start":{"line":145,"column":20},"end":{"line":147,"column":3}},"line":145},"11":{"name":"(anonymous_11)","decl":{"start":{"line":158,"column":2},"end":{"line":158,"column":3}},"loc":{"start":{"line":158,"column":37},"end":{"line":160,"column":3}},"line":158},"12":{"name":"(anonymous_12)","decl":{"start":{"line":170,"column":2},"end":{"line":170,"column":3}},"loc":{"start":{"line":170,"column":27},"end":{"line":172,"column":3}},"line":170},"13":{"name":"(anonymous_13)","decl":{"start":{"line":180,"column":2},"end":{"line":180,"column":3}},"loc":{"start":{"line":180,"column":13},"end":{"line":211,"column":3}},"line":180},"14":{"name":"(anonymous_14)","decl":{"start":{"line":219,"column":2},"end":{"line":219,"column":3}},"loc":{"start":{"line":219,"column":20},"end":{"line":221,"column":3}},"line":219},"15":{"name":"(anonymous_15)","decl":{"start":{"line":228,"column":2},"end":{"line":228,"column":3}},"loc":{"start":{"line":228,"column":16},"end":{"line":230,"column":3}},"line":228}},"branchMap":{"0":{"loc":{"start":{"line":6,"column":2},"end":{"line":18,"column":3}},"type":"if","locations":[{"start":{"line":6,"column":2},"end":{"line":18,"column":3}},{"start":{},"end":{}}],"line":6},"1":{"loc":{"start":{"line":46,"column":4},"end":{"line":50,"column":5}},"type":"if","locations":[{"start":{"line":46,"column":4},"end":{"line":50,"column":5}},{"start":{"line":48,"column":11},"end":{"line":50,"column":5}}],"line":46},"2":{"loc":{"start":{"line":48,"column":11},"end":{"line":50,"column":5}},"type":"if","locations":[{"start":{"line":48,"column":11},"end":{"line":50,"column":5}},{"start":{},"end":{}}],"line":48},"3":{"loc":{"start":{"line":66,"column":4},"end":{"line":68,"column":5}},"type":"if","locations":[{"start":{"line":66,"column":4},"end":{"line":68,"column":5}},{"start":{},"end":{}}],"line":66},"4":{"loc":{"start":{"line":102,"column":4},"end":{"line":104,"column":5}},"type":"if","locations":[{"start":{"line":102,"column":4},"end":{"line":104,"column":5}},{"start":{},"end":{}}],"line":102},"5":{"loc":{"start":{"line":183,"column":4},"end":{"line":183,"column":32}},"type":"if","locations":[{"start":{"line":183,"column":4},"end":{"line":183,"column":32}},{"start":{},"end":{}}],"line":183},"6":{"loc":{"start":{"line":186,"column":59},"end":{"line":188,"column":30}},"type":"cond-expr","locations":[{"start":{"line":187,"column":8},"end":{"line":187,"column":30}},{"start":{"line":188,"column":8},"end":{"line":188,"column":30}}],"line":186},"7":{"loc":{"start":{"line":190,"column":4},"end":{"line":192,"column":5}},"type":"if","locations":[{"start":{"line":190,"column":4},"end":{"line":192,"column":5}},{"start":{},"end":{}}],"line":190},"8":{"loc":{"start":{"line":195,"column":25},"end":{"line":195,"column":47}},"type":"cond-expr","locations":[{"start":{"line":195,"column":39},"end":{"line":195,"column":40}},{"start":{"line":195,"column":43},"end":{"line":195,"column":47}}],"line":195},"9":{"loc":{"start":{"line":209,"column":12},"end":{"line":209,"column":42}},"type":"cond-expr","locations":[{"start":{"line":209,"column":24},"end":{"line":209,"column":28}},{"start":{"line":209,"column":31},"end":{"line":209,"column":42}}],"line":209},"10":{"loc":{"start":{"line":220,"column":11},"end":{"line":220,"column":68}},"type":"binary-expr","locations":[{"start":{"line":220,"column":11},"end":{"line":220,"column":36}},{"start":{"line":220,"column":40},"end":{"line":220,"column":68}}],"line":220}},"s":{"0":58,"1":598,"2":61,"3":598,"4":58,"5":0,"6":0,"7":0,"8":0,"9":598,"10":598,"11":598,"12":598,"13":7774,"14":7774,"15":7774,"16":598,"17":7176,"18":3588,"19":598,"20":58,"21":220,"22":85,"23":220,"24":20,"25":20,"26":8,"27":131,"28":6,"29":125,"30":125,"31":99,"32":26,"33":110,"34":110,"35":110,"36":191,"37":786,"38":33,"39":6,"40":9,"41":602,"42":602,"43":4,"44":598,"45":598,"46":598,"47":2,"48":598,"49":598,"50":598,"51":598,"52":598,"53":598,"54":119,"55":492},"f":{"0":598,"1":0,"2":598,"3":220,"4":20,"5":8,"6":131,"7":110,"8":191,"9":786,"10":33,"11":6,"12":9,"13":602,"14":119,"15":492},"b":{"0":[61,537],"1":[598,7176],"2":[3588,3588],"3":[85,135],"4":[6,125],"5":[4,598],"6":[598,0],"7":[2,596],"8":[96,502],"9":[597,1],"10":[119,43]},"_coverageSchema":"1a1c01bbd47fc00a2c39e90264f33305004495a9","hash":"edfce6ff38cdf83e39ad33a68f8234f7a87bc336"}
,"/home/take/code/luxon/src/zones/fixedOffsetZone.js": {"path":"/home/take/code/luxon/src/zones/fixedOffsetZone.js","statementMap":{"0":{"start":{"line":4,"column":16},"end":{"line":4,"column":20}},"1":{"start":{"line":16,"column":4},"end":{"line":18,"column":5}},"2":{"start":{"line":17,"column":6},"end":{"line":17,"column":41}},"3":{"start":{"line":19,"column":4},"end":{"line":19,"column":21}},"4":{"start":{"line":28,"column":4},"end":{"line":28,"column":84}},"5":{"start":{"line":40,"column":4},"end":{"line":45,"column":5}},"6":{"start":{"line":41,"column":16},"end":{"line":41,"column":64}},"7":{"start":{"line":42,"column":6},"end":{"line":44,"column":7}},"8":{"start":{"line":43,"column":8},"end":{"line":43,"column":61}},"9":{"start":{"line":46,"column":4},"end":{"line":46,"column":16}},"10":{"start":{"line":50,"column":4},"end":{"line":50,"column":12}},"11":{"start":{"line":52,"column":4},"end":{"line":52,"column":24}},"12":{"start":{"line":61,"column":4},"end":{"line":61,"column":19}},"13":{"start":{"line":71,"column":4},"end":{"line":71,"column":81}},"14":{"start":{"line":81,"column":4},"end":{"line":85,"column":5}},"15":{"start":{"line":82,"column":6},"end":{"line":82,"column":23}},"16":{"start":{"line":84,"column":6},"end":{"line":84,"column":61}},"17":{"start":{"line":95,"column":4},"end":{"line":95,"column":21}},"18":{"start":{"line":107,"column":4},"end":{"line":107,"column":44}},"19":{"start":{"line":117,"column":4},"end":{"line":117,"column":16}},"20":{"start":{"line":128,"column":4},"end":{"line":128,"column":22}},"21":{"start":{"line":138,"column":4},"end":{"line":138,"column":72}},"22":{"start":{"line":148,"column":4},"end":{"line":148,"column":16}}},"fnMap":{"0":{"name":"(anonymous_0)","decl":{"start":{"line":15,"column":2},"end":{"line":15,"column":3}},"loc":{"start":{"line":15,"column":27},"end":{"line":20,"column":3}},"line":15},"1":{"name":"(anonymous_1)","decl":{"start":{"line":27,"column":2},"end":{"line":27,"column":3}},"loc":{"start":{"line":27,"column":26},"end":{"line":29,"column":3}},"line":27},"2":{"name":"(anonymous_2)","decl":{"start":{"line":39,"column":2},"end":{"line":39,"column":3}},"loc":{"start":{"line":39,"column":27},"end":{"line":47,"column":3}},"line":39},"3":{"name":"(anonymous_3)","decl":{"start":{"line":49,"column":2},"end":{"line":49,"column":3}},"loc":{"start":{"line":49,"column":22},"end":{"line":53,"column":3}},"line":49},"4":{"name":"(anonymous_4)","decl":{"start":{"line":60,"column":2},"end":{"line":60,"column":3}},"loc":{"start":{"line":60,"column":13},"end":{"line":62,"column":3}},"line":60},"5":{"name":"(anonymous_5)","decl":{"start":{"line":70,"column":2},"end":{"line":70,"column":3}},"loc":{"start":{"line":70,"column":13},"end":{"line":72,"column":3}},"line":70},"6":{"name":"(anonymous_6)","decl":{"start":{"line":80,"column":2},"end":{"line":80,"column":3}},"loc":{"start":{"line":80,"column":17},"end":{"line":86,"column":3}},"line":80},"7":{"name":"(anonymous_7)","decl":{"start":{"line":94,"column":2},"end":{"line":94,"column":3}},"loc":{"start":{"line":94,"column":15},"end":{"line":96,"column":3}},"line":94},"8":{"name":"(anonymous_8)","decl":{"start":{"line":106,"column":2},"end":{"line":106,"column":3}},"loc":{"start":{"line":106,"column":27},"end":{"line":108,"column":3}},"line":106},"9":{"name":"(anonymous_9)","decl":{"start":{"line":116,"column":2},"end":{"line":116,"column":3}},"loc":{"start":{"line":116,"column":20},"end":{"line":118,"column":3}},"line":116},"10":{"name":"(anonymous_10)","decl":{"start":{"line":127,"column":2},"end":{"line":127,"column":3}},"loc":{"start":{"line":127,"column":11},"end":{"line":129,"column":3}},"line":127},"11":{"name":"(anonymous_11)","decl":{"start":{"line":137,"column":2},"end":{"line":137,"column":3}},"loc":{"start":{"line":137,"column":20},"end":{"line":139,"column":3}},"line":137},"12":{"name":"(anonymous_12)","decl":{"start":{"line":147,"column":2},"end":{"line":147,"column":3}},"loc":{"start":{"line":147,"column":16},"end":{"line":149,"column":3}},"line":147}},"branchMap":{"0":{"loc":{"start":{"line":16,"column":4},"end":{"line":18,"column":5}},"type":"if","locations":[{"start":{"line":16,"column":4},"end":{"line":18,"column":5}},{"start":{},"end":{}}],"line":16},"1":{"loc":{"start":{"line":28,"column":11},"end":{"line":28,"column":83}},"type":"cond-expr","locations":[{"start":{"line":28,"column":26},"end":{"line":28,"column":53}},{"start":{"line":28,"column":56},"end":{"line":28,"column":83}}],"line":28},"2":{"loc":{"start":{"line":40,"column":4},"end":{"line":45,"column":5}},"type":"if","locations":[{"start":{"line":40,"column":4},"end":{"line":45,"column":5}},{"start":{},"end":{}}],"line":40},"3":{"loc":{"start":{"line":42,"column":6},"end":{"line":44,"column":7}},"type":"if","locations":[{"start":{"line":42,"column":6},"end":{"line":44,"column":7}},{"start":{},"end":{}}],"line":42},"4":{"loc":{"start":{"line":71,"column":11},"end":{"line":71,"column":80}},"type":"cond-expr","locations":[{"start":{"line":71,"column":30},"end":{"line":71,"column":35}},{"start":{"line":71,"column":38},"end":{"line":71,"column":80}}],"line":71},"5":{"loc":{"start":{"line":81,"column":4},"end":{"line":85,"column":5}},"type":"if","locations":[{"start":{"line":81,"column":4},"end":{"line":85,"column":5}},{"start":{"line":83,"column":11},"end":{"line":85,"column":5}}],"line":81},"6":{"loc":{"start":{"line":138,"column":11},"end":{"line":138,"column":71}},"type":"binary-expr","locations":[{"start":{"line":138,"column":11},"end":{"line":138,"column":37}},{"start":{"line":138,"column":41},"end":{"line":138,"column":71}}],"line":138}},"s":{"0":58,"1":1080,"2":23,"3":1080,"4":306,"5":198,"6":195,"7":195,"8":17,"9":181,"10":118,"11":118,"12":1309,"13":44,"14":4,"15":2,"16":2,"17":16,"18":27,"19":77,"20":2945,"21":611,"22":2694},"f":{"0":1080,"1":306,"2":198,"3":118,"4":1309,"5":44,"6":4,"7":16,"8":27,"9":77,"10":2945,"11":611,"12":2694},"b":{"0":[23,1057],"1":[260,46],"2":[195,3],"3":[17,178],"4":[26,18],"5":[2,2],"6":[611,360]},"_coverageSchema":"1a1c01bbd47fc00a2c39e90264f33305004495a9","hash":"bbd99e7f9b368701f4cc52cbe14e477236782ff6"}
,"/home/take/code/luxon/src/zones/invalidZone.js": {"path":"/home/take/code/luxon/src/zones/invalidZone.js","statementMap":{"0":{"start":{"line":9,"column":4},"end":{"line":9,"column":12}},"1":{"start":{"line":11,"column":4},"end":{"line":11,"column":29}},"2":{"start":{"line":16,"column":4},"end":{"line":16,"column":21}},"3":{"start":{"line":21,"column":4},"end":{"line":21,"column":25}},"4":{"start":{"line":26,"column":4},"end":{"line":26,"column":17}},"5":{"start":{"line":31,"column":4},"end":{"line":31,"column":16}},"6":{"start":{"line":36,"column":4},"end":{"line":36,"column":14}},"7":{"start":{"line":41,"column":4},"end":{"line":41,"column":15}},"8":{"start":{"line":46,"column":4},"end":{"line":46,"column":17}},"9":{"start":{"line":51,"column":4},"end":{"line":51,"column":17}}},"fnMap":{"0":{"name":"(anonymous_0)","decl":{"start":{"line":8,"column":2},"end":{"line":8,"column":3}},"loc":{"start":{"line":8,"column":24},"end":{"line":12,"column":3}},"line":8},"1":{"name":"(anonymous_1)","decl":{"start":{"line":15,"column":2},"end":{"line":15,"column":3}},"loc":{"start":{"line":15,"column":13},"end":{"line":17,"column":3}},"line":15},"2":{"name":"(anonymous_2)","decl":{"start":{"line":20,"column":2},"end":{"line":20,"column":3}},"loc":{"start":{"line":20,"column":13},"end":{"line":22,"column":3}},"line":20},"3":{"name":"(anonymous_3)","decl":{"start":{"line":25,"column":2},"end":{"line":25,"column":3}},"loc":{"start":{"line":25,"column":20},"end":{"line":27,"column":3}},"line":25},"4":{"name":"(anonymous_4)","decl":{"start":{"line":30,"column":2},"end":{"line":30,"column":3}},"loc":{"start":{"line":30,"column":15},"end":{"line":32,"column":3}},"line":30},"5":{"name":"(anonymous_5)","decl":{"start":{"line":35,"column":2},"end":{"line":35,"column":3}},"loc":{"start":{"line":35,"column":17},"end":{"line":37,"column":3}},"line":35},"6":{"name":"(anonymous_6)","decl":{"start":{"line":40,"column":2},"end":{"line":40,"column":3}},"loc":{"start":{"line":40,"column":11},"end":{"line":42,"column":3}},"line":40},"7":{"name":"(anonymous_7)","decl":{"start":{"line":45,"column":2},"end":{"line":45,"column":3}},"loc":{"start":{"line":45,"column":11},"end":{"line":47,"column":3}},"line":45},"8":{"name":"(anonymous_8)","decl":{"start":{"line":50,"column":2},"end":{"line":50,"column":3}},"loc":{"start":{"line":50,"column":16},"end":{"line":52,"column":3}},"line":50}},"branchMap":{},"s":{"0":2,"1":2,"2":1,"3":1,"4":1,"5":1,"6":1,"7":1,"8":1,"9":1},"f":{"0":2,"1":1,"2":1,"3":1,"4":1,"5":1,"6":1,"7":1,"8":1},"b":{},"_coverageSchema":"1a1c01bbd47fc00a2c39e90264f33305004495a9","hash":"88359799f328b46170c6168902ae2ff233837118"}
,"/home/take/code/luxon/src/zones/systemZone.js": {"path":"/home/take/code/luxon/src/zones/systemZone.js","statementMap":{"0":{"start":{"line":4,"column":16},"end":{"line":4,"column":20}},"1":{"start":{"line":16,"column":4},"end":{"line":18,"column":5}},"2":{"start":{"line":17,"column":6},"end":{"line":17,"column":35}},"3":{"start":{"line":19,"column":4},"end":{"line":19,"column":21}},"4":{"start":{"line":24,"column":4},"end":{"line":24,"column":20}},"5":{"start":{"line":29,"column":4},"end":{"line":29,"column":64}},"6":{"start":{"line":34,"column":4},"end":{"line":34,"column":17}},"7":{"start":{"line":39,"column":4},"end":{"line":39,"column":45}},"8":{"start":{"line":44,"column":4},"end":{"line":44,"column":49}},"9":{"start":{"line":49,"column":4},"end":{"line":49,"column":45}},"10":{"start":{"line":54,"column":4},"end":{"line":54,"column":39}},"11":{"start":{"line":59,"column":4},"end":{"line":59,"column":16}}},"fnMap":{"0":{"name":"(anonymous_0)","decl":{"start":{"line":15,"column":2},"end":{"line":15,"column":3}},"loc":{"start":{"line":15,"column":24},"end":{"line":20,"column":3}},"line":15},"1":{"name":"(anonymous_1)","decl":{"start":{"line":23,"column":2},"end":{"line":23,"column":3}},"loc":{"start":{"line":23,"column":13},"end":{"line":25,"column":3}},"line":23},"2":{"name":"(anonymous_2)","decl":{"start":{"line":28,"column":2},"end":{"line":28,"column":3}},"loc":{"start":{"line":28,"column":13},"end":{"line":30,"column":3}},"line":28},"3":{"name":"(anonymous_3)","decl":{"start":{"line":33,"column":2},"end":{"line":33,"column":3}},"loc":{"start":{"line":33,"column":20},"end":{"line":35,"column":3}},"line":33},"4":{"name":"(anonymous_4)","decl":{"start":{"line":38,"column":2},"end":{"line":38,"column":3}},"loc":{"start":{"line":38,"column":37},"end":{"line":40,"column":3}},"line":38},"5":{"name":"(anonymous_5)","decl":{"start":{"line":43,"column":2},"end":{"line":43,"column":3}},"loc":{"start":{"line":43,"column":27},"end":{"line":45,"column":3}},"line":43},"6":{"name":"(anonymous_6)","decl":{"start":{"line":48,"column":2},"end":{"line":48,"column":3}},"loc":{"start":{"line":48,"column":13},"end":{"line":50,"column":3}},"line":48},"7":{"name":"(anonymous_7)","decl":{"start":{"line":53,"column":2},"end":{"line":53,"column":3}},"loc":{"start":{"line":53,"column":20},"end":{"line":55,"column":3}},"line":53},"8":{"name":"(anonymous_8)","decl":{"start":{"line":58,"column":2},"end":{"line":58,"column":3}},"loc":{"start":{"line":58,"column":16},"end":{"line":60,"column":3}},"line":58}},"branchMap":{"0":{"loc":{"start":{"line":16,"column":4},"end":{"line":18,"column":5}},"type":"if","locations":[{"start":{"line":16,"column":4},"end":{"line":18,"column":5}},{"start":{},"end":{}}],"line":16}},"s":{"0":58,"1":6039,"2":38,"3":6039,"4":1549,"5":10,"6":18,"7":2,"8":0,"9":5873,"10":1194,"11":3898},"f":{"0":6039,"1":1549,"2":10,"3":18,"4":2,"5":0,"6":5873,"7":1194,"8":3898},"b":{"0":[38,6001]},"_coverageSchema":"1a1c01bbd47fc00a2c39e90264f33305004495a9","hash":"4a7291168dcecea3aea1a2b87a5c55d11fe33873"}
}
