TN:
SF:/mnt/c/Users/icambron/code/luxon/src/datetime.js
FN:49,possiblyCachedWeekData
FN:58,clone
FN:72,fixOffset
FN:98,tsToObj
FN:115,objToLocalTS
FN:135,objToTS
FN:140,adjustTime
FN:170,parseDataToDateTime
FN:187,toTechFormat
FN:198,toTechTimeFormat
FN:269,normalizeUnit
FN:303,quickDT
FN:351,(anonymous_12)
FN:417,(anonymous_13)
FN:455,(anonymous_14)
FN:484,(anonymous_15)
FN:502,(anonymous_16)
FN:537,(anonymous_17)
FN:647,(anonymous_18)
FN:666,(anonymous_19)
FN:686,(anonymous_20)
FN:704,(anonymous_21)
FN:722,(anonymous_22)
FN:746,(anonymous_23)
FN:755,(anonymous_24)
FN:775,(anonymous_25)
FN:785,(anonymous_26)
FN:793,(anonymous_27)
FN:802,(anonymous_28)
FN:811,(anonymous_29)
FN:820,(anonymous_30)
FN:828,(anonymous_31)
FN:837,(anonymous_32)
FN:846,(anonymous_33)
FN:854,(anonymous_34)
FN:863,(anonymous_35)
FN:872,(anonymous_36)
FN:881,(anonymous_37)
FN:890,(anonymous_38)
FN:899,(anonymous_39)
FN:909,(anonymous_40)
FN:919,(anonymous_41)
FN:930,(anonymous_42)
FN:939,(anonymous_43)
FN:949,(anonymous_44)
FN:959,(anonymous_45)
FN:969,(anonymous_46)
FN:979,(anonymous_47)
FN:989,(anonymous_48)
FN:998,(anonymous_49)
FN:1014,(anonymous_50)
FN:1029,(anonymous_51)
FN:1037,(anonymous_52)
FN:1053,(anonymous_53)
FN:1063,(anonymous_54)
FN:1073,(anonymous_55)
FN:1084,(anonymous_56)
FN:1094,(anonymous_57)
FN:1112,(anonymous_58)
FN:1122,(anonymous_59)
FN:1135,(anonymous_60)
FN:1156,(anonymous_61)
FN:1167,(anonymous_62)
FN:1181,(anonymous_63)
FN:1222,(anonymous_64)
FN:1234,(anonymous_65)
FN:1249,(anonymous_66)
FN:1301,(anonymous_67)
FN:1323,(anonymous_68)
FN:1346,(anonymous_69)
FN:1365,(anonymous_70)
FN:1382,(anonymous_71)
FN:1395,(anonymous_72)
FN:1404,(anonymous_73)
FN:1418,(anonymous_74)
FN:1428,(anonymous_75)
FN:1440,(anonymous_76)
FN:1449,(anonymous_77)
FN:1464,(anonymous_78)
FN:1479,(anonymous_79)
FN:1491,(anonymous_80)
FN:1499,(anonymous_81)
FN:1512,(anonymous_82)
FN:1520,(anonymous_83)
FN:1528,(anonymous_84)
FN:1536,(anonymous_85)
FN:1547,(anonymous_86)
FN:1564,(anonymous_87)
FN:1585,(anonymous_88)
FN:1606,(anonymous_89)
FN:1615,(anonymous_90)
FN:1626,(anonymous_91)
FN:1642,(anonymous_92)
FN:1655,(anonymous_93)
FN:1656,(anonymous_94)
FN:1664,(anonymous_95)
FN:1665,(anonymous_96)
FN:1677,(anonymous_97)
FN:1686,(anonymous_98)
FN:1696,(anonymous_99)
FN:1704,(anonymous_100)
FN:1712,(anonymous_101)
FN:1720,(anonymous_102)
FN:1728,(anonymous_103)
FN:1736,(anonymous_104)
FN:1744,(anonymous_105)
FN:1752,(anonymous_106)
FN:1760,(anonymous_107)
FN:1768,(anonymous_108)
FN:1776,(anonymous_109)
FN:1784,(anonymous_110)
FN:1792,(anonymous_111)
FN:1800,(anonymous_112)
FN:1808,(anonymous_113)
FN:1816,(anonymous_114)
FN:1824,(anonymous_115)
FN:1832,(anonymous_116)
FN:1840,(anonymous_117)
FN:1848,(anonymous_118)
FN:1856,friendlyDateTime
FNF:120
FNH:118
FNDA:137,possiblyCachedWeekData
FNDA:1486,clone
FNDA:2241,fixOffset
FNDA:2924,tsToObj
FNDA:2241,objToLocalTS
FNDA:2006,objToTS
FNDA:235,adjustTime
FNDA:296,parseDataToDateTime
FNDA:68,toTechFormat
FNDA:35,toTechTimeFormat
FNDA:5557,normalizeUnit
FNDA:279,quickDT
FNDA:2735,(anonymous_12)
FNDA:112,(anonymous_13)
FNDA:233,(anonymous_14)
FNDA:32,(anonymous_15)
FNDA:17,(anonymous_16)
FNDA:786,(anonymous_17)
FNDA:139,(anonymous_18)
FNDA:16,(anonymous_19)
FNDA:4,(anonymous_20)
FNDA:128,(anonymous_21)
FNDA:1,(anonymous_22)
FNDA:12,(anonymous_23)
FNDA:86,(anonymous_24)
FNDA:4,(anonymous_25)
FNDA:9121,(anonymous_26)
FNDA:10624,(anonymous_27)
FNDA:42,(anonymous_28)
FNDA:6,(anonymous_29)
FNDA:7,(anonymous_30)
FNDA:28,(anonymous_31)
FNDA:270,(anonymous_32)
FNDA:7,(anonymous_33)
FNDA:241,(anonymous_34)
FNDA:205,(anonymous_35)
FNDA:254,(anonymous_36)
FNDA:161,(anonymous_37)
FNDA:137,(anonymous_38)
FNDA:137,(anonymous_39)
FNDA:29,(anonymous_40)
FNDA:28,(anonymous_41)
FNDA:86,(anonymous_42)
FNDA:17,(anonymous_43)
FNDA:5,(anonymous_44)
FNDA:5,(anonymous_45)
FNDA:4,(anonymous_46)
FNDA:4,(anonymous_47)
FNDA:445,(anonymous_48)
FNDA:11,(anonymous_49)
FNDA:13,(anonymous_50)
FNDA:64,(anonymous_51)
FNDA:8,(anonymous_52)
FNDA:4,(anonymous_53)
FNDA:6,(anonymous_54)
FNDA:4,(anonymous_55)
FNDA:5,(anonymous_56)
FNDA:3,(anonymous_57)
FNDA:137,(anonymous_58)
FNDA:1,(anonymous_59)
FNDA:439,(anonymous_60)
FNDA:103,(anonymous_61)
FNDA:18,(anonymous_62)
FNDA:962,(anonymous_63)
FNDA:158,(anonymous_64)
FNDA:79,(anonymous_65)
FNDA:487,(anonymous_66)
FNDA:39,(anonymous_67)
FNDA:228,(anonymous_68)
FNDA:39,(anonymous_69)
FNDA:8,(anonymous_70)
FNDA:13,(anonymous_71)
FNDA:15,(anonymous_72)
FNDA:2,(anonymous_73)
FNDA:22,(anonymous_74)
FNDA:3,(anonymous_75)
FNDA:4,(anonymous_76)
FNDA:9,(anonymous_77)
FNDA:13,(anonymous_78)
FNDA:7,(anonymous_79)
FNDA:4,(anonymous_80)
FNDA:0,(anonymous_81)
FNDA:2325,(anonymous_82)
FNDA:3,(anonymous_83)
FNDA:1,(anonymous_84)
FNDA:0,(anonymous_85)
FNDA:1018,(anonymous_86)
FNDA:334,(anonymous_87)
FNDA:64,(anonymous_88)
FNDA:4,(anonymous_89)
FNDA:28,(anonymous_90)
FNDA:12,(anonymous_91)
FNDA:117,(anonymous_92)
FNDA:4,(anonymous_93)
FNDA:7,(anonymous_94)
FNDA:4,(anonymous_95)
FNDA:7,(anonymous_96)
FNDA:5,(anonymous_97)
FNDA:1,(anonymous_98)
FNDA:1,(anonymous_99)
FNDA:1,(anonymous_100)
FNDA:2,(anonymous_101)
FNDA:1,(anonymous_102)
FNDA:2,(anonymous_103)
FNDA:1,(anonymous_104)
FNDA:1,(anonymous_105)
FNDA:1,(anonymous_106)
FNDA:1,(anonymous_107)
FNDA:1,(anonymous_108)
FNDA:1,(anonymous_109)
FNDA:1,(anonymous_110)
FNDA:3,(anonymous_111)
FNDA:1,(anonymous_112)
FNDA:2,(anonymous_113)
FNDA:1,(anonymous_114)
FNDA:2,(anonymous_115)
FNDA:1,(anonymous_116)
FNDA:1,(anonymous_117)
FNDA:1,(anonymous_118)
FNDA:648,friendlyDateTime
DA:43,45
DA:44,45
DA:45,45
DA:46,45
DA:50,137
DA:51,79
DA:53,137
DA:59,1486
DA:67,1486
DA:74,2241
DA:77,2241
DA:80,2241
DA:81,2068
DA:85,173
DA:88,173
DA:89,173
DA:90,170
DA:94,3
DA:99,2924
DA:101,2924
DA:103,2924
DA:116,2241
DA:127,2241
DA:128,9
DA:129,9
DA:131,2241
DA:136,2006
DA:141,235
DA:142,235
DA:143,235
DA:144,235
DA:149,235
DA:155,235
DA:157,235
DA:159,235
DA:160,96
DA:162,96
DA:165,235
DA:171,296
DA:172,296
DA:173,267
DA:174,267
DA:179,265
DA:181,29
DA:188,68
DA:208,35
DA:210,35
DA:211,31
DA:212,31
DA:213,30
DA:217,35
DA:218,9
DA:221,35
DA:222,4
DA:223,31
DA:224,27
DA:227,35
DA:231,45
DA:239,45
DA:247,45
DA:256,45
DA:257,45
DA:266,45
DA:270,5557
DA:295,5557
DA:297,5556
DA:305,279
DA:306,1953
DA:307,1089
DA:311,279
DA:312,279
DA:313,1
DA:316,278
DA:317,278
DA:318,278
DA:320,278
DA:352,2735
DA:354,2735
DA:360,2735
DA:362,2735
DA:363,2735
DA:364,2735
DA:365,2645
DA:366,2645
DA:367,2645
DA:373,2735
DA:377,2735
DA:381,2735
DA:385,2735
DA:389,2735
DA:393,2735
DA:418,112
DA:419,63
DA:421,49
DA:456,233
DA:457,3
DA:462,230
DA:485,32
DA:503,17
DA:538,786
DA:539,786
DA:540,3
DA:543,783
DA:544,783
DA:545,783
DA:546,783
DA:547,783
DA:548,783
DA:549,783
DA:550,783
DA:551,783
DA:559,783
DA:560,1
DA:565,782
DA:566,1
DA:569,781
DA:574,781
DA:575,781
DA:576,27
DA:577,27
DA:578,27
DA:579,754
DA:580,11
DA:581,11
DA:582,11
DA:584,743
DA:585,743
DA:589,781
DA:590,781
DA:591,5456
DA:592,5456
DA:593,2962
DA:594,2494
DA:595,2297
DA:597,197
DA:602,781
DA:605,781
DA:607,781
DA:608,9
DA:612,772
DA:615,772
DA:616,772
DA:624,772
DA:625,9
DA:628,763
DA:648,139
DA:649,139
DA:667,16
DA:668,16
DA:687,4
DA:688,4
DA:705,128
DA:706,1
DA:709,127
DA:710,127
DA:711,127
DA:712,127
DA:713,2
DA:715,125
DA:723,1
DA:747,12
DA:748,12
DA:756,86
DA:757,1
DA:759,85
DA:760,1
DA:762,84
DA:776,4
DA:786,9121
DA:794,10624
DA:803,42
DA:812,6
DA:821,7
DA:829,28
DA:838,270
DA:847,7
DA:855,241
DA:864,205
DA:873,254
DA:882,161
DA:891,137
DA:900,137
DA:910,29
DA:920,28
DA:931,86
DA:940,17
DA:950,5
DA:960,5
DA:970,4
DA:980,4
DA:990,445
DA:999,11
DA:1000,9
DA:1005,2
DA:1015,13
DA:1016,10
DA:1021,3
DA:1030,64
DA:1038,8
DA:1039,2
DA:1041,6
DA:1054,4
DA:1064,6
DA:1074,4
DA:1085,5
DA:1095,3
DA:1099,3
DA:1113,137
DA:1123,1
DA:1136,439
DA:1137,439
DA:1138,242
DA:1139,197
DA:1140,5
DA:1143,192
DA:1146,192
DA:1157,103
DA:1158,103
DA:1168,18
DA:1182,962
DA:1184,957
DA:1186,956
DA:1191,956
DA:1192,7
DA:1193,949
DA:1194,1
DA:1196,948
DA:1200,948
DA:1201,895
DA:1205,956
DA:1206,956
DA:1223,158
DA:1224,157
DA:1225,157
DA:1235,79
DA:1236,78
DA:1237,78
DA:1250,487
DA:1251,486
DA:1252,486
DA:1253,484
DA:1255,6
DA:1259,45
DA:1263,474
DA:1266,476
DA:1269,479
DA:1272,482
DA:1273,482
DA:1275,2
DA:1277,0
DA:1280,484
DA:1281,2
DA:1284,484
DA:1285,25
DA:1286,25
DA:1289,484
DA:1302,39
DA:1324,228
DA:1347,39
DA:1366,8
DA:1383,13
DA:1384,1
DA:1387,12
DA:1396,15
DA:1405,2
DA:1419,22
DA:1429,3
DA:1441,4
DA:1450,9
DA:1465,13
DA:1480,7
DA:1481,1
DA:1484,6
DA:1492,4
DA:1500,0
DA:1501,0
DA:1504,0
DA:1513,2325
DA:1521,3
DA:1529,1
DA:1537,0
DA:1548,1018
DA:1550,1017
DA:1552,1017
DA:1553,1
DA:1554,1
DA:1555,1
DA:1557,1017
DA:1565,334
DA:1586,64
DA:1587,7
DA:1589,57
DA:1590,57
DA:1591,57
DA:1592,57
DA:1593,57
DA:1595,57
DA:1607,4
DA:1616,28
DA:1627,12
DA:1628,10
DA:1629,3
DA:1631,7
DA:1632,7
DA:1643,117
DA:1656,7
DA:1665,7
DA:1678,5
DA:1679,5
DA:1680,5
DA:1687,1
DA:1697,1
DA:1705,1
DA:1713,2
DA:1721,1
DA:1729,2
DA:1737,1
DA:1745,1
DA:1753,1
DA:1761,1
DA:1769,1
DA:1777,1
DA:1785,1
DA:1793,3
DA:1801,1
DA:1809,2
DA:1817,1
DA:1825,2
DA:1833,1
DA:1841,1
DA:1849,1
DA:1857,648
DA:1858,644
DA:1859,4
DA:1860,2
DA:1861,2
DA:1862,2
DA:1864,0
LF:338
LH:332
BRDA:50,0,0,79
BRDA:50,0,1,58
BRDA:80,1,0,2068
BRDA:80,1,1,173
BRDA:89,2,0,170
BRDA:89,2,1,3
BRDA:127,3,0,9
BRDA:127,3,1,2232
BRDA:127,4,0,2241
BRDA:127,4,1,18
BRDA:159,5,0,96
BRDA:159,5,1,139
BRDA:172,6,0,267
BRDA:172,6,1,29
BRDA:172,7,0,296
BRDA:172,7,1,281
BRDA:173,8,0,267
BRDA:173,8,1,225
BRDA:179,9,0,11
BRDA:179,9,1,254
BRDA:188,10,0,61
BRDA:188,10,1,7
BRDA:201,11,0,13
BRDA:202,12,0,13
BRDA:203,13,0,0
BRDA:204,14,0,22
BRDA:205,15,0,22
BRDA:210,16,0,31
BRDA:210,16,1,4
BRDA:210,17,0,35
BRDA:210,17,1,5
BRDA:210,17,2,4
BRDA:212,18,0,30
BRDA:212,18,1,1
BRDA:212,19,0,31
BRDA:212,19,1,2
BRDA:217,20,0,9
BRDA:217,20,1,26
BRDA:217,21,0,35
BRDA:217,21,1,31
BRDA:217,21,2,31
BRDA:221,22,0,4
BRDA:221,22,1,31
BRDA:223,23,0,27
BRDA:223,23,1,4
BRDA:269,24,0,0
BRDA:293,25,0,5557
BRDA:293,25,1,0
BRDA:295,26,0,1
BRDA:295,26,1,5556
BRDA:295,27,0,5557
BRDA:295,27,1,2469
BRDA:306,28,0,1089
BRDA:306,28,1,864
BRDA:311,29,0,279
BRDA:311,29,1,278
BRDA:312,30,0,1
BRDA:312,30,1,278
BRDA:352,31,0,2735
BRDA:352,31,1,147
BRDA:354,32,0,2735
BRDA:354,32,1,2649
BRDA:354,32,2,2646
BRDA:355,33,0,3
BRDA:355,33,1,2646
BRDA:356,34,0,1
BRDA:356,34,1,2645
BRDA:360,35,0,84
BRDA:360,35,1,2651
BRDA:364,36,0,2645
BRDA:364,36,1,90
BRDA:365,37,0,2645
BRDA:365,37,1,1484
BRDA:365,37,2,629
BRDA:366,38,0,502
BRDA:366,38,1,2143
BRDA:367,39,0,502
BRDA:367,39,1,2143
BRDA:377,40,0,2735
BRDA:377,40,1,428
BRDA:418,41,0,63
BRDA:418,41,1,49
BRDA:456,42,0,3
BRDA:456,42,1,230
BRDA:484,43,0,30
BRDA:486,44,0,30
BRDA:486,44,1,2
BRDA:502,45,0,16
BRDA:539,46,0,3
BRDA:539,46,1,783
BRDA:548,47,0,783
BRDA:548,47,1,108
BRDA:549,48,0,783
BRDA:549,48,1,65
BRDA:550,49,0,783
BRDA:550,49,1,768
BRDA:559,50,0,1
BRDA:559,50,1,782
BRDA:559,51,0,783
BRDA:559,51,1,65
BRDA:559,51,2,720
BRDA:565,52,0,1
BRDA:565,52,1,781
BRDA:565,53,0,782
BRDA:565,53,1,675
BRDA:569,54,0,781
BRDA:569,54,1,764
BRDA:569,54,2,40
BRDA:575,55,0,27
BRDA:575,55,1,754
BRDA:579,56,0,11
BRDA:579,56,1,743
BRDA:592,57,0,2962
BRDA:592,57,1,2494
BRDA:594,58,0,2297
BRDA:594,58,1,197
BRDA:602,59,0,27
BRDA:602,59,1,754
BRDA:604,60,0,11
BRDA:604,60,1,743
BRDA:605,61,0,781
BRDA:605,61,1,775
BRDA:607,62,0,9
BRDA:607,62,1,772
BRDA:612,63,0,25
BRDA:612,63,1,747
BRDA:614,64,0,10
BRDA:614,64,1,737
BRDA:624,65,0,9
BRDA:624,65,1,763
BRDA:624,66,0,772
BRDA:624,66,1,55
BRDA:624,66,2,30
BRDA:647,67,0,131
BRDA:666,68,0,16
BRDA:686,69,0,4
BRDA:704,70,0,103
BRDA:705,71,0,1
BRDA:705,71,1,127
BRDA:705,72,0,128
BRDA:705,72,1,128
BRDA:709,73,0,113
BRDA:709,74,0,127
BRDA:712,75,0,2
BRDA:712,75,1,125
BRDA:722,76,0,1
BRDA:746,77,0,10
BRDA:756,78,0,1
BRDA:756,78,1,85
BRDA:759,79,0,1
BRDA:759,79,1,84
BRDA:803,80,0,41
BRDA:803,80,1,1
BRDA:812,81,0,5
BRDA:812,81,1,1
BRDA:821,82,0,6
BRDA:821,82,1,1
BRDA:829,83,0,26
BRDA:829,83,1,2
BRDA:838,84,0,263
BRDA:838,84,1,7
BRDA:847,85,0,6
BRDA:847,85,1,1
BRDA:855,86,0,236
BRDA:855,86,1,5
BRDA:864,87,0,202
BRDA:864,87,1,3
BRDA:873,88,0,251
BRDA:873,88,1,3
BRDA:882,89,0,158
BRDA:882,89,1,3
BRDA:891,90,0,134
BRDA:891,90,1,3
BRDA:900,91,0,134
BRDA:900,91,1,3
BRDA:910,92,0,27
BRDA:910,92,1,2
BRDA:920,93,0,26
BRDA:920,93,1,2
BRDA:931,94,0,84
BRDA:931,94,1,2
BRDA:940,95,0,15
BRDA:940,95,1,2
BRDA:950,96,0,3
BRDA:950,96,1,2
BRDA:960,97,0,3
BRDA:960,97,1,2
BRDA:970,98,0,2
BRDA:970,98,1,2
BRDA:980,99,0,2
BRDA:980,99,1,2
BRDA:990,100,0,436
BRDA:990,100,1,9
BRDA:999,101,0,9
BRDA:999,101,1,2
BRDA:1015,102,0,10
BRDA:1015,102,1,3
BRDA:1030,103,0,61
BRDA:1030,103,1,3
BRDA:1038,104,0,2
BRDA:1038,104,1,6
BRDA:1042,105,0,6
BRDA:1042,105,1,4
BRDA:1074,106,0,2
BRDA:1074,106,1,2
BRDA:1085,107,0,3
BRDA:1085,107,1,2
BRDA:1094,108,0,2
BRDA:1112,109,0,61
BRDA:1112,110,0,77
BRDA:1135,111,0,299
BRDA:1135,112,0,376
BRDA:1135,113,0,439
BRDA:1137,114,0,242
BRDA:1137,114,1,197
BRDA:1139,115,0,5
BRDA:1139,115,1,192
BRDA:1143,116,0,63
BRDA:1143,116,1,129
BRDA:1143,117,0,192
BRDA:1143,117,1,129
BRDA:1156,118,0,1
BRDA:1182,119,0,5
BRDA:1182,119,1,957
BRDA:1186,120,0,956
BRDA:1186,120,1,955
BRDA:1186,120,2,952
BRDA:1191,121,0,7
BRDA:1191,121,1,949
BRDA:1193,122,0,1
BRDA:1193,122,1,948
BRDA:1200,123,0,895
BRDA:1200,123,1,53
BRDA:1223,124,0,1
BRDA:1223,124,1,157
BRDA:1235,125,0,1
BRDA:1235,125,1,78
BRDA:1250,126,0,1
BRDA:1250,126,1,486
BRDA:1253,127,0,6
BRDA:1253,127,1,31
BRDA:1253,127,2,45
BRDA:1253,127,3,47
BRDA:1253,127,4,474
BRDA:1253,127,5,476
BRDA:1253,127,6,479
BRDA:1253,127,7,482
BRDA:1253,127,8,2
BRDA:1253,127,9,0
BRDA:1280,128,0,2
BRDA:1280,128,1,482
BRDA:1284,129,0,25
BRDA:1284,129,1,459
BRDA:1302,130,0,38
BRDA:1302,130,1,1
BRDA:1323,131,0,228
BRDA:1324,132,0,227
BRDA:1324,132,1,1
BRDA:1346,133,0,9
BRDA:1347,134,0,38
BRDA:1347,134,1,1
BRDA:1365,135,0,6
BRDA:1366,136,0,7
BRDA:1366,136,1,1
BRDA:1382,137,0,11
BRDA:1383,138,0,1
BRDA:1383,138,1,12
BRDA:1418,139,0,5
BRDA:1418,140,0,20
BRDA:1418,141,0,17
BRDA:1418,142,0,22
BRDA:1464,143,0,3
BRDA:1464,144,0,9
BRDA:1464,145,0,9
BRDA:1479,146,0,3
BRDA:1480,147,0,1
BRDA:1480,147,1,6
BRDA:1492,148,0,3
BRDA:1492,148,1,1
BRDA:1500,149,0,0
BRDA:1500,149,1,0
BRDA:1513,150,0,2324
BRDA:1513,150,1,1
BRDA:1547,151,0,1017
BRDA:1548,152,0,1
BRDA:1548,152,1,1017
BRDA:1552,153,0,1
BRDA:1552,153,1,1016
BRDA:1565,154,0,333
BRDA:1565,154,1,1
BRDA:1585,155,0,9
BRDA:1585,156,0,57
BRDA:1586,157,0,7
BRDA:1586,157,1,57
BRDA:1586,158,0,64
BRDA:1586,158,1,60
BRDA:1587,159,0,7
BRDA:1587,159,1,3
BRDA:1591,160,0,3
BRDA:1591,160,1,54
BRDA:1592,161,0,3
BRDA:1592,161,1,54
BRDA:1595,162,0,3
BRDA:1595,162,1,54
BRDA:1606,163,0,2
BRDA:1606,164,0,3
BRDA:1616,165,0,26
BRDA:1616,165,1,2
BRDA:1627,166,0,2
BRDA:1627,166,1,10
BRDA:1628,167,0,3
BRDA:1628,167,1,7
BRDA:1632,168,0,7
BRDA:1632,168,1,5
BRDA:1643,169,0,116
BRDA:1643,169,1,1
BRDA:1643,170,0,117
BRDA:1643,170,1,117
BRDA:1644,171,0,116
BRDA:1644,171,1,113
BRDA:1644,171,2,112
BRDA:1677,172,0,3
BRDA:1678,173,0,4
BRDA:1678,174,0,5
BRDA:1686,175,0,1
BRDA:1857,176,0,644
BRDA:1857,176,1,4
BRDA:1859,177,0,2
BRDA:1859,177,1,2
BRDA:1859,178,0,4
BRDA:1859,178,1,4
BRDA:1861,179,0,2
BRDA:1861,179,1,0
BRF:333
BRH:326
end_of_record
TN:
SF:/mnt/c/Users/icambron/code/luxon/src/duration.js
FN:110,clone
FN:122,isHighOrderNegative
FN:131,convert
FN:139,normalizeValues
FN:140,(anonymous_4)
FN:155,friendlyDuration
FN:184,(anonymous_6)
FN:217,(anonymous_7)
FN:239,(anonymous_8)
FN:275,(anonymous_9)
FN:290,(anonymous_10)
FN:304,(anonymous_11)
FN:335,(anonymous_12)
FN:344,(anonymous_13)
FN:355,(anonymous_14)
FN:377,(anonymous_15)
FN:399,(anonymous_16)
FN:423,(anonymous_17)
FN:431,(anonymous_18)
FN:439,(anonymous_19)
FN:447,(anonymous_20)
FN:462,(anonymous_21)
FN:483,(anonymous_22)
FN:498,(anonymous_23)
FN:509,(anonymous_24)
FN:519,(anonymous_25)
FN:538,(anonymous_26)
FN:548,(anonymous_27)
FN:563,(anonymous_28)
FN:570,(anonymous_29)
FN:633,(anonymous_30)
FN:646,(anonymous_31)
FN:654,(anonymous_32)
FN:662,(anonymous_33)
FN:670,(anonymous_34)
FN:678,(anonymous_35)
FN:686,(anonymous_36)
FN:694,(anonymous_37)
FN:702,(anonymous_38)
FN:710,(anonymous_39)
FN:719,(anonymous_40)
FN:727,(anonymous_41)
FN:737,(anonymous_42)
FNF:43
FNH:42
FNDA:485,clone
FNDA:25,isHighOrderNegative
FNDA:1168,convert
FNDA:364,normalizeValues
FNDA:3276,(anonymous_4)
FNDA:280,friendlyDuration
FNDA:1211,(anonymous_6)
FNDA:102,(anonymous_7)
FNDA:701,(anonymous_8)
FNDA:17,(anonymous_9)
FNDA:32,(anonymous_10)
FNDA:3666,(anonymous_11)
FNDA:5,(anonymous_12)
FNDA:5,(anonymous_13)
FNDA:42,(anonymous_14)
FNDA:416,(anonymous_15)
FNDA:12,(anonymous_16)
FNDA:1,(anonymous_17)
FNDA:1,(anonymous_18)
FNDA:3,(anonymous_19)
FNDA:0,(anonymous_20)
FNDA:31,(anonymous_21)
FNDA:3,(anonymous_22)
FNDA:909,(anonymous_23)
FNDA:7,(anonymous_24)
FNDA:7,(anonymous_25)
FNDA:278,(anonymous_26)
FNDA:15,(anonymous_27)
FNDA:353,(anonymous_28)
FNDA:401,(anonymous_29)
FNDA:92,(anonymous_30)
FNDA:337,(anonymous_31)
FNDA:309,(anonymous_32)
FNDA:328,(anonymous_33)
FNDA:309,(anonymous_34)
FNDA:369,(anonymous_35)
FNDA:353,(anonymous_36)
FNDA:349,(anonymous_37)
FNDA:352,(anonymous_38)
FNDA:564,(anonymous_39)
FNDA:4568,(anonymous_40)
FNDA:4575,(anonymous_41)
FNDA:9,(anonymous_42)
DA:8,45
DA:9,45
DA:12,45
DA:30,45
DA:60,45
DA:61,45
DA:62,45
DA:95,45
DA:107,45
DA:112,485
DA:117,485
DA:124,25
DA:125,45
DA:127,0
DA:132,1168
DA:133,1168
DA:134,1168
DA:135,1168
DA:140,364
DA:141,3276
DA:142,1297
DA:143,934
DA:145,1297
DA:147,1979
DA:156,280
DA:157,45
DA:158,235
DA:159,76
DA:160,159
DA:161,159
DA:163,0
DA:185,1211
DA:189,1211
DA:193,1211
DA:197,1211
DA:201,1211
DA:205,1211
DA:218,102
DA:240,701
DA:241,3
DA:245,698
DA:246,27
DA:248,671
DA:249,671
DA:250,671
DA:251,669
DA:257,2
DA:258,2
DA:276,17
DA:277,17
DA:278,10
DA:279,10
DA:281,7
DA:291,32
DA:292,1
DA:294,31
DA:295,1
DA:297,30
DA:305,3666
DA:326,3666
DA:328,3663
DA:336,5
DA:345,5
DA:360,42
DA:361,42
DA:362,12
DA:365,42
DA:378,416
DA:380,415
DA:382,415
DA:383,1
DA:384,1
DA:385,1
DA:387,415
DA:401,12
DA:403,11
DA:404,11
DA:407,11
DA:409,11
DA:410,11
DA:411,11
DA:412,11
DA:413,11
DA:414,11
DA:415,11
DA:416,11
DA:424,1
DA:432,1
DA:440,3
DA:448,0
DA:449,0
DA:450,0
DA:453,0
DA:463,31
DA:465,30
DA:466,30
DA:468,30
DA:469,270
DA:470,270
DA:471,50
DA:475,30
DA:484,3
DA:486,2
DA:487,2
DA:499,909
DA:510,7
DA:511,7
DA:520,7
DA:521,7
DA:523,7
DA:524,1
DA:527,7
DA:539,278
DA:549,15
DA:551,14
DA:552,14
DA:553,14
DA:554,14
DA:555,14
DA:564,353
DA:566,352
DA:567,1
DA:570,401
DA:572,350
DA:573,350
DA:574,350
DA:577,350
DA:579,350
DA:580,3150
DA:581,399
DA:583,399
DA:586,399
DA:587,962
DA:588,962
DA:589,962
DA:594,399
DA:595,322
DA:598,399
DA:599,399
DA:600,399
DA:603,399
DA:604,1498
DA:605,234
DA:609,2751
DA:610,924
DA:615,350
DA:616,350
DA:617,1323
DA:618,1323
DA:619,96
DA:625,350
DA:634,92
DA:635,91
DA:636,91
DA:637,102
DA:639,91
DA:647,337
DA:655,309
DA:663,328
DA:671,309
DA:679,369
DA:687,353
DA:695,349
DA:703,352
DA:711,564
DA:720,4568
DA:728,4575
DA:738,9
DA:739,1
DA:742,8
DA:743,2
DA:746,6
DA:747,36
DA:748,4
DA:751,2
LF:175
LH:169
BRDA:110,0,0,14
BRDA:113,1,0,471
BRDA:113,1,1,14
BRDA:113,2,0,14
BRDA:113,2,1,7
BRDA:115,3,0,485
BRDA:115,3,1,484
BRDA:125,4,0,25
BRDA:125,4,1,20
BRDA:141,5,0,1297
BRDA:141,5,1,1979
BRDA:142,6,0,934
BRDA:142,6,1,363
BRDA:156,7,0,45
BRDA:156,7,1,235
BRDA:158,8,0,76
BRDA:158,8,1,159
BRDA:160,9,0,159
BRDA:160,9,1,0
BRDA:185,10,0,1211
BRDA:185,10,1,1186
BRDA:193,11,0,1211
BRDA:193,11,1,57
BRDA:197,12,0,25
BRDA:197,12,1,1186
BRDA:201,13,0,1211
BRDA:201,13,1,1181
BRDA:205,14,0,25
BRDA:205,14,1,1186
BRDA:240,15,0,3
BRDA:240,15,1,698
BRDA:240,16,0,701
BRDA:240,16,1,699
BRDA:245,17,0,27
BRDA:245,17,1,671
BRDA:250,18,0,669
BRDA:250,18,1,2
BRDA:277,19,0,10
BRDA:277,19,1,7
BRDA:291,20,0,1
BRDA:291,20,1,31
BRDA:294,21,0,1
BRDA:294,21,1,30
BRDA:304,22,0,1796
BRDA:324,23,0,3666
BRDA:324,23,1,0
BRDA:326,24,0,3
BRDA:326,24,1,3663
BRDA:326,25,0,3666
BRDA:326,25,1,1860
BRDA:336,26,0,4
BRDA:336,26,1,1
BRDA:345,27,0,4
BRDA:345,27,1,1
BRDA:355,28,0,30
BRDA:361,29,0,12
BRDA:361,29,1,30
BRDA:361,30,0,42
BRDA:361,30,1,36
BRDA:365,31,0,41
BRDA:365,31,1,1
BRDA:377,32,0,415
BRDA:378,33,0,1
BRDA:378,33,1,415
BRDA:382,34,0,1
BRDA:382,34,1,414
BRDA:401,35,0,1
BRDA:401,35,1,11
BRDA:407,36,0,1
BRDA:407,36,1,10
BRDA:409,37,0,8
BRDA:409,37,1,3
BRDA:410,38,0,7
BRDA:410,38,1,4
BRDA:410,39,0,11
BRDA:410,39,1,4
BRDA:411,40,0,5
BRDA:411,40,1,6
BRDA:411,41,0,11
BRDA:411,41,1,6
BRDA:412,42,0,10
BRDA:412,42,1,1
BRDA:412,43,0,11
BRDA:412,43,1,6
BRDA:412,43,2,5
BRDA:412,43,3,1
BRDA:413,44,0,5
BRDA:413,44,1,6
BRDA:414,45,0,6
BRDA:414,45,1,5
BRDA:415,46,0,9
BRDA:415,46,1,2
BRDA:448,47,0,0
BRDA:448,47,1,0
BRDA:463,48,0,1
BRDA:463,48,1,30
BRDA:470,49,0,50
BRDA:470,49,1,220
BRDA:484,50,0,1
BRDA:484,50,1,2
BRDA:519,51,0,1
BRDA:523,52,0,1
BRDA:523,52,1,6
BRDA:539,53,0,277
BRDA:539,53,1,1
BRDA:549,54,0,1
BRDA:549,54,1,14
BRDA:552,55,0,2
BRDA:552,55,1,12
BRDA:555,56,0,2
BRDA:555,56,1,12
BRDA:564,57,0,1
BRDA:564,57,1,352
BRDA:566,58,0,1
BRDA:566,58,1,351
BRDA:580,59,0,399
BRDA:580,59,1,2751
BRDA:587,60,0,962
BRDA:587,60,1,0
BRDA:594,61,0,322
BRDA:594,61,1,77
BRDA:604,62,0,234
BRDA:604,62,1,1264
BRDA:609,63,0,924
BRDA:609,63,1,1827
BRDA:615,64,0,350
BRDA:615,64,1,0
BRDA:617,65,0,1323
BRDA:617,65,1,0
BRDA:618,66,0,96
BRDA:618,66,1,1227
BRDA:620,67,0,24
BRDA:620,67,1,72
BRDA:634,68,0,1
BRDA:634,68,1,91
BRDA:647,69,0,335
BRDA:647,69,1,2
BRDA:647,70,0,335
BRDA:647,70,1,279
BRDA:655,71,0,307
BRDA:655,71,1,2
BRDA:655,72,0,307
BRDA:655,72,1,291
BRDA:663,73,0,326
BRDA:663,73,1,2
BRDA:663,74,0,326
BRDA:663,74,1,270
BRDA:671,75,0,307
BRDA:671,75,1,2
BRDA:671,76,0,307
BRDA:671,76,1,299
BRDA:679,77,0,367
BRDA:679,77,1,2
BRDA:679,78,0,367
BRDA:679,78,1,247
BRDA:687,79,0,351
BRDA:687,79,1,2
BRDA:687,80,0,351
BRDA:687,80,1,272
BRDA:695,81,0,347
BRDA:695,81,1,2
BRDA:695,82,0,347
BRDA:695,82,1,289
BRDA:703,83,0,350
BRDA:703,83,1,2
BRDA:703,84,0,350
BRDA:703,84,1,285
BRDA:711,85,0,562
BRDA:711,85,1,2
BRDA:711,86,0,562
BRDA:711,86,1,359
BRDA:738,87,0,1
BRDA:738,87,1,8
BRDA:738,88,0,9
BRDA:738,88,1,9
BRDA:742,89,0,2
BRDA:742,89,1,6
BRDA:747,90,0,4
BRDA:747,90,1,32
BRF:179
BRH:172
end_of_record
TN:
SF:/mnt/c/Users/icambron/code/luxon/src/errors.js
FN:12,(anonymous_0)
FN:21,(anonymous_1)
FN:30,(anonymous_2)
FN:44,(anonymous_3)
FN:58,(anonymous_4)
FNF:5
FNH:4
FNDA:1,(anonymous_0)
FNDA:1,(anonymous_1)
FNDA:1,(anonymous_2)
FNDA:4,(anonymous_3)
FNDA:0,(anonymous_4)
DA:13,1
DA:22,1
DA:31,1
DA:45,4
DA:59,0
LF:5
LH:4
BRF:0
BRH:0
end_of_record
TN:
SF:/mnt/c/Users/icambron/code/luxon/src/info.js
FN:17,(anonymous_0)
FN:30,(anonymous_1)
FN:50,(anonymous_2)
FN:69,(anonymous_3)
FN:89,(anonymous_4)
FN:104,(anonymous_5)
FN:116,(anonymous_6)
FN:130,(anonymous_7)
FN:144,(anonymous_8)
FNF:9
FNH:9
FNDA:5,(anonymous_0)
FNDA:5,(anonymous_1)
FNDA:20,(anonymous_2)
FNDA:6,(anonymous_3)
FNDA:13,(anonymous_4)
FNDA:3,(anonymous_5)
FNDA:4,(anonymous_6)
FNDA:8,(anonymous_7)
FNDA:12,(anonymous_8)
DA:18,5
DA:22,5
DA:31,5
DA:54,20
DA:73,6
DA:90,13
DA:105,3
DA:117,4
DA:131,8
DA:145,12
DA:146,12
DA:147,12
DA:149,12
DA:150,9
DA:151,9
DA:153,9
DA:154,9
DA:158,3
DA:162,12
LF:19
LH:19
BRDA:17,0,0,1
BRDA:22,1,0,5
BRDA:22,1,1,5
BRDA:31,2,0,5
BRDA:31,2,1,4
BRDA:51,3,0,1
BRDA:52,4,0,3
BRDA:52,5,0,3
BRDA:52,6,0,19
BRDA:52,7,0,19
BRDA:70,8,0,1
BRDA:71,9,0,1
BRDA:71,10,0,1
BRDA:71,11,0,6
BRDA:71,12,0,6
BRDA:89,13,0,1
BRDA:89,14,0,1
BRDA:89,15,0,1
BRDA:89,16,0,13
BRDA:104,17,0,1
BRDA:104,18,0,1
BRDA:104,19,0,1
BRDA:104,20,0,3
BRDA:116,21,0,1
BRDA:116,22,0,1
BRDA:130,23,0,2
BRDA:130,24,0,6
BRDA:130,25,0,6
BRDA:149,26,0,9
BRDA:149,26,1,3
BRF:30
BRH:30
end_of_record
TN:
SF:/mnt/c/Users/icambron/code/luxon/src/interval.js
FN:9,validateStartEnd
FN:29,(anonymous_1)
FN:48,(anonymous_2)
FN:65,(anonymous_3)
FN:82,(anonymous_4)
FN:94,(anonymous_5)
FN:106,(anonymous_6)
FN:120,(anonymous_7)
FN:128,(anonymous_8)
FN:136,(anonymous_9)
FN:144,(anonymous_10)
FN:153,(anonymous_11)
FN:164,(anonymous_12)
FN:176,(anonymous_13)
FN:184,(anonymous_14)
FN:193,(anonymous_15)
FN:203,(anonymous_16)
FN:213,(anonymous_17)
FN:225,(anonymous_18)
FN:235,(anonymous_19)
FN:259,(anonymous_20)
FN:282,(anonymous_21)
FN:292,(anonymous_22)
FN:301,(anonymous_23)
FN:311,(anonymous_24)
FN:321,(anonymous_25)
FN:331,(anonymous_26)
FN:346,(anonymous_27)
FN:364,(anonymous_28)
FN:377,(anonymous_29)
FN:378,(anonymous_30)
FN:378,(anonymous_31)
FN:399,(anonymous_32)
FN:403,(anonymous_33)
FN:405,(anonymous_34)
FN:429,(anonymous_35)
FN:431,(anonymous_36)
FN:432,(anonymous_37)
FN:439,(anonymous_38)
FN:448,(anonymous_39)
FN:463,(anonymous_40)
FN:475,(anonymous_41)
FN:492,(anonymous_42)
FNF:43
FNH:42
FNDA:319,validateStartEnd
FNDA:343,(anonymous_1)
FNDA:26,(anonymous_2)
FNDA:319,(anonymous_3)
FNDA:6,(anonymous_4)
FNDA:2,(anonymous_5)
FNDA:3,(anonymous_6)
FNDA:19,(anonymous_7)
FNDA:19,(anonymous_8)
FNDA:311,(anonymous_9)
FNDA:315,(anonymous_10)
FNDA:8,(anonymous_11)
FNDA:6,(anonymous_12)
FNDA:4,(anonymous_13)
FNDA:21,(anonymous_14)
FNDA:5,(anonymous_15)
FNDA:6,(anonymous_16)
FNDA:6,(anonymous_17)
FNDA:3,(anonymous_18)
FNDA:2,(anonymous_19)
FNDA:6,(anonymous_20)
FNDA:4,(anonymous_21)
FNDA:20,(anonymous_22)
FNDA:25,(anonymous_23)
FNDA:6,(anonymous_24)
FNDA:9,(anonymous_25)
FNDA:59,(anonymous_26)
FNDA:22,(anonymous_27)
FNDA:11,(anonymous_28)
FNDA:24,(anonymous_29)
FNDA:20,(anonymous_30)
FNDA:39,(anonymous_31)
FNDA:22,(anonymous_32)
FNDA:56,(anonymous_33)
FNDA:144,(anonymous_34)
FNDA:11,(anonymous_35)
FNDA:18,(anonymous_36)
FNDA:18,(anonymous_37)
FNDA:2,(anonymous_38)
FNDA:0,(anonymous_39)
FNDA:3,(anonymous_40)
FNDA:4,(anonymous_41)
FNDA:17,(anonymous_42)
DA:6,45
DA:10,319
DA:33,343
DA:37,343
DA:41,343
DA:49,26
DA:50,1
DA:52,25
DA:53,1
DA:55,24
DA:66,319
DA:67,319
DA:69,319
DA:83,6
DA:84,6
DA:85,6
DA:95,2
DA:96,2
DA:97,2
DA:107,3
DA:108,3
DA:109,3
DA:110,2
DA:113,1
DA:121,19
DA:129,19
DA:137,311
DA:145,315
DA:154,8
DA:165,6
DA:166,5
DA:167,5
DA:168,5
DA:177,4
DA:185,21
DA:194,5
DA:195,4
DA:204,6
DA:205,5
DA:214,6
DA:215,5
DA:226,3
DA:227,2
DA:236,2
DA:237,1
DA:238,1
DA:239,1
DA:240,1
DA:242,1
DA:243,3
DA:244,3
DA:245,3
DA:246,3
DA:247,3
DA:250,1
DA:260,6
DA:261,5
DA:262,5
DA:263,5
DA:267,5
DA:268,31
DA:269,31
DA:270,31
DA:271,31
DA:274,5
DA:283,4
DA:284,3
DA:293,20
DA:302,25
DA:303,24
DA:312,6
DA:313,5
DA:322,9
DA:323,8
DA:332,59
DA:333,3
DA:336,56
DA:347,22
DA:348,21
DA:349,21
DA:351,21
DA:352,1
DA:354,20
DA:365,11
DA:366,10
DA:367,10
DA:368,10
DA:378,24
DA:379,39
DA:380,19
DA:381,20
DA:382,3
DA:384,17
DA:388,24
DA:389,19
DA:391,24
DA:400,22
DA:401,22
DA:402,22
DA:403,56
DA:404,22
DA:405,144
DA:407,22
DA:408,112
DA:410,112
DA:411,52
DA:413,60
DA:414,34
DA:417,60
DA:421,22
DA:430,11
DA:431,18
DA:432,18
DA:440,2
DA:441,1
DA:449,0
DA:450,0
DA:453,0
DA:464,3
DA:465,2
DA:476,4
DA:477,3
DA:493,17
DA:494,1
DA:496,16
LF:125
LH:122
BRDA:10,0,0,319
BRDA:10,0,1,319
BRDA:10,0,2,319
BRDA:10,0,3,319
BRDA:10,0,4,317
BRDA:41,1,0,343
BRDA:41,1,1,317
BRDA:49,2,0,1
BRDA:49,2,1,25
BRDA:52,3,0,1
BRDA:52,3,1,24
BRDA:72,4,0,317
BRDA:72,4,1,2
BRDA:107,5,0,3
BRDA:107,5,1,0
BRDA:109,6,0,2
BRDA:109,6,1,1
BRDA:109,7,0,3
BRDA:109,7,1,3
BRDA:121,8,0,17
BRDA:121,8,1,2
BRDA:129,9,0,17
BRDA:129,9,1,2
BRDA:153,10,0,4
BRDA:154,11,0,7
BRDA:154,11,1,1
BRDA:164,12,0,1
BRDA:165,13,0,1
BRDA:165,13,1,5
BRDA:177,14,0,3
BRDA:177,14,1,1
BRDA:194,15,0,1
BRDA:194,15,1,4
BRDA:204,16,0,1
BRDA:204,16,1,5
BRDA:214,17,0,1
BRDA:214,17,1,5
BRDA:215,18,0,5
BRDA:215,18,1,4
BRDA:225,19,0,0
BRDA:226,20,0,1
BRDA:226,20,1,2
BRDA:227,21,0,2
BRDA:227,21,1,1
BRDA:227,22,0,2
BRDA:227,22,1,1
BRDA:236,23,0,1
BRDA:236,23,1,1
BRDA:243,24,0,3
BRDA:243,24,1,1
BRDA:244,25,0,0
BRDA:244,25,1,3
BRDA:260,26,0,1
BRDA:260,26,1,5
BRDA:269,27,0,3
BRDA:269,27,1,28
BRDA:283,28,0,1
BRDA:283,28,1,3
BRDA:293,29,0,20
BRDA:293,29,1,1
BRDA:302,30,0,1
BRDA:302,30,1,24
BRDA:312,31,0,1
BRDA:312,31,1,5
BRDA:322,32,0,1
BRDA:322,32,1,8
BRDA:323,33,0,8
BRDA:323,33,1,4
BRDA:332,34,0,3
BRDA:332,34,1,56
BRDA:332,35,0,59
BRDA:332,35,1,57
BRDA:336,36,0,56
BRDA:336,36,1,54
BRDA:347,37,0,1
BRDA:347,37,1,21
BRDA:348,38,0,5
BRDA:348,38,1,16
BRDA:349,39,0,4
BRDA:349,39,1,17
BRDA:351,40,0,1
BRDA:351,40,1,20
BRDA:365,41,0,1
BRDA:365,41,1,10
BRDA:366,42,0,7
BRDA:366,42,1,3
BRDA:367,43,0,3
BRDA:367,43,1,7
BRDA:379,44,0,19
BRDA:379,44,1,20
BRDA:381,45,0,3
BRDA:381,45,1,17
BRDA:381,46,0,20
BRDA:381,46,1,19
BRDA:388,47,0,19
BRDA:388,47,1,5
BRDA:408,48,0,56
BRDA:408,48,1,56
BRDA:410,49,0,52
BRDA:410,49,1,60
BRDA:413,50,0,34
BRDA:413,50,1,26
BRDA:413,51,0,60
BRDA:413,51,1,48
BRDA:432,52,0,18
BRDA:432,52,1,18
BRDA:440,53,0,1
BRDA:440,53,1,1
BRDA:449,54,0,0
BRDA:449,54,1,0
BRDA:464,55,0,1
BRDA:464,55,1,2
BRDA:475,56,0,3
BRDA:475,57,0,3
BRDA:476,58,0,1
BRDA:476,58,1,3
BRDA:493,59,0,1
BRDA:493,59,1,16
BRF:118
BRH:113
end_of_record
TN:
SF:/mnt/c/Users/icambron/code/luxon/src/luxon.js
FNF:0
FNH:0
LF:0
LH:0
BRF:0
BRH:0
end_of_record
TN:
SF:/mnt/c/Users/icambron/code/luxon/src/settings.js
FN:6,(anonymous_0)
FN:21,(anonymous_1)
FN:29,(anonymous_2)
FN:37,(anonymous_3)
FN:45,(anonymous_4)
FN:57,(anonymous_5)
FN:65,(anonymous_6)
FN:73,(anonymous_7)
FN:81,(anonymous_8)
FN:89,(anonymous_9)
FN:97,(anonymous_10)
FN:105,(anonymous_11)
FN:113,(anonymous_12)
FN:121,(anonymous_13)
FN:129,(anonymous_14)
FNF:15
FNH:15
FNDA:1203,(anonymous_0)
FNDA:1215,(anonymous_1)
FNDA:9,(anonymous_2)
FNDA:4,(anonymous_3)
FNDA:7,(anonymous_4)
FNDA:1471,(anonymous_5)
FNDA:2350,(anonymous_6)
FNDA:10,(anonymous_7)
FNDA:2690,(anonymous_8)
FNDA:2,(anonymous_9)
FNDA:2669,(anonymous_10)
FNDA:2,(anonymous_11)
FNDA:141,(anonymous_12)
FNDA:6,(anonymous_13)
FNDA:39,(anonymous_14)
DA:6,1203
DA:7,45
DA:8,45
DA:9,45
DA:10,45
DA:11,45
DA:22,1215
DA:30,9
DA:38,4
DA:46,7
DA:47,0
DA:49,7
DA:58,1471
DA:66,2350
DA:74,10
DA:82,2690
DA:90,2
DA:98,2669
DA:106,2
DA:114,141
DA:122,6
DA:130,39
LF:22
LH:21
BRDA:38,0,0,4
BRDA:38,0,1,2
BRDA:46,1,0,0
BRDA:46,1,1,7
BRDA:58,2,0,1471
BRDA:58,2,1,1464
BRF:6
BRH:5
end_of_record
TN:
SF:/mnt/c/Users/icambron/code/luxon/src/impl/conversions.js
FN:14,dayOfWeek
FN:19,computeOrdinal
FN:23,uncomputeOrdinal
FN:25,(anonymous_3)
FN:34,gregorianToWeek
FN:55,weekToGregorian
FN:77,gregorianToOrdinal
FN:84,ordinalToGregorian
FN:91,hasInvalidWeekData
FN:105,hasInvalidOrdinalData
FN:116,hasInvalidGregorianData
FN:130,hasInvalidTimeData
FNF:12
FNH:12
FNDA:145,dayOfWeek
FNDA:140,computeOrdinal
FNDA:43,uncomputeOrdinal
FNDA:43,(anonymous_3)
FNDA:113,gregorianToWeek
FNDA:32,weekToGregorian
FNDA:27,gregorianToOrdinal
FNDA:11,ordinalToGregorian
FNDA:27,hasInvalidWeekData
FNDA:11,hasInvalidOrdinalData
FNDA:1022,hasInvalidGregorianData
FNDA:1053,hasInvalidTimeData
DA:11,45
DA:12,45
DA:15,145
DA:16,145
DA:20,140
DA:24,43
DA:25,43
DA:26,43
DA:27,43
DA:35,113
DA:36,113
DA:37,113
DA:39,113
DA:42,113
DA:43,1
DA:44,1
DA:45,112
DA:46,3
DA:47,3
DA:49,109
DA:52,113
DA:56,32
DA:57,32
DA:58,32
DA:59,32
DA:62,32
DA:63,3
DA:64,3
DA:65,29
DA:66,1
DA:67,1
DA:69,28
DA:72,32
DA:74,32
DA:78,27
DA:79,27
DA:81,27
DA:85,11
DA:86,11
DA:88,11
DA:92,27
DA:93,27
DA:94,27
DA:96,27
DA:97,0
DA:98,27
DA:99,1
DA:100,26
DA:101,1
DA:102,25
DA:106,11
DA:107,11
DA:109,11
DA:110,0
DA:111,11
DA:112,1
DA:113,10
DA:117,1022
DA:118,1022
DA:119,1022
DA:121,1022
DA:122,1
DA:123,1021
DA:124,2
DA:125,1019
DA:126,1
DA:127,1018
DA:131,1053
DA:132,1053
DA:133,1053
DA:134,1053
DA:136,1053
DA:137,1
DA:138,1052
DA:139,1
DA:140,1051
DA:141,0
DA:142,1051
DA:143,1
DA:144,1050
LF:80
LH:77
BRDA:16,0,0,9
BRDA:16,0,1,136
BRDA:20,1,0,17
BRDA:20,1,1,123
BRDA:24,2,0,20
BRDA:24,2,1,23
BRDA:42,3,0,1
BRDA:42,3,1,112
BRDA:45,4,0,3
BRDA:45,4,1,109
BRDA:62,5,0,3
BRDA:62,5,1,29
BRDA:65,6,0,1
BRDA:65,6,1,28
BRDA:96,7,0,0
BRDA:96,7,1,27
BRDA:98,8,0,1
BRDA:98,8,1,26
BRDA:100,9,0,1
BRDA:100,9,1,25
BRDA:109,10,0,0
BRDA:109,10,1,11
BRDA:111,11,0,1
BRDA:111,11,1,10
BRDA:121,12,0,1
BRDA:121,12,1,1021
BRDA:123,13,0,2
BRDA:123,13,1,1019
BRDA:125,14,0,1
BRDA:125,14,1,1018
BRDA:136,15,0,1
BRDA:136,15,1,1052
BRDA:138,16,0,1
BRDA:138,16,1,1051
BRDA:140,17,0,0
BRDA:140,17,1,1051
BRDA:142,18,0,1
BRDA:142,18,1,1050
BRF:38
BRH:35
end_of_record
TN:
SF:/mnt/c/Users/icambron/code/luxon/src/impl/diff.js
FN:3,dayDiff
FN:4,(anonymous_1)
FN:13,highOrderDiffs
FN:15,(anonymous_3)
FN:16,(anonymous_4)
FN:19,(anonymous_5)
FN:54,(anonymous_6)
FN:60,(anonymous_7)
FN:73,isNotEmptyObject
FNF:9
FNH:9
FNDA:30,dayDiff
FNDA:60,(anonymous_1)
FNDA:57,highOrderDiffs
FNDA:13,(anonymous_3)
FNDA:4,(anonymous_4)
FNDA:7,(anonymous_5)
FNDA:57,(anonymous_6)
FNDA:74,(anonymous_7)
FNDA:57,isNotEmptyObject
DA:4,30
DA:5,60
DA:9,30
DA:10,30
DA:14,57
DA:15,13
DA:16,4
DA:20,7
DA:21,7
DA:27,57
DA:30,57
DA:31,228
DA:32,47
DA:34,47
DA:36,47
DA:38,47
DA:39,12
DA:40,12
DA:42,35
DA:45,47
DA:46,35
DA:51,57
DA:55,57
DA:57,57
DA:59,57
DA:60,74
DA:63,57
DA:64,33
DA:65,5
DA:68,33
DA:69,11
DA:74,57
DA:76,57
DA:80,57
DA:81,24
DA:85,33
LF:36
LH:36
BRDA:31,0,0,47
BRDA:31,0,1,181
BRDA:38,1,0,12
BRDA:38,1,1,35
BRDA:45,2,0,35
BRDA:45,2,1,12
BRDA:63,3,0,33
BRDA:63,3,1,24
BRDA:64,4,0,5
BRDA:64,4,1,28
BRDA:68,5,0,11
BRDA:68,5,1,22
BRDA:69,6,0,11
BRDA:69,6,1,5
BRDA:74,7,0,57
BRDA:74,7,1,57
BRDA:76,8,0,33
BRDA:76,8,1,24
BRDA:80,9,0,24
BRDA:80,9,1,33
BRF:20
BRH:20
end_of_record
TN:
SF:/mnt/c/Users/icambron/code/luxon/src/impl/english.js
FN:4,stringify
FN:44,months
FN:75,weekdays
FN:98,eras
FN:111,meridiemForDateTime
FN:115,weekdayForDateTime
FN:119,monthForDateTime
FN:123,eraForDateTime
FN:127,formatString
FNF:9
FNH:9
FNDA:274,stringify
FNDA:58,months
FNDA:51,weekdays
FNDA:16,eras
FNDA:16,meridiemForDateTime
FNDA:23,weekdayForDateTime
FNDA:31,monthForDateTime
FNDA:7,eraForDateTime
FNDA:25,formatString
DA:5,274
DA:12,45
DA:27,45
DA:42,45
DA:45,58
DA:47,4
DA:49,24
DA:51,25
DA:53,3
DA:55,2
DA:57,0
DA:61,45
DA:71,45
DA:73,45
DA:76,51
DA:78,4
DA:80,26
DA:82,20
DA:84,1
DA:86,0
DA:90,45
DA:92,45
DA:94,45
DA:96,45
DA:99,16
DA:101,2
DA:103,8
DA:105,6
DA:107,0
DA:112,16
DA:116,23
DA:120,31
DA:124,7
DA:130,25
DA:142,25
DA:143,25
DA:144,25
DA:146,3
DA:148,1
DA:150,2
DA:152,1
DA:154,1
DA:156,1
DA:158,1
DA:160,1
DA:162,1
DA:164,1
DA:166,1
DA:168,1
DA:170,1
DA:172,2
DA:174,1
DA:176,1
DA:178,1
DA:180,1
DA:182,1
DA:184,1
DA:186,1
LF:58
LH:55
BRDA:45,0,0,4
BRDA:45,0,1,24
BRDA:45,0,2,25
BRDA:45,0,3,3
BRDA:45,0,4,2
BRDA:45,0,5,0
BRDA:76,1,0,4
BRDA:76,1,1,26
BRDA:76,1,2,20
BRDA:76,1,3,1
BRDA:76,1,4,0
BRDA:99,2,0,2
BRDA:99,2,1,8
BRDA:99,2,2,6
BRDA:99,2,3,0
BRDA:112,3,0,15
BRDA:112,3,1,1
BRDA:124,4,0,3
BRDA:124,4,1,4
BRDA:144,5,0,3
BRDA:144,5,1,1
BRDA:144,5,2,2
BRDA:144,5,3,1
BRDA:144,5,4,1
BRDA:144,5,5,1
BRDA:144,5,6,1
BRDA:144,5,7,1
BRDA:144,5,8,1
BRDA:144,5,9,1
BRDA:144,5,10,1
BRDA:144,5,11,1
BRDA:144,5,12,1
BRDA:144,5,13,2
BRDA:144,5,14,1
BRDA:144,5,15,1
BRDA:144,5,16,1
BRDA:144,5,17,1
BRDA:144,5,18,1
BRDA:144,5,19,1
BRDA:144,5,20,1
BRF:40
BRH:37
end_of_record
TN:
SF:/mnt/c/Users/icambron/code/luxon/src/impl/formats.js
FNF:0
FNH:0
DA:5,45
DA:6,45
DA:7,45
DA:8,45
DA:10,45
DA:16,45
DA:22,45
DA:28,45
DA:35,45
DA:40,45
DA:46,45
DA:53,45
DA:60,45
DA:69,45
DA:79,45
DA:90,45
DA:101,45
DA:112,45
DA:121,45
DA:129,45
DA:138,45
DA:147,45
DA:157,45
DA:167,45
LF:24
LH:24
BRF:0
BRH:0
end_of_record
TN:
SF:/mnt/c/Users/icambron/code/luxon/src/impl/formatter.js
FN:5,stringifyTokens
FN:45,(anonymous_1)
FN:50,(anonymous_2)
FN:84,(anonymous_3)
FN:90,(anonymous_4)
FN:98,(anonymous_5)
FN:103,(anonymous_6)
FN:108,(anonymous_7)
FN:113,(anonymous_8)
FN:128,(anonymous_9)
FN:130,(anonymous_10)
FN:131,(anonymous_11)
FN:152,(anonymous_12)
FN:156,(anonymous_13)
FN:160,(anonymous_14)
FN:167,(anonymous_15)
FN:175,(anonymous_16)
FN:177,(anonymous_17)
FN:348,(anonymous_18)
FN:349,(anonymous_19)
FN:369,(anonymous_20)
FN:369,(anonymous_21)
FN:379,(anonymous_22)
FN:382,(anonymous_23)
FNF:24
FNH:24
FNDA:354,stringifyTokens
FNDA:402,(anonymous_1)
FNDA:486,(anonymous_2)
FNDA:402,(anonymous_3)
FNDA:74,(anonymous_4)
FNDA:38,(anonymous_5)
FNDA:7,(anonymous_6)
FNDA:3,(anonymous_7)
FNDA:523,(anonymous_8)
FNDA:313,(anonymous_9)
FNDA:11,(anonymous_10)
FNDA:42,(anonymous_11)
FNDA:18,(anonymous_12)
FNDA:35,(anonymous_13)
FNDA:25,(anonymous_14)
FNDA:400,(anonymous_15)
FNDA:9,(anonymous_16)
FNDA:945,(anonymous_17)
FNDA:41,(anonymous_18)
FNDA:238,(anonymous_19)
FNDA:41,(anonymous_20)
FNDA:119,(anonymous_21)
FNDA:119,(anonymous_22)
FNDA:119,(anonymous_23)
DA:6,354
DA:7,354
DA:8,1070
DA:9,6
DA:11,1064
DA:14,354
DA:17,45
DA:46,402
DA:47,402
DA:51,486
DA:52,486
DA:53,486
DA:54,486
DA:55,486
DA:56,3177
DA:57,3177
DA:58,14
DA:59,14
DA:61,14
DA:62,14
DA:63,14
DA:64,3163
DA:65,18
DA:66,3145
DA:67,1438
DA:69,1707
DA:70,1217
DA:72,1707
DA:73,1707
DA:77,486
DA:78,483
DA:81,486
DA:85,402
DA:86,402
DA:87,402
DA:91,74
DA:92,74
DA:94,74
DA:95,74
DA:99,38
DA:100,38
DA:104,7
DA:105,7
DA:109,3
DA:110,3
DA:115,523
DA:116,235
DA:119,288
DA:121,288
DA:122,213
DA:125,288
DA:129,313
DA:130,313
DA:131,313
DA:132,42
DA:133,18
DA:136,24
DA:137,24
DA:138,24
DA:139,24
DA:141,24
DA:143,12
DA:145,5
DA:147,7
DA:149,0
DA:152,313
DA:153,18
DA:156,313
DA:157,35
DA:160,313
DA:161,25
DA:167,313
DA:168,400
DA:169,400
DA:170,74
DA:172,326
DA:175,313
DA:176,9
DA:177,313
DA:178,945
DA:181,945
DA:184,5
DA:188,35
DA:191,3
DA:193,43
DA:196,3
DA:198,62
DA:201,22
DA:203,8
DA:205,4
DA:207,46
DA:211,5
DA:214,30
DA:217,7
DA:220,2
DA:223,2
DA:227,6
DA:230,18
DA:233,19
DA:235,35
DA:239,2
DA:242,6
DA:245,1
DA:248,1
DA:252,1
DA:255,11
DA:258,5
DA:261,1
DA:265,1
DA:270,0
DA:275,16
DA:278,10
DA:281,1
DA:285,6
DA:288,26
DA:291,3
DA:294,4
DA:297,1
DA:301,3
DA:304,3
DA:309,57
DA:312,4
DA:316,4
DA:319,3
DA:321,2
DA:323,1
DA:325,2
DA:327,2
DA:329,3
DA:331,3
DA:333,3
DA:336,2
DA:339,2
DA:341,400
DA:345,313
DA:349,41
DA:350,238
DA:352,24
DA:354,36
DA:356,28
DA:358,24
DA:360,16
DA:362,14
DA:364,18
DA:366,78
DA:369,41
DA:370,119
DA:371,119
DA:372,80
DA:374,39
DA:377,41
DA:378,41
DA:379,119
DA:382,119
DA:383,41
LF:155
LH:153
BRDA:8,0,0,6
BRDA:8,0,1,1064
BRDA:45,1,0,25
BRDA:57,2,0,14
BRDA:57,2,1,3163
BRDA:58,3,0,14
BRDA:58,3,1,0
BRDA:64,4,0,18
BRDA:64,4,1,3145
BRDA:66,5,0,1438
BRDA:66,5,1,1707
BRDA:69,6,0,1217
BRDA:69,6,1,490
BRDA:77,7,0,483
BRDA:77,7,1,3
BRDA:91,8,0,74
BRDA:91,8,1,0
BRDA:98,9,0,38
BRDA:103,10,0,7
BRDA:108,11,0,3
BRDA:113,12,0,76
BRDA:115,13,0,235
BRDA:115,13,1,288
BRDA:121,14,0,213
BRDA:121,14,1,75
BRDA:132,15,0,18
BRDA:132,15,1,24
BRDA:132,16,0,42
BRDA:132,16,1,36
BRDA:132,16,2,22
BRDA:138,17,0,10
BRDA:138,17,1,14
BRDA:141,18,0,12
BRDA:141,18,1,5
BRDA:141,18,2,7
BRDA:141,18,3,0
BRDA:145,19,0,2
BRDA:145,19,1,3
BRDA:153,20,0,16
BRDA:153,20,1,2
BRDA:157,21,0,31
BRDA:157,21,1,4
BRDA:159,22,0,1
BRDA:159,22,1,3
BRDA:161,23,0,23
BRDA:161,23,1,2
BRDA:164,24,0,1
BRDA:164,24,1,1
BRDA:169,25,0,74
BRDA:169,25,1,326
BRDA:176,26,0,7
BRDA:176,26,1,2
BRDA:181,27,0,5
BRDA:181,27,1,4
BRDA:181,27,2,35
BRDA:181,27,3,3
BRDA:181,27,4,43
BRDA:181,27,5,3
BRDA:181,27,6,62
BRDA:181,27,7,22
BRDA:181,27,8,8
BRDA:181,27,9,4
BRDA:181,27,10,46
BRDA:181,27,11,5
BRDA:181,27,12,30
BRDA:181,27,13,7
BRDA:181,27,14,2
BRDA:181,27,15,2
BRDA:181,27,16,6
BRDA:181,27,17,18
BRDA:181,27,18,19
BRDA:181,27,19,35
BRDA:181,27,20,2
BRDA:181,27,21,6
BRDA:181,27,22,1
BRDA:181,27,23,1
BRDA:181,27,24,1
BRDA:181,27,25,11
BRDA:181,27,26,5
BRDA:181,27,27,1
BRDA:181,27,28,1
BRDA:181,27,29,0
BRDA:181,27,30,16
BRDA:181,27,31,10
BRDA:181,27,32,1
BRDA:181,27,33,6
BRDA:181,27,34,26
BRDA:181,27,35,3
BRDA:181,27,36,4
BRDA:181,27,37,1
BRDA:181,27,38,3
BRDA:181,27,39,3
BRDA:181,27,40,57
BRDA:181,27,41,4
BRDA:181,27,42,4
BRDA:181,27,43,3
BRDA:181,27,44,2
BRDA:181,27,45,1
BRDA:181,27,46,2
BRDA:181,27,47,2
BRDA:181,27,48,3
BRDA:181,27,49,3
BRDA:181,27,50,3
BRDA:181,27,51,2
BRDA:181,27,52,2
BRDA:181,27,53,400
BRDA:201,28,0,5
BRDA:201,28,1,17
BRDA:203,29,0,1
BRDA:203,29,1,7
BRDA:233,30,0,0
BRDA:233,30,1,19
BRDA:235,31,0,0
BRDA:235,31,1,35
BRDA:265,32,0,0
BRDA:265,32,1,1
BRDA:270,33,0,0
BRDA:270,33,1,0
BRDA:285,34,0,0
BRDA:285,34,1,6
BRDA:288,35,0,0
BRDA:288,35,1,26
BRDA:301,36,0,0
BRDA:301,36,1,3
BRDA:304,37,0,0
BRDA:304,37,1,3
BRDA:309,38,0,1
BRDA:309,38,1,56
BRDA:312,39,0,0
BRDA:312,39,1,4
BRDA:350,40,0,24
BRDA:350,40,1,36
BRDA:350,40,2,28
BRDA:350,40,3,24
BRDA:350,40,4,16
BRDA:350,40,5,14
BRDA:350,40,6,18
BRDA:350,40,7,78
BRDA:371,41,0,80
BRDA:371,41,1,39
BRDA:379,42,0,0
BRDA:379,42,1,119
BRF:142
BRH:127
end_of_record
TN:
SF:/mnt/c/Users/icambron/code/luxon/src/impl/locale.js
FN:8,systemLocale
FN:22,intlConfigString
FN:27,(anonymous_2)
FN:46,mapMonths
FN:55,mapWeekdays
FN:64,listStuff
FN:76,supportsFastNumbers
FN:94,(anonymous_7)
FN:100,(anonymous_8)
FN:108,(anonymous_9)
FN:124,(anonymous_10)
FN:135,(anonymous_11)
FN:172,(anonymous_12)
FN:182,(anonymous_13)
FN:192,(anonymous_14)
FN:210,(anonymous_15)
FN:214,(anonymous_16)
FN:223,(anonymous_17)
FN:227,(anonymous_18)
FN:231,(anonymous_19)
FN:246,(anonymous_20)
FN:255,(anonymous_21)
FN:278,(anonymous_22)
FN:291,(anonymous_23)
FN:295,(anonymous_24)
FN:299,(anonymous_25)
FN:300,(anonymous_26)
FN:304,(anonymous_27)
FN:310,(anonymous_28)
FN:311,(anonymous_29)
FN:317,(anonymous_30)
FN:325,(anonymous_31)
FN:330,(anonymous_32)
FN:331,(anonymous_33)
FN:339,(anonymous_34)
FN:347,(anonymous_35)
FN:348,(anonymous_36)
FN:354,(anonymous_37)
FN:363,(anonymous_38)
FN:366,(anonymous_39)
FN:371,(anonymous_40)
FN:381,(anonymous_41)
FN:385,(anonymous_42)
FNF:43
FNH:43
FNDA:2058,systemLocale
FNDA:2716,intlConfigString
FNDA:69,(anonymous_2)
FNDA:15,mapMonths
FNDA:5,mapWeekdays
FNDA:96,listStuff
FNDA:165,supportsFastNumbers
FNDA:266,(anonymous_7)
FNDA:266,(anonymous_8)
FNDA:22,(anonymous_9)
FNDA:22,(anonymous_10)
FNDA:354,(anonymous_11)
FNDA:112,(anonymous_12)
FNDA:239,(anonymous_13)
FNDA:3,(anonymous_14)
FNDA:132,(anonymous_15)
FNDA:2716,(anonymous_16)
FNDA:39,(anonymous_17)
FNDA:1501,(anonymous_18)
FNDA:2716,(anonymous_19)
FNDA:288,(anonymous_20)
FNDA:409,(anonymous_21)
FNDA:944,(anonymous_22)
FNDA:227,(anonymous_23)
FNDA:74,(anonymous_24)
FNDA:44,(anonymous_25)
FNDA:15,(anonymous_26)
FNDA:180,(anonymous_27)
FNDA:33,(anonymous_28)
FNDA:5,(anonymous_29)
FNDA:35,(anonymous_30)
FNDA:8,(anonymous_31)
FNDA:7,(anonymous_32)
FNDA:1,(anonymous_33)
FNDA:2,(anonymous_34)
FNDA:11,(anonymous_35)
FNDA:2,(anonymous_36)
FNDA:4,(anonymous_37)
FNDA:232,(anonymous_38)
FNDA:472,(anonymous_39)
FNDA:288,(anonymous_40)
FNDA:354,(anonymous_41)
FNDA:120,(anonymous_42)
DA:7,45
DA:9,2058
DA:10,1993
DA:11,65
DA:12,53
DA:14,53
DA:15,53
DA:17,12
DA:18,12
DA:23,2716
DA:24,2643
DA:26,2643
DA:27,69
DA:28,69
DA:30,69
DA:31,49
DA:34,69
DA:35,28
DA:37,69
DA:40,2643
DA:42,73
DA:47,15
DA:48,15
DA:49,180
DA:50,180
DA:52,15
DA:56,5
DA:57,5
DA:58,35
DA:59,35
DA:61,5
DA:65,96
DA:67,96
DA:68,2
DA:69,94
DA:70,71
DA:72,23
DA:77,165
DA:78,1
DA:80,164
DA:95,266
DA:96,266
DA:97,266
DA:102,266
DA:103,266
DA:110,22
DA:112,22
DA:113,15
DA:116,22
DA:117,15
DA:120,22
DA:121,22
DA:125,22
DA:126,22
DA:136,354
DA:137,354
DA:140,354
DA:150,296
DA:151,296
DA:152,1
DA:154,295
DA:156,58
DA:157,32
DA:159,26
DA:160,26
DA:163,354
DA:164,328
DA:165,328
DA:166,321
DA:168,328
DA:173,112
DA:174,87
DA:176,25
DA:177,25
DA:178,25
DA:183,239
DA:184,237
DA:188,2
DA:193,3
DA:194,3
DA:196,0
DA:211,132
DA:215,2716
DA:217,2716
DA:218,2716
DA:219,2716
DA:220,2716
DA:224,39
DA:228,1501
DA:232,2716
DA:233,2716
DA:234,2716
DA:235,2716
DA:237,2716
DA:238,2716
DA:239,2716
DA:240,2716
DA:242,2716
DA:243,2716
DA:247,288
DA:248,165
DA:251,288
DA:256,409
DA:257,409
DA:259,409
DA:266,409
DA:269,409
DA:270,2
DA:271,407
DA:272,322
DA:274,85
DA:279,944
DA:280,486
DA:282,458
DA:292,227
DA:296,74
DA:300,44
DA:301,15
DA:302,15
DA:303,15
DA:304,180
DA:306,15
DA:311,33
DA:312,5
DA:315,5
DA:316,5
DA:317,5
DA:318,35
DA:321,5
DA:326,8
DA:330,7
DA:334,1
DA:335,1
DA:336,1
DA:339,2
DA:342,1
DA:348,11
DA:349,2
DA:353,2
DA:354,2
DA:355,4
DA:359,2
DA:364,232
DA:365,232
DA:366,472
DA:368,232
DA:374,288
DA:375,266
DA:377,22
DA:382,354
DA:386,120
LF:151
LH:150
BRDA:9,0,0,1993
BRDA:9,0,1,65
BRDA:11,1,0,53
BRDA:11,1,1,12
BRDA:14,2,0,0
BRDA:14,2,1,53
BRDA:23,3,0,2643
BRDA:23,3,1,73
BRDA:24,4,0,0
BRDA:24,4,1,2643
BRDA:26,5,0,69
BRDA:26,5,1,2574
BRDA:26,6,0,2643
BRDA:26,6,1,2594
BRDA:30,7,0,49
BRDA:30,7,1,20
BRDA:34,8,0,28
BRDA:34,8,1,41
BRDA:67,9,0,2
BRDA:67,9,1,94
BRDA:69,10,0,71
BRDA:69,10,1,23
BRDA:77,11,0,1
BRDA:77,11,1,164
BRDA:77,12,0,165
BRDA:77,12,1,1
BRDA:81,13,0,164
BRDA:81,13,1,164
BRDA:81,13,2,164
BRDA:81,13,3,15
BRDA:81,13,4,15
BRDA:95,14,0,266
BRDA:95,14,1,68
BRDA:96,15,0,266
BRDA:96,15,1,73
BRDA:97,16,0,266
BRDA:97,16,1,205
BRDA:102,17,0,61
BRDA:102,17,1,205
BRDA:102,18,0,193
BRDA:102,18,1,12
BRDA:112,19,0,15
BRDA:112,19,1,7
BRDA:116,20,0,15
BRDA:116,20,1,7
BRDA:125,21,0,7
BRDA:125,21,1,15
BRDA:140,22,0,296
BRDA:140,22,1,58
BRDA:140,23,0,354
BRDA:140,23,1,297
BRDA:151,24,0,1
BRDA:151,24,1,295
BRDA:154,25,0,294
BRDA:154,25,1,1
BRDA:156,26,0,32
BRDA:156,26,1,26
BRDA:163,27,0,328
BRDA:163,27,1,26
BRDA:165,28,0,321
BRDA:165,28,1,7
BRDA:173,29,0,87
BRDA:173,29,1,25
BRDA:183,30,0,237
BRDA:183,30,1,2
BRDA:183,31,0,239
BRDA:183,31,1,238
BRDA:193,32,0,3
BRDA:193,32,1,0
BRDA:214,33,0,2126
BRDA:215,34,0,2716
BRDA:215,34,1,2345
BRDA:217,35,0,2716
BRDA:217,35,1,2340
BRDA:217,36,0,282
BRDA:217,36,1,2058
BRDA:218,37,0,2716
BRDA:218,37,1,2689
BRDA:219,38,0,2716
BRDA:219,38,1,2668
BRDA:227,39,0,0
BRDA:247,40,0,165
BRDA:247,40,1,123
BRDA:255,41,0,313
BRDA:257,42,0,409
BRDA:257,42,1,380
BRDA:259,43,0,409
BRDA:259,43,1,393
BRDA:259,43,2,93
BRDA:259,43,3,91
BRDA:266,44,0,409
BRDA:266,44,1,2
BRDA:266,44,2,407
BRDA:266,44,3,34
BRDA:269,45,0,2
BRDA:269,45,1,407
BRDA:269,46,0,409
BRDA:269,46,1,46
BRDA:269,46,2,12
BRDA:269,47,0,46
BRDA:269,47,1,34
BRDA:271,48,0,322
BRDA:271,48,1,85
BRDA:271,49,0,407
BRDA:271,49,1,363
BRDA:271,49,2,282
BRDA:279,50,0,486
BRDA:279,50,1,458
BRDA:279,51,0,944
BRDA:279,51,1,466
BRDA:283,52,0,458
BRDA:283,52,1,353
BRDA:284,53,0,458
BRDA:284,53,1,443
BRDA:285,54,0,458
BRDA:285,54,1,450
BRDA:286,55,0,458
BRDA:286,55,1,231
BRDA:291,56,0,227
BRDA:295,57,0,74
BRDA:299,58,0,20
BRDA:299,59,0,26
BRDA:301,60,0,8
BRDA:301,60,1,7
BRDA:302,61,0,8
BRDA:302,61,1,7
BRDA:303,62,0,15
BRDA:303,62,1,0
BRDA:310,63,0,13
BRDA:310,64,0,16
BRDA:312,65,0,0
BRDA:312,65,1,5
BRDA:315,66,0,0
BRDA:315,66,1,5
BRDA:316,67,0,5
BRDA:316,67,1,0
BRDA:325,68,0,8
BRDA:334,69,0,1
BRDA:334,69,1,0
BRDA:347,70,0,8
BRDA:353,71,0,2
BRDA:353,71,1,0
BRDA:368,72,0,232
BRDA:368,72,1,0
BRDA:371,73,0,0
BRDA:374,74,0,266
BRDA:374,74,1,22
BRDA:374,75,0,288
BRDA:374,75,1,288
BRDA:374,75,2,22
BRDA:381,76,0,0
BRDA:387,77,0,120
BRDA:387,77,1,118
BRDA:387,77,2,116
BRF:154
BRH:141
end_of_record
TN:
SF:/mnt/c/Users/icambron/code/luxon/src/impl/regexParser.js
FN:16,combineRegexes
FN:17,(anonymous_1)
FN:21,combineExtractors
FN:22,(anonymous_3)
FN:25,(anonymous_4)
FN:34,parse
FN:48,simpleParse
FN:49,(anonymous_7)
FN:76,extractISOYmd
FN:86,extractISOTime
FN:97,extractISOOffset
FN:104,extractIANAZone
FN:113,extractISODuration
FN:155,fromStrings
FN:179,extractRFC2822
FN:208,preprocessRFC2822
FN:222,extractRFC1123Or850
FN:228,extractASCII
FN:238,parseISODate
FN:257,parseRFC2822Date
FN:261,parseHTTPDate
FN:270,parseISODuration
FN:274,parseSQL
FNF:23
FNH:23
FNDA:580,combineRegexes
FNDA:1009,(anonymous_1)
FNDA:580,combineExtractors
FNDA:136,(anonymous_3)
FNDA:410,(anonymous_4)
FNDA:188,parse
FNDA:90,simpleParse
FNDA:9,(anonymous_7)
FNDA:120,extractISOYmd
FNDA:136,extractISOTime
FNDA:133,extractISOOffset
FNDA:12,extractIANAZone
FNDA:10,extractISODuration
FNDA:20,fromStrings
FNDA:16,extractRFC2822
FNDA:16,preprocessRFC2822
FNDA:2,extractRFC1123Or850
FNDA:2,extractASCII
FNDA:139,parseISODate
FNDA:16,parseRFC2822Date
FNDA:4,parseHTTPDate
FNDA:17,parseISODuration
FNDA:12,parseSQL
DA:17,1009
DA:18,580
DA:22,580
DA:23,136
DA:26,410
DA:27,410
DA:35,188
DA:36,1
DA:39,187
DA:40,263
DA:41,263
DA:42,166
DA:45,21
DA:49,90
DA:50,9
DA:53,9
DA:54,24
DA:56,9
DA:61,45
DA:62,45
DA:63,45
DA:64,45
DA:65,45
DA:66,45
DA:67,45
DA:68,45
DA:69,45
DA:70,45
DA:71,45
DA:74,45
DA:77,120
DA:83,120
DA:87,136
DA:94,136
DA:98,133
DA:99,133
DA:100,133
DA:101,133
DA:105,12
DA:106,12
DA:111,45
DA:124,10
DA:126,10
DA:143,45
DA:156,20
DA:165,20
DA:166,20
DA:167,15
DA:173,20
DA:177,45
DA:193,16
DA:194,16
DA:197,16
DA:198,4
DA:199,12
DA:200,3
DA:202,9
DA:205,16
DA:210,16
DA:218,45
DA:219,45
DA:220,45
DA:223,2
DA:224,2
DA:225,2
DA:229,2
DA:230,2
DA:231,2
DA:239,139
DA:258,16
DA:262,4
DA:271,17
DA:275,12
LF:73
LH:73
BRDA:27,0,0,410
BRDA:27,0,1,407
BRDA:35,1,0,1
BRDA:35,1,1,187
BRDA:41,2,0,166
BRDA:41,2,1,97
BRDA:79,3,0,120
BRDA:79,3,1,1
BRDA:80,4,0,120
BRDA:80,4,1,3
BRDA:88,5,0,136
BRDA:88,5,1,36
BRDA:89,6,0,136
BRDA:89,6,1,89
BRDA:90,7,0,136
BRDA:90,7,1,103
BRDA:98,8,0,133
BRDA:98,8,1,129
BRDA:100,9,0,123
BRDA:100,9,1,10
BRDA:105,10,0,1
BRDA:105,10,1,11
BRDA:157,11,0,2
BRDA:157,11,1,18
BRDA:159,12,0,0
BRDA:159,12,1,20
BRDA:165,13,0,19
BRDA:165,13,1,1
BRDA:166,14,0,15
BRDA:166,14,1,5
BRDA:168,15,0,1
BRDA:168,15,1,14
BRDA:197,16,0,4
BRDA:197,16,1,12
BRDA:199,17,0,3
BRDA:199,17,1,9
BRF:36
BRH:35
end_of_record
TN:
SF:/mnt/c/Users/icambron/code/luxon/src/impl/tokenParser.js
FN:8,intUnit
FN:8,(anonymous_1)
FN:9,(anonymous_2)
FN:12,fixListRegex
FN:17,stripInsensitivities
FN:21,oneOf
FN:27,(anonymous_6)
FN:28,(anonymous_7)
FN:33,offset
FN:34,(anonymous_9)
FN:37,simple
FN:38,(anonymous_11)
FN:41,unitForToken
FN:49,(anonymous_13)
FN:49,(anonymous_14)
FN:50,(anonymous_15)
FN:170,buildRegex
FN:171,(anonymous_17)
FN:171,(anonymous_18)
FN:175,match
FN:197,dateTimeFromMatches
FN:198,(anonymous_21)
FN:255,(anonymous_22)
FN:271,explainFromTokens
FN:273,(anonymous_24)
FN:274,(anonymous_25)
FN:288,parseFromTokens
FNF:27
FNH:26
FNDA:319,intUnit
FNDA:290,(anonymous_1)
FNDA:295,(anonymous_2)
FNDA:325,fixListRegex
FNDA:220,stripInsensitivities
FNDA:42,oneOf
FNDA:35,(anonymous_6)
FNDA:110,(anonymous_7)
FNDA:9,offset
FNDA:9,(anonymous_9)
FNDA:9,simple
FNDA:9,(anonymous_11)
FNDA:644,unitForToken
FNDA:265,(anonymous_13)
FNDA:0,(anonymous_14)
FNDA:644,(anonymous_15)
FNDA:130,buildRegex
FNDA:632,(anonymous_17)
FNDA:632,(anonymous_18)
FNDA:130,match
FNDA:130,dateTimeFromMatches
FNDA:355,(anonymous_21)
FNDA:355,(anonymous_22)
FNDA:132,explainFromTokens
FNDA:644,(anonymous_24)
FNDA:634,(anonymous_25)
FNDA:127,parseFromTokens
DA:6,45
DA:8,290
DA:9,319
DA:14,325
DA:18,220
DA:22,42
DA:23,2
DA:25,40
DA:28,110
DA:34,9
DA:38,9
DA:42,644
DA:43,644
DA:44,644
DA:45,644
DA:46,644
DA:47,644
DA:48,644
DA:49,644
DA:50,644
DA:51,644
DA:52,1
DA:54,643
DA:57,2
DA:59,1
DA:62,9
DA:64,4
DA:66,68
DA:68,5
DA:70,4
DA:73,3
DA:75,31
DA:77,2
DA:79,4
DA:81,1
DA:83,8
DA:85,6
DA:87,6
DA:90,2
DA:92,58
DA:95,2
DA:97,4
DA:100,23
DA:102,4
DA:104,2
DA:106,6
DA:108,21
DA:110,2
DA:112,2
DA:114,16
DA:116,9
DA:118,21
DA:120,7
DA:123,4
DA:126,2
DA:128,1
DA:131,1
DA:133,3
DA:137,7
DA:139,6
DA:141,9
DA:143,1
DA:145,1
DA:149,7
DA:151,2
DA:155,2
DA:157,264
DA:161,644
DA:165,644
DA:167,644
DA:171,632
DA:172,130
DA:176,130
DA:178,130
DA:179,115
DA:180,115
DA:181,115
DA:182,592
DA:183,592
DA:184,592
DA:185,592
DA:186,348
DA:188,592
DA:191,115
DA:193,15
DA:198,130
DA:199,355
DA:201,33
DA:203,18
DA:205,23
DA:208,35
DA:210,54
DA:212,6
DA:215,55
DA:217,78
DA:220,21
DA:222,4
DA:224,3
DA:226,25
DA:231,130
DA:232,9
DA:233,121
DA:234,2
DA:236,119
DA:239,130
DA:240,8
DA:241,1
DA:242,7
DA:243,1
DA:247,130
DA:248,2
DA:251,130
DA:252,7
DA:255,130
DA:256,355
DA:257,355
DA:258,330
DA:261,355
DA:264,130
DA:272,132
DA:273,644
DA:274,634
DA:276,132
DA:277,2
DA:279,130
DA:280,130
DA:281,130
DA:282,130
DA:284,130
DA:289,127
DA:290,127
LF:131
LH:131
BRDA:8,0,0,314
BRDA:22,1,0,2
BRDA:22,1,1,40
BRDA:51,2,0,1
BRDA:51,2,1,643
BRDA:54,3,0,2
BRDA:54,3,1,1
BRDA:54,3,2,9
BRDA:54,3,3,4
BRDA:54,3,4,68
BRDA:54,3,5,5
BRDA:54,3,6,4
BRDA:54,3,7,3
BRDA:54,3,8,31
BRDA:54,3,9,2
BRDA:54,3,10,4
BRDA:54,3,11,1
BRDA:54,3,12,8
BRDA:54,3,13,6
BRDA:54,3,14,6
BRDA:54,3,15,2
BRDA:54,3,16,58
BRDA:54,3,17,2
BRDA:54,3,18,4
BRDA:54,3,19,23
BRDA:54,3,20,4
BRDA:54,3,21,2
BRDA:54,3,22,6
BRDA:54,3,23,21
BRDA:54,3,24,2
BRDA:54,3,25,2
BRDA:54,3,26,16
BRDA:54,3,27,9
BRDA:54,3,28,21
BRDA:54,3,29,7
BRDA:54,3,30,4
BRDA:54,3,31,2
BRDA:54,3,32,1
BRDA:54,3,33,1
BRDA:54,3,34,3
BRDA:54,3,35,6
BRDA:54,3,36,7
BRDA:54,3,37,6
BRDA:54,3,38,9
BRDA:54,3,39,1
BRDA:54,3,40,1
BRDA:54,3,41,2
BRDA:54,3,42,7
BRDA:54,3,43,2
BRDA:54,3,44,2
BRDA:54,3,45,264
BRDA:161,4,0,644
BRDA:161,4,1,2
BRDA:178,5,0,115
BRDA:178,5,1,15
BRDA:182,6,0,592
BRDA:182,6,1,0
BRDA:184,7,0,9
BRDA:184,7,1,583
BRDA:185,8,0,348
BRDA:185,8,1,244
BRDA:185,9,0,592
BRDA:185,9,1,348
BRDA:199,10,0,33
BRDA:199,10,1,18
BRDA:199,10,2,23
BRDA:199,10,3,8
BRDA:199,10,4,35
BRDA:199,10,5,54
BRDA:199,10,6,6
BRDA:199,10,7,18
BRDA:199,10,8,55
BRDA:199,10,9,78
BRDA:199,10,10,18
BRDA:199,10,11,21
BRDA:199,10,12,4
BRDA:199,10,13,3
BRDA:199,10,14,25
BRDA:231,11,0,9
BRDA:231,11,1,121
BRDA:233,12,0,2
BRDA:233,12,1,119
BRDA:239,13,0,8
BRDA:239,13,1,122
BRDA:240,14,0,1
BRDA:240,14,1,7
BRDA:240,15,0,8
BRDA:240,15,1,4
BRDA:242,16,0,1
BRDA:242,16,1,6
BRDA:242,17,0,7
BRDA:242,17,1,4
BRDA:247,18,0,2
BRDA:247,18,1,128
BRDA:247,19,0,130
BRDA:247,19,1,2
BRDA:251,20,0,7
BRDA:251,20,1,123
BRDA:257,21,0,330
BRDA:257,21,1,25
BRDA:276,22,0,2
BRDA:276,22,1,130
BRDA:282,23,0,130
BRDA:282,23,1,0
BRF:104
BRH:102
end_of_record
TN:
SF:/mnt/c/Users/icambron/code/luxon/src/impl/util.js
FN:13,isUndefined
FN:17,isNumber
FN:21,isString
FN:25,isDate
FN:31,hasIntl
FN:35,hasFormatToParts
FN:41,maybeArray
FN:45,bestBy
FN:49,(anonymous_8)
FN:61,pick
FN:62,(anonymous_10)
FN:70,numberBetween
FN:75,floorMod
FN:79,padStart
FN:87,parseMillis
FN:96,roundTo
FN:103,isLeapYear
FN:107,daysInYear
FN:111,daysInMonth
FN:122,weeksInWeekYear
FN:134,untruncateYear
FN:142,parseZoneInfo
FN:163,(anonymous_22)
FN:178,signedOffset
FN:187,normalizeObject
FN:203,timeObject
FNF:26
FNH:26
FNDA:35568,isUndefined
FNDA:10815,isNumber
FNDA:90,isString
FNDA:32,isDate
FNDA:3606,hasIntl
FNDA:634,hasFormatToParts
FNDA:57,maybeArray
FNDA:8,bestBy
FNDA:14,(anonymous_8)
FNDA:208,pick
FNDA:982,(anonymous_10)
FNDA:6321,numberBetween
FNDA:2158,floorMod
FNDA:504,padStart
FNDA:153,parseMillis
FNDA:205,roundTo
FNDA:327,isLeapYear
FNDA:49,daysInYear
FNDA:2158,daysInMonth
FNDA:143,weeksInWeekYear
FNDA:7,untruncateYear
FNDA:7,parseZoneInfo
FNDA:66,(anonymous_22)
FNDA:158,signedOffset
FNDA:2418,normalizeObject
FNDA:183,timeObject
DA:14,35568
DA:18,10815
DA:22,90
DA:26,32
DA:32,3606
DA:36,634
DA:42,57
DA:46,8
DA:47,2
DA:49,6
DA:50,14
DA:51,14
DA:52,6
DA:53,8
DA:54,5
DA:56,3
DA:62,208
DA:63,982
DA:64,982
DA:71,6321
DA:76,2158
DA:80,504
DA:81,169
DA:83,335
DA:88,153
DA:89,113
DA:91,40
DA:92,40
DA:97,205
DA:98,205
DA:104,327
DA:108,49
DA:112,2158
DA:113,2158
DA:115,2158
DA:116,91
DA:118,2067
DA:124,143
DA:129,143
DA:130,143
DA:131,143
DA:135,7
DA:136,1
DA:137,6
DA:143,7
DA:144,7
DA:153,7
DA:154,5
DA:157,7
DA:158,7
DA:160,7
DA:161,6
DA:163,66
DA:164,6
DA:165,1
DA:167,1
DA:168,1
DA:169,1
DA:170,1
DA:171,1
DA:173,0
DA:179,158
DA:180,158
DA:181,158
DA:182,158
DA:188,2418
DA:189,2418
DA:190,7736
DA:191,7736
DA:192,7736
DA:193,7353
DA:194,7352
DA:195,7239
DA:200,2417
DA:204,183
LF:75
LH:74
BRDA:32,0,0,3606
BRDA:32,0,1,3462
BRDA:42,1,0,15
BRDA:42,1,1,42
BRDA:46,2,0,2
BRDA:46,2,1,6
BRDA:51,3,0,6
BRDA:51,3,1,8
BRDA:53,4,0,5
BRDA:53,4,1,3
BRDA:71,5,0,6321
BRDA:71,5,1,6320
BRDA:71,5,2,6318
BRDA:79,6,0,0
BRDA:80,7,0,169
BRDA:80,7,1,335
BRDA:88,8,0,113
BRDA:88,8,1,40
BRDA:104,9,0,327
BRDA:104,9,1,91
BRDA:104,9,2,0
BRDA:108,10,0,23
BRDA:108,10,1,26
BRDA:115,11,0,91
BRDA:115,11,1,2067
BRDA:116,12,0,30
BRDA:116,12,1,61
BRDA:131,13,0,12
BRDA:131,13,1,131
BRDA:131,14,0,143
BRDA:131,14,1,137
BRDA:135,15,0,1
BRDA:135,15,1,6
BRDA:137,16,0,3
BRDA:137,16,1,3
BRDA:142,17,0,2
BRDA:153,18,0,5
BRDA:153,18,1,2
BRDA:160,19,0,6
BRDA:160,19,1,1
BRDA:160,20,0,7
BRDA:160,20,1,7
BRDA:164,21,0,6
BRDA:164,21,1,0
BRDA:165,22,0,1
BRDA:165,22,1,0
BRDA:179,23,0,158
BRDA:179,23,1,128
BRDA:180,24,0,158
BRDA:180,24,1,154
BRDA:181,25,0,13
BRDA:181,25,1,145
BRDA:187,26,0,964
BRDA:190,27,0,7736
BRDA:190,27,1,0
BRDA:192,28,0,7353
BRDA:192,28,1,383
BRDA:192,29,0,7736
BRDA:192,29,1,7736
BRDA:192,29,2,7516
BRDA:194,30,0,7239
BRDA:194,30,1,113
BRF:62
BRH:57
end_of_record
TN:
SF:/mnt/c/Users/icambron/code/luxon/src/impl/zoneUtil.js
FN:13,normalizeZone
FNF:1
FNH:1
FNDA:1281,normalizeZone
DA:15,1281
DA:16,1010
DA:17,271
DA:18,181
DA:19,90
DA:20,90
DA:21,90
DA:22,88
DA:23,77
DA:25,3
DA:26,74
DA:27,10
DA:28,0
DA:29,0
DA:30,0
DA:33,0
DA:35,0
LF:17
LH:12
BRDA:15,0,0,1010
BRDA:15,0,1,271
BRDA:15,1,0,1281
BRDA:15,1,1,271
BRDA:17,2,0,181
BRDA:17,2,1,90
BRDA:19,3,0,90
BRDA:19,3,1,0
BRDA:21,4,0,2
BRDA:21,4,1,88
BRDA:22,5,0,11
BRDA:22,5,1,77
BRDA:22,6,0,88
BRDA:22,6,1,78
BRDA:23,7,0,3
BRDA:23,7,1,74
BRDA:26,8,0,64
BRDA:26,8,1,10
BRDA:27,9,0,10
BRDA:27,9,1,3
BRDA:28,10,0,0
BRDA:28,10,1,0
BRDA:30,11,0,0
BRDA:30,11,1,0
BRDA:30,12,0,0
BRDA:30,12,1,0
BRF:26
BRH:19
end_of_record
TN:
SF:/mnt/c/Users/icambron/code/luxon/src/zones/IANAZone.js
FN:5,makeDTF
FN:30,hackyOffset
FN:37,partsOffset
FN:52,(anonymous_3)
FN:56,(anonymous_4)
FN:66,(anonymous_5)
FN:76,(anonymous_6)
FN:82,(anonymous_7)
FN:86,(anonymous_8)
FN:90,(anonymous_9)
FN:94,(anonymous_10)
FN:98,(anonymous_11)
FN:110,(anonymous_12)
FN:114,(anonymous_13)
FNF:14
FNH:14
FNDA:371,makeDTF
FNDA:6,hackyOffset
FNDA:365,partsOffset
FNDA:79,(anonymous_3)
FNDA:71,(anonymous_4)
FNDA:77,(anonymous_5)
FNDA:67,(anonymous_6)
FNDA:73,(anonymous_7)
FNDA:41,(anonymous_8)
FNDA:40,(anonymous_9)
FNDA:5,(anonymous_10)
FNDA:371,(anonymous_11)
FNDA:53,(anonymous_12)
FNDA:170,(anonymous_13)
DA:4,45
DA:6,371
DA:7,20
DA:18,371
DA:21,45
DA:31,6
DA:32,6
DA:33,6
DA:34,6
DA:38,365
DA:39,365
DA:40,365
DA:41,4015
DA:42,4015
DA:44,4015
DA:45,2190
DA:48,365
DA:53,79
DA:57,71
DA:58,71
DA:59,63
DA:61,8
DA:67,77
DA:68,77
DA:69,77
DA:70,3
DA:73,74
DA:77,67
DA:78,67
DA:79,67
DA:83,73
DA:87,41
DA:91,40
DA:95,5
DA:99,371
DA:100,371
DA:101,371
DA:104,371
DA:105,371
DA:106,371
DA:107,371
DA:111,53
DA:115,170
LF:43
LH:43
BRDA:6,0,0,20
BRDA:6,0,1,351
BRDA:44,1,0,2190
BRDA:44,1,1,1825
BRDA:53,2,0,79
BRDA:53,2,1,79
BRDA:67,3,0,77
BRDA:67,3,1,0
BRDA:69,4,0,3
BRDA:69,4,1,74
BRDA:101,5,0,365
BRDA:101,5,1,6
BRDA:111,6,0,53
BRDA:111,6,1,20
BRF:14
BRH:13
end_of_record
TN:
SF:/mnt/c/Users/icambron/code/luxon/src/zones/fixedOffsetZone.js
FN:6,hoursMinutesOffset
FN:15,(anonymous_1)
FN:22,(anonymous_2)
FN:26,(anonymous_3)
FN:36,(anonymous_4)
FN:41,(anonymous_5)
FN:45,(anonymous_6)
FN:49,(anonymous_7)
FN:53,(anonymous_8)
FN:57,(anonymous_9)
FN:61,(anonymous_10)
FN:65,(anonymous_11)
FNF:12
FNH:12
FNDA:14,hoursMinutesOffset
FNDA:374,(anonymous_1)
FNDA:150,(anonymous_2)
FNDA:10,(anonymous_3)
FNDA:70,(anonymous_4)
FNDA:259,(anonymous_5)
FNDA:26,(anonymous_6)
FNDA:12,(anonymous_7)
FNDA:339,(anonymous_8)
FNDA:2148,(anonymous_9)
FNDA:318,(anonymous_10)
FNDA:784,(anonymous_11)
DA:4,45
DA:7,14
DA:8,14
DA:9,14
DA:10,14
DA:11,14
DA:16,374
DA:17,14
DA:19,374
DA:23,150
DA:27,10
DA:28,10
DA:29,10
DA:30,7
DA:33,3
DA:37,70
DA:38,70
DA:42,259
DA:46,26
DA:50,12
DA:54,339
DA:58,2148
DA:62,318
DA:66,784
LF:24
LH:24
BRDA:9,0,0,7
BRDA:9,0,1,7
BRDA:11,1,0,3
BRDA:11,1,1,11
BRDA:16,2,0,14
BRDA:16,2,1,360
BRDA:23,3,0,126
BRDA:23,3,1,24
BRDA:27,4,0,10
BRDA:27,4,1,0
BRDA:29,5,0,7
BRDA:29,5,1,3
BRDA:46,6,0,12
BRDA:46,6,1,14
BRDA:62,7,0,318
BRDA:62,7,1,167
BRF:16
BRH:15
end_of_record
TN:
SF:/mnt/c/Users/icambron/code/luxon/src/zones/invalidZone.js
FN:6,(anonymous_0)
FN:13,(anonymous_1)
FN:17,(anonymous_2)
FN:21,(anonymous_3)
FN:25,(anonymous_4)
FN:29,(anonymous_5)
FN:33,(anonymous_6)
FN:37,(anonymous_7)
FNF:8
FNH:3
FNDA:3,(anonymous_0)
FNDA:0,(anonymous_1)
FNDA:0,(anonymous_2)
FNDA:0,(anonymous_3)
FNDA:0,(anonymous_4)
FNDA:0,(anonymous_5)
FNDA:2,(anonymous_6)
FNDA:3,(anonymous_7)
DA:3,45
DA:7,3
DA:8,2
DA:10,3
DA:14,0
DA:18,0
DA:22,0
DA:26,0
DA:30,0
DA:34,2
DA:38,3
LF:11
LH:6
BRDA:7,0,0,2
BRDA:7,0,1,1
BRF:2
BRH:2
end_of_record
TN:
SF:/mnt/c/Users/icambron/code/luxon/src/zones/localZone.js
FN:7,(anonymous_0)
FN:14,(anonymous_1)
FN:18,(anonymous_2)
FN:24,(anonymous_3)
FN:28,(anonymous_4)
FN:32,(anonymous_5)
FN:36,(anonymous_6)
FN:40,(anonymous_7)
FNF:8
FNH:8
FNDA:1468,(anonymous_0)
FNDA:906,(anonymous_1)
FNDA:6,(anonymous_2)
FNDA:37,(anonymous_3)
FNDA:2,(anonymous_4)
FNDA:5837,(anonymous_5)
FNDA:808,(anonymous_6)
FNDA:2672,(anonymous_7)
DA:4,45
DA:8,1468
DA:9,30
DA:11,1468
DA:15,906
DA:19,6
DA:20,5
DA:21,1
DA:25,37
DA:29,2
DA:33,5837
DA:37,808
DA:41,2672
LF:13
LH:13
BRDA:8,0,0,30
BRDA:8,0,1,1438
BRDA:19,1,0,5
BRDA:19,1,1,1
BRF:4
BRH:4
end_of_record
