TN:
SF:/Users/isaaccambron/code/luxon/src/datetime.js
FN:48,unsupportedZone
FN:53,possiblyCachedWeekData
FN:62,clone
FN:76,fixOffset
FN:102,tsToObj
FN:119,objToTS
FN:124,adjustTime
FN:161,parseDataToDateTime
FN:182,toTechFormat
FN:193,toTechTimeFormat
FN:264,normalizeUnit
FN:300,quickDT
FN:324,diffRelative
FN:326,(anonymous_13)
FN:331,(anonymous_14)
FN:381,(anonymous_15)
FN:460,(anonymous_16)
FN:498,(anonymous_17)
FN:527,(anonymous_18)
FN:555,(anonymous_19)
FN:580,(anonymous_20)
FN:619,(anonymous_21)
FN:741,(anonymous_22)
FN:760,(anonymous_23)
FN:780,(anonymous_24)
FN:799,(anonymous_25)
FN:821,(anonymous_26)
FN:845,(anonymous_27)
FN:856,(anonymous_28)
FN:875,(anonymous_29)
FN:888,(anonymous_30)
FN:898,(anonymous_31)
FN:906,(anonymous_32)
FN:914,(anonymous_33)
FN:923,(anonymous_34)
FN:932,(anonymous_35)
FN:941,(anonymous_36)
FN:949,(anonymous_37)
FN:957,(anonymous_38)
FN:966,(anonymous_39)
FN:975,(anonymous_40)
FN:984,(anonymous_41)
FN:993,(anonymous_42)
FN:1002,(anonymous_43)
FN:1011,(anonymous_44)
FN:1020,(anonymous_45)
FN:1029,(anonymous_46)
FN:1039,(anonymous_47)
FN:1049,(anonymous_48)
FN:1060,(anonymous_49)
FN:1069,(anonymous_50)
FN:1079,(anonymous_51)
FN:1089,(anonymous_52)
FN:1099,(anonymous_53)
FN:1109,(anonymous_54)
FN:1119,(anonymous_55)
FN:1128,(anonymous_56)
FN:1144,(anonymous_57)
FN:1159,(anonymous_58)
FN:1167,(anonymous_59)
FN:1183,(anonymous_60)
FN:1193,(anonymous_61)
FN:1203,(anonymous_62)
FN:1214,(anonymous_63)
FN:1224,(anonymous_64)
FN:1242,(anonymous_65)
FN:1252,(anonymous_66)
FN:1265,(anonymous_67)
FN:1288,(anonymous_68)
FN:1299,(anonymous_69)
FN:1313,(anonymous_70)
FN:1354,(anonymous_71)
FN:1366,(anonymous_72)
FN:1381,(anonymous_73)
FN:1432,(anonymous_74)
FN:1455,(anonymous_75)
FN:1479,(anonymous_76)
FN:1498,(anonymous_77)
FN:1515,(anonymous_78)
FN:1528,(anonymous_79)
FN:1542,(anonymous_80)
FN:1556,(anonymous_81)
FN:1570,(anonymous_82)
FN:1582,(anonymous_83)
FN:1591,(anonymous_84)
FN:1606,(anonymous_85)
FN:1625,(anonymous_86)
FN:1637,(anonymous_87)
FN:1645,(anonymous_88)
FN:1653,(anonymous_89)
FN:1661,(anonymous_90)
FN:1669,(anonymous_91)
FN:1677,(anonymous_92)
FN:1688,(anonymous_93)
FN:1705,(anonymous_94)
FN:1726,(anonymous_95)
FN:1756,(anonymous_96)
FN:1765,(anonymous_97)
FN:1776,(anonymous_98)
FN:1793,(anonymous_99)
FN:1821,(anonymous_100)
FN:1848,(anonymous_101)
FN:1867,(anonymous_102)
FN:1871,(anonymous_103)
FN:1879,(anonymous_104)
FN:1883,(anonymous_105)
FN:1895,(anonymous_106)
FN:1908,(anonymous_107)
FN:1918,(anonymous_108)
FN:1926,(anonymous_109)
FN:1934,(anonymous_110)
FN:1942,(anonymous_111)
FN:1950,(anonymous_112)
FN:1958,(anonymous_113)
FN:1966,(anonymous_114)
FN:1974,(anonymous_115)
FN:1982,(anonymous_116)
FN:1990,(anonymous_117)
FN:1998,(anonymous_118)
FN:2006,(anonymous_119)
FN:2014,(anonymous_120)
FN:2022,(anonymous_121)
FN:2030,(anonymous_122)
FN:2038,(anonymous_123)
FN:2046,(anonymous_124)
FN:2054,(anonymous_125)
FN:2062,(anonymous_126)
FN:2070,(anonymous_127)
FN:2078,(anonymous_128)
FN:2086,friendlyDateTime
FNF:130
FNH:130
FNDA:11,unsupportedZone
FNDA:148,possiblyCachedWeekData
FNDA:2267,clone
FNDA:3621,fixOffset
FNDA:4242,tsToObj
FNDA:2970,objToTS
FNDA:651,adjustTime
FNDA:409,parseDataToDateTime
FNDA:118,toTechFormat
FNDA:61,toTechTimeFormat
FNDA:7152,normalizeUnit
FNDA:686,quickDT
FNDA:67,diffRelative
FNDA:67,(anonymous_13)
FNDA:171,(anonymous_14)
FNDA:4144,(anonymous_15)
FNDA:124,(anonymous_16)
FNDA:638,(anonymous_17)
FNDA:44,(anonymous_18)
FNDA:22,(anonymous_19)
FNDA:5,(anonymous_20)
FNDA:953,(anonymous_21)
FNDA:174,(anonymous_22)
FNDA:23,(anonymous_23)
FNDA:7,(anonymous_24)
FNDA:196,(anonymous_25)
FNDA:1,(anonymous_26)
FNDA:13,(anonymous_27)
FNDA:141,(anonymous_28)
FNDA:748,(anonymous_29)
FNDA:4,(anonymous_30)
FNDA:14855,(anonymous_31)
FNDA:7,(anonymous_32)
FNDA:5,(anonymous_33)
FNDA:241,(anonymous_34)
FNDA:207,(anonymous_35)
FNDA:12,(anonymous_36)
FNDA:6412,(anonymous_37)
FNDA:40,(anonymous_38)
FNDA:540,(anonymous_39)
FNDA:8,(anonymous_40)
FNDA:399,(anonymous_41)
FNDA:280,(anonymous_42)
FNDA:329,(anonymous_43)
FNDA:234,(anonymous_44)
FNDA:196,(anonymous_45)
FNDA:170,(anonymous_46)
FNDA:29,(anonymous_47)
FNDA:28,(anonymous_48)
FNDA:97,(anonymous_49)
FNDA:17,(anonymous_50)
FNDA:5,(anonymous_51)
FNDA:5,(anonymous_52)
FNDA:4,(anonymous_53)
FNDA:4,(anonymous_54)
FNDA:830,(anonymous_55)
FNDA:9,(anonymous_56)
FNDA:11,(anonymous_57)
FNDA:90,(anonymous_58)
FNDA:8,(anonymous_59)
FNDA:4,(anonymous_60)
FNDA:6,(anonymous_61)
FNDA:4,(anonymous_62)
FNDA:5,(anonymous_63)
FNDA:3,(anonymous_64)
FNDA:212,(anonymous_65)
FNDA:2,(anonymous_66)
FNDA:603,(anonymous_67)
FNDA:114,(anonymous_68)
FNDA:22,(anonymous_69)
FNDA:1235,(anonymous_70)
FNDA:506,(anonymous_71)
FNDA:148,(anonymous_72)
FNDA:722,(anonymous_73)
FNDA:82,(anonymous_74)
FNDA:285,(anonymous_75)
FNDA:47,(anonymous_76)
FNDA:8,(anonymous_77)
FNDA:32,(anonymous_78)
FNDA:38,(anonymous_79)
FNDA:2,(anonymous_80)
FNDA:48,(anonymous_81)
FNDA:4,(anonymous_82)
FNDA:4,(anonymous_83)
FNDA:9,(anonymous_84)
FNDA:13,(anonymous_85)
FNDA:7,(anonymous_86)
FNDA:4,(anonymous_87)
FNDA:3850,(anonymous_88)
FNDA:3856,(anonymous_89)
FNDA:2,(anonymous_90)
FNDA:1,(anonymous_91)
FNDA:1,(anonymous_92)
FNDA:1427,(anonymous_93)
FNDA:846,(anonymous_94)
FNDA:204,(anonymous_95)
FNDA:4,(anonymous_96)
FNDA:28,(anonymous_97)
FNDA:65,(anonymous_98)
FNDA:117,(anonymous_99)
FNDA:43,(anonymous_100)
FNDA:26,(anonymous_101)
FNDA:7,(anonymous_102)
FNDA:7,(anonymous_103)
FNDA:7,(anonymous_104)
FNDA:7,(anonymous_105)
FNDA:26,(anonymous_106)
FNDA:1,(anonymous_107)
FNDA:1,(anonymous_108)
FNDA:1,(anonymous_109)
FNDA:2,(anonymous_110)
FNDA:1,(anonymous_111)
FNDA:4,(anonymous_112)
FNDA:1,(anonymous_113)
FNDA:1,(anonymous_114)
FNDA:1,(anonymous_115)
FNDA:5,(anonymous_116)
FNDA:1,(anonymous_117)
FNDA:1,(anonymous_118)
FNDA:1,(anonymous_119)
FNDA:3,(anonymous_120)
FNDA:1,(anonymous_121)
FNDA:2,(anonymous_122)
FNDA:1,(anonymous_123)
FNDA:1,(anonymous_124)
FNDA:2,(anonymous_125)
FNDA:1,(anonymous_126)
FNDA:1,(anonymous_127)
FNDA:1,(anonymous_128)
FNDA:718,friendlyDateTime
DA:45,54
DA:46,54
DA:49,11
DA:54,148
DA:55,89
DA:57,148
DA:63,2267
DA:71,2267
DA:78,3621
DA:81,3621
DA:84,3621
DA:85,2796
DA:89,825
DA:92,825
DA:93,825
DA:94,819
DA:98,6
DA:103,4242
DA:105,4242
DA:107,4242
DA:120,2970
DA:125,651
DA:126,651
DA:127,489
DA:130,651
DA:132,651
DA:133,651
DA:134,651
DA:135,651
DA:140,651
DA:146,651
DA:148,651
DA:150,651
DA:151,189
DA:153,189
DA:156,651
DA:162,409
DA:163,409
DA:164,352
DA:165,352
DA:172,350
DA:174,57
DA:183,118
DA:203,61
DA:205,61
DA:206,55
DA:207,55
DA:208,52
DA:212,61
DA:213,9
DA:216,61
DA:217,4
DA:218,57
DA:219,52
DA:222,61
DA:226,54
DA:234,54
DA:242,54
DA:251,54
DA:252,54
DA:261,54
DA:265,7152
DA:292,7152
DA:294,7147
DA:302,686
DA:303,4802
DA:304,2661
DA:308,686
DA:309,686
DA:310,2
DA:313,684
DA:314,684
DA:315,684
DA:317,684
DA:325,67
DA:326,67
DA:327,67
DA:328,67
DA:329,67
DA:331,67
DA:332,171
DA:333,53
DA:334,18
DA:338,35
DA:340,118
DA:344,67
DA:345,11
DA:348,56
DA:349,160
DA:350,160
DA:351,50
DA:354,6
DA:382,4144
DA:385,4144
DA:391,4144
DA:393,4144
DA:394,4144
DA:395,4144
DA:396,4006
DA:398,4006
DA:399,704
DA:401,3302
DA:402,3302
DA:403,3302
DA:404,3302
DA:405,3302
DA:412,4144
DA:416,4144
DA:420,4144
DA:424,4144
DA:428,4144
DA:432,4144
DA:436,4144
DA:461,124
DA:462,72
DA:464,52
DA:499,638
DA:500,4
DA:505,634
DA:528,44
DA:529,44
DA:530,7
DA:533,37
DA:534,37
DA:535,2
DA:538,35
DA:556,22
DA:557,1
DA:558,21
DA:560,2
DA:562,19
DA:581,5
DA:582,1
DA:584,4
DA:620,953
DA:621,953
DA:622,3
DA:625,950
DA:626,950
DA:627,950
DA:633,942
DA:634,942
DA:635,942
DA:636,942
DA:637,942
DA:638,942
DA:646,942
DA:647,1
DA:652,941
DA:653,1
DA:656,940
DA:661,940
DA:662,940
DA:663,29
DA:664,29
DA:665,29
DA:666,911
DA:667,11
DA:668,11
DA:669,11
DA:671,900
DA:672,900
DA:676,940
DA:677,940
DA:678,6569
DA:679,6569
DA:680,3511
DA:681,3058
DA:682,2685
DA:684,373
DA:689,940
DA:694,940
DA:696,940
DA:697,15
DA:701,925
DA:706,925
DA:707,925
DA:715,925
DA:716,11
DA:722,914
DA:742,174
DA:743,174
DA:761,23
DA:762,23
DA:781,7
DA:782,7
DA:800,196
DA:801,1
DA:804,195
DA:805,195
DA:810,195
DA:811,194
DA:812,2
DA:814,192
DA:822,1
DA:846,13
DA:847,13
DA:857,141
DA:858,1
DA:861,140
DA:863,140
DA:864,6
DA:866,134
DA:876,748
DA:889,4
DA:899,14855
DA:907,7
DA:915,5
DA:924,241
DA:933,207
DA:942,12
DA:950,6412
DA:958,40
DA:967,540
DA:976,8
DA:985,399
DA:994,280
DA:1003,329
DA:1012,234
DA:1021,196
DA:1030,170
DA:1040,29
DA:1050,28
DA:1061,97
DA:1070,17
DA:1080,5
DA:1090,5
DA:1100,4
DA:1110,4
DA:1120,830
DA:1129,9
DA:1130,7
DA:1135,2
DA:1145,11
DA:1146,8
DA:1151,3
DA:1160,90
DA:1168,8
DA:1169,2
DA:1171,6
DA:1184,4
DA:1194,6
DA:1204,4
DA:1215,5
DA:1225,3
DA:1229,3
DA:1243,212
DA:1253,2
DA:1266,603
DA:1267,603
DA:1268,319
DA:1269,284
DA:1270,6
DA:1272,278
DA:1273,278
DA:1274,137
DA:1275,137
DA:1276,137
DA:1278,278
DA:1289,114
DA:1290,114
DA:1300,22
DA:1314,1235
DA:1316,1228
DA:1318,1224
DA:1323,1224
DA:1324,11
DA:1325,1213
DA:1326,1
DA:1328,1212
DA:1332,1212
DA:1333,1073
DA:1337,1224
DA:1338,1224
DA:1355,506
DA:1356,505
DA:1357,504
DA:1367,148
DA:1368,147
DA:1369,147
DA:1382,722
DA:1383,721
DA:1384,721
DA:1385,719
DA:1387,51
DA:1391,131
DA:1395,709
DA:1398,711
DA:1401,714
DA:1404,717
DA:1405,717
DA:1407,2
DA:1411,719
DA:1412,2
DA:1415,719
DA:1416,25
DA:1417,25
DA:1420,719
DA:1433,82
DA:1456,285
DA:1480,47
DA:1499,8
DA:1516,32
DA:1517,1
DA:1520,31
DA:1529,38
DA:1530,38
DA:1531,1
DA:1534,38
DA:1543,2
DA:1557,48
DA:1571,4
DA:1583,4
DA:1592,9
DA:1607,13
DA:1626,7
DA:1627,1
DA:1630,6
DA:1638,4
DA:1646,3850
DA:1654,3856
DA:1662,2
DA:1670,1
DA:1678,1
DA:1689,1427
DA:1691,1426
DA:1693,1426
DA:1694,1
DA:1695,1
DA:1696,1
DA:1698,1426
DA:1706,846
DA:1727,204
DA:1728,7
DA:1734,197
DA:1739,197
DA:1740,197
DA:1741,197
DA:1742,197
DA:1743,197
DA:1745,197
DA:1757,4
DA:1766,28
DA:1777,65
DA:1778,63
DA:1779,3
DA:1781,60
DA:1782,60
DA:1794,117
DA:1822,43
DA:1823,42
DA:1824,42
DA:1825,42
DA:1849,26
DA:1851,25
DA:1868,7
DA:1869,3
DA:1871,7
DA:1880,7
DA:1881,3
DA:1883,7
DA:1896,26
DA:1897,26
DA:1902,26
DA:1909,1
DA:1919,1
DA:1927,1
DA:1935,2
DA:1943,1
DA:1951,4
DA:1959,1
DA:1967,1
DA:1975,1
DA:1983,5
DA:1991,1
DA:1999,1
DA:2007,1
DA:2015,3
DA:2023,1
DA:2031,2
DA:2039,1
DA:2047,1
DA:2055,2
DA:2063,1
DA:2071,1
DA:2079,1
DA:2087,718
DA:2088,711
DA:2089,7
DA:2090,4
DA:2091,3
DA:2092,2
DA:2094,1
LF:393
LH:393
BRDA:54,0,0,89
BRDA:54,0,1,59
BRDA:84,1,0,2796
BRDA:84,1,1,825
BRDA:93,2,0,819
BRDA:93,2,1,6
BRDA:126,3,0,489
BRDA:126,3,1,162
BRDA:150,4,0,189
BRDA:150,4,1,462
BRDA:163,5,0,352
BRDA:163,5,1,57
BRDA:163,6,0,409
BRDA:163,6,1,386
BRDA:164,7,0,352
BRDA:164,7,1,295
BRDA:172,8,0,14
BRDA:172,8,1,336
BRDA:183,9,0,111
BRDA:183,9,1,7
BRDA:196,10,0,13
BRDA:197,11,0,13
BRDA:199,12,0,48
BRDA:200,13,0,48
BRDA:205,14,0,55
BRDA:205,14,1,6
BRDA:205,15,0,61
BRDA:205,15,1,7
BRDA:205,15,2,6
BRDA:207,16,0,52
BRDA:207,16,1,3
BRDA:207,17,0,55
BRDA:207,17,1,4
BRDA:212,18,0,9
BRDA:212,18,1,52
BRDA:212,19,0,61
BRDA:212,19,1,57
BRDA:212,19,2,56
BRDA:216,20,0,4
BRDA:216,20,1,57
BRDA:218,21,0,52
BRDA:218,21,1,5
BRDA:292,22,0,5
BRDA:292,22,1,7147
BRDA:303,23,0,2661
BRDA:303,23,1,2141
BRDA:308,24,0,686
BRDA:308,24,1,684
BRDA:309,25,0,2
BRDA:309,25,1,684
BRDA:325,26,0,62
BRDA:325,26,1,5
BRDA:327,27,0,62
BRDA:327,27,1,5
BRDA:327,28,0,67
BRDA:327,28,1,5
BRDA:332,29,0,53
BRDA:332,29,1,118
BRDA:333,30,0,18
BRDA:333,30,1,35
BRDA:344,31,0,11
BRDA:344,31,1,56
BRDA:350,32,0,50
BRDA:350,32,1,110
BRDA:382,33,0,4144
BRDA:382,33,1,206
BRDA:385,34,0,4144
BRDA:385,34,1,4008
BRDA:385,34,2,4006
BRDA:386,35,0,2
BRDA:386,35,1,4006
BRDA:387,36,0,0
BRDA:387,36,1,4006
BRDA:391,37,0,134
BRDA:391,37,1,4010
BRDA:395,38,0,4006
BRDA:395,38,1,138
BRDA:396,39,0,4006
BRDA:396,39,1,2263
BRDA:396,39,2,843
BRDA:398,40,0,704
BRDA:398,40,1,3302
BRDA:403,41,0,2
BRDA:403,41,1,3300
BRDA:404,42,0,2
BRDA:404,42,1,3300
BRDA:405,43,0,2
BRDA:405,43,1,3300
BRDA:416,44,0,4144
BRDA:416,44,1,894
BRDA:461,45,0,72
BRDA:461,45,1,52
BRDA:499,46,0,4
BRDA:499,46,1,634
BRDA:527,47,0,41
BRDA:528,48,0,39
BRDA:528,48,1,5
BRDA:529,49,0,7
BRDA:529,49,1,37
BRDA:534,50,0,2
BRDA:534,50,1,35
BRDA:555,51,0,21
BRDA:556,52,0,1
BRDA:556,52,1,21
BRDA:558,53,0,2
BRDA:558,53,1,19
BRDA:558,54,0,21
BRDA:558,54,1,20
BRDA:580,55,0,4
BRDA:581,56,0,1
BRDA:581,56,1,4
BRDA:621,57,0,3
BRDA:621,57,1,950
BRDA:635,58,0,942
BRDA:635,58,1,142
BRDA:636,59,0,942
BRDA:636,59,1,99
BRDA:637,60,0,942
BRDA:637,60,1,925
BRDA:646,61,0,1
BRDA:646,61,1,941
BRDA:646,62,0,942
BRDA:646,62,1,99
BRDA:646,62,2,845
BRDA:652,63,0,1
BRDA:652,63,1,940
BRDA:652,64,0,941
BRDA:652,64,1,800
BRDA:656,65,0,940
BRDA:656,65,1,921
BRDA:656,65,2,49
BRDA:662,66,0,29
BRDA:662,66,1,911
BRDA:666,67,0,11
BRDA:666,67,1,900
BRDA:679,68,0,3511
BRDA:679,68,1,3058
BRDA:681,69,0,2685
BRDA:681,69,1,373
BRDA:689,70,0,29
BRDA:689,70,1,911
BRDA:691,71,0,11
BRDA:691,71,1,900
BRDA:694,72,0,940
BRDA:694,72,1,929
BRDA:696,73,0,15
BRDA:696,73,1,925
BRDA:701,74,0,26
BRDA:701,74,1,899
BRDA:703,75,0,10
BRDA:703,75,1,889
BRDA:715,76,0,11
BRDA:715,76,1,914
BRDA:715,77,0,925
BRDA:715,77,1,65
BRDA:715,77,2,39
BRDA:741,78,0,158
BRDA:760,79,0,20
BRDA:780,80,0,4
BRDA:799,81,0,122
BRDA:800,82,0,1
BRDA:800,82,1,195
BRDA:800,83,0,196
BRDA:800,83,1,196
BRDA:804,84,0,133
BRDA:804,85,0,195
BRDA:811,86,0,2
BRDA:811,86,1,192
BRDA:821,87,0,1
BRDA:845,88,0,10
BRDA:856,89,0,129
BRDA:857,90,0,1
BRDA:857,90,1,140
BRDA:861,91,0,85
BRDA:861,91,1,55
BRDA:863,92,0,6
BRDA:863,92,1,134
BRDA:876,93,0,748
BRDA:876,93,1,745
BRDA:876,93,2,19
BRDA:907,94,0,6
BRDA:907,94,1,1
BRDA:915,95,0,4
BRDA:915,95,1,1
BRDA:924,96,0,240
BRDA:924,96,1,1
BRDA:933,97,0,206
BRDA:933,97,1,1
BRDA:942,98,0,11
BRDA:942,98,1,1
BRDA:958,99,0,38
BRDA:958,99,1,2
BRDA:967,100,0,532
BRDA:967,100,1,8
BRDA:976,101,0,7
BRDA:976,101,1,1
BRDA:985,102,0,394
BRDA:985,102,1,5
BRDA:994,103,0,277
BRDA:994,103,1,3
BRDA:1003,104,0,326
BRDA:1003,104,1,3
BRDA:1012,105,0,231
BRDA:1012,105,1,3
BRDA:1021,106,0,193
BRDA:1021,106,1,3
BRDA:1030,107,0,167
BRDA:1030,107,1,3
BRDA:1040,108,0,27
BRDA:1040,108,1,2
BRDA:1050,109,0,26
BRDA:1050,109,1,2
BRDA:1061,110,0,95
BRDA:1061,110,1,2
BRDA:1070,111,0,15
BRDA:1070,111,1,2
BRDA:1080,112,0,3
BRDA:1080,112,1,2
BRDA:1090,113,0,3
BRDA:1090,113,1,2
BRDA:1100,114,0,2
BRDA:1100,114,1,2
BRDA:1110,115,0,2
BRDA:1110,115,1,2
BRDA:1120,116,0,819
BRDA:1120,116,1,11
BRDA:1129,117,0,7
BRDA:1129,117,1,2
BRDA:1145,118,0,8
BRDA:1145,118,1,3
BRDA:1160,119,0,87
BRDA:1160,119,1,3
BRDA:1168,120,0,2
BRDA:1168,120,1,6
BRDA:1172,121,0,6
BRDA:1172,121,1,4
BRDA:1204,122,0,2
BRDA:1204,122,1,2
BRDA:1215,123,0,3
BRDA:1215,123,1,2
BRDA:1224,124,0,2
BRDA:1242,125,0,64
BRDA:1242,126,0,80
BRDA:1265,127,0,386
BRDA:1265,128,0,466
BRDA:1265,129,0,603
BRDA:1267,130,0,319
BRDA:1267,130,1,284
BRDA:1269,131,0,6
BRDA:1269,131,1,278
BRDA:1273,132,0,137
BRDA:1273,132,1,141
BRDA:1273,133,0,278
BRDA:1273,133,1,141
BRDA:1288,134,0,1
BRDA:1314,135,0,7
BRDA:1314,135,1,1228
BRDA:1318,136,0,1224
BRDA:1318,136,1,1223
BRDA:1318,136,2,1220
BRDA:1323,137,0,11
BRDA:1323,137,1,1213
BRDA:1325,138,0,1
BRDA:1325,138,1,1212
BRDA:1332,139,0,1073
BRDA:1332,139,1,139
BRDA:1355,140,0,1
BRDA:1355,140,1,505
BRDA:1367,141,0,1
BRDA:1367,141,1,147
BRDA:1382,142,0,1
BRDA:1382,142,1,721
BRDA:1385,143,0,51
BRDA:1385,143,1,76
BRDA:1385,143,2,131
BRDA:1385,143,3,133
BRDA:1385,143,4,709
BRDA:1385,143,5,711
BRDA:1385,143,6,714
BRDA:1385,143,7,717
BRDA:1385,143,8,2
BRDA:1411,144,0,2
BRDA:1411,144,1,717
BRDA:1415,145,0,25
BRDA:1415,145,1,694
BRDA:1433,146,0,81
BRDA:1433,146,1,1
BRDA:1455,147,0,233
BRDA:1456,148,0,284
BRDA:1456,148,1,1
BRDA:1479,149,0,9
BRDA:1480,150,0,46
BRDA:1480,150,1,1
BRDA:1498,151,0,6
BRDA:1499,152,0,7
BRDA:1499,152,1,1
BRDA:1515,153,0,30
BRDA:1516,154,0,1
BRDA:1516,154,1,31
BRDA:1530,155,0,1
BRDA:1530,155,1,37
BRDA:1556,156,0,7
BRDA:1556,157,0,44
BRDA:1556,158,0,41
BRDA:1556,159,0,47
BRDA:1606,160,0,3
BRDA:1606,161,0,9
BRDA:1606,162,0,9
BRDA:1625,163,0,3
BRDA:1626,164,0,1
BRDA:1626,164,1,6
BRDA:1638,165,0,3
BRDA:1638,165,1,1
BRDA:1654,166,0,3852
BRDA:1654,166,1,4
BRDA:1662,167,0,1
BRDA:1662,167,1,1
BRDA:1688,168,0,1426
BRDA:1689,169,0,1
BRDA:1689,169,1,1426
BRDA:1693,170,0,1
BRDA:1693,170,1,1425
BRDA:1706,171,0,845
BRDA:1706,171,1,1
BRDA:1726,172,0,11
BRDA:1726,173,0,197
BRDA:1727,174,0,7
BRDA:1727,174,1,197
BRDA:1727,175,0,204
BRDA:1727,175,1,200
BRDA:1729,176,0,7
BRDA:1729,176,1,3
BRDA:1741,177,0,62
BRDA:1741,177,1,135
BRDA:1742,178,0,62
BRDA:1742,178,1,135
BRDA:1745,179,0,62
BRDA:1745,179,1,135
BRDA:1756,180,0,2
BRDA:1756,181,0,3
BRDA:1766,182,0,26
BRDA:1766,182,1,2
BRDA:1777,183,0,2
BRDA:1777,183,1,63
BRDA:1778,184,0,3
BRDA:1778,184,1,60
BRDA:1782,185,0,60
BRDA:1782,185,1,45
BRDA:1795,186,0,117
BRDA:1795,186,1,117
BRDA:1795,186,2,116
BRDA:1795,186,3,113
BRDA:1795,186,4,112
BRDA:1821,187,0,9
BRDA:1822,188,0,1
BRDA:1822,188,1,42
BRDA:1823,189,0,42
BRDA:1823,189,1,8
BRDA:1824,190,0,2
BRDA:1824,190,1,40
BRDA:1824,191,0,1
BRDA:1824,191,1,1
BRDA:1848,192,0,2
BRDA:1849,193,0,1
BRDA:1849,193,1,25
BRDA:1852,194,0,25
BRDA:1852,194,1,5
BRDA:1868,195,0,3
BRDA:1868,195,1,4
BRDA:1880,196,0,3
BRDA:1880,196,1,4
BRDA:1895,197,0,4
BRDA:1896,198,0,13
BRDA:1896,199,0,6
BRDA:1908,200,0,1
BRDA:2087,201,0,711
BRDA:2087,201,1,7
BRDA:2089,202,0,4
BRDA:2089,202,1,3
BRDA:2089,203,0,7
BRDA:2089,203,1,7
BRDA:2089,203,2,7
BRDA:2091,204,0,2
BRDA:2091,204,1,1
BRDA:2091,205,0,3
BRDA:2091,205,1,3
BRF:386
BRH:385
end_of_record
TN:
SF:/Users/isaaccambron/code/luxon/src/duration.js
FN:117,clone
FN:127,antiTrunc
FN:132,convert
FN:144,normalizeValues
FN:145,(anonymous_4)
FN:174,(anonymous_5)
FN:211,(anonymous_6)
FN:233,(anonymous_7)
FN:266,(anonymous_8)
FN:282,(anonymous_9)
FN:299,(anonymous_10)
FN:331,(anonymous_11)
FN:339,(anonymous_12)
FN:348,(anonymous_13)
FN:372,(anonymous_14)
FN:389,(anonymous_15)
FN:412,(anonymous_16)
FN:437,(anonymous_17)
FN:445,(anonymous_18)
FN:453,(anonymous_19)
FN:462,(anonymous_20)
FN:482,(anonymous_21)
FN:496,(anonymous_22)
FN:513,(anonymous_23)
FN:524,(anonymous_24)
FN:536,(anonymous_25)
FN:555,(anonymous_26)
FN:565,(anonymous_27)
FN:577,(anonymous_28)
FN:584,(anonymous_29)
FN:643,(anonymous_30)
FN:656,(anonymous_31)
FN:664,(anonymous_32)
FN:672,(anonymous_33)
FN:680,(anonymous_34)
FN:688,(anonymous_35)
FN:696,(anonymous_36)
FN:704,(anonymous_37)
FN:712,(anonymous_38)
FN:720,(anonymous_39)
FN:729,(anonymous_40)
FN:737,(anonymous_41)
FN:745,(anonymous_42)
FN:755,(anonymous_43)
FN:776,friendlyDuration
FNF:45
FNH:45
FNDA:1811,clone
FNDA:63,antiTrunc
FNDA:2566,convert
FNDA:1523,normalizeValues
FNDA:13707,(anonymous_4)
FNDA:3610,(anonymous_5)
FNDA:251,(anonymous_6)
FNDA:1778,(anonymous_7)
FNDA:29,(anonymous_8)
FNDA:35,(anonymous_9)
FNDA:8322,(anonymous_10)
FNDA:609,(anonymous_11)
FNDA:6,(anonymous_12)
FNDA:6,(anonymous_13)
FNDA:62,(anonymous_14)
FNDA:1606,(anonymous_15)
FNDA:20,(anonymous_16)
FNDA:1,(anonymous_17)
FNDA:1,(anonymous_18)
FNDA:5,(anonymous_19)
FNDA:60,(anonymous_20)
FNDA:3,(anonymous_21)
FNDA:4,(anonymous_22)
FNDA:1162,(anonymous_23)
FNDA:8,(anonymous_24)
FNDA:7,(anonymous_25)
FNDA:737,(anonymous_26)
FNDA:16,(anonymous_27)
FNDA:1511,(anonymous_28)
FNDA:2076,(anonymous_29)
FNDA:215,(anonymous_30)
FNDA:744,(anonymous_31)
FNDA:673,(anonymous_32)
FNDA:737,(anonymous_33)
FNDA:682,(anonymous_34)
FNDA:816,(anonymous_35)
FNDA:822,(anonymous_36)
FNDA:769,(anonymous_37)
FNDA:759,(anonymous_38)
FNDA:1403,(anonymous_39)
FNDA:11718,(anonymous_40)
FNDA:8,(anonymous_41)
FNDA:2,(anonymous_42)
FNDA:10,(anonymous_43)
FNDA:733,friendlyDuration
DA:16,54
DA:19,54
DA:37,54
DA:67,54
DA:68,54
DA:69,54
DA:102,54
DA:114,54
DA:119,1811
DA:124,1811
DA:128,63
DA:133,2566
DA:134,2566
DA:135,2566
DA:138,2566
DA:139,2566
DA:140,2566
DA:145,1523
DA:146,13707
DA:147,3739
DA:148,2217
DA:150,3739
DA:152,9968
DA:175,3610
DA:179,3610
DA:183,3610
DA:187,3610
DA:191,3610
DA:195,3610
DA:199,3610
DA:212,251
DA:234,1778
DA:235,3
DA:241,1775
DA:267,29
DA:268,29
DA:269,21
DA:270,21
DA:272,8
DA:283,35
DA:284,1
DA:287,34
DA:289,34
DA:290,1
DA:292,33
DA:300,8322
DA:321,8322
DA:323,8316
DA:332,609
DA:340,6
DA:349,6
DA:374,62
DA:377,62
DA:390,1606
DA:392,1605
DA:394,1605
DA:395,1
DA:396,1
DA:397,1
DA:399,1605
DA:414,20
DA:416,19
DA:417,19
DA:418,19
DA:419,19
DA:420,19
DA:421,19
DA:422,17
DA:423,19
DA:424,19
DA:425,19
DA:428,16
DA:429,19
DA:430,19
DA:438,1
DA:446,1
DA:454,5
DA:463,60
DA:465,59
DA:466,58
DA:468,58
DA:469,522
DA:470,89
DA:474,58
DA:483,3
DA:485,2
DA:486,2
DA:497,4
DA:498,3
DA:499,3
DA:500,9
DA:502,2
DA:514,1162
DA:525,8
DA:527,7
DA:528,7
DA:537,7
DA:538,7
DA:540,7
DA:541,1
DA:544,7
DA:556,737
DA:566,16
DA:567,15
DA:568,15
DA:569,15
DA:578,1511
DA:580,1510
DA:581,1
DA:584,2076
DA:586,1508
DA:587,1508
DA:588,1508
DA:591,1508
DA:593,1508
DA:594,13572
DA:595,2074
DA:597,2074
DA:600,2074
DA:601,2815
DA:602,2815
DA:606,2074
DA:607,1442
DA:610,2074
DA:611,2074
DA:612,2074
DA:615,2074
DA:616,4583
DA:617,349
DA:621,11498
DA:622,2267
DA:628,1508
DA:629,4341
DA:630,159
DA:635,1508
DA:644,215
DA:645,214
DA:646,214
DA:647,230
DA:649,214
DA:657,744
DA:665,673
DA:673,737
DA:681,682
DA:689,816
DA:697,822
DA:705,769
DA:713,759
DA:721,1403
DA:730,11718
DA:738,8
DA:746,2
DA:756,10
DA:757,1
DA:760,9
DA:761,2
DA:764,7
DA:765,45
DA:766,4
DA:769,3
DA:777,733
DA:778,132
DA:779,601
DA:780,111
DA:781,490
DA:782,489
DA:784,1
LF:167
LH:167
BRDA:117,0,0,14
BRDA:120,1,0,1797
BRDA:120,1,1,14
BRDA:120,2,0,14
BRDA:120,2,1,7
BRDA:122,3,0,1811
BRDA:122,3,1,1810
BRDA:128,4,0,2
BRDA:128,4,1,61
BRDA:138,5,0,63
BRDA:138,5,1,2503
BRDA:138,6,0,2566
BRDA:138,6,1,406
BRDA:138,6,2,65
BRDA:146,7,0,3739
BRDA:146,7,1,9968
BRDA:147,8,0,2217
BRDA:147,8,1,1522
BRDA:175,9,0,3610
BRDA:175,9,1,3582
BRDA:183,10,0,3610
BRDA:183,10,1,33
BRDA:187,11,0,28
BRDA:187,11,1,3582
BRDA:191,12,0,3610
BRDA:191,12,1,3577
BRDA:195,13,0,28
BRDA:195,13,1,3582
BRDA:234,14,0,3
BRDA:234,14,1,1775
BRDA:234,15,0,1778
BRDA:234,15,1,1776
BRDA:237,16,0,1
BRDA:237,16,1,2
BRDA:268,17,0,21
BRDA:268,17,1,8
BRDA:282,18,0,19
BRDA:283,19,0,1
BRDA:283,19,1,34
BRDA:287,20,0,7
BRDA:287,20,1,27
BRDA:289,21,0,1
BRDA:289,21,1,33
BRDA:319,22,0,8321
BRDA:319,22,1,1
BRDA:321,23,0,6
BRDA:321,23,1,8316
BRDA:332,24,0,609
BRDA:332,24,1,606
BRDA:332,24,2,496
BRDA:340,25,0,5
BRDA:340,25,1,1
BRDA:349,26,0,5
BRDA:349,26,1,1
BRDA:372,27,0,50
BRDA:375,28,0,62
BRDA:375,28,1,56
BRDA:377,29,0,61
BRDA:377,29,1,1
BRDA:389,30,0,1605
BRDA:390,31,0,1
BRDA:390,31,1,1605
BRDA:394,32,0,1
BRDA:394,32,1,1604
BRDA:414,33,0,1
BRDA:414,33,1,19
BRDA:417,34,0,9
BRDA:417,34,1,10
BRDA:418,35,0,7
BRDA:418,35,1,12
BRDA:418,36,0,19
BRDA:418,36,1,12
BRDA:419,37,0,5
BRDA:419,37,1,14
BRDA:420,38,0,5
BRDA:420,38,1,14
BRDA:421,39,0,17
BRDA:421,39,1,2
BRDA:421,40,0,19
BRDA:421,40,1,14
BRDA:421,40,2,13
BRDA:421,40,3,3
BRDA:423,41,0,5
BRDA:423,41,1,14
BRDA:424,42,0,6
BRDA:424,42,1,13
BRDA:425,43,0,16
BRDA:425,43,1,3
BRDA:425,44,0,19
BRDA:425,44,1,4
BRDA:429,45,0,1
BRDA:429,45,1,18
BRDA:463,46,0,1
BRDA:463,46,1,59
BRDA:469,47,0,89
BRDA:469,47,1,433
BRDA:469,48,0,522
BRDA:469,48,1,501
BRDA:483,49,0,1
BRDA:483,49,1,2
BRDA:497,50,0,1
BRDA:497,50,1,3
BRDA:525,51,0,1
BRDA:525,51,1,7
BRDA:536,52,0,1
BRDA:540,53,0,1
BRDA:540,53,1,6
BRDA:556,54,0,736
BRDA:556,54,1,1
BRDA:566,55,0,1
BRDA:566,55,1,15
BRDA:578,56,0,1
BRDA:578,56,1,1510
BRDA:580,57,0,1
BRDA:580,57,1,1509
BRDA:594,58,0,2074
BRDA:594,58,1,11498
BRDA:606,59,0,1442
BRDA:606,59,1,632
BRDA:616,60,0,349
BRDA:616,60,1,4234
BRDA:621,61,0,2267
BRDA:621,61,1,9231
BRDA:629,62,0,159
BRDA:629,62,1,4182
BRDA:631,63,0,63
BRDA:631,63,1,96
BRDA:644,64,0,1
BRDA:644,64,1,214
BRDA:657,65,0,742
BRDA:657,65,1,2
BRDA:657,66,0,742
BRDA:657,66,1,577
BRDA:665,67,0,671
BRDA:665,67,1,2
BRDA:665,68,0,671
BRDA:665,68,1,655
BRDA:673,69,0,735
BRDA:673,69,1,2
BRDA:673,70,0,735
BRDA:673,70,1,553
BRDA:681,71,0,680
BRDA:681,71,1,2
BRDA:681,72,0,680
BRDA:681,72,1,662
BRDA:689,73,0,814
BRDA:689,73,1,2
BRDA:689,74,0,814
BRDA:689,74,1,556
BRDA:697,75,0,820
BRDA:697,75,1,2
BRDA:697,76,0,820
BRDA:697,76,1,687
BRDA:705,77,0,767
BRDA:705,77,1,2
BRDA:705,78,0,767
BRDA:705,78,1,671
BRDA:713,79,0,757
BRDA:713,79,1,2
BRDA:713,80,0,757
BRDA:713,80,1,662
BRDA:721,81,0,1401
BRDA:721,81,1,2
BRDA:721,82,0,1401
BRDA:721,82,1,1017
BRDA:738,83,0,7
BRDA:738,83,1,1
BRDA:746,84,0,1
BRDA:746,84,1,1
BRDA:756,85,0,1
BRDA:756,85,1,9
BRDA:756,86,0,10
BRDA:756,86,1,10
BRDA:760,87,0,2
BRDA:760,87,1,7
BRDA:765,88,0,4
BRDA:765,88,1,41
BRDA:777,89,0,132
BRDA:777,89,1,601
BRDA:779,90,0,111
BRDA:779,90,1,490
BRDA:781,91,0,489
BRDA:781,91,1,1
BRF:183
BRH:183
end_of_record
TN:
SF:/Users/isaaccambron/code/luxon/src/errors.js
FN:12,(anonymous_0)
FN:21,(anonymous_1)
FN:30,(anonymous_2)
FN:44,(anonymous_3)
FN:58,(anonymous_4)
FNF:5
FNH:5
FNDA:6,(anonymous_0)
FNDA:2,(anonymous_1)
FNDA:1,(anonymous_2)
FNDA:11,(anonymous_3)
FNDA:1,(anonymous_4)
DA:13,6
DA:22,2
DA:31,1
DA:45,11
DA:59,1
LF:5
LH:5
BRF:0
BRH:0
end_of_record
TN:
SF:/Users/isaaccambron/code/luxon/src/info.js
FN:18,(anonymous_0)
FN:31,(anonymous_1)
FN:49,(anonymous_2)
FN:69,(anonymous_3)
FN:88,(anonymous_4)
FN:108,(anonymous_5)
FN:123,(anonymous_6)
FN:135,(anonymous_7)
FN:149,(anonymous_8)
FN:164,(anonymous_9)
FNF:10
FNH:10
FNDA:5,(anonymous_0)
FNDA:6,(anonymous_1)
FNDA:18,(anonymous_2)
FNDA:21,(anonymous_3)
FNDA:6,(anonymous_4)
FNDA:13,(anonymous_5)
FNDA:3,(anonymous_6)
FNDA:4,(anonymous_7)
FNDA:8,(anonymous_8)
FNDA:12,(anonymous_9)
DA:19,5
DA:23,5
DA:32,6
DA:50,18
DA:73,21
DA:92,6
DA:109,13
DA:124,3
DA:136,4
DA:150,8
DA:165,12
DA:166,12
DA:167,12
DA:168,12
DA:170,12
DA:171,9
DA:172,9
DA:173,9
DA:175,9
DA:176,9
DA:180,3
DA:184,12
LF:22
LH:22
BRDA:18,0,0,1
BRDA:23,1,0,5
BRDA:23,1,1,5
BRDA:32,2,0,6
BRDA:32,2,1,6
BRDA:70,3,0,1
BRDA:71,4,0,3
BRDA:71,5,0,3
BRDA:71,6,0,20
BRDA:71,7,0,20
BRDA:89,8,0,1
BRDA:90,9,0,1
BRDA:90,10,0,1
BRDA:90,11,0,6
BRDA:90,12,0,6
BRDA:108,13,0,1
BRDA:108,14,0,1
BRDA:108,15,0,1
BRDA:108,16,0,13
BRDA:123,17,0,1
BRDA:123,18,0,1
BRDA:123,19,0,1
BRDA:123,20,0,3
BRDA:135,21,0,1
BRDA:135,22,0,1
BRDA:149,23,0,2
BRDA:149,24,0,6
BRDA:149,25,0,6
BRDA:170,26,0,9
BRDA:170,26,1,3
BRF:30
BRH:30
end_of_record
TN:
SF:/Users/isaaccambron/code/luxon/src/interval.js
FN:10,validateStartEnd
FN:41,(anonymous_1)
FN:66,(anonymous_2)
FN:86,(anonymous_3)
FN:108,(anonymous_4)
FN:120,(anonymous_5)
FN:134,(anonymous_6)
FN:164,(anonymous_7)
FN:172,(anonymous_8)
FN:180,(anonymous_9)
FN:188,(anonymous_10)
FN:196,(anonymous_11)
FN:204,(anonymous_12)
FN:213,(anonymous_13)
FN:224,(anonymous_14)
FN:236,(anonymous_15)
FN:244,(anonymous_16)
FN:253,(anonymous_17)
FN:263,(anonymous_18)
FN:273,(anonymous_19)
FN:285,(anonymous_20)
FN:295,(anonymous_21)
FN:299,(anonymous_22)
FN:322,(anonymous_23)
FN:349,(anonymous_24)
FN:359,(anonymous_25)
FN:368,(anonymous_26)
FN:378,(anonymous_27)
FN:388,(anonymous_28)
FN:398,(anonymous_29)
FN:413,(anonymous_30)
FN:431,(anonymous_31)
FN:444,(anonymous_32)
FN:445,(anonymous_33)
FN:446,(anonymous_34)
FN:468,(anonymous_35)
FN:472,(anonymous_36)
FN:474,(anonymous_37)
FN:498,(anonymous_38)
FN:500,(anonymous_39)
FN:501,(anonymous_40)
FN:508,(anonymous_41)
FN:519,(anonymous_42)
FN:530,(anonymous_43)
FN:542,(anonymous_44)
FN:554,(anonymous_45)
FN:571,(anonymous_46)
FN:585,(anonymous_47)
FNF:48
FNH:48
FNDA:348,validateStartEnd
FNDA:376,(anonymous_1)
FNDA:38,(anonymous_2)
FNDA:349,(anonymous_3)
FNDA:8,(anonymous_4)
FNDA:4,(anonymous_5)
FNDA:12,(anonymous_6)
FNDA:7,(anonymous_7)
FNDA:24,(anonymous_8)
FNDA:21,(anonymous_9)
FNDA:344,(anonymous_10)
FNDA:354,(anonymous_11)
FNDA:1,(anonymous_12)
FNDA:8,(anonymous_13)
FNDA:6,(anonymous_14)
FNDA:4,(anonymous_15)
FNDA:21,(anonymous_16)
FNDA:5,(anonymous_17)
FNDA:6,(anonymous_18)
FNDA:14,(anonymous_19)
FNDA:3,(anonymous_20)
FNDA:6,(anonymous_21)
FNDA:8,(anonymous_22)
FNDA:8,(anonymous_23)
FNDA:4,(anonymous_24)
FNDA:20,(anonymous_25)
FNDA:25,(anonymous_26)
FNDA:6,(anonymous_27)
FNDA:9,(anonymous_28)
FNDA:59,(anonymous_29)
FNDA:22,(anonymous_30)
FNDA:11,(anonymous_31)
FNDA:24,(anonymous_32)
FNDA:20,(anonymous_33)
FNDA:39,(anonymous_34)
FNDA:22,(anonymous_35)
FNDA:56,(anonymous_36)
FNDA:144,(anonymous_37)
FNDA:11,(anonymous_38)
FNDA:18,(anonymous_39)
FNDA:18,(anonymous_40)
FNDA:2,(anonymous_41)
FNDA:3,(anonymous_42)
FNDA:2,(anonymous_43)
FNDA:4,(anonymous_44)
FNDA:4,(anonymous_45)
FNDA:17,(anonymous_46)
FNDA:1,(anonymous_47)
DA:7,54
DA:11,348
DA:12,1
DA:13,347
DA:14,2
DA:15,345
DA:16,4
DA:21,341
DA:45,376
DA:49,376
DA:53,376
DA:57,376
DA:67,38
DA:68,1
DA:71,37
DA:73,37
DA:74,2
DA:76,35
DA:87,349
DA:88,349
DA:90,348
DA:92,347
DA:93,341
DA:98,6
DA:109,8
DA:110,8
DA:111,8
DA:121,4
DA:122,4
DA:123,4
DA:135,12
DA:136,12
DA:137,9
DA:138,9
DA:140,9
DA:141,3
DA:144,6
DA:145,2
DA:146,2
DA:147,2
DA:149,4
DA:150,3
DA:151,3
DA:152,2
DA:156,5
DA:165,7
DA:173,24
DA:181,21
DA:189,344
DA:197,354
DA:205,1
DA:214,8
DA:225,6
DA:226,5
DA:227,5
DA:228,5
DA:237,4
DA:245,21
DA:254,5
DA:255,4
DA:264,6
DA:265,5
DA:274,14
DA:275,13
DA:286,3
DA:287,2
DA:296,6
DA:297,5
DA:299,8
DA:301,5
DA:302,5
DA:303,5
DA:305,5
DA:306,9
DA:307,9
DA:308,9
DA:309,9
DA:310,9
DA:313,5
DA:323,8
DA:325,8
DA:326,3
DA:329,5
DA:333,5
DA:334,5
DA:335,31
DA:336,31
DA:337,31
DA:338,31
DA:341,5
DA:350,4
DA:351,3
DA:360,20
DA:369,25
DA:370,24
DA:379,6
DA:380,5
DA:389,9
DA:390,8
DA:399,59
DA:400,3
DA:403,56
DA:414,22
DA:415,21
DA:416,21
DA:418,21
DA:419,1
DA:421,20
DA:432,11
DA:433,10
DA:434,10
DA:435,10
DA:445,24
DA:447,39
DA:448,19
DA:449,20
DA:450,3
DA:452,17
DA:457,24
DA:458,19
DA:460,24
DA:469,22
DA:470,22
DA:471,22
DA:472,56
DA:473,22
DA:474,144
DA:476,22
DA:477,112
DA:479,112
DA:480,52
DA:482,60
DA:483,34
DA:486,60
DA:490,22
DA:499,11
DA:500,18
DA:501,18
DA:509,2
DA:510,1
DA:520,3
DA:521,2
DA:531,2
DA:532,1
DA:543,4
DA:544,3
DA:555,4
DA:556,3
DA:572,17
DA:573,1
DA:575,16
DA:586,1
LF:152
LH:152
BRDA:11,0,0,1
BRDA:11,0,1,347
BRDA:11,1,0,348
BRDA:11,1,1,348
BRDA:13,2,0,2
BRDA:13,2,1,345
BRDA:13,3,0,347
BRDA:13,3,1,347
BRDA:15,4,0,4
BRDA:15,4,1,341
BRDA:53,5,0,376
BRDA:53,5,1,341
BRDA:66,6,0,29
BRDA:67,7,0,1
BRDA:67,7,1,37
BRDA:71,8,0,0
BRDA:71,8,1,37
BRDA:73,9,0,2
BRDA:73,9,1,35
BRDA:92,10,0,341
BRDA:92,10,1,6
BRDA:135,11,0,12
BRDA:135,11,1,2
BRDA:136,12,0,9
BRDA:136,12,1,3
BRDA:136,13,0,12
BRDA:136,13,1,10
BRDA:140,14,0,3
BRDA:140,14,1,6
BRDA:140,15,0,9
BRDA:140,15,1,5
BRDA:144,16,0,2
BRDA:144,16,1,4
BRDA:146,17,0,2
BRDA:146,17,1,0
BRDA:149,18,0,3
BRDA:149,18,1,1
BRDA:151,19,0,2
BRDA:151,19,1,1
BRDA:165,20,0,7
BRDA:165,20,1,4
BRDA:165,20,2,5
BRDA:173,21,0,23
BRDA:173,21,1,1
BRDA:181,22,0,20
BRDA:181,22,1,1
BRDA:197,23,0,47
BRDA:197,23,1,307
BRDA:205,24,0,0
BRDA:205,24,1,1
BRDA:213,25,0,4
BRDA:214,26,0,7
BRDA:214,26,1,1
BRDA:224,27,0,1
BRDA:225,28,0,1
BRDA:225,28,1,5
BRDA:237,29,0,3
BRDA:237,29,1,1
BRDA:254,30,0,1
BRDA:254,30,1,4
BRDA:264,31,0,1
BRDA:264,31,1,5
BRDA:274,32,0,1
BRDA:274,32,1,13
BRDA:275,33,0,13
BRDA:275,33,1,10
BRDA:285,34,0,0
BRDA:286,35,0,1
BRDA:286,35,1,2
BRDA:287,36,0,2
BRDA:287,36,1,1
BRDA:287,37,0,2
BRDA:287,37,1,1
BRDA:296,38,0,1
BRDA:296,38,1,5
BRDA:306,39,0,9
BRDA:306,39,1,5
BRDA:307,40,0,0
BRDA:307,40,1,9
BRDA:325,41,0,3
BRDA:325,41,1,5
BRDA:325,42,0,8
BRDA:325,42,1,5
BRDA:325,42,2,5
BRDA:336,43,0,3
BRDA:336,43,1,28
BRDA:350,44,0,1
BRDA:350,44,1,3
BRDA:360,45,0,20
BRDA:360,45,1,1
BRDA:369,46,0,1
BRDA:369,46,1,24
BRDA:379,47,0,1
BRDA:379,47,1,5
BRDA:389,48,0,1
BRDA:389,48,1,8
BRDA:390,49,0,8
BRDA:390,49,1,4
BRDA:399,50,0,3
BRDA:399,50,1,56
BRDA:399,51,0,59
BRDA:399,51,1,57
BRDA:403,52,0,56
BRDA:403,52,1,54
BRDA:414,53,0,1
BRDA:414,53,1,21
BRDA:415,54,0,5
BRDA:415,54,1,16
BRDA:416,55,0,4
BRDA:416,55,1,17
BRDA:418,56,0,1
BRDA:418,56,1,20
BRDA:432,57,0,1
BRDA:432,57,1,10
BRDA:433,58,0,7
BRDA:433,58,1,3
BRDA:434,59,0,3
BRDA:434,59,1,7
BRDA:447,60,0,19
BRDA:447,60,1,20
BRDA:449,61,0,3
BRDA:449,61,1,17
BRDA:449,62,0,20
BRDA:449,62,1,19
BRDA:457,63,0,19
BRDA:457,63,1,5
BRDA:477,64,0,56
BRDA:477,64,1,56
BRDA:479,65,0,52
BRDA:479,65,1,60
BRDA:482,66,0,34
BRDA:482,66,1,26
BRDA:482,67,0,60
BRDA:482,67,1,48
BRDA:501,68,0,18
BRDA:501,68,1,18
BRDA:509,69,0,1
BRDA:509,69,1,1
BRDA:520,70,0,1
BRDA:520,70,1,2
BRDA:531,71,0,1
BRDA:531,71,1,1
BRDA:543,72,0,1
BRDA:543,72,1,3
BRDA:554,73,0,3
BRDA:554,74,0,3
BRDA:555,75,0,1
BRDA:555,75,1,3
BRDA:572,76,0,1
BRDA:572,76,1,16
BRF:150
BRH:145
end_of_record
TN:
SF:/Users/isaaccambron/code/luxon/src/luxon.js
FNF:0
FNH:0
LF:0
LH:0
BRF:0
BRH:0
end_of_record
TN:
SF:/Users/isaaccambron/code/luxon/src/settings.js
FN:7,(anonymous_0)
FN:22,(anonymous_1)
FN:33,(anonymous_2)
FN:41,(anonymous_3)
FN:49,(anonymous_4)
FN:61,(anonymous_5)
FN:69,(anonymous_6)
FN:77,(anonymous_7)
FN:85,(anonymous_8)
FN:93,(anonymous_9)
FN:101,(anonymous_10)
FN:109,(anonymous_11)
FN:117,(anonymous_12)
FN:125,(anonymous_13)
FN:133,(anonymous_14)
FNF:15
FNH:15
FNDA:1836,(anonymous_0)
FNDA:1848,(anonymous_1)
FNDA:9,(anonymous_2)
FNDA:1,(anonymous_3)
FNDA:19,(anonymous_4)
FNDA:1901,(anonymous_5)
FNDA:3937,(anonymous_6)
FNDA:16,(anonymous_7)
FNDA:4702,(anonymous_8)
FNDA:2,(anonymous_9)
FNDA:4704,(anonymous_10)
FNDA:2,(anonymous_11)
FNDA:213,(anonymous_12)
FNDA:10,(anonymous_13)
FNDA:45,(anonymous_14)
DA:7,1836
DA:8,54
DA:9,54
DA:10,54
DA:11,54
DA:12,54
DA:23,1848
DA:34,9
DA:42,1
DA:50,19
DA:51,9
DA:53,10
DA:62,1901
DA:70,3937
DA:78,16
DA:86,4702
DA:94,2
DA:102,4704
DA:110,2
DA:118,213
DA:126,10
DA:134,45
DA:135,45
LF:23
LH:23
BRDA:50,0,0,9
BRDA:50,0,1,10
BRDA:62,1,0,1901
BRDA:62,1,1,1890
BRF:4
BRH:4
end_of_record
TN:
SF:/Users/isaaccambron/code/luxon/src/impl/conversions.js
FN:15,unitOutOfRange
FN:22,dayOfWeek
FN:27,computeOrdinal
FN:31,uncomputeOrdinal
FN:33,(anonymous_4)
FN:42,gregorianToWeek
FN:63,weekToGregorian
FN:86,gregorianToOrdinal
FN:93,ordinalToGregorian
FN:100,hasInvalidWeekData
FN:114,hasInvalidOrdinalData
FN:125,hasInvalidGregorianData
FN:139,hasInvalidTimeData
FNF:13
FNH:13
FNDA:17,unitOutOfRange
FNDA:166,dayOfWeek
FNDA:156,computeOrdinal
FNDA:48,uncomputeOrdinal
FNDA:48,(anonymous_4)
FNDA:129,gregorianToWeek
FNDA:37,weekToGregorian
FNDA:27,gregorianToOrdinal
FNDA:11,ordinalToGregorian
FNDA:29,hasInvalidWeekData
FNDA:11,hasInvalidOrdinalData
FNDA:1586,hasInvalidGregorianData
FNDA:1613,hasInvalidTimeData
DA:12,54
DA:13,54
DA:16,17
DA:23,166
DA:24,166
DA:28,156
DA:32,48
DA:33,48
DA:34,48
DA:35,48
DA:43,129
DA:44,129
DA:45,129
DA:47,129
DA:50,129
DA:51,4
DA:52,4
DA:53,125
DA:54,3
DA:55,3
DA:57,122
DA:60,129
DA:64,37
DA:65,37
DA:66,37
DA:68,37
DA:71,37
DA:72,3
DA:73,3
DA:74,34
DA:75,5
DA:76,5
DA:78,29
DA:81,37
DA:83,37
DA:87,27
DA:88,27
DA:90,27
DA:94,11
DA:95,11
DA:97,11
DA:101,29
DA:102,29
DA:103,29
DA:105,29
DA:106,0
DA:107,29
DA:108,2
DA:109,27
DA:110,1
DA:111,26
DA:115,11
DA:116,11
DA:118,11
DA:119,0
DA:120,11
DA:121,1
DA:122,10
DA:126,1586
DA:127,1586
DA:128,1586
DA:130,1586
DA:131,0
DA:132,1586
DA:133,7
DA:134,1579
DA:135,2
DA:136,1577
DA:140,1613
DA:142,1613
DA:144,1613
DA:145,1613
DA:146,1613
DA:148,1613
DA:149,2
DA:150,1611
DA:151,1
DA:152,1610
DA:153,0
DA:154,1610
DA:155,1
DA:156,1609
LF:82
LH:78
BRDA:24,0,0,14
BRDA:24,0,1,152
BRDA:28,1,0,79
BRDA:28,1,1,77
BRDA:32,2,0,36
BRDA:32,2,1,12
BRDA:50,3,0,4
BRDA:50,3,1,125
BRDA:53,4,0,3
BRDA:53,4,1,122
BRDA:71,5,0,3
BRDA:71,5,1,34
BRDA:74,6,0,5
BRDA:74,6,1,29
BRDA:105,7,0,0
BRDA:105,7,1,29
BRDA:107,8,0,2
BRDA:107,8,1,27
BRDA:109,9,0,1
BRDA:109,9,1,26
BRDA:118,10,0,0
BRDA:118,10,1,11
BRDA:120,11,0,1
BRDA:120,11,1,10
BRDA:130,12,0,0
BRDA:130,12,1,1586
BRDA:132,13,0,7
BRDA:132,13,1,1579
BRDA:134,14,0,2
BRDA:134,14,1,1577
BRDA:142,15,0,1613
BRDA:142,15,1,3
BRDA:142,15,2,2
BRDA:142,15,3,1
BRDA:142,15,4,1
BRDA:148,16,0,2
BRDA:148,16,1,1611
BRDA:150,17,0,1
BRDA:150,17,1,1610
BRDA:152,18,0,0
BRDA:152,18,1,1610
BRDA:154,19,0,1
BRDA:154,19,1,1609
BRF:43
BRH:39
end_of_record
TN:
SF:/Users/isaaccambron/code/luxon/src/impl/diff.js
FN:3,dayDiff
FN:4,(anonymous_1)
FN:13,highOrderDiffs
FN:15,(anonymous_3)
FN:16,(anonymous_4)
FN:19,(anonymous_5)
FN:51,(anonymous_6)
FN:57,(anonymous_7)
FNF:8
FNH:8
FNDA:66,dayDiff
FNDA:132,(anonymous_1)
FNDA:197,highOrderDiffs
FNDA:54,(anonymous_3)
FNDA:42,(anonymous_4)
FNDA:7,(anonymous_5)
FNDA:197,(anonymous_6)
FNDA:214,(anonymous_7)
DA:4,66
DA:5,132
DA:9,66
DA:10,66
DA:14,197
DA:15,54
DA:16,42
DA:20,7
DA:21,7
DA:27,197
DA:30,197
DA:31,788
DA:32,162
DA:34,162
DA:35,162
DA:37,162
DA:38,29
DA:39,29
DA:41,133
DA:44,162
DA:48,197
DA:52,197
DA:54,197
DA:56,197
DA:57,214
DA:60,197
DA:61,148
DA:62,71
DA:65,148
DA:66,94
DA:70,197
DA:72,197
DA:73,49
DA:77,148
LF:34
LH:34
BRDA:31,0,0,162
BRDA:31,0,1,626
BRDA:37,1,0,29
BRDA:37,1,1,133
BRDA:60,2,0,148
BRDA:60,2,1,49
BRDA:61,3,0,71
BRDA:61,3,1,77
BRDA:65,4,0,94
BRDA:65,4,1,54
BRDA:66,5,0,94
BRDA:66,5,1,77
BRDA:72,6,0,49
BRDA:72,6,1,148
BRF:14
BRH:14
end_of_record
TN:
SF:/Users/isaaccambron/code/luxon/src/impl/digits.js
FN:50,parseDigits
FN:74,digitRegex
FNF:2
FNH:2
FNDA:539,parseDigits
FNDA:13585,digitRegex
DA:1,54
DA:25,54
DA:48,54
DA:51,539
DA:52,539
DA:53,99
DA:54,99
DA:55,238
DA:57,238
DA:58,12
DA:60,226
DA:61,4294
DA:62,4294
DA:63,225
DA:68,99
DA:70,440
DA:75,13585
LF:17
LH:17
BRDA:52,0,0,99
BRDA:52,0,1,440
BRDA:57,1,0,12
BRDA:57,1,1,226
BRDA:62,2,0,225
BRDA:62,2,1,4069
BRDA:62,3,0,4294
BRDA:62,3,1,2272
BRDA:74,4,0,1235
BRDA:75,5,0,13585
BRDA:75,5,1,10725
BRF:11
BRH:11
end_of_record
TN:
SF:/Users/isaaccambron/code/luxon/src/impl/english.js
FN:4,stringify
FN:44,months
FN:75,weekdays
FN:98,eras
FN:111,meridiemForDateTime
FN:115,weekdayForDateTime
FN:119,monthForDateTime
FN:123,eraForDateTime
FN:127,formatRelativeTime
FN:168,formatString
FNF:10
FNH:10
FNDA:297,stringify
FNDA:65,months
FNDA:55,weekdays
FNDA:16,eras
FNDA:17,meridiemForDateTime
FNDA:25,weekdayForDateTime
FNDA:33,monthForDateTime
FNDA:7,eraForDateTime
FNDA:106,formatRelativeTime
FNDA:26,formatString
DA:5,297
DA:12,55
DA:27,55
DA:42,55
DA:45,65
DA:47,4
DA:49,28
DA:51,28
DA:53,3
DA:55,2
DA:57,0
DA:61,55
DA:71,55
DA:73,55
DA:76,55
DA:78,4
DA:80,29
DA:82,21
DA:84,1
DA:86,0
DA:90,55
DA:92,55
DA:94,55
DA:96,55
DA:99,16
DA:101,2
DA:103,8
DA:105,6
DA:107,0
DA:112,17
DA:116,25
DA:120,33
DA:124,7
DA:128,106
DA:139,106
DA:141,106
DA:142,38
DA:143,38
DA:145,11
DA:147,6
DA:149,9
DA:154,80
DA:155,80
DA:156,80
DA:157,80
DA:158,80
DA:165,80
DA:171,26
DA:183,26
DA:184,26
DA:185,26
DA:187,3
DA:189,1
DA:191,2
DA:193,1
DA:195,1
DA:197,1
DA:199,1
DA:201,1
DA:203,1
DA:205,1
DA:207,1
DA:209,1
DA:211,1
DA:213,2
DA:215,1
DA:217,1
DA:219,1
DA:221,1
DA:223,1
DA:225,1
DA:227,1
DA:229,1
LF:73
LH:70
BRDA:45,0,0,4
BRDA:45,0,1,28
BRDA:45,0,2,28
BRDA:45,0,3,3
BRDA:45,0,4,2
BRDA:45,0,5,0
BRDA:76,1,0,4
BRDA:76,1,1,29
BRDA:76,1,2,21
BRDA:76,1,3,1
BRDA:76,1,4,0
BRDA:99,2,0,2
BRDA:99,2,1,8
BRDA:99,2,2,6
BRDA:99,2,3,0
BRDA:112,3,0,16
BRDA:112,3,1,1
BRDA:124,4,0,3
BRDA:124,4,1,4
BRDA:127,5,0,0
BRDA:127,6,0,27
BRDA:141,7,0,38
BRDA:141,7,1,68
BRDA:141,8,0,106
BRDA:141,8,1,43
BRDA:143,9,0,11
BRDA:143,9,1,6
BRDA:143,9,2,9
BRDA:143,9,3,12
BRDA:145,10,0,5
BRDA:145,10,1,6
BRDA:147,11,0,2
BRDA:147,11,1,4
BRDA:149,12,0,8
BRDA:149,12,1,1
BRDA:154,13,0,80
BRDA:154,13,1,78
BRDA:158,14,0,12
BRDA:158,14,1,68
BRDA:159,15,0,7
BRDA:159,15,1,5
BRDA:161,16,0,5
BRDA:161,16,1,4
BRDA:162,17,0,28
BRDA:162,17,1,40
BRDA:165,18,0,33
BRDA:165,18,1,47
BRDA:185,19,0,3
BRDA:185,19,1,1
BRDA:185,19,2,2
BRDA:185,19,3,1
BRDA:185,19,4,1
BRDA:185,19,5,1
BRDA:185,19,6,1
BRDA:185,19,7,1
BRDA:185,19,8,1
BRDA:185,19,9,1
BRDA:185,19,10,1
BRDA:185,19,11,1
BRDA:185,19,12,1
BRDA:185,19,13,2
BRDA:185,19,14,1
BRDA:185,19,15,1
BRDA:185,19,16,1
BRDA:185,19,17,1
BRDA:185,19,18,1
BRDA:185,19,19,1
BRDA:185,19,20,1
BRDA:185,19,21,1
BRF:69
BRH:65
end_of_record
TN:
SF:/Users/isaaccambron/code/luxon/src/impl/formats.js
FNF:0
FNH:0
DA:5,55
DA:6,55
DA:7,55
DA:9,55
DA:15,55
DA:21,55
DA:27,55
DA:34,55
DA:39,55
DA:45,55
DA:52,55
DA:59,55
DA:68,55
DA:78,55
DA:89,55
DA:100,55
DA:111,55
DA:120,55
DA:128,55
DA:137,55
DA:146,55
DA:155,55
DA:165,55
DA:175,55
LF:24
LH:24
BRF:0
BRH:0
end_of_record
TN:
SF:/Users/isaaccambron/code/luxon/src/impl/formatter.js
FN:5,stringifyTokens
FN:45,(anonymous_1)
FN:49,(anonymous_2)
FN:83,(anonymous_3)
FN:87,(anonymous_4)
FN:93,(anonymous_5)
FN:101,(anonymous_6)
FN:106,(anonymous_7)
FN:111,(anonymous_8)
FN:116,(anonymous_9)
FN:131,(anonymous_10)
FN:135,(anonymous_11)
FN:136,(anonymous_12)
FN:143,(anonymous_13)
FN:147,(anonymous_14)
FN:151,(anonymous_15)
FN:158,(anonymous_16)
FN:166,(anonymous_17)
FN:168,(anonymous_18)
FN:349,(anonymous_19)
FN:350,(anonymous_20)
FN:370,(anonymous_21)
FN:370,(anonymous_22)
FN:380,(anonymous_23)
FN:383,(anonymous_24)
FNF:25
FNH:25
FNDA:482,stringifyTokens
FNDA:586,(anonymous_1)
FNDA:703,(anonymous_2)
FNDA:1638,(anonymous_3)
FNDA:586,(anonymous_4)
FNDA:122,(anonymous_5)
FNDA:46,(anonymous_6)
FNDA:55,(anonymous_7)
FNDA:3,(anonymous_8)
FNDA:688,(anonymous_9)
FNDA:421,(anonymous_10)
FNDA:16,(anonymous_11)
FNDA:68,(anonymous_12)
FNDA:19,(anonymous_13)
FNDA:41,(anonymous_14)
FNDA:27,(anonymous_15)
FNDA:584,(anonymous_16)
FNDA:9,(anonymous_17)
FNDA:1348,(anonymous_18)
FNDA:61,(anonymous_19)
FNDA:278,(anonymous_20)
FNDA:61,(anonymous_21)
FNDA:139,(anonymous_22)
FNDA:139,(anonymous_23)
FNDA:139,(anonymous_24)
DA:6,482
DA:7,482
DA:8,1493
DA:9,6
DA:11,1487
DA:14,482
DA:17,54
DA:46,586
DA:50,703
DA:51,703
DA:52,703
DA:53,703
DA:54,703
DA:55,4851
DA:56,4851
DA:57,58
DA:58,58
DA:60,58
DA:61,58
DA:62,58
DA:63,4793
DA:64,40
DA:65,4753
DA:66,2212
DA:68,2541
DA:69,1814
DA:71,2541
DA:72,2541
DA:76,703
DA:77,698
DA:80,703
DA:84,1638
DA:88,586
DA:89,586
DA:90,586
DA:94,122
DA:95,122
DA:97,122
DA:98,122
DA:102,46
DA:103,46
DA:107,55
DA:108,55
DA:112,3
DA:113,3
DA:118,688
DA:119,389
DA:122,299
DA:124,299
DA:125,218
DA:128,299
DA:132,421
DA:134,421
DA:135,421
DA:136,421
DA:137,68
DA:138,26
DA:141,42
DA:143,421
DA:144,19
DA:147,421
DA:148,41
DA:151,421
DA:152,27
DA:158,421
DA:159,584
DA:160,584
DA:161,122
DA:163,462
DA:166,421
DA:167,9
DA:168,421
DA:170,1348
DA:173,6
DA:177,57
DA:180,3
DA:182,68
DA:185,3
DA:187,90
DA:190,23
DA:192,6
DA:194,4
DA:196,75
DA:200,5
DA:203,55
DA:206,8
DA:209,2
DA:212,2
DA:216,6
DA:219,19
DA:222,20
DA:224,60
DA:228,2
DA:231,6
DA:234,1
DA:237,1
DA:241,1
DA:244,13
DA:247,5
DA:250,1
DA:254,1
DA:259,0
DA:264,18
DA:267,13
DA:270,1
DA:274,6
DA:279,50
DA:284,3
DA:287,5
DA:290,1
DA:294,3
DA:297,3
DA:302,84
DA:307,4
DA:313,4
DA:316,3
DA:318,2
DA:320,1
DA:322,2
DA:324,2
DA:326,3
DA:328,3
DA:330,3
DA:333,2
DA:336,2
DA:338,2
DA:340,1
DA:342,584
DA:346,421
DA:350,61
DA:351,278
DA:353,24
DA:355,44
DA:357,36
DA:359,32
DA:361,24
DA:363,22
DA:365,18
DA:367,78
DA:370,61
DA:371,139
DA:372,139
DA:373,100
DA:375,39
DA:378,61
DA:379,61
DA:380,139
DA:383,139
DA:384,61
LF:149
LH:148
BRDA:8,0,0,6
BRDA:8,0,1,1487
BRDA:45,1,0,310
BRDA:56,2,0,58
BRDA:56,2,1,4793
BRDA:57,3,0,58
BRDA:57,3,1,0
BRDA:63,4,0,40
BRDA:63,4,1,4753
BRDA:65,5,0,2212
BRDA:65,5,1,2541
BRDA:68,6,0,1814
BRDA:68,6,1,727
BRDA:76,7,0,698
BRDA:76,7,1,5
BRDA:94,8,0,122
BRDA:94,8,1,0
BRDA:101,9,0,46
BRDA:106,10,0,55
BRDA:111,11,0,3
BRDA:116,12,0,82
BRDA:118,13,0,389
BRDA:118,13,1,299
BRDA:124,14,0,218
BRDA:124,14,1,81
BRDA:134,15,0,421
BRDA:134,15,1,2
BRDA:134,15,2,2
BRDA:137,16,0,26
BRDA:137,16,1,42
BRDA:137,17,0,68
BRDA:137,17,1,48
BRDA:137,17,2,31
BRDA:141,18,0,42
BRDA:141,18,1,0
BRDA:144,19,0,17
BRDA:144,19,1,2
BRDA:148,20,0,33
BRDA:148,20,1,8
BRDA:150,21,0,4
BRDA:150,21,1,4
BRDA:152,22,0,25
BRDA:152,22,1,2
BRDA:155,23,0,1
BRDA:155,23,1,1
BRDA:160,24,0,122
BRDA:160,24,1,462
BRDA:167,25,0,7
BRDA:167,25,1,2
BRDA:170,26,0,6
BRDA:170,26,1,4
BRDA:170,26,2,57
BRDA:170,26,3,3
BRDA:170,26,4,68
BRDA:170,26,5,3
BRDA:170,26,6,90
BRDA:170,26,7,23
BRDA:170,26,8,6
BRDA:170,26,9,4
BRDA:170,26,10,75
BRDA:170,26,11,5
BRDA:170,26,12,55
BRDA:170,26,13,8
BRDA:170,26,14,2
BRDA:170,26,15,2
BRDA:170,26,16,6
BRDA:170,26,17,19
BRDA:170,26,18,20
BRDA:170,26,19,60
BRDA:170,26,20,2
BRDA:170,26,21,6
BRDA:170,26,22,1
BRDA:170,26,23,1
BRDA:170,26,24,1
BRDA:170,26,25,13
BRDA:170,26,26,5
BRDA:170,26,27,1
BRDA:170,26,28,1
BRDA:170,26,29,0
BRDA:170,26,30,18
BRDA:170,26,31,13
BRDA:170,26,32,1
BRDA:170,26,33,6
BRDA:170,26,34,50
BRDA:170,26,35,3
BRDA:170,26,36,5
BRDA:170,26,37,1
BRDA:170,26,38,3
BRDA:170,26,39,3
BRDA:170,26,40,84
BRDA:170,26,41,4
BRDA:170,26,42,4
BRDA:170,26,43,3
BRDA:170,26,44,2
BRDA:170,26,45,1
BRDA:170,26,46,2
BRDA:170,26,47,2
BRDA:170,26,48,3
BRDA:170,26,49,3
BRDA:170,26,50,3
BRDA:170,26,51,2
BRDA:170,26,52,2
BRDA:170,26,53,2
BRDA:170,26,54,1
BRDA:170,26,55,584
BRDA:190,27,0,5
BRDA:190,27,1,18
BRDA:192,28,0,1
BRDA:192,28,1,5
BRDA:222,29,0,0
BRDA:222,29,1,20
BRDA:224,30,0,0
BRDA:224,30,1,60
BRDA:254,31,0,0
BRDA:254,31,1,1
BRDA:259,32,0,0
BRDA:259,32,1,0
BRDA:274,33,0,0
BRDA:274,33,1,6
BRDA:279,34,0,0
BRDA:279,34,1,50
BRDA:294,35,0,0
BRDA:294,35,1,3
BRDA:297,36,0,0
BRDA:297,36,1,3
BRDA:302,37,0,2
BRDA:302,37,1,82
BRDA:307,38,0,0
BRDA:307,38,1,4
BRDA:351,39,0,24
BRDA:351,39,1,44
BRDA:351,39,2,36
BRDA:351,39,3,32
BRDA:351,39,4,24
BRDA:351,39,5,22
BRDA:351,39,6,18
BRDA:351,39,7,78
BRDA:372,40,0,100
BRDA:372,40,1,39
BRDA:380,41,0,0
BRDA:380,41,1,139
BRF:141
BRH:126
end_of_record
TN:
SF:/Users/isaaccambron/code/luxon/src/impl/invalid.js
FN:2,(anonymous_0)
FN:7,(anonymous_1)
FNF:2
FNH:2
FNDA:208,(anonymous_0)
FNDA:9,(anonymous_1)
DA:3,208
DA:4,208
DA:8,9
DA:9,3
DA:11,6
LF:5
LH:5
BRDA:8,0,0,3
BRDA:8,0,1,6
BRF:2
BRH:2
end_of_record
TN:
SF:/Users/isaaccambron/code/luxon/src/impl/locale.js
FN:8,getCachedDTF
FN:19,getCachedINF
FN:30,getCachedRTF
FN:41,systemLocale
FN:55,parseLocaleString
FN:82,intlConfigString
FN:103,mapMonths
FN:112,mapWeekdays
FN:121,listStuff
FN:133,supportsFastNumbers
FN:151,(anonymous_10)
FN:162,(anonymous_11)
FN:179,(anonymous_12)
FN:216,(anonymous_13)
FN:226,(anonymous_14)
FN:236,(anonymous_15)
FN:253,(anonymous_16)
FN:260,(anonymous_17)
FN:268,(anonymous_18)
FN:282,(anonymous_19)
FN:286,(anonymous_20)
FN:295,(anonymous_21)
FN:302,(anonymous_22)
FN:306,(anonymous_23)
FN:323,(anonymous_24)
FN:331,(anonymous_25)
FN:348,(anonymous_26)
FN:361,(anonymous_27)
FN:365,(anonymous_28)
FN:369,(anonymous_29)
FN:370,(anonymous_30)
FN:374,(anonymous_31)
FN:380,(anonymous_32)
FN:381,(anonymous_33)
FN:387,(anonymous_34)
FN:395,(anonymous_35)
FN:400,(anonymous_36)
FN:401,(anonymous_37)
FN:407,(anonymous_38)
FN:416,(anonymous_39)
FN:417,(anonymous_40)
FN:423,(anonymous_41)
FN:432,(anonymous_42)
FN:435,(anonymous_43)
FN:439,(anonymous_44)
FN:445,(anonymous_45)
FN:449,(anonymous_46)
FN:453,(anonymous_47)
FN:461,(anonymous_48)
FNF:49
FNH:47
FNDA:839,getCachedDTF
FNDA:23,getCachedINF
FNDA:0,getCachedRTF
FNDA:3573,systemLocale
FNDA:4755,parseLocaleString
FNDA:4755,intlConfigString
FNDA:44,mapMonths
FNDA:7,mapWeekdays
FNDA:159,listStuff
FNDA:166,supportsFastNumbers
FNDA:299,(anonymous_10)
FNDA:299,(anonymous_11)
FNDA:863,(anonymous_12)
FNDA:168,(anonymous_13)
FNDA:692,(anonymous_14)
FNDA:3,(anonymous_15)
FNDA:67,(anonymous_16)
FNDA:67,(anonymous_17)
FNDA:0,(anonymous_18)
FNDA:221,(anonymous_19)
FNDA:4755,(anonymous_20)
FNDA:45,(anonymous_21)
FNDA:2766,(anonymous_22)
FNDA:4755,(anonymous_23)
FNDA:299,(anonymous_24)
FNDA:580,(anonymous_25)
FNDA:2461,(anonymous_26)
FNDA:284,(anonymous_27)
FNDA:122,(anonymous_28)
FNDA:78,(anonymous_29)
FNDA:44,(anonymous_30)
FNDA:528,(anonymous_31)
FNDA:37,(anonymous_32)
FNDA:7,(anonymous_33)
FNDA:49,(anonymous_34)
FNDA:33,(anonymous_35)
FNDA:13,(anonymous_36)
FNDA:20,(anonymous_37)
FNDA:40,(anonymous_38)
FNDA:11,(anonymous_39)
FNDA:2,(anonymous_40)
FNDA:4,(anonymous_41)
FNDA:637,(anonymous_42)
FNDA:1249,(anonymous_43)
FNDA:299,(anonymous_44)
FNDA:863,(anonymous_45)
FNDA:67,(anonymous_46)
FNDA:647,(anonymous_47)
FNDA:121,(anonymous_48)
DA:7,54
DA:9,839
DA:10,839
DA:11,839
DA:12,182
DA:13,182
DA:15,839
DA:18,54
DA:20,23
DA:21,23
DA:22,23
DA:23,8
DA:24,8
DA:26,23
DA:29,54
DA:31,0
DA:32,0
DA:33,0
DA:34,0
DA:35,0
DA:37,0
DA:40,54
DA:42,3573
DA:43,3500
DA:44,73
DA:45,61
DA:47,61
DA:48,61
DA:50,12
DA:51,12
DA:64,4755
DA:65,4755
DA:66,4752
DA:69,3
DA:70,3
DA:71,3
DA:73,0
DA:76,3
DA:78,3
DA:83,4755
DA:84,4680
DA:85,100
DA:87,100
DA:88,55
DA:91,100
DA:92,57
DA:94,100
DA:96,4580
DA:99,75
DA:104,44
DA:105,44
DA:106,528
DA:107,528
DA:109,44
DA:113,7
DA:114,7
DA:115,49
DA:116,49
DA:118,7
DA:122,159
DA:124,159
DA:125,2
DA:126,157
DA:127,84
DA:129,73
DA:134,166
DA:135,2
DA:137,164
DA:152,299
DA:153,299
DA:155,299
DA:156,23
DA:157,23
DA:158,23
DA:163,299
DA:164,23
DA:165,23
DA:168,276
DA:169,276
DA:180,863
DA:181,863
DA:184,863
DA:194,708
DA:195,708
DA:196,1
DA:198,707
DA:200,155
DA:201,129
DA:203,26
DA:204,26
DA:207,863
DA:208,836
DA:209,836
DA:210,733
DA:212,836
DA:217,168
DA:218,142
DA:220,26
DA:221,26
DA:222,26
DA:227,692
DA:228,690
DA:232,2
DA:237,3
DA:238,3
DA:240,0
DA:254,67
DA:255,67
DA:256,0
DA:261,67
DA:262,0
DA:264,67
DA:269,0
DA:270,0
DA:272,0
DA:283,221
DA:287,4755
DA:289,4755
DA:290,4755
DA:291,4755
DA:292,4755
DA:296,45
DA:297,45
DA:298,45
DA:299,45
DA:303,2766
DA:307,4755
DA:309,4755
DA:310,4755
DA:311,4755
DA:312,4755
DA:314,4755
DA:315,4755
DA:316,4755
DA:317,4755
DA:319,4755
DA:320,4755
DA:324,299
DA:325,166
DA:328,299
DA:332,580
DA:333,580
DA:334,580
DA:336,580
DA:339,580
DA:340,2
DA:341,578
DA:342,406
DA:344,172
DA:349,2461
DA:350,1812
DA:352,649
DA:362,284
DA:366,122
DA:370,78
DA:371,44
DA:372,44
DA:373,44
DA:374,528
DA:376,44
DA:381,37
DA:382,7
DA:385,7
DA:386,7
DA:387,7
DA:388,49
DA:391,7
DA:396,33
DA:400,13
DA:404,20
DA:405,20
DA:406,20
DA:407,40
DA:411,20
DA:417,11
DA:418,2
DA:422,2
DA:423,2
DA:424,4
DA:428,2
DA:433,637
DA:434,637
DA:435,1249
DA:436,637
DA:442,299
DA:446,863
DA:450,67
DA:454,647
DA:462,121
LF:189
LH:176
BRDA:8,0,0,3
BRDA:11,1,0,182
BRDA:11,1,1,657
BRDA:19,2,0,0
BRDA:22,3,0,8
BRDA:22,3,1,15
BRDA:30,4,0,0
BRDA:33,5,0,0
BRDA:33,5,1,0
BRDA:42,6,0,3500
BRDA:42,6,1,73
BRDA:44,7,0,61
BRDA:44,7,1,12
BRDA:47,8,0,0
BRDA:47,8,1,61
BRDA:47,9,0,61
BRDA:47,9,1,61
BRDA:65,10,0,4752
BRDA:65,10,1,3
BRDA:83,11,0,4680
BRDA:83,11,1,75
BRDA:84,12,0,100
BRDA:84,12,1,4580
BRDA:84,13,0,4680
BRDA:84,13,1,4625
BRDA:87,14,0,55
BRDA:87,14,1,45
BRDA:91,15,0,57
BRDA:91,15,1,43
BRDA:124,16,0,2
BRDA:124,16,1,157
BRDA:126,17,0,84
BRDA:126,17,1,73
BRDA:134,18,0,2
BRDA:134,18,1,164
BRDA:134,19,0,166
BRDA:134,19,1,2
BRDA:138,20,0,164
BRDA:138,20,1,164
BRDA:138,20,2,164
BRDA:138,20,3,15
BRDA:138,20,4,15
BRDA:152,21,0,299
BRDA:152,21,1,81
BRDA:153,22,0,299
BRDA:153,22,1,211
BRDA:155,23,0,23
BRDA:155,23,1,276
BRDA:155,24,0,299
BRDA:155,24,1,23
BRDA:157,25,0,15
BRDA:157,25,1,8
BRDA:163,26,0,23
BRDA:163,26,1,276
BRDA:164,27,0,7
BRDA:164,27,1,16
BRDA:168,28,0,81
BRDA:168,28,1,195
BRDA:184,29,0,708
BRDA:184,29,1,155
BRDA:184,30,0,863
BRDA:184,30,1,709
BRDA:195,31,0,1
BRDA:195,31,1,707
BRDA:198,32,0,706
BRDA:198,32,1,1
BRDA:200,33,0,129
BRDA:200,33,1,26
BRDA:207,34,0,836
BRDA:207,34,1,27
BRDA:209,35,0,733
BRDA:209,35,1,103
BRDA:217,36,0,142
BRDA:217,36,1,26
BRDA:227,37,0,690
BRDA:227,37,1,2
BRDA:227,38,0,692
BRDA:227,38,1,691
BRDA:237,39,0,3
BRDA:237,39,1,0
BRDA:255,40,0,0
BRDA:255,40,1,67
BRDA:255,41,0,67
BRDA:255,41,1,2
BRDA:261,42,0,0
BRDA:261,42,1,67
BRDA:269,43,0,0
BRDA:269,43,1,0
BRDA:286,44,0,3885
BRDA:287,45,0,4755
BRDA:287,45,1,3929
BRDA:289,46,0,4755
BRDA:289,46,1,3922
BRDA:289,47,0,349
BRDA:289,47,1,3573
BRDA:290,48,0,4755
BRDA:290,48,1,4701
BRDA:291,49,0,4755
BRDA:291,49,1,4703
BRDA:302,50,0,0
BRDA:310,51,0,4755
BRDA:310,51,1,4700
BRDA:310,51,2,4698
BRDA:311,52,0,4755
BRDA:311,52,1,4702
BRDA:311,52,2,4700
BRDA:324,53,0,166
BRDA:324,53,1,133
BRDA:331,54,0,421
BRDA:333,55,0,580
BRDA:333,55,1,550
BRDA:336,56,0,580
BRDA:336,56,1,42
BRDA:336,56,2,538
BRDA:336,56,3,36
BRDA:339,57,0,2
BRDA:339,57,1,578
BRDA:339,58,0,580
BRDA:339,58,1,48
BRDA:339,58,2,12
BRDA:339,59,0,48
BRDA:339,59,1,36
BRDA:341,60,0,406
BRDA:341,60,1,172
BRDA:341,61,0,578
BRDA:341,61,1,532
BRDA:341,61,2,384
BRDA:349,62,0,1812
BRDA:349,62,1,649
BRDA:349,63,0,2461
BRDA:349,63,1,657
BRDA:353,64,0,649
BRDA:353,64,1,499
BRDA:354,65,0,649
BRDA:354,65,1,633
BRDA:355,66,0,649
BRDA:355,66,1,640
BRDA:356,67,0,649
BRDA:356,67,1,365
BRDA:361,68,0,0
BRDA:365,69,0,122
BRDA:369,70,0,21
BRDA:369,71,0,27
BRDA:371,72,0,32
BRDA:371,72,1,12
BRDA:372,73,0,32
BRDA:372,73,1,12
BRDA:373,74,0,44
BRDA:373,74,1,0
BRDA:380,75,0,13
BRDA:380,76,0,16
BRDA:382,77,0,0
BRDA:382,77,1,7
BRDA:385,78,0,0
BRDA:385,78,1,7
BRDA:386,79,0,7
BRDA:386,79,1,0
BRDA:395,80,0,33
BRDA:404,81,0,20
BRDA:404,81,1,0
BRDA:416,82,0,8
BRDA:422,83,0,2
BRDA:422,83,1,0
BRDA:436,84,0,637
BRDA:436,84,1,0
BRDA:439,85,0,0
BRDA:442,86,0,299
BRDA:442,86,1,299
BRDA:445,87,0,0
BRDA:449,88,0,0
BRDA:455,89,0,647
BRDA:455,89,1,631
BRDA:455,89,2,162
BRDA:455,89,3,160
BRDA:463,90,0,121
BRDA:463,90,1,119
BRDA:463,90,2,117
BRF:177
BRH:155
end_of_record
TN:
SF:/Users/isaaccambron/code/luxon/src/impl/regexParser.js
FN:23,combineRegexes
FN:24,(anonymous_1)
FN:28,combineExtractors
FN:29,(anonymous_3)
FN:32,(anonymous_4)
FN:41,parse
FN:55,simpleParse
FN:56,(anonymous_7)
FN:83,int
FN:88,extractISOYmd
FN:98,extractISOTime
FN:109,extractISOOffset
FN:116,extractIANAZone
FN:125,extractISODuration
FN:167,fromStrings
FN:190,extractRFC2822
FN:219,preprocessRFC2822
FN:233,extractRFC1123Or850
FN:239,extractASCII
FN:267,parseISODate
FN:277,parseRFC2822Date
FN:281,parseHTTPDate
FN:290,parseISODuration
FN:309,parseSQL
FNF:24
FNH:24
FNDA:324,combineRegexes
FNDA:540,(anonymous_1)
FNDA:324,combineExtractors
FNDA:166,(anonymous_3)
FNDA:501,(anonymous_4)
FNDA:246,parse
FNDA:108,simpleParse
FNDA:10,(anonymous_7)
FNDA:945,int
FNDA:149,extractISOYmd
FNDA:166,extractISOTime
FNDA:163,extractISOOffset
FNDA:13,extractIANAZone
FNDA:21,extractISODuration
FNDA:28,fromStrings
FNDA:21,extractRFC2822
FNDA:23,preprocessRFC2822
FNDA:4,extractRFC1123Or850
FNDA:3,extractASCII
FNDA:174,parseISODate
FNDA:23,parseRFC2822Date
FNDA:7,parseHTTPDate
FNDA:29,parseISODuration
FNDA:13,parseSQL
DA:24,540
DA:25,324
DA:29,324
DA:30,166
DA:33,501
DA:34,501
DA:42,246
DA:43,1
DA:46,245
DA:47,343
DA:48,343
DA:49,215
DA:52,30
DA:56,108
DA:57,10
DA:60,10
DA:61,27
DA:63,10
DA:68,54
DA:69,54
DA:70,54
DA:71,54
DA:72,54
DA:73,54
DA:74,54
DA:75,54
DA:76,54
DA:77,54
DA:78,54
DA:81,54
DA:84,945
DA:85,945
DA:89,149
DA:95,149
DA:99,166
DA:106,166
DA:110,163
DA:111,163
DA:112,163
DA:113,163
DA:117,13
DA:118,13
DA:123,54
DA:136,21
DA:138,21
DA:155,54
DA:168,28
DA:176,28
DA:177,28
DA:178,21
DA:184,28
DA:188,54
DA:204,21
DA:205,21
DA:208,21
DA:209,6
DA:210,15
DA:211,4
DA:213,11
DA:216,21
DA:221,23
DA:229,54
DA:230,54
DA:231,54
DA:234,4
DA:235,4
DA:236,4
DA:240,3
DA:241,3
DA:242,3
DA:245,54
DA:246,54
DA:247,54
DA:248,54
DA:250,54
DA:255,54
DA:260,54
DA:261,54
DA:268,174
DA:278,23
DA:282,7
DA:291,29
DA:294,54
DA:295,54
DA:297,54
DA:303,54
DA:310,13
LF:87
LH:87
BRDA:34,0,0,501
BRDA:34,0,1,498
BRDA:42,1,0,1
BRDA:42,1,1,245
BRDA:48,2,0,215
BRDA:48,2,1,128
BRDA:85,3,0,236
BRDA:85,3,1,709
BRDA:110,4,0,163
BRDA:110,4,1,158
BRDA:112,5,0,151
BRDA:112,5,1,12
BRDA:117,6,0,2
BRDA:117,6,1,11
BRDA:169,7,0,3
BRDA:169,7,1,25
BRDA:176,8,0,26
BRDA:176,8,1,2
BRDA:177,9,0,21
BRDA:177,9,1,7
BRDA:179,10,0,2
BRDA:179,10,1,19
BRDA:208,11,0,6
BRDA:208,11,1,15
BRDA:210,12,0,4
BRDA:210,12,1,11
BRF:26
BRH:26
end_of_record
TN:
SF:/Users/isaaccambron/code/luxon/src/impl/tokenParser.js
FN:11,intUnit
FN:11,(anonymous_1)
FN:12,(anonymous_2)
FN:15,fixListRegex
FN:20,stripInsensitivities
FN:24,oneOf
FN:30,(anonymous_6)
FN:31,(anonymous_7)
FN:36,offset
FN:37,(anonymous_9)
FN:40,simple
FN:41,(anonymous_11)
FN:44,escapeToken
FN:49,unitForToken
FN:61,(anonymous_14)
FN:61,(anonymous_15)
FN:62,(anonymous_16)
FN:221,tokenForPart
FN:248,buildRegex
FN:249,(anonymous_19)
FN:249,(anonymous_20)
FN:253,match
FN:275,dateTimeFromMatches
FN:276,(anonymous_23)
FN:339,(anonymous_24)
FN:353,getDummyDateTime
FN:361,maybeExpandMacroToken
FN:375,(anonymous_27)
FN:384,expandMacroTokens
FN:385,(anonymous_29)
FN:392,explainFromTokens
FN:394,(anonymous_31)
FN:395,(anonymous_32)
FN:413,parseFromTokens
FNF:34
FNH:33
FNDA:570,intUnit
FNDA:534,(anonymous_1)
FNDA:539,(anonymous_2)
FNDA:799,fixListRegex
FNDA:604,stripInsensitivities
FNDA:104,oneOf
FNDA:97,(anonymous_6)
FNDA:302,(anonymous_7)
FNDA:9,offset
FNDA:9,(anonymous_9)
FNDA:17,simple
FNDA:16,(anonymous_11)
FNDA:535,escapeToken
FNDA:1235,unitForToken
FNDA:535,(anonymous_14)
FNDA:0,(anonymous_15)
FNDA:1235,(anonymous_16)
FNDA:364,tokenForPart
FNDA:219,buildRegex
FNDA:1223,(anonymous_19)
FNDA:1223,(anonymous_20)
FNDA:219,match
FNDA:219,dateTimeFromMatches
FNDA:681,(anonymous_23)
FNDA:681,(anonymous_24)
FNDA:48,getDummyDateTime
FNDA:1077,maybeExpandMacroToken
FNDA:364,(anonymous_27)
FNDA:221,expandMacroTokens
FNDA:1077,(anonymous_29)
FNDA:221,explainFromTokens
FNDA:1235,(anonymous_31)
FNDA:1225,(anonymous_32)
FNDA:195,parseFromTokens
DA:9,54
DA:11,534
DA:12,570
DA:17,799
DA:21,604
DA:25,104
DA:26,2
DA:28,102
DA:31,302
DA:37,9
DA:41,17
DA:46,535
DA:50,1235
DA:51,1235
DA:52,1235
DA:53,1235
DA:54,1235
DA:55,1235
DA:56,1235
DA:57,1235
DA:58,1235
DA:59,1235
DA:60,1235
DA:61,1235
DA:62,1235
DA:63,1235
DA:64,102
DA:66,1133
DA:69,2
DA:71,1
DA:74,9
DA:76,4
DA:78,108
DA:80,23
DA:82,4
DA:85,9
DA:87,36
DA:89,8
DA:91,31
DA:93,1
DA:95,8
DA:97,6
DA:99,6
DA:102,21
DA:104,83
DA:107,2
DA:109,4
DA:112,28
DA:114,5
DA:116,23
DA:118,24
DA:120,48
DA:122,20
DA:124,8
DA:126,6
DA:128,14
DA:130,37
DA:132,9
DA:134,22
DA:136,7
DA:139,29
DA:142,2
DA:144,1
DA:147,1
DA:149,3
DA:153,7
DA:155,7
DA:157,12
DA:159,1
DA:161,1
DA:165,7
DA:167,2
DA:171,10
DA:173,433
DA:177,1235
DA:181,1235
DA:183,1235
DA:186,54
DA:222,364
DA:224,364
DA:225,158
DA:231,206
DA:233,206
DA:234,206
DA:235,180
DA:238,206
DA:239,188
DA:245,18
DA:249,1223
DA:250,219
DA:254,219
DA:256,219
DA:257,184
DA:258,184
DA:259,184
DA:260,1150
DA:261,1150
DA:262,1150
DA:263,1150
DA:264,661
DA:266,1150
DA:269,184
DA:271,35
DA:276,219
DA:277,681
DA:279,34
DA:281,51
DA:283,67
DA:286,79
DA:288,97
DA:290,6
DA:293,111
DA:295,134
DA:298,25
DA:300,4
DA:302,3
DA:304,13
DA:306,57
DA:311,219
DA:312,9
DA:313,210
DA:314,9
DA:316,201
DA:319,219
DA:320,13
DA:323,219
DA:324,47
DA:325,23
DA:326,24
DA:327,1
DA:331,219
DA:332,2
DA:335,219
DA:336,7
DA:339,219
DA:340,681
DA:341,681
DA:342,624
DA:345,681
DA:348,219
DA:351,54
DA:354,48
DA:355,1
DA:358,48
DA:362,1077
DA:363,23
DA:366,1054
DA:368,1054
DA:369,1006
DA:372,48
DA:373,48
DA:375,364
DA:377,48
DA:378,18
DA:381,30
DA:385,1077
DA:393,221
DA:394,1235
DA:395,1225
DA:397,221
DA:398,2
DA:400,219
DA:401,219
DA:402,219
DA:403,219
DA:404,219
DA:405,1
DA:409,218
DA:414,195
DA:415,194
LF:170
LH:170
BRDA:11,0,0,565
BRDA:25,1,0,2
BRDA:25,1,1,102
BRDA:63,2,0,102
BRDA:63,2,1,1133
BRDA:66,3,0,2
BRDA:66,3,1,1
BRDA:66,3,2,9
BRDA:66,3,3,4
BRDA:66,3,4,108
BRDA:66,3,5,23
BRDA:66,3,6,4
BRDA:66,3,7,9
BRDA:66,3,8,36
BRDA:66,3,9,8
BRDA:66,3,10,31
BRDA:66,3,11,1
BRDA:66,3,12,8
BRDA:66,3,13,6
BRDA:66,3,14,6
BRDA:66,3,15,21
BRDA:66,3,16,83
BRDA:66,3,17,2
BRDA:66,3,18,4
BRDA:66,3,19,28
BRDA:66,3,20,5
BRDA:66,3,21,23
BRDA:66,3,22,24
BRDA:66,3,23,48
BRDA:66,3,24,20
BRDA:66,3,25,8
BRDA:66,3,26,6
BRDA:66,3,27,14
BRDA:66,3,28,37
BRDA:66,3,29,9
BRDA:66,3,30,22
BRDA:66,3,31,7
BRDA:66,3,32,29
BRDA:66,3,33,2
BRDA:66,3,34,1
BRDA:66,3,35,1
BRDA:66,3,36,3
BRDA:66,3,37,6
BRDA:66,3,38,7
BRDA:66,3,39,7
BRDA:66,3,40,12
BRDA:66,3,41,1
BRDA:66,3,42,1
BRDA:66,3,43,2
BRDA:66,3,44,7
BRDA:66,3,45,2
BRDA:66,3,46,10
BRDA:66,3,47,433
BRDA:177,4,0,1235
BRDA:177,4,1,2
BRDA:224,5,0,158
BRDA:224,5,1,206
BRDA:234,6,0,180
BRDA:234,6,1,26
BRDA:238,7,0,188
BRDA:238,7,1,18
BRDA:256,8,0,184
BRDA:256,8,1,35
BRDA:260,9,0,1150
BRDA:260,9,1,0
BRDA:262,10,0,9
BRDA:262,10,1,1141
BRDA:263,11,0,661
BRDA:263,11,1,489
BRDA:263,12,0,1150
BRDA:263,12,1,661
BRDA:277,13,0,34
BRDA:277,13,1,51
BRDA:277,13,2,67
BRDA:277,13,3,47
BRDA:277,13,4,79
BRDA:277,13,5,97
BRDA:277,13,6,6
BRDA:277,13,7,18
BRDA:277,13,8,111
BRDA:277,13,9,134
BRDA:277,13,10,22
BRDA:277,13,11,25
BRDA:277,13,12,4
BRDA:277,13,13,3
BRDA:277,13,14,13
BRDA:277,13,15,57
BRDA:311,14,0,9
BRDA:311,14,1,210
BRDA:313,15,0,9
BRDA:313,15,1,201
BRDA:319,16,0,13
BRDA:319,16,1,206
BRDA:323,17,0,47
BRDA:323,17,1,172
BRDA:324,18,0,23
BRDA:324,18,1,24
BRDA:324,19,0,47
BRDA:324,19,1,26
BRDA:326,20,0,1
BRDA:326,20,1,23
BRDA:326,21,0,24
BRDA:326,21,1,7
BRDA:331,22,0,2
BRDA:331,22,1,217
BRDA:331,23,0,219
BRDA:331,23,1,2
BRDA:335,24,0,7
BRDA:335,24,1,212
BRDA:341,25,0,624
BRDA:341,25,1,57
BRDA:354,26,0,1
BRDA:354,26,1,47
BRDA:362,27,0,23
BRDA:362,27,1,1054
BRDA:368,28,0,1006
BRDA:368,28,1,48
BRDA:377,29,0,18
BRDA:377,29,1,30
BRDA:397,30,0,2
BRDA:397,30,1,219
BRDA:403,31,0,219
BRDA:403,31,1,0
BRDA:404,32,0,1
BRDA:404,32,1,218
BRDA:404,33,0,219
BRDA:404,33,1,29
BRF:127
BRH:125
end_of_record
TN:
SF:/Users/isaaccambron/code/luxon/src/impl/util.js
FN:15,isUndefined
FN:19,isNumber
FN:23,isInteger
FN:27,isString
FN:31,isDate
FN:37,hasIntl
FN:45,hasFormatToParts
FN:49,hasRelative
FN:59,maybeArray
FN:63,bestBy
FN:67,(anonymous_10)
FN:79,pick
FN:80,(anonymous_12)
FN:86,hasOwnProperty
FN:92,integerBetween
FN:97,floorMod
FN:101,padStart
FN:109,parseInteger
FN:117,parseMillis
FN:127,roundTo
FN:135,isLeapYear
FN:139,daysInYear
FN:143,daysInMonth
FN:155,objToLocalTS
FN:174,weeksInWeekYear
FN:186,untruncateYear
FN:194,parseZoneInfo
FN:215,(anonymous_27)
FN:230,signedOffset
FN:245,asNumber
FN:252,normalizeObject
FN:265,formatOffset
FN:283,timeObject
FNF:33
FNH:33
FNDA:48921,isUndefined
FNDA:14342,isNumber
FNDA:11319,isInteger
FNDA:138,isString
FNDA:44,isDate
FNDA:6502,hasIntl
FNDA:1261,hasFormatToParts
FNDA:11,hasRelative
FNDA:197,maybeArray
FNDA:8,bestBy
FNDA:14,(anonymous_10)
FNDA:230,pick
FNDA:1076,(anonymous_12)
FNDA:15290,hasOwnProperty
FNDA:9693,integerBetween
FNDA:3316,floorMod
FNDA:751,padStart
FNDA:1021,parseInteger
FNDA:194,parseMillis
FNDA:278,roundTo
FNDA:397,isLeapYear
FNDA:58,daysInYear
FNDA:3316,daysInMonth
FNDA:3923,objToLocalTS
FNDA:161,weeksInWeekYear
FNDA:8,untruncateYear
FNDA:10,parseZoneInfo
FNDA:88,(anonymous_27)
FNDA:195,signedOffset
FNDA:11302,asNumber
FNDA:3960,normalizeObject
FNDA:68,formatOffset
FNDA:204,timeObject
DA:16,48921
DA:20,14342
DA:24,11319
DA:28,138
DA:32,44
DA:38,6502
DA:39,6502
DA:41,0
DA:46,1261
DA:50,11
DA:51,11
DA:53,0
DA:60,197
DA:64,8
DA:65,2
DA:67,6
DA:68,14
DA:69,14
DA:70,6
DA:71,8
DA:72,5
DA:74,3
DA:80,230
DA:81,1076
DA:82,1076
DA:87,15290
DA:93,9693
DA:98,3316
DA:102,751
DA:103,330
DA:105,421
DA:110,1021
DA:111,96
DA:113,925
DA:119,194
DA:120,153
DA:122,41
DA:123,41
DA:128,278
DA:129,278
DA:130,278
DA:136,397
DA:140,58
DA:144,3316
DA:145,3316
DA:147,3316
DA:148,131
DA:150,3185
DA:156,3923
DA:167,3923
DA:168,21
DA:169,21
DA:171,3923
DA:176,161
DA:181,161
DA:182,161
DA:183,161
DA:187,8
DA:188,1
DA:189,7
DA:195,10
DA:196,10
DA:205,10
DA:206,8
DA:209,10
DA:210,10
DA:212,10
DA:213,8
DA:215,88
DA:216,8
DA:217,2
DA:219,1
DA:220,1
DA:221,1
DA:222,1
DA:223,1
DA:225,1
DA:231,195
DA:234,195
DA:235,156
DA:238,195
DA:239,195
DA:240,195
DA:246,11302
DA:247,11302
DA:248,14
DA:249,11288
DA:253,3960
DA:254,3960
DA:255,12869
DA:256,12869
DA:257,11902
DA:258,11902
DA:259,11301
DA:262,3939
DA:266,68
DA:267,68
DA:268,68
DA:269,68
DA:271,68
DA:273,31
DA:275,24
DA:277,12
DA:279,1
DA:284,204
DA:287,55
LF:106
LH:104
BRDA:24,0,0,11319
BRDA:24,0,1,11319
BRDA:39,1,0,6502
BRDA:39,1,1,6350
BRDA:51,2,0,11
BRDA:51,2,1,11
BRDA:60,3,0,15
BRDA:60,3,1,182
BRDA:64,4,0,2
BRDA:64,4,1,6
BRDA:69,5,0,6
BRDA:69,5,1,8
BRDA:71,6,0,5
BRDA:71,6,1,3
BRDA:93,7,0,9693
BRDA:93,7,1,9691
BRDA:93,7,2,9685
BRDA:101,8,0,0
BRDA:102,9,0,330
BRDA:102,9,1,421
BRDA:110,10,0,96
BRDA:110,10,1,925
BRDA:110,11,0,1021
BRDA:110,11,1,925
BRDA:110,11,2,925
BRDA:119,12,0,153
BRDA:119,12,1,41
BRDA:119,13,0,194
BRDA:119,13,1,41
BRDA:119,13,2,41
BRDA:127,14,0,211
BRDA:129,15,0,67
BRDA:129,15,1,211
BRDA:136,16,0,397
BRDA:136,16,1,226
BRDA:136,16,2,0
BRDA:140,17,0,42
BRDA:140,17,1,16
BRDA:147,18,0,131
BRDA:147,18,1,3185
BRDA:148,19,0,68
BRDA:148,19,1,63
BRDA:167,20,0,21
BRDA:167,20,1,3902
BRDA:167,21,0,3923
BRDA:167,21,1,31
BRDA:183,22,0,71
BRDA:183,22,1,90
BRDA:183,23,0,161
BRDA:183,23,1,96
BRDA:187,24,0,1
BRDA:187,24,1,7
BRDA:189,25,0,4
BRDA:189,25,1,3
BRDA:194,26,0,2
BRDA:205,27,0,8
BRDA:205,27,1,2
BRDA:212,28,0,8
BRDA:212,28,1,2
BRDA:212,29,0,10
BRDA:212,29,1,9
BRDA:216,30,0,8
BRDA:216,30,1,0
BRDA:217,31,0,1
BRDA:217,31,1,1
BRDA:234,32,0,156
BRDA:234,32,1,39
BRDA:238,33,0,195
BRDA:238,33,1,190
BRDA:239,34,0,15
BRDA:239,34,1,180
BRDA:239,35,0,195
BRDA:239,35,1,181
BRDA:247,36,0,14
BRDA:247,36,1,11288
BRDA:247,37,0,11302
BRDA:247,37,1,11298
BRDA:247,37,2,11296
BRDA:255,38,0,12869
BRDA:255,38,1,0
BRDA:256,39,0,967
BRDA:256,39,1,11902
BRDA:258,40,0,601
BRDA:258,40,1,11301
BRDA:258,41,0,11902
BRDA:258,41,1,11301
BRDA:268,42,0,24
BRDA:268,42,1,44
BRDA:268,43,0,68
BRDA:268,43,1,25
BRDA:271,44,0,31
BRDA:271,44,1,24
BRDA:271,44,2,12
BRDA:271,44,3,1
BRDA:275,45,0,6
BRDA:275,45,1,18
BRF:96
BRH:92
end_of_record
TN:
SF:/Users/isaaccambron/code/luxon/src/impl/zoneUtil.js
FN:12,normalizeZone
FNF:1
FNH:1
FNDA:1644,normalizeZone
DA:14,1644
DA:15,1217
DA:16,427
DA:17,289
DA:18,138
DA:19,135
DA:20,135
DA:21,128
DA:22,101
DA:24,5
DA:25,96
DA:26,9
DA:27,3
DA:28,3
DA:29,0
DA:32,0
DA:34,0
LF:17
LH:14
BRDA:14,0,0,1217
BRDA:14,0,1,427
BRDA:14,1,0,1644
BRDA:14,1,1,428
BRDA:16,2,0,289
BRDA:16,2,1,138
BRDA:18,3,0,135
BRDA:18,3,1,3
BRDA:20,4,0,7
BRDA:20,4,1,128
BRDA:21,5,0,27
BRDA:21,5,1,101
BRDA:21,6,0,128
BRDA:21,6,1,103
BRDA:22,7,0,5
BRDA:22,7,1,96
BRDA:25,8,0,87
BRDA:25,8,1,9
BRDA:26,9,0,9
BRDA:26,9,1,0
BRDA:27,10,0,3
BRDA:27,10,1,0
BRDA:29,11,0,0
BRDA:29,11,1,0
BRDA:29,12,0,0
BRDA:29,12,1,0
BRDA:29,12,2,0
BRF:27
BRH:20
end_of_record
TN:
SF:/Users/isaaccambron/code/luxon/src/zones/IANAZone.js
FN:7,makeDTF
FN:32,hackyOffset
FN:39,partsOffset
FN:63,(anonymous_3)
FN:74,(anonymous_4)
FN:87,(anonymous_5)
FN:99,(anonymous_6)
FN:110,(anonymous_7)
FN:120,(anonymous_8)
FN:129,(anonymous_9)
FN:134,(anonymous_10)
FN:139,(anonymous_11)
FN:144,(anonymous_12)
FN:149,(anonymous_13)
FN:154,(anonymous_14)
FN:180,(anonymous_15)
FN:185,(anonymous_16)
FNF:17
FNH:17
FNDA:302,makeDTF
FNDA:5,hackyOffset
FNDA:297,partsOffset
FNDA:111,(anonymous_3)
FNDA:45,(anonymous_4)
FNDA:106,(anonymous_5)
FNDA:85,(anonymous_6)
FNDA:107,(anonymous_7)
FNDA:75,(anonymous_8)
FNDA:89,(anonymous_9)
FNDA:423,(anonymous_10)
FNDA:41,(anonymous_11)
FNDA:8,(anonymous_12)
FNDA:8,(anonymous_13)
FNDA:302,(anonymous_14)
FNDA:72,(anonymous_15)
FNDA:227,(anonymous_16)
DA:4,54
DA:6,54
DA:8,302
DA:9,30
DA:20,302
DA:23,54
DA:33,5
DA:34,5
DA:35,5
DA:36,5
DA:40,297
DA:41,297
DA:42,297
DA:43,3267
DA:44,3267
DA:46,3267
DA:47,1782
DA:50,297
DA:53,54
DA:64,111
DA:65,51
DA:67,111
DA:75,45
DA:76,45
DA:88,106
DA:100,85
DA:101,85
DA:102,58
DA:104,27
DA:111,107
DA:112,104
DA:113,104
DA:114,6
DA:117,101
DA:121,75
DA:123,75
DA:125,75
DA:130,89
DA:135,423
DA:140,41
DA:145,8
DA:150,8
DA:155,302
DA:156,302
DA:157,302
DA:161,302
DA:163,302
DA:173,302
DA:174,302
DA:175,302
DA:176,302
DA:181,72
DA:186,227
LF:53
LH:53
BRDA:8,0,0,30
BRDA:8,0,1,272
BRDA:46,1,0,1782
BRDA:46,1,1,1485
BRDA:64,2,0,51
BRDA:64,2,1,60
BRDA:88,3,0,106
BRDA:88,3,1,105
BRDA:111,4,0,104
BRDA:111,4,1,3
BRDA:113,5,0,6
BRDA:113,5,1,98
BRDA:157,6,0,297
BRDA:157,6,1,5
BRDA:161,7,0,0
BRDA:161,7,1,302
BRDA:175,8,0,301
BRDA:175,8,1,1
BRDA:181,9,0,72
BRDA:181,9,1,26
BRF:20
BRH:19
end_of_record
TN:
SF:/Users/isaaccambron/code/luxon/src/zones/fixedOffsetZone.js
FN:15,(anonymous_0)
FN:27,(anonymous_1)
FN:39,(anonymous_2)
FN:49,(anonymous_3)
FN:56,(anonymous_4)
FN:61,(anonymous_5)
FN:66,(anonymous_6)
FN:71,(anonymous_7)
FN:76,(anonymous_8)
FN:81,(anonymous_9)
FN:86,(anonymous_10)
FN:91,(anonymous_11)
FNF:12
FNH:12
FNDA:891,(anonymous_0)
FNDA:241,(anonymous_1)
FNDA:17,(anonymous_2)
FNDA:100,(anonymous_3)
FNDA:379,(anonymous_4)
FNDA:36,(anonymous_5)
FNDA:13,(anonymous_6)
FNDA:26,(anonymous_7)
FNDA:764,(anonymous_8)
FNDA:3109,(anonymous_9)
FNDA:490,(anonymous_10)
FNDA:1580,(anonymous_11)
DA:4,54
DA:16,891
DA:17,21
DA:19,891
DA:28,241
DA:40,17
DA:41,14
DA:42,14
DA:43,12
DA:46,5
DA:50,100
DA:52,100
DA:57,379
DA:62,36
DA:67,13
DA:72,26
DA:77,764
DA:82,3109
DA:87,490
DA:92,1580
LF:20
LH:20
BRDA:16,0,0,21
BRDA:16,0,1,870
BRDA:28,1,0,204
BRDA:28,1,1,37
BRDA:40,2,0,14
BRDA:40,2,1,3
BRDA:42,3,0,12
BRDA:42,3,1,2
BRDA:62,4,0,18
BRDA:62,4,1,18
BRDA:87,5,0,490
BRDA:87,5,1,276
BRF:12
BRH:12
end_of_record
TN:
SF:/Users/isaaccambron/code/luxon/src/zones/invalidZone.js
FN:8,(anonymous_0)
FN:15,(anonymous_1)
FN:20,(anonymous_2)
FN:25,(anonymous_3)
FN:30,(anonymous_4)
FN:35,(anonymous_5)
FN:40,(anonymous_6)
FN:45,(anonymous_7)
FN:50,(anonymous_8)
FNF:9
FNH:9
FNDA:2,(anonymous_0)
FNDA:1,(anonymous_1)
FNDA:1,(anonymous_2)
FNDA:1,(anonymous_3)
FNDA:1,(anonymous_4)
FNDA:1,(anonymous_5)
FNDA:1,(anonymous_6)
FNDA:1,(anonymous_7)
FNDA:1,(anonymous_8)
DA:9,2
DA:11,2
DA:16,1
DA:21,1
DA:26,1
DA:31,1
DA:36,1
DA:41,1
DA:46,1
DA:51,1
LF:10
LH:10
BRF:0
BRH:0
end_of_record
TN:
SF:/Users/isaaccambron/code/luxon/src/zones/localZone.js
FN:15,(anonymous_0)
FN:23,(anonymous_1)
FN:28,(anonymous_2)
FN:35,(anonymous_3)
FN:40,(anonymous_4)
FN:45,(anonymous_5)
FN:50,(anonymous_6)
FN:55,(anonymous_7)
FN:60,(anonymous_8)
FNF:9
FNH:9
FNDA:1901,(anonymous_0)
FNDA:1257,(anonymous_1)
FNDA:9,(anonymous_2)
FNDA:149,(anonymous_3)
FNDA:2,(anonymous_4)
FNDA:16,(anonymous_5)
FNDA:6325,(anonymous_6)
FNDA:1003,(anonymous_7)
FNDA:3488,(anonymous_8)
DA:4,54
DA:16,1901
DA:17,34
DA:19,1901
DA:24,1257
DA:29,9
DA:30,7
DA:31,2
DA:36,149
DA:41,2
DA:46,16
DA:51,6325
DA:56,1003
DA:61,3488
LF:14
LH:14
BRDA:16,0,0,34
BRDA:16,0,1,1867
BRDA:29,1,0,7
BRDA:29,1,1,2
BRF:4
BRH:4
end_of_record
